#
# There is insufficient memory for the Java Runtime Environment to continue.
# Native memory allocation (mmap) failed to map 1048576 bytes for Failed to commit area from 0x000000008c700000 to 0x000000008c800000 of length 1048576.
# Possible reasons:
#   The system is out of physical RAM or swap space
#   The process is running with CompressedOops enabled, and the Java Heap may be blocking the growth of the native heap
# Possible solutions:
#   Reduce memory load on the system
#   Increase physical memory or swap space
#   Check if swap backing store is full
#   Decrease Java heap size (-Xmx/-Xms)
#   Decrease number of Java threads
#   Decrease Java thread stack sizes (-Xss)
#   Set larger code cache with -XX:ReservedCodeCacheSize=
#   JVM is running with Unscaled Compressed Oops mode in which the Java heap is
#     placed in the first 4GB address space. The Java Heap base address is the
#     maximum limit for the native heap growth. Please use -XX:HeapBaseMinAddress
#     to set the Java Heap base and to place the Java Heap above 4GB virtual address.
# This output file may be truncated or incomplete.
#
#  Out of Memory Error (./src/hotspot/os/windows/os_windows.cpp:3619), pid=3920, tid=15228
#
# JRE version: OpenJDK Runtime Environment (11.0.13) (build 11.0.13+0-b1751.21-8125866)
# Java VM: OpenJDK 64-Bit Server VM (11.0.13+0-b1751.21-8125866, mixed mode, tiered, compressed oops, g1 gc, windows-amd64)
# No core dump will be written. Minidumps are not enabled by default on client versions of Windows
#

---------------  S U M M A R Y ------------

Command Line: --add-opens=java.base/java.util=ALL-UNNAMED --add-opens=java.base/java.lang=ALL-UNNAMED --add-opens=java.base/java.lang.invoke=ALL-UNNAMED --add-opens=java.base/java.util=ALL-UNNAMED --add-opens=java.prefs/java.util.prefs=ALL-UNNAMED --add-opens=java.prefs/java.util.prefs=ALL-UNNAMED --add-opens=java.base/java.nio.charset=ALL-UNNAMED --add-opens=java.base/java.net=ALL-UNNAMED --add-opens=java.base/java.util.concurrent.atomic=ALL-UNNAMED -Xmx2048m -Dfile.encoding=UTF-8 -Duser.country=US -Duser.language=en -Duser.variant org.gradle.launcher.daemon.bootstrap.GradleDaemon 7.4

Host: Intel(R) Core(TM) i5-8265U CPU @ 1.60GHz, 8 cores, 7G,  Windows 11 , 64 bit Build 22621 (10.0.22621.2506)
Time: Thu Mar 14 13:10:51 2024 Pakistan Standard Time elapsed time: 20.632205 seconds (0d 0h 0m 20s)

---------------  T H R E A D  ---------------

Current thread (0x000001542a921800):  GCTaskThread "GC Thread#0" [stack: 0x0000003f70100000,0x0000003f70200000] [id=15228]

Stack: [0x0000003f70100000,0x0000003f70200000]
[error occurred during error reporting (printing stack bounds), id 0xc0000005, EXCEPTION_ACCESS_VIOLATION (0xc0000005) at pc=0x000001542fbf112d]

Native frames: (J=compiled Java code, j=interpreted, Vv=VM code, C=native code)
V  [jvm.dll+0x6100fa]
V  [jvm.dll+0x747090]
V  [jvm.dll+0x7486ad]
V  [jvm.dll+0x748ce5]
V  [jvm.dll+0x748c9b]
V  [jvm.dll+0x60f224]
V  [jvm.dll+0x60f9b8]
C  [ntdll.dll+0xa441f]
C  [ntdll.dll+0x1e466]
C  [ntdll.dll+0xa340e]
C  0x000001542fbf112d


---------------  P R O C E S S  ---------------

Threads class SMR info:
_java_thread_list=0x0000015450701fd0, length=137, elements={
0x000001542a908800, 0x0000015446d82800, 0x0000015446d95000, 0x000001544760e800,
0x000001544760f800, 0x0000015447611000, 0x0000015447612000, 0x000001544761b000,
0x0000015447621800, 0x0000015447785000, 0x000001544a013800, 0x000001544785a800,
0x000001544a7a1800, 0x0000015449bcb800, 0x0000015449c36800, 0x00000154498c7000,
0x00000154498c7800, 0x0000015449e78800, 0x0000015449af2000, 0x0000015449af3000,
0x0000015449af0800, 0x0000015449af1000, 0x0000015449aed000, 0x0000015449aee000,
0x0000015449aef800, 0x0000015449af3800, 0x0000015449aef000, 0x000001544b241000,
0x000001544b23f800, 0x000001544b242000, 0x000001544b244800, 0x000001544b242800,
0x000001544b240000, 0x000001544b24a000, 0x000001544b249000, 0x000001544b246000,
0x000001544b24b000, 0x000001544b24c800, 0x000001544b247800, 0x000001544b247000,
0x000001544b248800, 0x000001544b24d800, 0x000001544b017800, 0x000001544b01a800,
0x000001544b018000, 0x000001544b019000, 0x000001544b019800, 0x000001544b01b800,
0x000001544b01c000, 0x000001544b016800, 0x000001544b01e800, 0x000001544b01f800,
0x000001544b022800, 0x000001544b022000, 0x000001544b01d000, 0x000001544b023800,
0x000001544b01e000, 0x000001544b024800, 0x000001544b020800, 0x000001544b025000,
0x000001544b021000, 0x000001544cb0c000, 0x000001544cb0e800, 0x000001544cb0a800,
0x000001544cb0d000, 0x000001544cb10000, 0x000001544cb0d800, 0x000001544cb0f800,
0x000001544cb11000, 0x000001544cb0b800, 0x000001544cb17800, 0x000001544cb13800,
0x000001544cb14800, 0x000001544cb15000, 0x000001544cb16000, 0x000001544cb16800,
0x000001544cb12000, 0x000001544cb18800, 0x000001544cb12800, 0x000001544cb19000,
0x000001544ca5a000, 0x000001544ca5d800, 0x000001544ca5e000, 0x000001544ca60000,
0x000001544ca5b000, 0x000001544ca5b800, 0x000001544ca5f000, 0x000001544ca5c800,
0x000001544ca63000, 0x000001544ca66800, 0x000001544ca64000, 0x000001544ca60800,
0x000001544ca65800, 0x000001544ca64800, 0x000001544ca67000, 0x000001544ca62800,
0x000001544ca61800, 0x000001544ca68000, 0x000001544ca69000, 0x000001544cbf8800,
0x000001544cbfc000, 0x000001544cbf9800, 0x000001544cbfc800, 0x000001544cbf8000,
0x000001544cbfa000, 0x000001544cbfb000, 0x000001544cbf7000, 0x000001544cc01800,
0x000001544cc02800, 0x000001544cc00000, 0x000001544cbff000, 0x000001544cc03000,
0x000001544cc00800, 0x000001544cbfd800, 0x000001544cc04000, 0x000001544cbfe800,
0x000001544cc05000, 0x000001544cc05800, 0x000001544b488800, 0x000001544b485000,
0x000001544b48a000, 0x000001544b48a800, 0x000001544b486000, 0x000001544b48c800,
0x000001544b48b800, 0x000001544b486800, 0x000001544b48d000, 0x000001544b487800,
0x000001544b48e000, 0x000001544b493000, 0x000001544b48f000, 0x000001544b490800,
0x000001544b48f800, 0x000001544b491800, 0x000001544b492000, 0x000001544b493800,
0x0000015450bf5000
}

Java Threads: ( => current thread )
  0x000001542a908800 JavaThread "main" [_thread_blocked, id=13980, stack(0x0000003f70000000,0x0000003f70100000)]
  0x0000015446d82800 JavaThread "Reference Handler" daemon [_thread_blocked, id=5408, stack(0x0000003f70700000,0x0000003f70800000)]
  0x0000015446d95000 JavaThread "Finalizer" daemon [_thread_blocked, id=6476, stack(0x0000003f70800000,0x0000003f70900000)]
  0x000001544760e800 JavaThread "Signal Dispatcher" daemon [_thread_blocked, id=5936, stack(0x0000003f70900000,0x0000003f70a00000)]
  0x000001544760f800 JavaThread "Attach Listener" daemon [_thread_blocked, id=6768, stack(0x0000003f70a00000,0x0000003f70b00000)]
  0x0000015447611000 JavaThread "Service Thread" daemon [_thread_blocked, id=13256, stack(0x0000003f70b00000,0x0000003f70c00000)]
  0x0000015447612000 JavaThread "C2 CompilerThread0" daemon [_thread_blocked, id=12856, stack(0x0000003f70c00000,0x0000003f70d00000)]
  0x000001544761b000 JavaThread "C1 CompilerThread0" daemon [_thread_blocked, id=15852, stack(0x0000003f70d00000,0x0000003f70e00000)]
  0x0000015447621800 JavaThread "Sweeper thread" daemon [_thread_blocked, id=1660, stack(0x0000003f70e00000,0x0000003f70f00000)]
  0x0000015447785000 JavaThread "Common-Cleaner" daemon [_thread_blocked, id=3020, stack(0x0000003f70f00000,0x0000003f71000000)]
  0x000001544a013800 JavaThread "Daemon health stats" [_thread_blocked, id=15200, stack(0x0000003f71500000,0x0000003f71600000)]
  0x000001544785a800 JavaThread "Incoming local TCP Connector on port 60330" [_thread_in_native, id=12724, stack(0x0000003f71100000,0x0000003f71200000)]
  0x000001544a7a1800 JavaThread "Daemon periodic checks" [_thread_blocked, id=11020, stack(0x0000003f71400000,0x0000003f71500000)]
  0x0000015449bcb800 JavaThread "Daemon" [_thread_blocked, id=12932, stack(0x0000003f71600000,0x0000003f71700000)]
  0x0000015449c36800 JavaThread "Handler for socket connection from /127.0.0.1:60330 to /127.0.0.1:60331" [_thread_in_native, id=6772, stack(0x0000003f71700000,0x0000003f71800000)]
  0x00000154498c7000 JavaThread "Cancel handler" [_thread_blocked, id=1020, stack(0x0000003f71800000,0x0000003f71900000)]
  0x00000154498c7800 JavaThread "Daemon worker" [_thread_blocked, id=12608, stack(0x0000003f71900000,0x0000003f71a00000)]
  0x0000015449e78800 JavaThread "Asynchronous log dispatcher for DefaultDaemonConnection: socket connection from /127.0.0.1:60330 to /127.0.0.1:60331" [_thread_blocked, id=16172, stack(0x0000003f71b00000,0x0000003f71c00000)]
  0x0000015449af2000 JavaThread "Stdin handler" [_thread_blocked, id=6604, stack(0x0000003f71c00000,0x0000003f71d00000)]
  0x0000015449af3000 JavaThread "Daemon client event forwarder" [_thread_blocked, id=2160, stack(0x0000003f71d00000,0x0000003f71e00000)]
  0x0000015449af0800 JavaThread "Cache worker for journal cache (C:\Users\Hp\.gradle\caches\journal-1)" [_thread_blocked, id=5576, stack(0x0000003f72300000,0x0000003f72400000)]
  0x0000015449af1000 JavaThread "File lock request listener" [_thread_in_native, id=14180, stack(0x0000003f72400000,0x0000003f72500000)]
  0x0000015449aed000 JavaThread "Cache worker for file hash cache (C:\Users\Hp\.gradle\caches\7.4\fileHashes)" [_thread_blocked, id=11732, stack(0x0000003f72500000,0x0000003f72600000)]
  0x0000015449aee000 JavaThread "File watcher server" daemon [_thread_blocked, id=4936, stack(0x0000003f72800000,0x0000003f72900000)]
  0x0000015449aef800 JavaThread "File watcher consumer" daemon [_thread_blocked, id=3832, stack(0x0000003f72900000,0x0000003f72a00000)]
  0x0000015449af3800 JavaThread "Cache worker for checksums cache (C:\Users\Hp\AndroidStudioProjects\EventApp\.gradle\7.4\checksums)" [_thread_blocked, id=13652, stack(0x0000003f72700000,0x0000003f72800000)]
  0x0000015449aef000 JavaThread "Cache worker for cache directory md-rule (C:\Users\Hp\.gradle\caches\7.4\md-rule)" [_thread_blocked, id=10408, stack(0x0000003f72a00000,0x0000003f72b00000)]
  0x000001544b241000 JavaThread "Cache worker for file hash cache (C:\Users\Hp\AndroidStudioProjects\EventApp\.gradle\7.4\fileHashes)" [_thread_blocked, id=10692, stack(0x0000003f72b00000,0x0000003f72c00000)]
  0x000001544b23f800 JavaThread "Cache worker for cache directory md-supplier (C:\Users\Hp\.gradle\caches\7.4\md-supplier)" [_thread_blocked, id=7700, stack(0x0000003f72c00000,0x0000003f72d00000)]
  0x000001544b242000 JavaThread "Cache worker for execution history cache (C:\Users\Hp\.gradle\caches\7.4\executionHistory)" [_thread_blocked, id=8416, stack(0x0000003f72d00000,0x0000003f72e00000)]
  0x000001544b244800 JavaThread "jar transforms" [_thread_blocked, id=10344, stack(0x0000003f72e00000,0x0000003f72f00000)]
  0x000001544b242800 JavaThread "Cache worker for file content cache (C:\Users\Hp\.gradle\caches\7.4\fileContent)" [_thread_blocked, id=16200, stack(0x0000003f72f00000,0x0000003f73000000)]
  0x000001544b240000 JavaThread "jar transforms Thread 2" [_thread_blocked, id=3312, stack(0x0000003f73000000,0x0000003f73100000)]
  0x000001544b24a000 JavaThread "Cache worker for dependencies-accessors (C:\Users\Hp\AndroidStudioProjects\EventApp\.gradle\7.4\dependencies-accessors)" [_thread_blocked, id=2024, stack(0x0000003f73100000,0x0000003f73200000)]
  0x000001544b249000 JavaThread "jar transforms Thread 3" [_thread_blocked, id=11380, stack(0x0000003f73200000,0x0000003f73300000)]
  0x000001544b246000 JavaThread "Cache worker for Build Output Cleanup Cache (C:\Users\Hp\AndroidStudioProjects\EventApp\.gradle\buildOutputCleanup)" [_thread_blocked, id=1408, stack(0x0000003f73300000,0x0000003f73400000)]
  0x000001544b24b000 JavaThread "Unconstrained build operations" [_thread_blocked, id=15004, stack(0x0000003f73400000,0x0000003f73500000)]
  0x000001544b24c800 JavaThread "Unconstrained build operations Thread 2" [_thread_blocked, id=8864, stack(0x0000003f73500000,0x0000003f73600000)]
  0x000001544b247800 JavaThread "Unconstrained build operations Thread 3" [_thread_blocked, id=9264, stack(0x0000003f73600000,0x0000003f73700000)]
  0x000001544b247000 JavaThread "Unconstrained build operations Thread 4" [_thread_blocked, id=9348, stack(0x0000003f73700000,0x0000003f73800000)]
  0x000001544b248800 JavaThread "Unconstrained build operations Thread 5" [_thread_blocked, id=5488, stack(0x0000003f73800000,0x0000003f73900000)]
  0x000001544b24d800 JavaThread "Unconstrained build operations Thread 6" [_thread_blocked, id=7648, stack(0x0000003f73900000,0x0000003f73a00000)]
  0x000001544b017800 JavaThread "Unconstrained build operations Thread 7" [_thread_blocked, id=9984, stack(0x0000003f73a00000,0x0000003f73b00000)]
  0x000001544b01a800 JavaThread "Unconstrained build operations Thread 8" [_thread_blocked, id=12688, stack(0x0000003f73b00000,0x0000003f73c00000)]
  0x000001544b018000 JavaThread "Unconstrained build operations Thread 9" [_thread_blocked, id=5308, stack(0x0000003f73c00000,0x0000003f73d00000)]
  0x000001544b019000 JavaThread "Unconstrained build operations Thread 10" [_thread_blocked, id=9416, stack(0x0000003f73d00000,0x0000003f73e00000)]
  0x000001544b019800 JavaThread "Unconstrained build operations Thread 11" [_thread_blocked, id=13032, stack(0x0000003f73e00000,0x0000003f73f00000)]
  0x000001544b01b800 JavaThread "Unconstrained build operations Thread 12" [_thread_blocked, id=10916, stack(0x0000003f73f00000,0x0000003f74000000)]
  0x000001544b01c000 JavaThread "Unconstrained build operations Thread 13" [_thread_blocked, id=14868, stack(0x0000003f74000000,0x0000003f74100000)]
  0x000001544b016800 JavaThread "Unconstrained build operations Thread 14" [_thread_blocked, id=9228, stack(0x0000003f74100000,0x0000003f74200000)]
  0x000001544b01e800 JavaThread "Unconstrained build operations Thread 15" [_thread_blocked, id=4620, stack(0x0000003f74200000,0x0000003f74300000)]
  0x000001544b01f800 JavaThread "Unconstrained build operations Thread 16" [_thread_blocked, id=12024, stack(0x0000003f74300000,0x0000003f74400000)]
  0x000001544b022800 JavaThread "Unconstrained build operations Thread 17" [_thread_blocked, id=3716, stack(0x0000003f74400000,0x0000003f74500000)]
  0x000001544b022000 JavaThread "Unconstrained build operations Thread 18" [_thread_blocked, id=3100, stack(0x0000003f74500000,0x0000003f74600000)]
  0x000001544b01d000 JavaThread "Unconstrained build operations Thread 19" [_thread_blocked, id=9408, stack(0x0000003f74600000,0x0000003f74700000)]
  0x000001544b023800 JavaThread "Unconstrained build operations Thread 20" [_thread_blocked, id=4912, stack(0x0000003f74700000,0x0000003f74800000)]
  0x000001544b01e000 JavaThread "Unconstrained build operations Thread 21" [_thread_blocked, id=5132, stack(0x0000003f74800000,0x0000003f74900000)]
  0x000001544b024800 JavaThread "Unconstrained build operations Thread 22" [_thread_blocked, id=13964, stack(0x0000003f74900000,0x0000003f74a00000)]
  0x000001544b020800 JavaThread "Unconstrained build operations Thread 23" [_thread_blocked, id=13216, stack(0x0000003f74a00000,0x0000003f74b00000)]
  0x000001544b025000 JavaThread "Unconstrained build operations Thread 24" [_thread_blocked, id=3572, stack(0x0000003f74b00000,0x0000003f74c00000)]
  0x000001544b021000 JavaThread "Unconstrained build operations Thread 25" [_thread_blocked, id=5148, stack(0x0000003f74c00000,0x0000003f74d00000)]
  0x000001544cb0c000 JavaThread "Unconstrained build operations Thread 26" [_thread_blocked, id=2520, stack(0x0000003f74d00000,0x0000003f74e00000)]
  0x000001544cb0e800 JavaThread "Unconstrained build operations Thread 27" [_thread_blocked, id=6516, stack(0x0000003f74e00000,0x0000003f74f00000)]
  0x000001544cb0a800 JavaThread "Unconstrained build operations Thread 28" [_thread_blocked, id=10628, stack(0x0000003f74f00000,0x0000003f75000000)]
  0x000001544cb0d000 JavaThread "Unconstrained build operations Thread 29" [_thread_blocked, id=8292, stack(0x0000003f75000000,0x0000003f75100000)]
  0x000001544cb10000 JavaThread "Unconstrained build operations Thread 30" [_thread_blocked, id=9276, stack(0x0000003f75100000,0x0000003f75200000)]
  0x000001544cb0d800 JavaThread "Unconstrained build operations Thread 31" [_thread_blocked, id=15924, stack(0x0000003f75200000,0x0000003f75300000)]
  0x000001544cb0f800 JavaThread "Unconstrained build operations Thread 32" [_thread_blocked, id=7768, stack(0x0000003f75300000,0x0000003f75400000)]
  0x000001544cb11000 JavaThread "Unconstrained build operations Thread 33" [_thread_blocked, id=936, stack(0x0000003f75400000,0x0000003f75500000)]
  0x000001544cb0b800 JavaThread "Unconstrained build operations Thread 34" [_thread_blocked, id=13040, stack(0x0000003f75500000,0x0000003f75600000)]
  0x000001544cb17800 JavaThread "Unconstrained build operations Thread 35" [_thread_blocked, id=7976, stack(0x0000003f75600000,0x0000003f75700000)]
  0x000001544cb13800 JavaThread "Unconstrained build operations Thread 36" [_thread_blocked, id=16268, stack(0x0000003f75700000,0x0000003f75800000)]
  0x000001544cb14800 JavaThread "Unconstrained build operations Thread 37" [_thread_blocked, id=11212, stack(0x0000003f75800000,0x0000003f75900000)]
  0x000001544cb15000 JavaThread "Unconstrained build operations Thread 38" [_thread_blocked, id=4040, stack(0x0000003f75900000,0x0000003f75a00000)]
  0x000001544cb16000 JavaThread "Unconstrained build operations Thread 39" [_thread_blocked, id=14616, stack(0x0000003f75a00000,0x0000003f75b00000)]
  0x000001544cb16800 JavaThread "Unconstrained build operations Thread 40" [_thread_blocked, id=12984, stack(0x0000003f75b00000,0x0000003f75c00000)]
  0x000001544cb12000 JavaThread "Unconstrained build operations Thread 41" [_thread_blocked, id=15492, stack(0x0000003f75c00000,0x0000003f75d00000)]
  0x000001544cb18800 JavaThread "Unconstrained build operations Thread 42" [_thread_blocked, id=15248, stack(0x0000003f75d00000,0x0000003f75e00000)]
  0x000001544cb12800 JavaThread "Unconstrained build operations Thread 43" [_thread_blocked, id=3368, stack(0x0000003f75e00000,0x0000003f75f00000)]
  0x000001544cb19000 JavaThread "Unconstrained build operations Thread 44" [_thread_blocked, id=11112, stack(0x0000003f75f00000,0x0000003f76000000)]
  0x000001544ca5a000 JavaThread "Unconstrained build operations Thread 45" [_thread_blocked, id=10116, stack(0x0000003f76000000,0x0000003f76100000)]
  0x000001544ca5d800 JavaThread "Unconstrained build operations Thread 46" [_thread_blocked, id=4380, stack(0x0000003f76100000,0x0000003f76200000)]
  0x000001544ca5e000 JavaThread "Unconstrained build operations Thread 47" [_thread_blocked, id=1768, stack(0x0000003f76200000,0x0000003f76300000)]
  0x000001544ca60000 JavaThread "Unconstrained build operations Thread 48" [_thread_blocked, id=5924, stack(0x0000003f76300000,0x0000003f76400000)]
  0x000001544ca5b000 JavaThread "Unconstrained build operations Thread 49" [_thread_blocked, id=7896, stack(0x0000003f76400000,0x0000003f76500000)]
  0x000001544ca5b800 JavaThread "Unconstrained build operations Thread 50" [_thread_blocked, id=6176, stack(0x0000003f76500000,0x0000003f76600000)]
  0x000001544ca5f000 JavaThread "Unconstrained build operations Thread 51" [_thread_blocked, id=15432, stack(0x0000003f76600000,0x0000003f76700000)]
  0x000001544ca5c800 JavaThread "Unconstrained build operations Thread 52" [_thread_blocked, id=1448, stack(0x0000003f76700000,0x0000003f76800000)]
  0x000001544ca63000 JavaThread "Unconstrained build operations Thread 53" [_thread_blocked, id=996, stack(0x0000003f76800000,0x0000003f76900000)]
  0x000001544ca66800 JavaThread "Unconstrained build operations Thread 54" [_thread_blocked, id=11008, stack(0x0000003f76900000,0x0000003f76a00000)]
  0x000001544ca64000 JavaThread "Unconstrained build operations Thread 55" [_thread_blocked, id=6492, stack(0x0000003f76a00000,0x0000003f76b00000)]
  0x000001544ca60800 JavaThread "Unconstrained build operations Thread 56" [_thread_blocked, id=8700, stack(0x0000003f76b00000,0x0000003f76c00000)]
  0x000001544ca65800 JavaThread "Unconstrained build operations Thread 57" [_thread_blocked, id=6656, stack(0x0000003f76c00000,0x0000003f76d00000)]
  0x000001544ca64800 JavaThread "Unconstrained build operations Thread 58" [_thread_blocked, id=644, stack(0x0000003f76d00000,0x0000003f76e00000)]
  0x000001544ca67000 JavaThread "Unconstrained build operations Thread 59" [_thread_blocked, id=1112, stack(0x0000003f76e00000,0x0000003f76f00000)]
  0x000001544ca62800 JavaThread "Unconstrained build operations Thread 60" [_thread_blocked, id=932, stack(0x0000003f76f00000,0x0000003f77000000)]
  0x000001544ca61800 JavaThread "Unconstrained build operations Thread 61" [_thread_blocked, id=7656, stack(0x0000003f77000000,0x0000003f77100000)]
  0x000001544ca68000 JavaThread "Unconstrained build operations Thread 62" [_thread_blocked, id=14624, stack(0x0000003f77100000,0x0000003f77200000)]
  0x000001544ca69000 JavaThread "Unconstrained build operations Thread 63" [_thread_blocked, id=10224, stack(0x0000003f77200000,0x0000003f77300000)]
  0x000001544cbf8800 JavaThread "Unconstrained build operations Thread 64" [_thread_blocked, id=13496, stack(0x0000003f77300000,0x0000003f77400000)]
  0x000001544cbfc000 JavaThread "Unconstrained build operations Thread 65" [_thread_blocked, id=13632, stack(0x0000003f77400000,0x0000003f77500000)]
  0x000001544cbf9800 JavaThread "Unconstrained build operations Thread 66" [_thread_blocked, id=15148, stack(0x0000003f77500000,0x0000003f77600000)]
  0x000001544cbfc800 JavaThread "Unconstrained build operations Thread 67" [_thread_blocked, id=11300, stack(0x0000003f77600000,0x0000003f77700000)]
  0x000001544cbf8000 JavaThread "Unconstrained build operations Thread 68" [_thread_blocked, id=10120, stack(0x0000003f77700000,0x0000003f77800000)]
  0x000001544cbfa000 JavaThread "Unconstrained build operations Thread 69" [_thread_blocked, id=11660, stack(0x0000003f77800000,0x0000003f77900000)]
  0x000001544cbfb000 JavaThread "Unconstrained build operations Thread 70" [_thread_blocked, id=15892, stack(0x0000003f77900000,0x0000003f77a00000)]
  0x000001544cbf7000 JavaThread "Unconstrained build operations Thread 71" [_thread_blocked, id=1508, stack(0x0000003f77a00000,0x0000003f77b00000)]
  0x000001544cc01800 JavaThread "Unconstrained build operations Thread 72" [_thread_blocked, id=9076, stack(0x0000003f77b00000,0x0000003f77c00000)]
  0x000001544cc02800 JavaThread "Unconstrained build operations Thread 73" [_thread_blocked, id=3056, stack(0x0000003f77c00000,0x0000003f77d00000)]
  0x000001544cc00000 JavaThread "Unconstrained build operations Thread 74" [_thread_blocked, id=14792, stack(0x0000003f77d00000,0x0000003f77e00000)]
  0x000001544cbff000 JavaThread "Unconstrained build operations Thread 75" [_thread_blocked, id=14724, stack(0x0000003f77e00000,0x0000003f77f00000)]
  0x000001544cc03000 JavaThread "Unconstrained build operations Thread 76" [_thread_blocked, id=1128, stack(0x0000003f77f00000,0x0000003f78000000)]
  0x000001544cc00800 JavaThread "Unconstrained build operations Thread 77" [_thread_blocked, id=9736, stack(0x0000003f78000000,0x0000003f78100000)]
  0x000001544cbfd800 JavaThread "Unconstrained build operations Thread 78" [_thread_blocked, id=14212, stack(0x0000003f78100000,0x0000003f78200000)]
  0x000001544cc04000 JavaThread "Unconstrained build operations Thread 79" [_thread_blocked, id=10752, stack(0x0000003f78200000,0x0000003f78300000)]
  0x000001544cbfe800 JavaThread "Unconstrained build operations Thread 80" [_thread_blocked, id=9124, stack(0x0000003f78300000,0x0000003f78400000)]
  0x000001544cc05000 JavaThread "jar transforms Thread 4" [_thread_blocked, id=800, stack(0x0000003f78400000,0x0000003f78500000)]
  0x000001544cc05800 JavaThread "jar transforms Thread 5" [_thread_blocked, id=9956, stack(0x0000003f78500000,0x0000003f78600000)]
  0x000001544b488800 JavaThread "jar transforms Thread 6" [_thread_blocked, id=11188, stack(0x0000003f78600000,0x0000003f78700000)]
  0x000001544b485000 JavaThread "jar transforms Thread 7" [_thread_blocked, id=13464, stack(0x0000003f78700000,0x0000003f78800000)]
  0x000001544b48a000 JavaThread "jar transforms Thread 8" [_thread_blocked, id=14632, stack(0x0000003f78800000,0x0000003f78900000)]
  0x000001544b48a800 JavaThread "Memory manager" [_thread_blocked, id=12540, stack(0x0000003f78900000,0x0000003f78a00000)]
  0x000001544b486000 JavaThread "build event listener" [_thread_blocked, id=3444, stack(0x0000003f71a00000,0x0000003f71b00000)]
  0x000001544b48c800 JavaThread "included builds" [_thread_blocked, id=12312, stack(0x0000003f78a00000,0x0000003f78b00000)]
  0x000001544b48b800 JavaThread "Execution worker for ':'" [_thread_blocked, id=9440, stack(0x0000003f78b00000,0x0000003f78c00000)]
  0x000001544b486800 JavaThread "Execution worker for ':' Thread 2" [_thread_blocked, id=12056, stack(0x0000003f78c00000,0x0000003f78d00000)]
  0x000001544b48d000 JavaThread "Execution worker for ':' Thread 3" [_thread_blocked, id=8432, stack(0x0000003f78d00000,0x0000003f78e00000)]
  0x000001544b487800 JavaThread "Execution worker for ':' Thread 4" [_thread_blocked, id=9656, stack(0x0000003f78e00000,0x0000003f78f00000)]
  0x000001544b48e000 JavaThread "Execution worker for ':' Thread 5" [_thread_blocked, id=9184, stack(0x0000003f78f00000,0x0000003f79000000)]
  0x000001544b493000 JavaThread "Execution worker for ':' Thread 6" [_thread_blocked, id=11528, stack(0x0000003f79000000,0x0000003f79100000)]
  0x000001544b48f000 JavaThread "Execution worker for ':' Thread 7" [_thread_blocked, id=9628, stack(0x0000003f79100000,0x0000003f79200000)]
  0x000001544b490800 JavaThread "Cache worker for execution history cache (C:\Users\Hp\AndroidStudioProjects\EventApp\.gradle\7.4\executionHistory)" [_thread_blocked, id=10396, stack(0x0000003f79200000,0x0000003f79300000)]
  0x000001544b48f800 JavaThread "WorkerExecutor Queue" [_thread_blocked, id=2200, stack(0x0000003f79300000,0x0000003f79400000)]
  0x000001544b491800 JavaThread "WorkerExecutor Queue Thread 2" [_thread_blocked, id=8760, stack(0x0000003f79400000,0x0000003f79500000)]
  0x000001544b492000 JavaThread "WorkerExecutor Queue Thread 3" [_thread_blocked, id=11320, stack(0x0000003f79500000,0x0000003f79600000)]
  0x000001544b493800 JavaThread "WorkerExecutor Queue Thread 4" [_thread_blocked, id=6232, stack(0x0000003f79600000,0x0000003f79700000)]
  0x0000015450bf5000 JavaThread "WorkerExecutor Queue Thread 5" [_thread_blocked, id=6880, stack(0x0000003f79700000,0x0000003f79800000)]

Other Threads:
  0x00000154475c5000 VMThread "VM Thread" [stack: 0x0000003f70600000,0x0000003f70700000] [id=13336]
  0x0000015447793000 WatcherThread [stack: 0x0000003f71000000,0x0000003f71100000] [id=5340]
=>0x000001542a921800 GCTaskThread "GC Thread#0" [stack: 0x0000003f70100000,0x0000003f70200000] [id=15228]
  0x0000015448745800 GCTaskThread "GC Thread#1" [stack: 0x0000003f71200000,0x0000003f71300000] [id=11564]
  0x000001544887a800 GCTaskThread "GC Thread#2" [stack: 0x0000003f71300000,0x0000003f71400000] [id=8604]
  0x000001544823a000 GCTaskThread "GC Thread#3" [stack: 0x0000003f71e00000,0x0000003f71f00000] [id=5776]
  0x00000154481ea000 GCTaskThread "GC Thread#4" [stack: 0x0000003f71f00000,0x0000003f72000000] [id=11928]
  0x00000154486a5800 GCTaskThread "GC Thread#5" [stack: 0x0000003f72000000,0x0000003f72100000] [id=5864]
  0x0000015449ebd800 GCTaskThread "GC Thread#6" [stack: 0x0000003f72100000,0x0000003f72200000] [id=13756]
  0x00000154487ea000 GCTaskThread "GC Thread#7" [stack: 0x0000003f72200000,0x0000003f72300000] [id=15076]
  0x000001542a956000 ConcurrentGCThread "G1 Main Marker" [stack: 0x0000003f70200000,0x0000003f70300000] [id=4812]
  0x000001542a958000 ConcurrentGCThread "G1 Conc#0" [stack: 0x0000003f70300000,0x0000003f70400000] [id=16236]
  0x0000015448b1c800 ConcurrentGCThread "G1 Conc#1" [stack: 0x0000003f72600000,0x0000003f72700000] [id=2920]
  0x0000015446bf7800 ConcurrentGCThread "G1 Refine#0" [stack: 0x0000003f70400000,0x0000003f70500000] [id=9252]
  0x0000015446bf8800 ConcurrentGCThread "G1 Young RemSet Sampling" [stack: 0x0000003f70500000,0x0000003f70600000] [id=12988]

Threads with active compile tasks:
C2 CompilerThread0  20654 11150       4       java.util.TreeMap::put (247 bytes)

VM state:at safepoint (normal execution)

VM Mutex/Monitor currently owned by a thread:  ([mutex/lock_event])
[0x000001542a8f62d0] FreeList_lock - owner thread: 0x000001542a921800
[0x000001542a902d30] Threads_lock - owner thread: 0x00000154475c5000
[0x000001542a903360] Heap_lock - owner thread: 0x000001544b493800

Heap address: 0x0000000080000000, size: 2048 MB, Compressed Oops mode: 32-bit
Narrow klass base: 0x0000000000000000, Narrow klass shift: 3
Compressed class space size: 1073741824 Address: 0x0000000100000000

Heap:
 garbage-first heap   total 204800K, used 196686K [0x0000000080000000, 0x0000000100000000)
  region size 1024K, 22 young (22528K), 3 survivors (3072K)
 Metaspace       used 92995K, capacity 95294K, committed 95784K, reserved 1132544K
  class space    used 11989K, capacity 12807K, committed 13004K, reserved 1048576K
Heap Regions: E=young(eden), S=young(survivor), O=old, HS=humongous(starts), HC=humongous(continues), CS=collection set, F=free, A=archive, TAMS=top-at-mark-start (previous, next)
|   0|0x0000000080000000, 0x0000000080100000, 0x0000000080100000|100%| O|  |TAMS 0x0000000080100000, 0x0000000080100000| Untracked 
|   1|0x0000000080100000, 0x0000000080200000, 0x0000000080200000|100%| O|  |TAMS 0x0000000080200000, 0x0000000080200000| Untracked 
|   2|0x0000000080200000, 0x0000000080300000, 0x0000000080300000|100%| O|  |TAMS 0x0000000080300000, 0x0000000080300000| Untracked 
|   3|0x0000000080300000, 0x0000000080400000, 0x0000000080400000|100%|HS|  |TAMS 0x0000000080400000, 0x0000000080400000| Complete 
|   4|0x0000000080400000, 0x0000000080500000, 0x0000000080500000|100%|HC|  |TAMS 0x0000000080500000, 0x0000000080500000| Complete 
|   5|0x0000000080500000, 0x0000000080600000, 0x0000000080600000|100%|HC|  |TAMS 0x0000000080600000, 0x0000000080600000| Complete 
|   6|0x0000000080600000, 0x0000000080700000, 0x0000000080700000|100%| O|  |TAMS 0x0000000080700000, 0x0000000080700000| Untracked 
|   7|0x0000000080700000, 0x0000000080800000, 0x0000000080800000|100%| O|  |TAMS 0x0000000080800000, 0x0000000080800000| Untracked 
|   8|0x0000000080800000, 0x0000000080900000, 0x0000000080900000|100%| O|  |TAMS 0x0000000080900000, 0x0000000080900000| Untracked 
|   9|0x0000000080900000, 0x0000000080a00000, 0x0000000080a00000|100%| O|  |TAMS 0x0000000080a00000, 0x0000000080a00000| Untracked 
|  10|0x0000000080a00000, 0x0000000080b00000, 0x0000000080b00000|100%| O|  |TAMS 0x0000000080b00000, 0x0000000080b00000| Untracked 
|  11|0x0000000080b00000, 0x0000000080c00000, 0x0000000080c00000|100%| O|  |TAMS 0x0000000080c00000, 0x0000000080c00000| Untracked 
|  12|0x0000000080c00000, 0x0000000080d00000, 0x0000000080d00000|100%| O|  |TAMS 0x0000000080d00000, 0x0000000080d00000| Untracked 
|  13|0x0000000080d00000, 0x0000000080e00000, 0x0000000080e00000|100%| O|  |TAMS 0x0000000080e00000, 0x0000000080e00000| Untracked 
|  14|0x0000000080e00000, 0x0000000080f00000, 0x0000000080f00000|100%| O|  |TAMS 0x0000000080f00000, 0x0000000080f00000| Untracked 
|  15|0x0000000080f00000, 0x0000000081000000, 0x0000000081000000|100%| O|  |TAMS 0x0000000081000000, 0x0000000081000000| Untracked 
|  16|0x0000000081000000, 0x0000000081100000, 0x0000000081100000|100%| O|  |TAMS 0x0000000081100000, 0x0000000081100000| Untracked 
|  17|0x0000000081100000, 0x0000000081200000, 0x0000000081200000|100%| O|  |TAMS 0x0000000081200000, 0x0000000081200000| Untracked 
|  18|0x0000000081200000, 0x0000000081300000, 0x0000000081300000|100%| O|  |TAMS 0x0000000081300000, 0x0000000081300000| Untracked 
|  19|0x0000000081300000, 0x0000000081400000, 0x0000000081400000|100%| O|  |TAMS 0x0000000081400000, 0x0000000081400000| Untracked 
|  20|0x0000000081400000, 0x0000000081500000, 0x0000000081500000|100%| O|  |TAMS 0x0000000081500000, 0x0000000081500000| Untracked 
|  21|0x0000000081500000, 0x0000000081600000, 0x0000000081600000|100%| O|  |TAMS 0x0000000081600000, 0x0000000081600000| Untracked 
|  22|0x0000000081600000, 0x0000000081700000, 0x0000000081700000|100%| O|  |TAMS 0x0000000081700000, 0x0000000081700000| Untracked 
|  23|0x0000000081700000, 0x0000000081800000, 0x0000000081800000|100%| O|  |TAMS 0x0000000081800000, 0x0000000081800000| Untracked 
|  24|0x0000000081800000, 0x0000000081900000, 0x0000000081900000|100%| O|  |TAMS 0x0000000081900000, 0x0000000081900000| Untracked 
|  25|0x0000000081900000, 0x0000000081a00000, 0x0000000081a00000|100%| O|  |TAMS 0x0000000081a00000, 0x0000000081a00000| Untracked 
|  26|0x0000000081a00000, 0x0000000081b00000, 0x0000000081b00000|100%| O|  |TAMS 0x0000000081b00000, 0x0000000081b00000| Untracked 
|  27|0x0000000081b00000, 0x0000000081c00000, 0x0000000081c00000|100%| O|  |TAMS 0x0000000081c00000, 0x0000000081c00000| Untracked 
|  28|0x0000000081c00000, 0x0000000081d00000, 0x0000000081d00000|100%|HS|  |TAMS 0x0000000081d00000, 0x0000000081d00000| Complete 
|  29|0x0000000081d00000, 0x0000000081e00000, 0x0000000081e00000|100%|HS|  |TAMS 0x0000000081e00000, 0x0000000081e00000| Complete 
|  30|0x0000000081e00000, 0x0000000081f00000, 0x0000000081f00000|100%| O|  |TAMS 0x0000000081f00000, 0x0000000081f00000| Untracked 
|  31|0x0000000081f00000, 0x0000000082000000, 0x0000000082000000|100%|HS|  |TAMS 0x0000000082000000, 0x0000000082000000| Complete 
|  32|0x0000000082000000, 0x0000000082100000, 0x0000000082100000|100%|HC|  |TAMS 0x0000000082100000, 0x0000000082100000| Complete 
|  33|0x0000000082100000, 0x0000000082200000, 0x0000000082200000|100%| O|  |TAMS 0x0000000082200000, 0x0000000082200000| Untracked 
|  34|0x0000000082200000, 0x0000000082300000, 0x0000000082300000|100%| O|  |TAMS 0x0000000082300000, 0x0000000082300000| Untracked 
|  35|0x0000000082300000, 0x0000000082400000, 0x0000000082400000|100%|HS|  |TAMS 0x0000000082300000, 0x0000000082300000| Complete 
|  36|0x0000000082400000, 0x0000000082500000, 0x0000000082500000|100%|HS|  |TAMS 0x0000000082400000, 0x0000000082400000| Complete 
|  37|0x0000000082500000, 0x0000000082600000, 0x0000000082600000|100%| O|  |TAMS 0x0000000082600000, 0x0000000082600000| Untracked 
|  38|0x0000000082600000, 0x0000000082700000, 0x0000000082700000|100%| O|  |TAMS 0x0000000082700000, 0x0000000082700000| Untracked 
|  39|0x0000000082700000, 0x0000000082800000, 0x0000000082800000|100%| O|  |TAMS 0x0000000082800000, 0x0000000082800000| Untracked 
|  40|0x0000000082800000, 0x0000000082900000, 0x0000000082900000|100%| O|  |TAMS 0x0000000082900000, 0x0000000082900000| Untracked 
|  41|0x0000000082900000, 0x0000000082a00000, 0x0000000082a00000|100%| O|  |TAMS 0x0000000082a00000, 0x0000000082a00000| Untracked 
|  42|0x0000000082a00000, 0x0000000082b00000, 0x0000000082b00000|100%| O|  |TAMS 0x0000000082b00000, 0x0000000082b00000| Untracked 
|  43|0x0000000082b00000, 0x0000000082c00000, 0x0000000082c00000|100%| O|  |TAMS 0x0000000082c00000, 0x0000000082c00000| Untracked 
|  44|0x0000000082c00000, 0x0000000082d00000, 0x0000000082d00000|100%| O|  |TAMS 0x0000000082d00000, 0x0000000082d00000| Untracked 
|  45|0x0000000082d00000, 0x0000000082e00000, 0x0000000082e00000|100%| O|  |TAMS 0x0000000082e00000, 0x0000000082e00000| Untracked 
|  46|0x0000000082e00000, 0x0000000082f00000, 0x0000000082f00000|100%| O|  |TAMS 0x0000000082f00000, 0x0000000082f00000| Untracked 
|  47|0x0000000082f00000, 0x0000000083000000, 0x0000000083000000|100%| O|  |TAMS 0x0000000083000000, 0x0000000083000000| Untracked 
|  48|0x0000000083000000, 0x0000000083100000, 0x0000000083100000|100%| O|  |TAMS 0x0000000083100000, 0x0000000083100000| Untracked 
|  49|0x0000000083100000, 0x0000000083200000, 0x0000000083200000|100%| O|  |TAMS 0x0000000083200000, 0x0000000083200000| Untracked 
|  50|0x0000000083200000, 0x0000000083300000, 0x0000000083300000|100%| O|  |TAMS 0x0000000083300000, 0x0000000083300000| Untracked 
|  51|0x0000000083300000, 0x0000000083400000, 0x0000000083400000|100%| O|  |TAMS 0x0000000083400000, 0x0000000083400000| Untracked 
|  52|0x0000000083400000, 0x0000000083500000, 0x0000000083500000|100%| O|  |TAMS 0x0000000083500000, 0x0000000083500000| Untracked 
|  53|0x0000000083500000, 0x0000000083600000, 0x0000000083600000|100%| O|  |TAMS 0x0000000083600000, 0x0000000083600000| Untracked 
|  54|0x0000000083600000, 0x0000000083700000, 0x0000000083700000|100%| O|  |TAMS 0x0000000083700000, 0x0000000083700000| Untracked 
|  55|0x0000000083700000, 0x0000000083800000, 0x0000000083800000|100%| O|  |TAMS 0x0000000083800000, 0x0000000083800000| Untracked 
|  56|0x0000000083800000, 0x0000000083900000, 0x0000000083900000|100%| O|  |TAMS 0x0000000083900000, 0x0000000083900000| Untracked 
|  57|0x0000000083900000, 0x0000000083a00000, 0x0000000083a00000|100%| O|  |TAMS 0x0000000083a00000, 0x0000000083a00000| Untracked 
|  58|0x0000000083a00000, 0x0000000083b00000, 0x0000000083b00000|100%| O|  |TAMS 0x0000000083b00000, 0x0000000083b00000| Untracked 
|  59|0x0000000083b00000, 0x0000000083c00000, 0x0000000083c00000|100%| O|  |TAMS 0x0000000083c00000, 0x0000000083c00000| Untracked 
|  60|0x0000000083c00000, 0x0000000083d00000, 0x0000000083d00000|100%| O|  |TAMS 0x0000000083d00000, 0x0000000083d00000| Untracked 
|  61|0x0000000083d00000, 0x0000000083e00000, 0x0000000083e00000|100%| O|  |TAMS 0x0000000083e00000, 0x0000000083e00000| Untracked 
|  62|0x0000000083e00000, 0x0000000083f00000, 0x0000000083f00000|100%| O|  |TAMS 0x0000000083f00000, 0x0000000083f00000| Untracked 
|  63|0x0000000083f00000, 0x0000000084000000, 0x0000000084000000|100%| O|  |TAMS 0x0000000084000000, 0x0000000084000000| Untracked 
|  64|0x0000000084000000, 0x0000000084100000, 0x0000000084100000|100%| O|  |TAMS 0x0000000084100000, 0x0000000084100000| Untracked 
|  65|0x0000000084100000, 0x0000000084200000, 0x0000000084200000|100%|HS|  |TAMS 0x0000000084100000, 0x0000000084100000| Complete 
|  66|0x0000000084200000, 0x0000000084300000, 0x0000000084300000|100%| O|  |TAMS 0x0000000084300000, 0x0000000084300000| Untracked 
|  67|0x0000000084300000, 0x0000000084400000, 0x0000000084400000|100%| O|  |TAMS 0x0000000084400000, 0x0000000084400000| Untracked 
|  68|0x0000000084400000, 0x0000000084500000, 0x0000000084500000|100%| O|  |TAMS 0x0000000084500000, 0x0000000084500000| Untracked 
|  69|0x0000000084500000, 0x0000000084600000, 0x0000000084600000|100%| O|  |TAMS 0x0000000084600000, 0x0000000084600000| Untracked 
|  70|0x0000000084600000, 0x0000000084700000, 0x0000000084700000|100%| O|  |TAMS 0x0000000084700000, 0x0000000084700000| Untracked 
|  71|0x0000000084700000, 0x0000000084800000, 0x0000000084800000|100%| O|  |TAMS 0x0000000084800000, 0x0000000084800000| Untracked 
|  72|0x0000000084800000, 0x0000000084900000, 0x0000000084900000|100%| O|  |TAMS 0x0000000084900000, 0x0000000084900000| Untracked 
|  73|0x0000000084900000, 0x0000000084a00000, 0x0000000084a00000|100%| O|  |TAMS 0x0000000084a00000, 0x0000000084a00000| Untracked 
|  74|0x0000000084a00000, 0x0000000084b00000, 0x0000000084b00000|100%| O|  |TAMS 0x0000000084b00000, 0x0000000084b00000| Untracked 
|  75|0x0000000084b00000, 0x0000000084c00000, 0x0000000084c00000|100%| O|  |TAMS 0x0000000084c00000, 0x0000000084c00000| Untracked 
|  76|0x0000000084c00000, 0x0000000084d00000, 0x0000000084d00000|100%| O|  |TAMS 0x0000000084d00000, 0x0000000084d00000| Untracked 
|  77|0x0000000084d00000, 0x0000000084e00000, 0x0000000084e00000|100%| O|  |TAMS 0x0000000084e00000, 0x0000000084e00000| Untracked 
|  78|0x0000000084e00000, 0x0000000084f00000, 0x0000000084f00000|100%| O|  |TAMS 0x0000000084f00000, 0x0000000084f00000| Untracked 
|  79|0x0000000084f00000, 0x0000000085000000, 0x0000000085000000|100%| O|  |TAMS 0x0000000085000000, 0x0000000085000000| Untracked 
|  80|0x0000000085000000, 0x0000000085100000, 0x0000000085100000|100%| O|  |TAMS 0x0000000085100000, 0x0000000085100000| Untracked 
|  81|0x0000000085100000, 0x0000000085200000, 0x0000000085200000|100%| O|  |TAMS 0x0000000085200000, 0x0000000085200000| Untracked 
|  82|0x0000000085200000, 0x0000000085300000, 0x0000000085300000|100%| O|  |TAMS 0x0000000085300000, 0x0000000085300000| Untracked 
|  83|0x0000000085300000, 0x0000000085400000, 0x0000000085400000|100%|HS|  |TAMS 0x0000000085300000, 0x0000000085400000| Complete 
|  84|0x0000000085400000, 0x0000000085500000, 0x0000000085500000|100%| O|  |TAMS 0x0000000085500000, 0x0000000085500000| Untracked 
|  85|0x0000000085500000, 0x0000000085600000, 0x0000000085600000|100%| O|  |TAMS 0x0000000085600000, 0x0000000085600000| Untracked 
|  86|0x0000000085600000, 0x0000000085700000, 0x0000000085700000|100%| O|  |TAMS 0x0000000085700000, 0x0000000085700000| Untracked 
|  87|0x0000000085700000, 0x0000000085800000, 0x0000000085800000|100%| O|  |TAMS 0x0000000085800000, 0x0000000085800000| Untracked 
|  88|0x0000000085800000, 0x0000000085900000, 0x0000000085900000|100%| O|  |TAMS 0x0000000085900000, 0x0000000085900000| Untracked 
|  89|0x0000000085900000, 0x0000000085a00000, 0x0000000085a00000|100%|HS|  |TAMS 0x0000000085a00000, 0x0000000085a00000| Complete 
|  90|0x0000000085a00000, 0x0000000085b00000, 0x0000000085b00000|100%|HC|  |TAMS 0x0000000085b00000, 0x0000000085b00000| Complete 
|  91|0x0000000085b00000, 0x0000000085c00000, 0x0000000085c00000|100%|HS|  |TAMS 0x0000000085c00000, 0x0000000085c00000| Complete 
|  92|0x0000000085c00000, 0x0000000085d00000, 0x0000000085d00000|100%|HS|  |TAMS 0x0000000085d00000, 0x0000000085d00000| Complete 
|  93|0x0000000085d00000, 0x0000000085e00000, 0x0000000085e00000|100%|HS|  |TAMS 0x0000000085e00000, 0x0000000085e00000| Complete 
|  94|0x0000000085e00000, 0x0000000085f00000, 0x0000000085f00000|100%|HC|  |TAMS 0x0000000085f00000, 0x0000000085f00000| Complete 
|  95|0x0000000085f00000, 0x0000000086000000, 0x0000000086000000|100%|HS|  |TAMS 0x0000000086000000, 0x0000000086000000| Complete 
|  96|0x0000000086000000, 0x0000000086100000, 0x0000000086100000|100%|HC|  |TAMS 0x0000000086100000, 0x0000000086100000| Complete 
|  97|0x0000000086100000, 0x0000000086200000, 0x0000000086200000|100%| O|  |TAMS 0x0000000086200000, 0x0000000086200000| Untracked 
|  98|0x0000000086200000, 0x0000000086300000, 0x0000000086300000|100%| O|  |TAMS 0x0000000086300000, 0x0000000086300000| Untracked 
|  99|0x0000000086300000, 0x0000000086400000, 0x0000000086400000|100%| O|  |TAMS 0x0000000086400000, 0x0000000086400000| Untracked 
| 100|0x0000000086400000, 0x0000000086500000, 0x0000000086500000|100%| O|  |TAMS 0x0000000086500000, 0x0000000086500000| Untracked 
| 101|0x0000000086500000, 0x0000000086600000, 0x0000000086600000|100%| O|  |TAMS 0x0000000086600000, 0x0000000086600000| Untracked 
| 102|0x0000000086600000, 0x0000000086700000, 0x0000000086700000|100%| O|  |TAMS 0x0000000086700000, 0x0000000086700000| Untracked 
| 103|0x0000000086700000, 0x0000000086800000, 0x0000000086800000|100%| O|  |TAMS 0x0000000086800000, 0x0000000086800000| Untracked 
| 104|0x0000000086800000, 0x0000000086900000, 0x0000000086900000|100%| O|  |TAMS 0x0000000086900000, 0x0000000086900000| Untracked 
| 105|0x0000000086900000, 0x0000000086a00000, 0x0000000086a00000|100%| O|  |TAMS 0x0000000086a00000, 0x0000000086a00000| Untracked 
| 106|0x0000000086a00000, 0x0000000086b00000, 0x0000000086b00000|100%| O|  |TAMS 0x0000000086b00000, 0x0000000086b00000| Untracked 
| 107|0x0000000086b00000, 0x0000000086c00000, 0x0000000086c00000|100%| O|  |TAMS 0x0000000086c00000, 0x0000000086c00000| Untracked 
| 108|0x0000000086c00000, 0x0000000086d00000, 0x0000000086d00000|100%| O|  |TAMS 0x0000000086cf8600, 0x0000000086d00000| Untracked 
| 109|0x0000000086d00000, 0x0000000086e00000, 0x0000000086e00000|100%|HS|  |TAMS 0x0000000086d00000, 0x0000000086e00000| Complete 
| 110|0x0000000086e00000, 0x0000000086f00000, 0x0000000086f00000|100%|HC|  |TAMS 0x0000000086e00000, 0x0000000086f00000| Complete 
| 111|0x0000000086f00000, 0x0000000087000000, 0x0000000087000000|100%|HS|  |TAMS 0x0000000086f00000, 0x0000000087000000| Complete 
| 112|0x0000000087000000, 0x0000000087100000, 0x0000000087100000|100%|HC|  |TAMS 0x0000000087000000, 0x0000000087100000| Complete 
| 113|0x0000000087100000, 0x0000000087200000, 0x0000000087200000|100%|HS|  |TAMS 0x0000000087100000, 0x0000000087200000| Complete 
| 114|0x0000000087200000, 0x0000000087300000, 0x0000000087300000|100%|HC|  |TAMS 0x0000000087200000, 0x0000000087300000| Complete 
| 115|0x0000000087300000, 0x0000000087400000, 0x0000000087400000|100%|HC|  |TAMS 0x0000000087300000, 0x0000000087400000| Complete 
| 116|0x0000000087400000, 0x0000000087500000, 0x0000000087500000|100%|HS|  |TAMS 0x0000000087400000, 0x0000000087500000| Complete 
| 117|0x0000000087500000, 0x0000000087600000, 0x0000000087600000|100%|HC|  |TAMS 0x0000000087500000, 0x0000000087600000| Complete 
| 118|0x0000000087600000, 0x0000000087700000, 0x0000000087700000|100%|HC|  |TAMS 0x0000000087600000, 0x0000000087700000| Complete 
| 119|0x0000000087700000, 0x0000000087800000, 0x0000000087800000|100%|HS|  |TAMS 0x0000000087700000, 0x0000000087800000| Complete 
| 120|0x0000000087800000, 0x0000000087900000, 0x0000000087900000|100%|HS|  |TAMS 0x0000000087800000, 0x0000000087900000| Complete 
| 121|0x0000000087900000, 0x0000000087a00000, 0x0000000087a00000|100%| O|  |TAMS 0x0000000087900000, 0x0000000087a00000| Untracked 
| 122|0x0000000087a00000, 0x0000000087b00000, 0x0000000087b00000|100%| O|  |TAMS 0x0000000087a00000, 0x0000000087b00000| Untracked 
| 123|0x0000000087b00000, 0x0000000087c00000, 0x0000000087c00000|100%| O|  |TAMS 0x0000000087b00000, 0x0000000087c00000| Untracked 
| 124|0x0000000087c00000, 0x0000000087d00000, 0x0000000087d00000|100%| O|  |TAMS 0x0000000087c00000, 0x0000000087d00000| Untracked 
| 125|0x0000000087d00000, 0x0000000087e00000, 0x0000000087e00000|100%| O|  |TAMS 0x0000000087d00000, 0x0000000087e00000| Untracked 
| 126|0x0000000087e00000, 0x0000000087f00000, 0x0000000087f00000|100%| O|  |TAMS 0x0000000087e00000, 0x0000000087f00000| Untracked 
| 127|0x0000000087f00000, 0x0000000088000000, 0x0000000088000000|100%| O|  |TAMS 0x0000000087f00000, 0x0000000088000000| Untracked 
| 128|0x0000000088000000, 0x0000000088100000, 0x0000000088100000|100%| O|  |TAMS 0x0000000088000000, 0x0000000088100000| Untracked 
| 129|0x0000000088100000, 0x0000000088200000, 0x0000000088200000|100%| O|  |TAMS 0x0000000088100000, 0x0000000088200000| Untracked 
| 130|0x0000000088200000, 0x0000000088300000, 0x0000000088300000|100%| O|  |TAMS 0x0000000088200000, 0x0000000088300000| Untracked 
| 131|0x0000000088300000, 0x0000000088400000, 0x0000000088400000|100%| O|  |TAMS 0x0000000088300000, 0x0000000088400000| Untracked 
| 132|0x0000000088400000, 0x0000000088500000, 0x0000000088500000|100%| O|  |TAMS 0x0000000088400000, 0x0000000088500000| Untracked 
| 133|0x0000000088500000, 0x0000000088600000, 0x0000000088600000|100%| O|  |TAMS 0x0000000088500000, 0x00000000885eee00| Untracked 
| 134|0x0000000088600000, 0x0000000088700000, 0x0000000088700000|100%|HS|  |TAMS 0x0000000088600000, 0x0000000088600000| Complete 
| 135|0x0000000088700000, 0x0000000088800000, 0x0000000088800000|100%|HC|  |TAMS 0x0000000088700000, 0x0000000088700000| Complete 
| 136|0x0000000088800000, 0x0000000088900000, 0x0000000088900000|100%|HS|  |TAMS 0x0000000088800000, 0x0000000088800000| Complete 
| 137|0x0000000088900000, 0x0000000088a00000, 0x0000000088a00000|100%|HC|  |TAMS 0x0000000088900000, 0x0000000088900000| Complete 
| 138|0x0000000088a00000, 0x0000000088b00000, 0x0000000088b00000|100%|HS|  |TAMS 0x0000000088a00000, 0x0000000088a00000| Complete 
| 139|0x0000000088b00000, 0x0000000088c00000, 0x0000000088c00000|100%|HS|  |TAMS 0x0000000088b00000, 0x0000000088b00000| Complete 
| 140|0x0000000088c00000, 0x0000000088d00000, 0x0000000088d00000|100%|HS|  |TAMS 0x0000000088c00000, 0x0000000088c00000| Complete 
| 141|0x0000000088d00000, 0x0000000088e00000, 0x0000000088e00000|100%|HS|  |TAMS 0x0000000088d00000, 0x0000000088d00000| Complete 
| 142|0x0000000088e00000, 0x0000000088f00000, 0x0000000088f00000|100%|HC|  |TAMS 0x0000000088e00000, 0x0000000088e00000| Complete 
| 143|0x0000000088f00000, 0x0000000089000000, 0x0000000089000000|100%|HS|  |TAMS 0x0000000088f00000, 0x0000000088f00000| Complete 
| 144|0x0000000089000000, 0x0000000089100000, 0x0000000089100000|100%|HC|  |TAMS 0x0000000089000000, 0x0000000089000000| Complete 
| 145|0x0000000089100000, 0x0000000089200000, 0x0000000089200000|100%|HS|  |TAMS 0x0000000089100000, 0x0000000089100000| Complete 
| 146|0x0000000089200000, 0x0000000089300000, 0x0000000089300000|100%|HS|  |TAMS 0x0000000089200000, 0x0000000089200000| Complete 
| 147|0x0000000089300000, 0x0000000089400000, 0x0000000089400000|100%|HC|  |TAMS 0x0000000089300000, 0x0000000089300000| Complete 
| 148|0x0000000089400000, 0x0000000089500000, 0x0000000089500000|100%|HS|  |TAMS 0x0000000089400000, 0x0000000089400000| Complete 
| 149|0x0000000089500000, 0x0000000089600000, 0x0000000089600000|100%|HC|  |TAMS 0x0000000089500000, 0x0000000089500000| Complete 
| 150|0x0000000089600000, 0x0000000089700000, 0x0000000089700000|100%|HS|  |TAMS 0x0000000089600000, 0x0000000089600000| Complete 
| 151|0x0000000089700000, 0x0000000089800000, 0x0000000089800000|100%|HS|  |TAMS 0x0000000089700000, 0x0000000089700000| Complete 
| 152|0x0000000089800000, 0x0000000089900000, 0x0000000089900000|100%|HC|  |TAMS 0x0000000089800000, 0x0000000089800000| Complete 
| 153|0x0000000089900000, 0x0000000089a00000, 0x0000000089a00000|100%|HS|  |TAMS 0x0000000089900000, 0x0000000089900000| Complete 
| 154|0x0000000089a00000, 0x0000000089b00000, 0x0000000089b00000|100%|HC|  |TAMS 0x0000000089a00000, 0x0000000089a00000| Complete 
| 155|0x0000000089b00000, 0x0000000089c00000, 0x0000000089c00000|100%|HS|  |TAMS 0x0000000089b00000, 0x0000000089b00000| Complete 
| 156|0x0000000089c00000, 0x0000000089d00000, 0x0000000089d00000|100%|HS|  |TAMS 0x0000000089c00000, 0x0000000089c00000| Complete 
| 157|0x0000000089d00000, 0x0000000089e00000, 0x0000000089e00000|100%|HC|  |TAMS 0x0000000089d00000, 0x0000000089d00000| Complete 
| 158|0x0000000089e00000, 0x0000000089f00000, 0x0000000089f00000|100%|HS|  |TAMS 0x0000000089e00000, 0x0000000089e00000| Complete 
| 159|0x0000000089f00000, 0x000000008a000000, 0x000000008a000000|100%|HC|  |TAMS 0x0000000089f00000, 0x0000000089f00000| Complete 
| 160|0x000000008a000000, 0x000000008a100000, 0x000000008a100000|100%|HS|  |TAMS 0x000000008a000000, 0x000000008a000000| Complete 
| 161|0x000000008a100000, 0x000000008a200000, 0x000000008a200000|100%|HS|  |TAMS 0x000000008a100000, 0x000000008a100000| Complete 
| 162|0x000000008a200000, 0x000000008a300000, 0x000000008a300000|100%|HC|  |TAMS 0x000000008a200000, 0x000000008a200000| Complete 
| 163|0x000000008a300000, 0x000000008a400000, 0x000000008a400000|100%| E|CS|TAMS 0x000000008a300000, 0x000000008a300000| Complete 
| 164|0x000000008a400000, 0x000000008a500000, 0x000000008a500000|100%| E|CS|TAMS 0x000000008a400000, 0x000000008a400000| Complete 
| 165|0x000000008a500000, 0x000000008a600000, 0x000000008a600000|100%| E|CS|TAMS 0x000000008a500000, 0x000000008a500000| Complete 
| 166|0x000000008a600000, 0x000000008a700000, 0x000000008a700000|100%| E|CS|TAMS 0x000000008a600000, 0x000000008a600000| Complete 
| 167|0x000000008a700000, 0x000000008a800000, 0x000000008a800000|100%| E|CS|TAMS 0x000000008a700000, 0x000000008a700000| Complete 
| 168|0x000000008a800000, 0x000000008a900000, 0x000000008a900000|100%| E|CS|TAMS 0x000000008a800000, 0x000000008a800000| Complete 
| 169|0x000000008a900000, 0x000000008aa00000, 0x000000008aa00000|100%| E|CS|TAMS 0x000000008a900000, 0x000000008a900000| Complete 
| 170|0x000000008aa00000, 0x000000008aa24c70, 0x000000008ab00000| 14%| E|CS|TAMS 0x000000008aa00000, 0x000000008aa00000| Complete 
| 171|0x000000008ab00000, 0x000000008ac00000, 0x000000008ac00000|100%| E|CS|TAMS 0x000000008ab00000, 0x000000008ab00000| Complete 
| 172|0x000000008ac00000, 0x000000008ad00000, 0x000000008ad00000|100%| E|CS|TAMS 0x000000008ac00000, 0x000000008ac00000| Complete 
| 173|0x000000008ad00000, 0x000000008ae00000, 0x000000008ae00000|100%| E|CS|TAMS 0x000000008ad00000, 0x000000008ad00000| Complete 
| 174|0x000000008ae00000, 0x000000008af00000, 0x000000008af00000|100%| E|CS|TAMS 0x000000008ae00000, 0x000000008ae00000| Complete 
| 175|0x000000008af00000, 0x000000008b000000, 0x000000008b000000|100%| E|CS|TAMS 0x000000008af00000, 0x000000008af00000| Complete 
| 176|0x000000008b000000, 0x000000008b100000, 0x000000008b100000|100%| E|CS|TAMS 0x000000008b000000, 0x000000008b000000| Complete 
| 177|0x000000008b100000, 0x000000008b200000, 0x000000008b200000|100%| E|CS|TAMS 0x000000008b100000, 0x000000008b100000| Complete 
| 178|0x000000008b200000, 0x000000008b300000, 0x000000008b300000|100%| E|CS|TAMS 0x000000008b200000, 0x000000008b200000| Complete 
| 179|0x000000008b300000, 0x000000008b400000, 0x000000008b400000|100%| E|CS|TAMS 0x000000008b300000, 0x000000008b300000| Complete 
| 180|0x000000008b400000, 0x000000008b500000, 0x000000008b500000|100%| E|CS|TAMS 0x000000008b400000, 0x000000008b400000| Complete 
| 181|0x000000008b500000, 0x000000008b600000, 0x000000008b600000|100%| E|CS|TAMS 0x000000008b500000, 0x000000008b500000| Complete 
| 182|0x000000008b600000, 0x000000008b700000, 0x000000008b700000|100%| E|CS|TAMS 0x000000008b600000, 0x000000008b600000| Complete 
| 183|0x000000008b700000, 0x000000008b800000, 0x000000008b800000|100%| E|CS|TAMS 0x000000008b700000, 0x000000008b700000| Complete 
| 184|0x000000008b800000, 0x000000008b900000, 0x000000008b900000|100%| E|CS|TAMS 0x000000008b800000, 0x000000008b800000| Complete 
| 185|0x000000008b900000, 0x000000008ba00000, 0x000000008ba00000|100%|HS|  |TAMS 0x000000008b900000, 0x000000008b900000| Complete 
| 186|0x000000008ba00000, 0x000000008bb00000, 0x000000008bb00000|100%|HC|  |TAMS 0x000000008ba00000, 0x000000008ba00000| Complete 
| 187|0x000000008bb00000, 0x000000008bc00000, 0x000000008bc00000|100%|HC|  |TAMS 0x000000008bb00000, 0x000000008bb00000| Complete 
| 188|0x000000008bc00000, 0x000000008bd00000, 0x000000008bd00000|100%|HS|  |TAMS 0x000000008bc00000, 0x000000008bc00000| Complete 
| 189|0x000000008bd00000, 0x000000008be00000, 0x000000008be00000|100%|HC|  |TAMS 0x000000008bd00000, 0x000000008bd00000| Complete 
| 190|0x000000008be00000, 0x000000008bf00000, 0x000000008bf00000|100%|HC|  |TAMS 0x000000008be00000, 0x000000008be00000| Complete 
| 191|0x000000008bf00000, 0x000000008c000000, 0x000000008c000000|100%|HS|  |TAMS 0x000000008bf00000, 0x000000008bf00000| Complete 
| 192|0x000000008c000000, 0x000000008c100000, 0x000000008c100000|100%|HS|  |TAMS 0x000000008c000000, 0x000000008c000000| Complete 
| 193|0x000000008c100000, 0x000000008c200000, 0x000000008c200000|100%| S|  |TAMS 0x000000008c100000, 0x000000008c100000| Complete 
| 194|0x000000008c200000, 0x000000008c300000, 0x000000008c300000|100%| O|  |TAMS 0x000000008c200000, 0x000000008c200000| Untracked 
| 195|0x000000008c300000, 0x000000008c400000, 0x000000008c400000|100%| S|  |TAMS 0x000000008c300000, 0x000000008c300000| Complete 
| 196|0x000000008c400000, 0x000000008c500000, 0x000000008c500000|100%| S|  |TAMS 0x000000008c400000, 0x000000008c400000| Complete 
| 197|0x000000008c500000, 0x000000008c600000, 0x000000008c600000|100%| O|  |TAMS 0x000000008c500000, 0x000000008c500000| Untracked 
| 198|0x000000008c600000, 0x000000008c700000, 0x000000008c700000|100%| O|  |TAMS 0x000000008c600000, 0x000000008c600000| Untracked 

Card table byte_map: [0x000001543fa80000,0x000001543fe80000] _byte_map_base: 0x000001543f680000

Marking Bits (Prev, Next): (CMBitMap*) 0x000001542a94ce98, (CMBitMap*) 0x000001542a94ced0
 Prev Bits: [0x0000015440280000, 0x0000015442280000)
 Next Bits: [0x0000015442280000, 0x0000015444280000)

Polling page: 0x000001542a9e0000

Metaspace:

Usage:
  Non-class:     80.55 MB capacity,    79.11 MB ( 98%) used,     1.19 MB (  1%) free+waste,   262.63 KB ( <1%) overhead. 
      Class:     12.51 MB capacity,    11.71 MB ( 94%) used,   700.14 KB (  5%) free+waste,   117.50 KB ( <1%) overhead. 
       Both:     93.06 MB capacity,    90.82 MB ( 98%) used,     1.87 MB (  2%) free+waste,   380.13 KB ( <1%) overhead. 

Virtual space:
  Non-class space:       82.00 MB reserved,      80.84 MB ( 99%) committed 
      Class space:        1.00 GB reserved,      12.70 MB (  1%) committed 
             Both:        1.08 GB reserved,      93.54 MB (  8%) committed 

Chunk freelists:
   Non-Class:  165.00 KB
       Class:  89.00 KB
        Both:  254.00 KB

MaxMetaspaceSize: 17179869184.00 GB
CompressedClassSpaceSize: 1.00 GB
Initial GC threshold: 20.80 MB
Current GC threshold: 150.48 MB
CDS: off

CodeHeap 'non-profiled nmethods': size=120000Kb used=5034Kb max_used=5034Kb free=114965Kb
 bounds [0x00000154376c0000, 0x0000015437bb0000, 0x000001543ebf0000]
CodeHeap 'profiled nmethods': size=120000Kb used=21800Kb max_used=21800Kb free=98199Kb
 bounds [0x0000015430190000, 0x00000154316e0000, 0x00000154376c0000]
CodeHeap 'non-nmethods': size=5760Kb used=2395Kb max_used=2431Kb free=3364Kb
 bounds [0x000001542fbf0000, 0x000001542fe60000, 0x0000015430190000]
 total_blobs=11817 nmethods=10903 adapters=825
 compilation: enabled
              stopped_count=0, restarted_count=0
 full_count=0

Compilation events (20 events):
Event: 20.611 Thread 0x000001544761b000 11179 %     3       com.android.tools.r8.dex.i::j @ 35 (63 bytes)
Event: 20.612 Thread 0x000001544761b000 nmethod 11179% 0x00000154316d6f10 code [0x00000154316d7140, 0x00000154316d7908]
Event: 20.612 Thread 0x000001544761b000 11180       2       java.nio.HeapByteBuffer::get (15 bytes)
Event: 20.612 Thread 0x000001544761b000 nmethod 11180 0x00000154316d7c90 code [0x00000154316d7e40, 0x00000154316d7f98]
Event: 20.612 Thread 0x000001544761b000 11181       3       com.android.tools.r8.dex.i::j (63 bytes)
Event: 20.613 Thread 0x000001544761b000 nmethod 11181 0x00000154316d8110 code [0x00000154316d8340, 0x00000154316d8a88]
Event: 20.613 Thread 0x000001544761b000 11182       2       com.android.tools.r8.internal.Ac::a (9 bytes)
Event: 20.613 Thread 0x000001544761b000 nmethod 11182 0x00000154316d8e10 code [0x00000154316d8fc0, 0x00000154316d90e8]
Event: 20.614 Thread 0x000001544761b000 11184       2       java.lang.Math::ceil (5 bytes)
Event: 20.614 Thread 0x000001544761b000 nmethod 11184 0x00000154316d9190 code [0x00000154316d9380, 0x00000154316d9488]
Event: 20.614 Thread 0x000001544761b000 11185       2       java.lang.StrictMath::ceil (10 bytes)
Event: 20.614 Thread 0x000001544761b000 nmethod 11185 0x00000154316d9510 code [0x00000154316d9700, 0x00000154316d9808]
Event: 20.617 Thread 0x000001544761b000 11187       2       java.lang.StrictMath::floorOrCeil (128 bytes)
Event: 20.618 Thread 0x000001544761b000 nmethod 11187 0x00000154316d9890 code [0x00000154316d9a40, 0x00000154316d9c98]
Event: 20.618 Thread 0x000001544761b000 11188       2       java.lang.Math::getExponent (17 bytes)
Event: 20.618 Thread 0x000001544761b000 nmethod 11188 0x00000154316d9d90 code [0x00000154316d9f40, 0x00000154316da058]
Event: 20.618 Thread 0x000001544761b000 11186       1       com.android.tools.r8.dex.b::a (5 bytes)
Event: 20.618 Thread 0x000001544761b000 nmethod 11186 0x0000015437baa490 code [0x0000015437baa640, 0x0000015437baa6d8]
Event: 20.618 Thread 0x000001544761b000 11189       1       com.android.tools.r8.internal.Nu::l0 (5 bytes)
Event: 20.618 Thread 0x000001544761b000 nmethod 11189 0x0000015437baa790 code [0x0000015437baa940, 0x0000015437baa9f8]

GC Heap History (20 events):
Event: 18.825 GC heap after
{Heap after GC invocations=24 (full 0):
 garbage-first heap   total 189440K, used 88172K [0x0000000080000000, 0x0000000100000000)
  region size 1024K, 7 young (7168K), 7 survivors (7168K)
 Metaspace       used 83321K, capacity 85675K, committed 85928K, reserved 1124352K
  class space    used 10873K, capacity 11732K, committed 11852K, reserved 1048576K
}
Event: 19.364 GC heap before
{Heap before GC invocations=24 (full 0):
 garbage-first heap   total 189440K, used 146540K [0x0000000080000000, 0x0000000100000000)
  region size 1024K, 65 young (66560K), 7 survivors (7168K)
 Metaspace       used 85552K, capacity 87908K, committed 88104K, reserved 1126400K
  class space    used 11089K, capacity 11962K, committed 11980K, reserved 1048576K
}
Event: 19.374 GC heap after
{Heap after GC invocations=25 (full 0):
 garbage-first heap   total 189440K, used 92101K [0x0000000080000000, 0x0000000100000000)
  region size 1024K, 6 young (6144K), 6 survivors (6144K)
 Metaspace       used 85552K, capacity 87908K, committed 88104K, reserved 1126400K
  class space    used 11089K, capacity 11962K, committed 11980K, reserved 1048576K
}
Event: 19.567 GC heap before
{Heap before GC invocations=25 (full 0):
 garbage-first heap   total 189440K, used 148421K [0x0000000080000000, 0x0000000100000000)
  region size 1024K, 62 young (63488K), 6 survivors (6144K)
 Metaspace       used 87306K, capacity 89742K, committed 89896K, reserved 1126400K
  class space    used 11312K, capacity 12179K, committed 12236K, reserved 1048576K
}
Event: 19.579 GC heap after
{Heap after GC invocations=26 (full 0):
 garbage-first heap   total 189440K, used 95831K [0x0000000080000000, 0x0000000100000000)
  region size 1024K, 6 young (6144K), 6 survivors (6144K)
 Metaspace       used 87306K, capacity 89742K, committed 89896K, reserved 1126400K
  class space    used 11312K, capacity 12179K, committed 12236K, reserved 1048576K
}
Event: 19.900 GC heap before
{Heap before GC invocations=27 (full 0):
 garbage-first heap   total 189440K, used 158295K [0x0000000080000000, 0x0000000100000000)
  region size 1024K, 60 young (61440K), 6 survivors (6144K)
 Metaspace       used 88485K, capacity 90733K, committed 91304K, reserved 1128448K
  class space    used 11400K, capacity 12200K, committed 12364K, reserved 1048576K
}
Event: 19.911 GC heap after
{Heap after GC invocations=28 (full 0):
 garbage-first heap   total 189440K, used 110950K [0x0000000080000000, 0x0000000100000000)
  region size 1024K, 8 young (8192K), 8 survivors (8192K)
 Metaspace       used 88485K, capacity 90733K, committed 91304K, reserved 1128448K
  class space    used 11400K, capacity 12200K, committed 12364K, reserved 1048576K
}
Event: 19.914 GC heap before
{Heap before GC invocations=28 (full 0):
 garbage-first heap   total 189440K, used 110950K [0x0000000080000000, 0x0000000100000000)
  region size 1024K, 9 young (9216K), 8 survivors (8192K)
 Metaspace       used 88494K, capacity 90733K, committed 91304K, reserved 1128448K
  class space    used 11401K, capacity 12200K, committed 12364K, reserved 1048576K
}
Event: 19.920 GC heap after
{Heap after GC invocations=29 (full 0):
 garbage-first heap   total 189440K, used 111585K [0x0000000080000000, 0x0000000100000000)
  region size 1024K, 1 young (1024K), 1 survivors (1024K)
 Metaspace       used 88494K, capacity 90733K, committed 91304K, reserved 1128448K
  class space    used 11401K, capacity 12200K, committed 12364K, reserved 1048576K
}
Event: 19.922 GC heap before
{Heap before GC invocations=29 (full 0):
 garbage-first heap   total 189440K, used 111585K [0x0000000080000000, 0x0000000100000000)
  region size 1024K, 2 young (2048K), 1 survivors (1024K)
 Metaspace       used 88503K, capacity 90733K, committed 91304K, reserved 1128448K
  class space    used 11401K, capacity 12200K, committed 12364K, reserved 1048576K
}
Event: 19.926 GC heap after
{Heap after GC invocations=30 (full 0):
 garbage-first heap   total 189440K, used 111227K [0x0000000080000000, 0x0000000100000000)
  region size 1024K, 1 young (1024K), 1 survivors (1024K)
 Metaspace       used 88503K, capacity 90733K, committed 91304K, reserved 1128448K
  class space    used 11401K, capacity 12200K, committed 12364K, reserved 1048576K
}
Event: 20.170 GC heap before
{Heap before GC invocations=30 (full 0):
 garbage-first heap   total 189440K, used 159355K [0x0000000080000000, 0x0000000100000000)
  region size 1024K, 36 young (36864K), 1 survivors (1024K)
 Metaspace       used 89998K, capacity 92281K, committed 92840K, reserved 1130496K
  class space    used 11585K, capacity 12396K, committed 12620K, reserved 1048576K
}
Event: 20.176 GC heap after
{Heap after GC invocations=31 (full 0):
 garbage-first heap   total 189440K, used 131920K [0x0000000080000000, 0x0000000100000000)
  region size 1024K, 5 young (5120K), 5 survivors (5120K)
 Metaspace       used 89998K, capacity 92281K, committed 92840K, reserved 1130496K
  class space    used 11585K, capacity 12396K, committed 12620K, reserved 1048576K
}
Event: 20.365 GC heap before
{Heap before GC invocations=32 (full 0):
 garbage-first heap   total 189440K, used 154448K [0x0000000080000000, 0x0000000100000000)
  region size 1024K, 28 young (28672K), 5 survivors (5120K)
 Metaspace       used 91744K, capacity 94001K, committed 94504K, reserved 1130496K
  class space    used 11809K, capacity 12610K, committed 12748K, reserved 1048576K
}
Event: 20.372 GC heap after
{Heap after GC invocations=33 (full 0):
 garbage-first heap   total 189440K, used 136077K [0x0000000080000000, 0x0000000100000000)
  region size 1024K, 4 young (4096K), 4 survivors (4096K)
 Metaspace       used 91744K, capacity 94001K, committed 94504K, reserved 1130496K
  class space    used 11809K, capacity 12610K, committed 12748K, reserved 1048576K
}
Event: 20.398 GC heap before
{Heap before GC invocations=33 (full 0):
 garbage-first heap   total 189440K, used 141197K [0x0000000080000000, 0x0000000100000000)
  region size 1024K, 9 young (9216K), 4 survivors (4096K)
 Metaspace       used 92091K, capacity 94419K, committed 94888K, reserved 1132544K
  class space    used 11865K, capacity 12686K, committed 12876K, reserved 1048576K
}
Event: 20.406 GC heap after
{Heap after GC invocations=34 (full 0):
 garbage-first heap   total 189440K, used 135320K [0x0000000080000000, 0x0000000100000000)
  region size 1024K, 2 young (2048K), 2 survivors (2048K)
 Metaspace       used 92091K, capacity 94419K, committed 94888K, reserved 1132544K
  class space    used 11865K, capacity 12686K, committed 12876K, reserved 1048576K
}
Event: 20.473 GC heap before
{Heap before GC invocations=34 (full 0):
 garbage-first heap   total 189440K, used 143512K [0x0000000080000000, 0x0000000100000000)
  region size 1024K, 12 young (12288K), 2 survivors (2048K)
 Metaspace       used 92661K, capacity 94989K, committed 95400K, reserved 1132544K
  class space    used 11937K, capacity 12767K, committed 12876K, reserved 1048576K
}
Event: 20.478 GC heap after
{Heap after GC invocations=35 (full 0):
 garbage-first heap   total 189440K, used 136270K [0x0000000080000000, 0x0000000100000000)
  region size 1024K, 3 young (3072K), 3 survivors (3072K)
 Metaspace       used 92661K, capacity 94989K, committed 95400K, reserved 1132544K
  class space    used 11937K, capacity 12767K, committed 12876K, reserved 1048576K
}
Event: 20.625 GC heap before
{Heap before GC invocations=35 (full 0):
 garbage-first heap   total 197632K, used 195662K [0x0000000080000000, 0x0000000100000000)
  region size 1024K, 22 young (22528K), 3 survivors (3072K)
 Metaspace       used 92995K, capacity 95294K, committed 95784K, reserved 1132544K
  class space    used 11989K, capacity 12807K, committed 13004K, reserved 1048576K
}

Deoptimization events (20 events):
Event: 20.342 Thread 0x000001544b491800 Uncommon trap: trap_request=0xffffffde fr.pc=0x00000154377bd770 relative=0x0000000000001050
Event: 20.342 Thread 0x000001544b491800 Uncommon trap: reason=class_check action=maybe_recompile pc=0x00000154377bd770 method=java.util.zip.InflaterInputStream.read([BII)I @ 100 c2
Event: 20.342 Thread 0x000001544b491800 DEOPT PACKING pc=0x00000154377bd770 sp=0x0000003f794fccd0
Event: 20.342 Thread 0x000001544b491800 DEOPT UNPACKING pc=0x000001542fc3a1af sp=0x0000003f794fcd30 mode 2
Event: 20.355 Thread 0x000001544b491800 Uncommon trap: trap_request=0xffffffde fr.pc=0x00000154377bd770 relative=0x0000000000001050
Event: 20.355 Thread 0x000001544b491800 Uncommon trap: reason=class_check action=maybe_recompile pc=0x00000154377bd770 method=java.util.zip.InflaterInputStream.read([BII)I @ 100 c2
Event: 20.355 Thread 0x000001544b491800 DEOPT PACKING pc=0x00000154377bd770 sp=0x0000003f794fccd0
Event: 20.355 Thread 0x000001544b491800 DEOPT UNPACKING pc=0x000001542fc3a1af sp=0x0000003f794fcd30 mode 2
Event: 20.393 Thread 0x000001544b490800 Uncommon trap: trap_request=0xffffff4d fr.pc=0x000001543794060c relative=0x000000000000022c
Event: 20.393 Thread 0x000001544b490800 Uncommon trap: reason=unstable_if action=reinterpret pc=0x000001543794060c method=com.esotericsoftware.kryo.io.Output.writeString(Ljava/lang/CharSequence;)V @ 50 c2
Event: 20.393 Thread 0x000001544b490800 DEOPT PACKING pc=0x000001543794060c sp=0x0000003f792fdce0
Event: 20.393 Thread 0x000001544b490800 DEOPT UNPACKING pc=0x000001542fc3a1af sp=0x0000003f792fdc60 mode 2
Event: 20.396 Thread 0x000001544b490800 DEOPT PACKING pc=0x00000154316c44e9 sp=0x0000003f792fdc50
Event: 20.396 Thread 0x000001544b490800 DEOPT UNPACKING pc=0x000001542fc3a95e sp=0x0000003f792fd0f0 mode 0
Event: 20.396 Thread 0x000001544b490800 DEOPT PACKING pc=0x00000154316c44e9 sp=0x0000003f792fdcc0
Event: 20.396 Thread 0x000001544b490800 DEOPT UNPACKING pc=0x000001542fc3a95e sp=0x0000003f792fd160 mode 0
Event: 20.479 Thread 0x000001544b491800 DEOPT PACKING pc=0x0000015430d4fc42 sp=0x0000003f794fc9a0
Event: 20.479 Thread 0x000001544b491800 DEOPT UNPACKING pc=0x000001542fc3a95e sp=0x0000003f794fbdf8 mode 0
Event: 20.620 Thread 0x000001544b491800 DEOPT PACKING pc=0x0000015430d4fc42 sp=0x0000003f794fc890
Event: 20.620 Thread 0x000001544b491800 DEOPT UNPACKING pc=0x000001542fc3a95e sp=0x0000003f794fbce8 mode 0

Classes redefined (0 events):
No events

Internal exceptions (20 events):
Event: 19.010 Thread 0x000001544b48d000 Exception <a 'sun/nio/fs/WindowsException'{0x000000008aa29050}> (0x000000008aa29050) thrown at [./src/hotspot/share/prims/jni.cpp, line 616]
Event: 19.010 Thread 0x000001544b48d000 Exception <a 'sun/nio/fs/WindowsException'{0x000000008aa29330}> (0x000000008aa29330) thrown at [./src/hotspot/share/prims/jni.cpp, line 616]
Event: 19.010 Thread 0x000001544b48d000 Exception <a 'sun/nio/fs/WindowsException'{0x000000008aa2a1b0}> (0x000000008aa2a1b0) thrown at [./src/hotspot/share/prims/jni.cpp, line 616]
Event: 19.010 Thread 0x000001544b48d000 Exception <a 'sun/nio/fs/WindowsException'{0x000000008aa2a490}> (0x000000008aa2a490) thrown at [./src/hotspot/share/prims/jni.cpp, line 616]
Event: 19.027 Thread 0x000001544b48d000 Exception <a 'java/lang/NoSuchMethodError'{0x000000008a9b1a08}: <clinit>> (0x000000008a9b1a08) thrown at [./src/hotspot/share/prims/jni.cpp, line 1366]
Event: 19.030 Thread 0x000001544b48d000 Exception <a 'java/lang/NoSuchMethodError'{0x000000008a9e5298}: <clinit>> (0x000000008a9e5298) thrown at [./src/hotspot/share/prims/jni.cpp, line 1366]
Event: 19.033 Thread 0x000001544b48d000 Exception <a 'java/lang/NoSuchMethodError'{0x000000008a818fb0}: <clinit>> (0x000000008a818fb0) thrown at [./src/hotspot/share/prims/jni.cpp, line 1366]
Event: 19.034 Thread 0x000001544b48d000 Exception <a 'java/lang/NoSuchMethodError'{0x000000008a82b728}: <clinit>> (0x000000008a82b728) thrown at [./src/hotspot/share/prims/jni.cpp, line 1366]
Event: 20.188 Thread 0x000001544b493800 Exception <a 'sun/nio/fs/WindowsException'{0x000000008b791650}> (0x000000008b791650) thrown at [./src/hotspot/share/prims/jni.cpp, line 616]
Event: 20.266 Thread 0x000001544b493800 Exception <a 'java/lang/NoSuchMethodError'{0x000000008adbe2a8}: 'java.lang.Object java.lang.invoke.DirectMethodHandle$Holder.newInvokeSpecial(java.lang.Object, int)'> (0x000000008adbe2a8) thrown at [./src/hotspot/share/interpreter/linkResolver.cpp, line 773]
Event: 20.318 Thread 0x000001544b48f800 Exception <a 'java/lang/NoSuchMethodError'{0x000000008a7a5d58}: 'void java.lang.invoke.DirectMethodHandle$Holder.invokeStatic(java.lang.Object, long)'> (0x000000008a7a5d58) thrown at [./src/hotspot/share/interpreter/linkResolver.cpp, line 773]
Event: 20.318 Thread 0x000001544b48f800 Exception <a 'java/lang/NoSuchMethodError'{0x000000008a7ab218}: 'java.lang.Object java.lang.invoke.DirectMethodHandle$Holder.invokeStatic(java.lang.Object, long)'> (0x000000008a7ab218) thrown at [./src/hotspot/share/interpreter/linkResolver.cpp, line 773]
Event: 20.321 Thread 0x000001544b48f800 Exception <a 'java/lang/NoSuchMethodError'{0x000000008a526390}: 'java.lang.Object java.lang.invoke.DirectMethodHandle$Holder.invokeStaticInit(java.lang.Object, java.lang.Object, long, java.lang.Object)'> (0x000000008a526390) thrown at [./src/hotspot/share/interpreter/linkResolver.cpp, line 773]
Event: 20.322 Thread 0x000001544b48f800 Exception <a 'java/lang/NoSuchMethodError'{0x000000008a52c528}: 'java.lang.Object java.lang.invoke.DirectMethodHandle$Holder.invokeStatic(java.lang.Object, java.lang.Object, long)'> (0x000000008a52c528) thrown at [./src/hotspot/share/interpreter/linkResolver.cpp, line 773]
Event: 20.322 Thread 0x000001544b48f800 Exception <a 'java/lang/NoSuchMethodError'{0x000000008a532aa0}: 'java.lang.Object java.lang.invoke.Invokers$Holder.linkToTargetMethod(java.lang.Object, long, java.lang.Object)'> (0x000000008a532aa0) thrown at [./src/hotspot/share/interpreter/linkResolver.cpp, line 773]
Event: 20.365 Thread 0x000001544b48f800 Exception <a 'java/io/IOException'{0x000000008a5b5dd8}> (0x000000008a5b5dd8) thrown at [./src/hotspot/share/prims/jni.cpp, line 616]
Event: 20.390 Thread 0x000001544b48d000 Exception <a 'java/lang/NoSuchMethodError'{0x000000008b6b0190}: 'java.lang.Object java.lang.invoke.DirectMethodHandle$Holder.newInvokeSpecial(java.lang.Object, java.lang.Object, java.lang.Object, java.lang.Object)'> (0x000000008b6b0190) thrown at [./src/hotspot/share/interpreter/linkResolver.cpp, line 773]
Event: 20.415 Thread 0x0000015449af3000 Exception <a 'java/lang/NoSuchMethodError'{0x000000008b6c1c88}: <clinit>> (0x000000008b6c1c88) thrown at [./src/hotspot/share/prims/jni.cpp, line 1366]
Event: 20.417 Thread 0x0000015449af3000 Exception <a 'java/lang/NoSuchMethodError'{0x000000008b50ae18}: <clinit>> (0x000000008b50ae18) thrown at [./src/hotspot/share/prims/jni.cpp, line 1366]
Event: 20.589 Thread 0x000001544b493800 Exception <a 'java/lang/NoSuchMethodError'{0x000000008b675fa0}: 'java.lang.Object java.lang.invoke.DirectMethodHandle$Holder.invokeStaticInit(java.lang.Object, java.lang.Object, java.lang.Object, java.lang.Object, java.lang.Object, java.lang.Object, java.lang.Object, java.lang.Object, java.lang.Object, java.lang.Object, java.lang.Object, java.lang.Object, java.lang.Object, java.lang.Object, java.lang.Object, java.lang.Object, java.lang.Object, java.lang.Object, int, java.lang.Object, java.lang.Object)'> (0

Events (20 events):
Event: 20.591 loading class com/android/tools/r8/graph/q done
Event: 20.593 loading class com/android/tools/r8/graph/b1
Event: 20.593 loading class com/android/tools/r8/graph/b1 done
Event: 20.593 loading class com/android/tools/r8/graph/M0
Event: 20.593 loading class com/android/tools/r8/graph/M0 done
Event: 20.593 loading class com/android/tools/r8/internal/ZB
Event: 20.593 loading class com/android/tools/r8/internal/ZB done
Event: 20.594 loading class com/android/tools/r8/internal/bC
Event: 20.594 loading class com/android/tools/r8/internal/bC done
Event: 20.595 loading class com/android/tools/r8/graph/b1
Event: 20.595 loading class com/android/tools/r8/graph/b1 done
Event: 20.595 loading class com/android/tools/r8/graph/q
Event: 20.595 loading class com/android/tools/r8/graph/q done
Event: 20.596 loading class com/android/tools/r8/internal/pL
Event: 20.596 loading class com/android/tools/r8/internal/pL done
Event: 20.596 loading class com/android/tools/r8/dex/k
Event: 20.596 loading class com/android/tools/r8/dex/k done
Event: 20.597 loading class com/android/tools/r8/internal/nD
Event: 20.597 loading class com/android/tools/r8/internal/nD done
Event: 20.625 Executing VM operation: G1CollectForAllocation


Dynamic libraries:
0x00007ff7618e0000 - 0x00007ff7618ea000 	D:\New folder (3)\jre\bin\java.exe
0x00007ffb83430000 - 0x00007ffb83647000 	C:\WINDOWS\SYSTEM32\ntdll.dll
0x00007ffb82580000 - 0x00007ffb82644000 	C:\WINDOWS\System32\KERNEL32.DLL
0x00007ffb80810000 - 0x00007ffb80bb5000 	C:\WINDOWS\System32\KERNELBASE.dll
0x00007ffb80bc0000 - 0x00007ffb80cd1000 	C:\WINDOWS\System32\ucrtbase.dll
0x00007ffb7bcb0000 - 0x00007ffb7bcc7000 	D:\New folder (3)\jre\bin\VCRUNTIME140.dll
0x00007ffb7bc80000 - 0x00007ffb7bc99000 	D:\New folder (3)\jre\bin\jli.dll
0x00007ffb81de0000 - 0x00007ffb81f8e000 	C:\WINDOWS\System32\USER32.dll
0x00007ffb80ce0000 - 0x00007ffb80d06000 	C:\WINDOWS\System32\win32u.dll
0x00007ffb67740000 - 0x00007ffb679d3000 	C:\WINDOWS\WinSxS\amd64_microsoft.windows.common-controls_6595b64144ccf1df_6.0.22621.2506_none_270c5ae97388e100\COMCTL32.dll
0x00007ffb823b0000 - 0x00007ffb823d9000 	C:\WINDOWS\System32\GDI32.dll
0x00007ffb816b0000 - 0x00007ffb81757000 	C:\WINDOWS\System32\msvcrt.dll
0x00007ffb80d10000 - 0x00007ffb80e29000 	C:\WINDOWS\System32\gdi32full.dll
0x00007ffb81060000 - 0x00007ffb810fa000 	C:\WINDOWS\System32\msvcp_win.dll
0x00007ffb81cc0000 - 0x00007ffb81cf1000 	C:\WINDOWS\System32\IMM32.DLL
0x00007ffb6cf70000 - 0x00007ffb6d00d000 	D:\New folder (3)\jre\bin\msvcp140.dll
0x00007ffb1e710000 - 0x00007ffb1f212000 	D:\New folder (3)\jre\bin\server\jvm.dll
0x00007ffb822f0000 - 0x00007ffb823a1000 	C:\WINDOWS\System32\ADVAPI32.dll
0x00007ffb83320000 - 0x00007ffb833c6000 	C:\WINDOWS\System32\sechost.dll
0x00007ffb823e0000 - 0x00007ffb824f7000 	C:\WINDOWS\System32\RPCRT4.dll
0x00007ffb822e0000 - 0x00007ffb822e8000 	C:\WINDOWS\System32\PSAPI.DLL
0x00007ffb7bc10000 - 0x00007ffb7bc19000 	C:\WINDOWS\SYSTEM32\WSOCK32.dll
0x00007ffb79ea0000 - 0x00007ffb79ed4000 	C:\WINDOWS\SYSTEM32\WINMM.dll
0x00007ffb79000000 - 0x00007ffb7900a000 	C:\WINDOWS\SYSTEM32\VERSION.dll
0x00007ffb83280000 - 0x00007ffb832f1000 	C:\WINDOWS\System32\WS2_32.dll
0x00007ffb7f740000 - 0x00007ffb7f758000 	C:\WINDOWS\SYSTEM32\kernel.appcore.dll
0x00007ffb66db0000 - 0x00007ffb66dc1000 	D:\New folder (3)\jre\bin\verify.dll
0x00007ffb7e0c0000 - 0x00007ffb7e2f3000 	C:\WINDOWS\SYSTEM32\DBGHELP.DLL
0x00007ffb81830000 - 0x00007ffb81bb9000 	C:\WINDOWS\System32\combase.dll
0x00007ffb81d00000 - 0x00007ffb81dd7000 	C:\WINDOWS\System32\OLEAUT32.dll
0x00007ffb63ed0000 - 0x00007ffb63f02000 	C:\WINDOWS\SYSTEM32\dbgcore.DLL
0x00007ffb81100000 - 0x00007ffb8117a000 	C:\WINDOWS\System32\bcryptPrimitives.dll
0x00007ffb50790000 - 0x00007ffb507b9000 	D:\New folder (3)\jre\bin\java.dll
0x00007ffb6d7e0000 - 0x00007ffb6d7eb000 	D:\New folder (3)\jre\bin\jimage.dll
0x00007ffb5ecb0000 - 0x00007ffb5ecc8000 	D:\New folder (3)\jre\bin\zip.dll
0x00007ffb829c0000 - 0x00007ffb83219000 	C:\WINDOWS\System32\SHELL32.dll
0x00007ffb7e6c0000 - 0x00007ffb7efb4000 	C:\WINDOWS\SYSTEM32\windows.storage.dll
0x00007ffb7e580000 - 0x00007ffb7e6be000 	C:\WINDOWS\SYSTEM32\wintypes.dll
0x00007ffb81bc0000 - 0x00007ffb81cb3000 	C:\WINDOWS\System32\SHCORE.dll
0x00007ffb817d0000 - 0x00007ffb8182e000 	C:\WINDOWS\System32\shlwapi.dll
0x00007ffb806d0000 - 0x00007ffb806f6000 	C:\WINDOWS\SYSTEM32\profapi.dll
0x00007ffb598e0000 - 0x00007ffb598fa000 	D:\New folder (3)\jre\bin\net.dll
0x00007ffb7a100000 - 0x00007ffb7a237000 	C:\WINDOWS\SYSTEM32\WINHTTP.dll
0x00007ffb7fc20000 - 0x00007ffb7fc89000 	C:\WINDOWS\system32\mswsock.dll
0x00007ffb4e4e0000 - 0x00007ffb4e4f4000 	D:\New folder (3)\jre\bin\nio.dll
0x00007ffb64b10000 - 0x00007ffb64b37000 	C:\Users\Hp\.gradle\native\e1d6ef7f7dcc3fd88c89a11ec53ec762bb8ba0a96d01ffa2cd45eb1d1d8dd5c5\windows-amd64\native-platform.dll
0x00007ffb595b0000 - 0x00007ffb596f4000 	C:\Users\Hp\.gradle\native\0d407fdbe67a94daf76414ababcb853783967236a71b16ec16e742cd7a986fd3\windows-amd64\native-platform-file-events.dll
0x00007ffb6d7b0000 - 0x00007ffb6d7ba000 	D:\New folder (3)\jre\bin\management.dll
0x00007ffb6d610000 - 0x00007ffb6d61d000 	D:\New folder (3)\jre\bin\management_ext.dll
0x00007ffb7fe80000 - 0x00007ffb7fe9b000 	C:\WINDOWS\SYSTEM32\CRYPTSP.dll
0x00007ffb7f700000 - 0x00007ffb7f735000 	C:\WINDOWS\system32\rsaenh.dll
0x00007ffb7fd10000 - 0x00007ffb7fd3c000 	C:\WINDOWS\SYSTEM32\USERENV.dll
0x00007ffb80060000 - 0x00007ffb80088000 	C:\WINDOWS\SYSTEM32\bcrypt.dll
0x00007ffb7fe70000 - 0x00007ffb7fe7c000 	C:\WINDOWS\SYSTEM32\CRYPTBASE.dll
0x00007ffb7f220000 - 0x00007ffb7f24d000 	C:\WINDOWS\SYSTEM32\IPHLPAPI.DLL
0x00007ffb82130000 - 0x00007ffb82139000 	C:\WINDOWS\System32\NSI.dll
0x00007ffb79d20000 - 0x00007ffb79d39000 	C:\WINDOWS\SYSTEM32\dhcpcsvc6.DLL
0x00007ffb79d00000 - 0x00007ffb79d1f000 	C:\WINDOWS\SYSTEM32\dhcpcsvc.DLL
0x00007ffb7f290000 - 0x00007ffb7f389000 	C:\WINDOWS\SYSTEM32\DNSAPI.dll

dbghelp: loaded successfully - version: 4.0.5 - missing functions: none
symbol engine: initialized successfully - sym options: 0x614 - pdb path: .;D:\New folder (3)\jre\bin;C:\WINDOWS\SYSTEM32;C:\WINDOWS\WinSxS\amd64_microsoft.windows.common-controls_6595b64144ccf1df_6.0.22621.2506_none_270c5ae97388e100;D:\New folder (3)\jre\bin\server;C:\Users\Hp\.gradle\native\e1d6ef7f7dcc3fd88c89a11ec53ec762bb8ba0a96d01ffa2cd45eb1d1d8dd5c5\windows-amd64;C:\Users\Hp\.gradle\native\0d407fdbe67a94daf76414ababcb853783967236a71b16ec16e742cd7a986fd3\windows-amd64

VM Arguments:
jvm_args: --add-opens=java.base/java.util=ALL-UNNAMED --add-opens=java.base/java.lang=ALL-UNNAMED --add-opens=java.base/java.lang.invoke=ALL-UNNAMED --add-opens=java.base/java.util=ALL-UNNAMED --add-opens=java.prefs/java.util.prefs=ALL-UNNAMED --add-opens=java.prefs/java.util.prefs=ALL-UNNAMED --add-opens=java.base/java.nio.charset=ALL-UNNAMED --add-opens=java.base/java.net=ALL-UNNAMED --add-opens=java.base/java.util.concurrent.atomic=ALL-UNNAMED -Xmx2048m -Dfile.encoding=UTF-8 -Duser.country=US -Duser.language=en -Duser.variant 
java_command: org.gradle.launcher.daemon.bootstrap.GradleDaemon 7.4
java_class_path (initial): C:\Users\Hp\.gradle\wrapper\dists\gradle-7.4-bin\c0gwcg53nkjbqw7r0h0umtfvt\gradle-7.4\lib\gradle-launcher-7.4.jar
Launcher Type: SUN_STANDARD

[Global flags]
     intx CICompilerCount                          = 4                                         {product} {ergonomic}
     uint ConcGCThreads                            = 2                                         {product} {ergonomic}
     uint G1ConcRefinementThreads                  = 8                                         {product} {ergonomic}
   size_t G1HeapRegionSize                         = 1048576                                   {product} {ergonomic}
    uintx GCDrainStackTargetSize                   = 64                                        {product} {ergonomic}
   size_t InitialHeapSize                          = 134217728                                 {product} {ergonomic}
   size_t MarkStackSize                            = 4194304                                   {product} {ergonomic}
   size_t MaxHeapSize                              = 2147483648                                {product} {command line}
   size_t MaxNewSize                               = 1287651328                                {product} {ergonomic}
   size_t MinHeapDeltaBytes                        = 1048576                                   {product} {ergonomic}
    uintx NonNMethodCodeHeapSize                   = 5836300                                {pd product} {ergonomic}
    uintx NonProfiledCodeHeapSize                  = 122910970                              {pd product} {ergonomic}
    uintx ProfiledCodeHeapSize                     = 122910970                              {pd product} {ergonomic}
    uintx ReservedCodeCacheSize                    = 251658240                              {pd product} {ergonomic}
     bool SegmentedCodeCache                       = true                                      {product} {ergonomic}
     bool UseCompressedClassPointers               = true                                 {lp64_product} {ergonomic}
     bool UseCompressedOops                        = true                                 {lp64_product} {ergonomic}
     bool UseG1GC                                  = true                                      {product} {ergonomic}
     bool UseLargePagesIndividualAllocation        = false                                  {pd product} {ergonomic}

Logging:
Log output configuration:
 #0: stdout all=warning uptime,level,tags
 #1: stderr all=off uptime,level,tags

Environment Variables:
PATH=C:\Program Files (x86)\NVIDIA Corporation\PhysX\Common;C:\Program Files (x86)\Common Files\Oracle\Java\javapath;C:\Windows\system32;C:\Windows;C:\Windows\System32\Wbem;C:\Windows\System32\WindowsPowerShell\v1.0\;C:\Windows\System32\OpenSSH\;C:\WINDOWS\system32;C:\WINDOWS;C:\WINDOWS\System32\Wbem;C:\WINDOWS\System32\WindowsPowerShell\v1.0\;C:\WINDOWS\System32\OpenSSH\;C:\Program Files\Polyspace\R2021a\bin;C:\Program Files\Git\cmd;C:\Program Files\nodejs\;C:\Program Files\Git LFS;C:\Users\Hp\AppData\Local\Microsoft\WindowsApps;;C:\Users\Hp\AppData\Local\Programs\Microsoft VS Code\bin;C:\Users\Hp\AppData\Roaming\npm
USERNAME=Hp
OS=Windows_NT
PROCESSOR_IDENTIFIER=Intel64 Family 6 Model 142 Stepping 12, GenuineIntel



---------------  S Y S T E M  ---------------

OS: Windows 11 , 64 bit Build 22621 (10.0.22621.2506)
OS uptime: 31 days 19:17 hours

CPU:total 8 (initial active 8) (4 cores per cpu, 2 threads per core) family 6 model 142 stepping 12 microcode 0xde, cmov, cx8, fxsr, mmx, sse, sse2, sse3, ssse3, sse4.1, sse4.2, popcnt, avx, avx2, aes, clmul, erms, 3dnowpref, lzcnt, ht, tsc, tscinvbit, bmi1, bmi2, adx, fma

Memory: 4k page, system-wide physical 8070M (200M free)
TotalPageFile size 23237M (AvailPageFile size 5M)
current process WorkingSet (physical memory assigned to process): 451M, peak: 451M
current process commit charge ("private bytes"): 493M, peak: 494M

vm_info: OpenJDK 64-Bit Server VM (11.0.13+0-b1751.21-8125866) for windows-amd64 JRE (11.0.13+0-b1751.21-8125866), built on Feb  2 2022 03:00:22 by "builder" with MS VC++ 14.0 (VS2015)

END.
