#
# There is insufficient memory for the Java Runtime Environment to continue.
# Native memory allocation (malloc) failed to allocate 1499216 bytes for Chunk::new
# Possible reasons:
#   The system is out of physical RAM or swap space
#   The process is running with CompressedOops enabled, and the Java Heap may be blocking the growth of the native heap
# Possible solutions:
#   Reduce memory load on the system
#   Increase physical memory or swap space
#   Check if swap backing store is full
#   Decrease Java heap size (-Xmx/-Xms)
#   Decrease number of Java threads
#   Decrease Java thread stack sizes (-Xss)
#   Set larger code cache with -XX:ReservedCodeCacheSize=
#   JVM is running with Unscaled Compressed Oops mode in which the Java heap is
#     placed in the first 4GB address space. The Java Heap base address is the
#     maximum limit for the native heap growth. Please use -XX:HeapBaseMinAddress
#     to set the Java Heap base and to place the Java Heap above 4GB virtual address.
# This output file may be truncated or incomplete.
#
#  Out of Memory Error (./src/hotspot/share/memory/arena.cpp:197), pid=13380, tid=2128
#
# JRE version: OpenJDK Runtime Environment (11.0.13) (build 11.0.13+0-b1751.21-8125866)
# Java VM: OpenJDK 64-Bit Server VM (11.0.13+0-b1751.21-8125866, mixed mode, tiered, compressed oops, g1 gc, windows-amd64)
# No core dump will be written. Minidumps are not enabled by default on client versions of Windows
#

---------------  S U M M A R Y ------------

Command Line: --add-opens=java.base/java.util=ALL-UNNAMED --add-opens=java.base/java.lang=ALL-UNNAMED --add-opens=java.base/java.lang.invoke=ALL-UNNAMED --add-opens=java.base/java.util=ALL-UNNAMED --add-opens=java.prefs/java.util.prefs=ALL-UNNAMED --add-opens=java.prefs/java.util.prefs=ALL-UNNAMED --add-opens=java.base/java.nio.charset=ALL-UNNAMED --add-opens=java.base/java.net=ALL-UNNAMED --add-opens=java.base/java.util.concurrent.atomic=ALL-UNNAMED -Xmx2048m -Dfile.encoding=UTF-8 -Duser.country=US -Duser.language=en -Duser.variant org.gradle.launcher.daemon.bootstrap.GradleDaemon 7.4

Host: Intel(R) Core(TM) i5-8265U CPU @ 1.60GHz, 8 cores, 7G,  Windows 11 , 64 bit Build 22621 (10.0.22621.2506)
Time: Thu Mar 14 13:23:00 2024 Pakistan Standard Time elapsed time: 9.851629 seconds (0d 0h 0m 9s)

---------------  T H R E A D  ---------------

Current thread (0x0000019ade787000):  JavaThread "C2 CompilerThread0" daemon [_thread_in_native, id=2128, stack(0x0000003140f00000,0x0000003141000000)]


Current CompileTask:
C2:   9851 2316   !   4       java.net.URL::<init> (543 bytes)

Stack: [0x0000003140f00000,0x0000003141000000]
Native frames: (J=compiled Java code, j=interpreted, Vv=VM code, C=native code)
V  [jvm.dll+0x6100fa]
V  [jvm.dll+0x747090]
V  [jvm.dll+0x7486ad]
V  [jvm.dll+0x748d83]
V  [jvm.dll+0x24ab48]
V  [jvm.dll+0xc04dc]
V  [jvm.dll+0xc0a0c]
V  [jvm.dll+0x35eb5b]
V  [jvm.dll+0x32b833]
V  [jvm.dll+0x32ad2a]
V  [jvm.dll+0x2032b2]
V  [jvm.dll+0x202437]
V  [jvm.dll+0x188e01]
V  [jvm.dll+0x21106b]
V  [jvm.dll+0x20f8c1]
V  [jvm.dll+0x70de0f]
V  [jvm.dll+0x706a75]
V  [jvm.dll+0x60ed66]
C  [ucrtbase.dll+0x29363]
C  [KERNEL32.DLL+0x1257d]
C  [ntdll.dll+0x5aa58]


---------------  P R O C E S S  ---------------

Threads class SMR info:
_java_thread_list=0x0000019ae105a870, length=28, elements={
0x0000019ac3a49800, 0x0000019ade733000, 0x0000019ade739800, 0x0000019ade783800,
0x0000019ade784800, 0x0000019ade785800, 0x0000019ade787000, 0x0000019ade788000,
0x0000019ade78b000, 0x0000019ade8e8800, 0x0000019ae069a000, 0x0000019ae0e9a800,
0x0000019adf56e000, 0x0000019ae0a7a800, 0x0000019ae1100800, 0x0000019adfae9800,
0x0000019adea83800, 0x0000019ae0766800, 0x0000019aded51800, 0x0000019adf74b800,
0x0000019adeae9000, 0x0000019adeae7800, 0x0000019adeae8000, 0x0000019adeae6800,
0x0000019adeae3800, 0x0000019adeae4000, 0x0000019adeaea000, 0x0000019adeae5000
}

Java Threads: ( => current thread )
  0x0000019ac3a49800 JavaThread "main" [_thread_blocked, id=12952, stack(0x0000003140300000,0x0000003140400000)]
  0x0000019ade733000 JavaThread "Reference Handler" daemon [_thread_blocked, id=10524, stack(0x0000003140a00000,0x0000003140b00000)]
  0x0000019ade739800 JavaThread "Finalizer" daemon [_thread_blocked, id=7712, stack(0x0000003140b00000,0x0000003140c00000)]
  0x0000019ade783800 JavaThread "Signal Dispatcher" daemon [_thread_blocked, id=7544, stack(0x0000003140c00000,0x0000003140d00000)]
  0x0000019ade784800 JavaThread "Attach Listener" daemon [_thread_blocked, id=4528, stack(0x0000003140d00000,0x0000003140e00000)]
  0x0000019ade785800 JavaThread "Service Thread" daemon [_thread_blocked, id=12480, stack(0x0000003140e00000,0x0000003140f00000)]
=>0x0000019ade787000 JavaThread "C2 CompilerThread0" daemon [_thread_in_native, id=2128, stack(0x0000003140f00000,0x0000003141000000)]
  0x0000019ade788000 JavaThread "C1 CompilerThread0" daemon [_thread_blocked, id=1200, stack(0x0000003141000000,0x0000003141100000)]
  0x0000019ade78b000 JavaThread "Sweeper thread" daemon [_thread_blocked, id=15924, stack(0x0000003141100000,0x0000003141200000)]
  0x0000019ade8e8800 JavaThread "Common-Cleaner" daemon [_thread_blocked, id=11852, stack(0x0000003141200000,0x0000003141300000)]
  0x0000019ae069a000 JavaThread "Daemon health stats" [_thread_blocked, id=12688, stack(0x0000003141600000,0x0000003141700000)]
  0x0000019ae0e9a800 JavaThread "Incoming local TCP Connector on port 60664" [_thread_in_native, id=10604, stack(0x0000003141700000,0x0000003141800000)]
  0x0000019adf56e000 JavaThread "Daemon periodic checks" [_thread_blocked, id=14280, stack(0x0000003141800000,0x0000003141900000)]
  0x0000019ae0a7a800 JavaThread "Daemon" [_thread_blocked, id=7140, stack(0x0000003141900000,0x0000003141a00000)]
  0x0000019ae1100800 JavaThread "Handler for socket connection from /127.0.0.1:60664 to /127.0.0.1:60665" [_thread_in_native, id=1664, stack(0x0000003141a00000,0x0000003141b00000)]
  0x0000019adfae9800 JavaThread "Cancel handler" [_thread_blocked, id=15604, stack(0x0000003141b00000,0x0000003141c00000)]
  0x0000019adea83800 JavaThread "Daemon worker" [_thread_in_vm, id=164, stack(0x0000003141c00000,0x0000003141d00000)]
  0x0000019ae0766800 JavaThread "Asynchronous log dispatcher for DefaultDaemonConnection: socket connection from /127.0.0.1:60664 to /127.0.0.1:60665" [_thread_blocked, id=2412, stack(0x0000003141d00000,0x0000003141e00000)]
  0x0000019aded51800 JavaThread "Stdin handler" [_thread_blocked, id=2076, stack(0x0000003141e00000,0x0000003141f00000)]
  0x0000019adf74b800 JavaThread "Daemon client event forwarder" [_thread_blocked, id=12420, stack(0x0000003141f00000,0x0000003142000000)]
  0x0000019adeae9000 JavaThread "Cache worker for journal cache (C:\Users\Hp\.gradle\caches\journal-1)" [_thread_blocked, id=1056, stack(0x0000003142500000,0x0000003142600000)]
  0x0000019adeae7800 JavaThread "File lock request listener" [_thread_in_native, id=8620, stack(0x0000003142600000,0x0000003142700000)]
  0x0000019adeae8000 JavaThread "Cache worker for file hash cache (C:\Users\Hp\.gradle\caches\7.4\fileHashes)" [_thread_blocked, id=14456, stack(0x0000003142700000,0x0000003142800000)]
  0x0000019adeae6800 JavaThread "File lock release action executor" [_thread_blocked, id=7272, stack(0x0000003142900000,0x0000003142a00000)]
  0x0000019adeae3800 JavaThread "File watcher server" daemon [_thread_in_native, id=15100, stack(0x0000003142a00000,0x0000003142b00000)]
  0x0000019adeae4000 JavaThread "File watcher consumer" daemon [_thread_blocked, id=12920, stack(0x0000003142b00000,0x0000003142c00000)]
  0x0000019adeaea000 JavaThread "Cache worker for checksums cache (C:\Users\Hp\AndroidStudioProjects\EventApp\.gradle\7.4\checksums)" [_thread_blocked, id=11292, stack(0x0000003142c00000,0x0000003142d00000)]
  0x0000019adeae5000 JavaThread "Cache worker for cache directory md-rule (C:\Users\Hp\.gradle\caches\7.4\md-rule)" [_thread_blocked, id=7320, stack(0x0000003142d00000,0x0000003142e00000)]

Other Threads:
  0x0000019addeef000 VMThread "VM Thread" [stack: 0x0000003140900000,0x0000003140a00000] [id=3284]
  0x0000019ade8fb000 WatcherThread [stack: 0x0000003141300000,0x0000003141400000] [id=5796]
  0x0000019ac3a62800 GCTaskThread "GC Thread#0" [stack: 0x0000003140400000,0x0000003140500000] [id=6500]
  0x0000019adf22e000 GCTaskThread "GC Thread#1" [stack: 0x0000003141400000,0x0000003141500000] [id=3312]
  0x0000019adf786000 GCTaskThread "GC Thread#2" [stack: 0x0000003141500000,0x0000003141600000] [id=15592]
  0x0000019ae060a800 GCTaskThread "GC Thread#3" [stack: 0x0000003142000000,0x0000003142100000] [id=4912]
  0x0000019ae0248800 GCTaskThread "GC Thread#4" [stack: 0x0000003142100000,0x0000003142200000] [id=7124]
  0x0000019ae0249000 GCTaskThread "GC Thread#5" [stack: 0x0000003142200000,0x0000003142300000] [id=11872]
  0x0000019ae02fa000 GCTaskThread "GC Thread#6" [stack: 0x0000003142300000,0x0000003142400000] [id=7892]
  0x0000019ae02fb000 GCTaskThread "GC Thread#7" [stack: 0x0000003142400000,0x0000003142500000] [id=668]
  0x0000019ac3a95000 ConcurrentGCThread "G1 Main Marker" [stack: 0x0000003140500000,0x0000003140600000] [id=14520]
  0x0000019ac3a97000 ConcurrentGCThread "G1 Conc#0" [stack: 0x0000003140600000,0x0000003140700000] [id=5536]
  0x0000019adedae800 ConcurrentGCThread "G1 Conc#1" [stack: 0x0000003142800000,0x0000003142900000] [id=7424]
  0x0000019addd5c800 ConcurrentGCThread "G1 Refine#0" [stack: 0x0000003140700000,0x0000003140800000] [id=11844]
  0x0000019addd5d800 ConcurrentGCThread "G1 Young RemSet Sampling" [stack: 0x0000003140800000,0x0000003140900000] [id=14724]

Threads with active compile tasks:
C2 CompilerThread0   9925 2316   !   4       java.net.URL::<init> (543 bytes)

VM state:not at safepoint (normal execution)

VM Mutex/Monitor currently owned by a thread: None

Heap address: 0x0000000080000000, size: 2048 MB, Compressed Oops mode: 32-bit
Narrow klass base: 0x0000000000000000, Narrow klass shift: 3
Compressed class space size: 1073741824 Address: 0x0000000100000000

Heap:
 garbage-first heap   total 131072K, used 39325K [0x0000000080000000, 0x0000000100000000)
  region size 1024K, 24 young (24576K), 3 survivors (3072K)
 Metaspace       used 28257K, capacity 28825K, committed 28924K, reserved 1075200K
  class space    used 3679K, capacity 3878K, committed 3916K, reserved 1048576K
Heap Regions: E=young(eden), S=young(survivor), O=old, HS=humongous(starts), HC=humongous(continues), CS=collection set, F=free, A=archive, TAMS=top-at-mark-start (previous, next)
|   0|0x0000000080000000, 0x0000000080100000, 0x0000000080100000|100%| O|  |TAMS 0x0000000080100000, 0x0000000080000000| Untracked 
|   1|0x0000000080100000, 0x0000000080200000, 0x0000000080200000|100%| O|  |TAMS 0x0000000080200000, 0x0000000080100000| Untracked 
|   2|0x0000000080200000, 0x0000000080300000, 0x0000000080300000|100%| O|  |TAMS 0x0000000080300000, 0x0000000080200000| Untracked 
|   3|0x0000000080300000, 0x0000000080400000, 0x0000000080400000|100%|HS|  |TAMS 0x0000000080400000, 0x0000000080300000| Complete 
|   4|0x0000000080400000, 0x0000000080500000, 0x0000000080500000|100%|HC|  |TAMS 0x0000000080500000, 0x0000000080400000| Complete 
|   5|0x0000000080500000, 0x0000000080600000, 0x0000000080600000|100%|HC|  |TAMS 0x0000000080600000, 0x0000000080500000| Complete 
|   6|0x0000000080600000, 0x0000000080700000, 0x0000000080700000|100%| O|  |TAMS 0x0000000080700000, 0x0000000080600000| Untracked 
|   7|0x0000000080700000, 0x0000000080800000, 0x0000000080800000|100%| O|  |TAMS 0x0000000080800000, 0x0000000080700000| Untracked 
|   8|0x0000000080800000, 0x0000000080900000, 0x0000000080900000|100%| O|  |TAMS 0x0000000080900000, 0x0000000080800000| Untracked 
|   9|0x0000000080900000, 0x0000000080a00000, 0x0000000080a00000|100%| O|  |TAMS 0x0000000080a00000, 0x0000000080900000| Untracked 
|  10|0x0000000080a00000, 0x0000000080b00000, 0x0000000080b00000|100%| O|  |TAMS 0x0000000080b00000, 0x0000000080a00000| Untracked 
|  11|0x0000000080b00000, 0x0000000080c00000, 0x0000000080c00000|100%| O|  |TAMS 0x0000000080c00000, 0x0000000080b00000| Untracked 
|  12|0x0000000080c00000, 0x0000000080d00000, 0x0000000080d00000|100%| O|  |TAMS 0x0000000080d00000, 0x0000000080c00000| Untracked 
|  13|0x0000000080d00000, 0x0000000080e00000, 0x0000000080e00000|100%| O|  |TAMS 0x0000000080e00000, 0x0000000080d00000| Untracked 
|  14|0x0000000080e00000, 0x0000000080f00000, 0x0000000080f00000|100%| O|  |TAMS 0x0000000080f00000, 0x0000000080e00000| Untracked 
|  15|0x0000000080f00000, 0x0000000080f90600, 0x0000000081000000| 56%| O|  |TAMS 0x0000000080f90600, 0x0000000080f00000| Untracked 
|  16|0x0000000081000000, 0x0000000081000000, 0x0000000081100000|  0%| F|  |TAMS 0x0000000081000000, 0x0000000081000000| Untracked 
|  17|0x0000000081100000, 0x0000000081100000, 0x0000000081200000|  0%| F|  |TAMS 0x0000000081100000, 0x0000000081100000| Untracked 
|  18|0x0000000081200000, 0x0000000081200000, 0x0000000081300000|  0%| F|  |TAMS 0x0000000081200000, 0x0000000081200000| Untracked 
|  19|0x0000000081300000, 0x0000000081300000, 0x0000000081400000|  0%| F|  |TAMS 0x0000000081300000, 0x0000000081300000| Untracked 
|  20|0x0000000081400000, 0x0000000081400000, 0x0000000081500000|  0%| F|  |TAMS 0x0000000081400000, 0x0000000081400000| Untracked 
|  21|0x0000000081500000, 0x0000000081500000, 0x0000000081600000|  0%| F|  |TAMS 0x0000000081500000, 0x0000000081500000| Untracked 
|  22|0x0000000081600000, 0x0000000081600000, 0x0000000081700000|  0%| F|  |TAMS 0x0000000081600000, 0x0000000081600000| Untracked 
|  23|0x0000000081700000, 0x0000000081700000, 0x0000000081800000|  0%| F|  |TAMS 0x0000000081700000, 0x0000000081700000| Untracked 
|  24|0x0000000081800000, 0x0000000081800000, 0x0000000081900000|  0%| F|  |TAMS 0x0000000081800000, 0x0000000081800000| Untracked 
|  25|0x0000000081900000, 0x0000000081900000, 0x0000000081a00000|  0%| F|  |TAMS 0x0000000081900000, 0x0000000081900000| Untracked 
|  26|0x0000000081a00000, 0x0000000081a00000, 0x0000000081b00000|  0%| F|  |TAMS 0x0000000081a00000, 0x0000000081a00000| Untracked 
|  27|0x0000000081b00000, 0x0000000081b00000, 0x0000000081c00000|  0%| F|  |TAMS 0x0000000081b00000, 0x0000000081b00000| Untracked 
|  28|0x0000000081c00000, 0x0000000081c00000, 0x0000000081d00000|  0%| F|  |TAMS 0x0000000081c00000, 0x0000000081c00000| Untracked 
|  29|0x0000000081d00000, 0x0000000081d00000, 0x0000000081e00000|  0%| F|  |TAMS 0x0000000081d00000, 0x0000000081d00000| Untracked 
|  30|0x0000000081e00000, 0x0000000081e00000, 0x0000000081f00000|  0%| F|  |TAMS 0x0000000081e00000, 0x0000000081e00000| Untracked 
|  31|0x0000000081f00000, 0x0000000081f00000, 0x0000000082000000|  0%| F|  |TAMS 0x0000000081f00000, 0x0000000081f00000| Untracked 
|  32|0x0000000082000000, 0x0000000082000000, 0x0000000082100000|  0%| F|  |TAMS 0x0000000082000000, 0x0000000082000000| Untracked 
|  33|0x0000000082100000, 0x0000000082100000, 0x0000000082200000|  0%| F|  |TAMS 0x0000000082100000, 0x0000000082100000| Untracked 
|  34|0x0000000082200000, 0x0000000082200000, 0x0000000082300000|  0%| F|  |TAMS 0x0000000082200000, 0x0000000082200000| Untracked 
|  35|0x0000000082300000, 0x0000000082300000, 0x0000000082400000|  0%| F|  |TAMS 0x0000000082300000, 0x0000000082300000| Untracked 
|  36|0x0000000082400000, 0x0000000082400000, 0x0000000082500000|  0%| F|  |TAMS 0x0000000082400000, 0x0000000082400000| Untracked 
|  37|0x0000000082500000, 0x0000000082500000, 0x0000000082600000|  0%| F|  |TAMS 0x0000000082500000, 0x0000000082500000| Untracked 
|  38|0x0000000082600000, 0x0000000082600000, 0x0000000082700000|  0%| F|  |TAMS 0x0000000082600000, 0x0000000082600000| Untracked 
|  39|0x0000000082700000, 0x0000000082700000, 0x0000000082800000|  0%| F|  |TAMS 0x0000000082700000, 0x0000000082700000| Untracked 
|  40|0x0000000082800000, 0x0000000082800000, 0x0000000082900000|  0%| F|  |TAMS 0x0000000082800000, 0x0000000082800000| Untracked 
|  41|0x0000000082900000, 0x0000000082900000, 0x0000000082a00000|  0%| F|  |TAMS 0x0000000082900000, 0x0000000082900000| Untracked 
|  42|0x0000000082a00000, 0x0000000082a00000, 0x0000000082b00000|  0%| F|  |TAMS 0x0000000082a00000, 0x0000000082a00000| Untracked 
|  43|0x0000000082b00000, 0x0000000082b00000, 0x0000000082c00000|  0%| F|  |TAMS 0x0000000082b00000, 0x0000000082b00000| Untracked 
|  44|0x0000000082c00000, 0x0000000082c00000, 0x0000000082d00000|  0%| F|  |TAMS 0x0000000082c00000, 0x0000000082c00000| Untracked 
|  45|0x0000000082d00000, 0x0000000082d00000, 0x0000000082e00000|  0%| F|  |TAMS 0x0000000082d00000, 0x0000000082d00000| Untracked 
|  46|0x0000000082e00000, 0x0000000082e00000, 0x0000000082f00000|  0%| F|  |TAMS 0x0000000082e00000, 0x0000000082e00000| Untracked 
|  47|0x0000000082f00000, 0x0000000082f00000, 0x0000000083000000|  0%| F|  |TAMS 0x0000000082f00000, 0x0000000082f00000| Untracked 
|  48|0x0000000083000000, 0x0000000083000000, 0x0000000083100000|  0%| F|  |TAMS 0x0000000083000000, 0x0000000083000000| Untracked 
|  49|0x0000000083100000, 0x0000000083100000, 0x0000000083200000|  0%| F|  |TAMS 0x0000000083100000, 0x0000000083100000| Untracked 
|  50|0x0000000083200000, 0x0000000083200000, 0x0000000083300000|  0%| F|  |TAMS 0x0000000083200000, 0x0000000083200000| Untracked 
|  51|0x0000000083300000, 0x0000000083300000, 0x0000000083400000|  0%| F|  |TAMS 0x0000000083300000, 0x0000000083300000| Untracked 
|  52|0x0000000083400000, 0x0000000083400000, 0x0000000083500000|  0%| F|  |TAMS 0x0000000083400000, 0x0000000083400000| Untracked 
|  53|0x0000000083500000, 0x0000000083500000, 0x0000000083600000|  0%| F|  |TAMS 0x0000000083500000, 0x0000000083500000| Untracked 
|  54|0x0000000083600000, 0x0000000083600000, 0x0000000083700000|  0%| F|  |TAMS 0x0000000083600000, 0x0000000083600000| Untracked 
|  55|0x0000000083700000, 0x0000000083700000, 0x0000000083800000|  0%| F|  |TAMS 0x0000000083700000, 0x0000000083700000| Untracked 
|  56|0x0000000083800000, 0x0000000083800000, 0x0000000083900000|  0%| F|  |TAMS 0x0000000083800000, 0x0000000083800000| Untracked 
|  57|0x0000000083900000, 0x0000000083900000, 0x0000000083a00000|  0%| F|  |TAMS 0x0000000083900000, 0x0000000083900000| Untracked 
|  58|0x0000000083a00000, 0x0000000083a00000, 0x0000000083b00000|  0%| F|  |TAMS 0x0000000083a00000, 0x0000000083a00000| Untracked 
|  59|0x0000000083b00000, 0x0000000083b00000, 0x0000000083c00000|  0%| F|  |TAMS 0x0000000083b00000, 0x0000000083b00000| Untracked 
|  60|0x0000000083c00000, 0x0000000083c00000, 0x0000000083d00000|  0%| F|  |TAMS 0x0000000083c00000, 0x0000000083c00000| Untracked 
|  61|0x0000000083d00000, 0x0000000083d00000, 0x0000000083e00000|  0%| F|  |TAMS 0x0000000083d00000, 0x0000000083d00000| Untracked 
|  62|0x0000000083e00000, 0x0000000083e00000, 0x0000000083f00000|  0%| F|  |TAMS 0x0000000083e00000, 0x0000000083e00000| Untracked 
|  63|0x0000000083f00000, 0x0000000083f00000, 0x0000000084000000|  0%| F|  |TAMS 0x0000000083f00000, 0x0000000083f00000| Untracked 
|  64|0x0000000084000000, 0x0000000084000000, 0x0000000084100000|  0%| F|  |TAMS 0x0000000084000000, 0x0000000084000000| Untracked 
|  65|0x0000000084100000, 0x0000000084100000, 0x0000000084200000|  0%| F|  |TAMS 0x0000000084100000, 0x0000000084100000| Untracked 
|  66|0x0000000084200000, 0x0000000084200000, 0x0000000084300000|  0%| F|  |TAMS 0x0000000084200000, 0x0000000084200000| Untracked 
|  67|0x0000000084300000, 0x0000000084300000, 0x0000000084400000|  0%| F|  |TAMS 0x0000000084300000, 0x0000000084300000| Untracked 
|  68|0x0000000084400000, 0x0000000084400000, 0x0000000084500000|  0%| F|  |TAMS 0x0000000084400000, 0x0000000084400000| Untracked 
|  69|0x0000000084500000, 0x0000000084500000, 0x0000000084600000|  0%| F|  |TAMS 0x0000000084500000, 0x0000000084500000| Untracked 
|  70|0x0000000084600000, 0x00000000846d7030, 0x0000000084700000| 83%| S|CS|TAMS 0x0000000084600000, 0x0000000084600000| Complete 
|  71|0x0000000084700000, 0x0000000084800000, 0x0000000084800000|100%| S|CS|TAMS 0x0000000084700000, 0x0000000084700000| Complete 
|  72|0x0000000084800000, 0x0000000084900000, 0x0000000084900000|100%| S|CS|TAMS 0x0000000084800000, 0x0000000084800000| Complete 
|  73|0x0000000084900000, 0x0000000084900000, 0x0000000084a00000|  0%| F|  |TAMS 0x0000000084900000, 0x0000000084900000| Untracked 
|  74|0x0000000084a00000, 0x0000000084a00000, 0x0000000084b00000|  0%| F|  |TAMS 0x0000000084a00000, 0x0000000084a00000| Untracked 
|  75|0x0000000084b00000, 0x0000000084b00000, 0x0000000084c00000|  0%| F|  |TAMS 0x0000000084b00000, 0x0000000084b00000| Untracked 
|  76|0x0000000084c00000, 0x0000000084c00000, 0x0000000084d00000|  0%| F|  |TAMS 0x0000000084c00000, 0x0000000084c00000| Untracked 
|  77|0x0000000084d00000, 0x0000000084d00000, 0x0000000084e00000|  0%| F|  |TAMS 0x0000000084d00000, 0x0000000084d00000| Untracked 
|  78|0x0000000084e00000, 0x0000000084e00000, 0x0000000084f00000|  0%| F|  |TAMS 0x0000000084e00000, 0x0000000084e00000| Untracked 
|  79|0x0000000084f00000, 0x0000000084f00000, 0x0000000085000000|  0%| F|  |TAMS 0x0000000084f00000, 0x0000000084f00000| Untracked 
|  80|0x0000000085000000, 0x0000000085000000, 0x0000000085100000|  0%| F|  |TAMS 0x0000000085000000, 0x0000000085000000| Untracked 
|  81|0x0000000085100000, 0x0000000085100000, 0x0000000085200000|  0%| F|  |TAMS 0x0000000085100000, 0x0000000085100000| Untracked 
|  82|0x0000000085200000, 0x0000000085200000, 0x0000000085300000|  0%| F|  |TAMS 0x0000000085200000, 0x0000000085200000| Untracked 
|  83|0x0000000085300000, 0x0000000085300000, 0x0000000085400000|  0%| F|  |TAMS 0x0000000085300000, 0x0000000085300000| Untracked 
|  84|0x0000000085400000, 0x0000000085400000, 0x0000000085500000|  0%| F|  |TAMS 0x0000000085400000, 0x0000000085400000| Untracked 
|  85|0x0000000085500000, 0x0000000085500000, 0x0000000085600000|  0%| F|  |TAMS 0x0000000085500000, 0x0000000085500000| Untracked 
|  86|0x0000000085600000, 0x0000000085600000, 0x0000000085700000|  0%| F|  |TAMS 0x0000000085600000, 0x0000000085600000| Untracked 
|  87|0x0000000085700000, 0x0000000085700000, 0x0000000085800000|  0%| F|  |TAMS 0x0000000085700000, 0x0000000085700000| Untracked 
|  88|0x0000000085800000, 0x0000000085800000, 0x0000000085900000|  0%| F|  |TAMS 0x0000000085800000, 0x0000000085800000| Untracked 
|  89|0x0000000085900000, 0x0000000085900000, 0x0000000085a00000|  0%| F|  |TAMS 0x0000000085900000, 0x0000000085900000| Untracked 
|  90|0x0000000085a00000, 0x0000000085a00000, 0x0000000085b00000|  0%| F|  |TAMS 0x0000000085a00000, 0x0000000085a00000| Untracked 
|  91|0x0000000085b00000, 0x0000000085b00000, 0x0000000085c00000|  0%| F|  |TAMS 0x0000000085b00000, 0x0000000085b00000| Untracked 
|  92|0x0000000085c00000, 0x0000000085c00000, 0x0000000085d00000|  0%| F|  |TAMS 0x0000000085c00000, 0x0000000085c00000| Untracked 
|  93|0x0000000085d00000, 0x0000000085d00000, 0x0000000085e00000|  0%| F|  |TAMS 0x0000000085d00000, 0x0000000085d00000| Untracked 
|  94|0x0000000085e00000, 0x0000000085e00000, 0x0000000085f00000|  0%| F|  |TAMS 0x0000000085e00000, 0x0000000085e00000| Untracked 
|  95|0x0000000085f00000, 0x0000000085f00000, 0x0000000086000000|  0%| F|  |TAMS 0x0000000085f00000, 0x0000000085f00000| Untracked 
|  96|0x0000000086000000, 0x0000000086000000, 0x0000000086100000|  0%| F|  |TAMS 0x0000000086000000, 0x0000000086000000| Untracked 
|  97|0x0000000086100000, 0x0000000086100000, 0x0000000086200000|  0%| F|  |TAMS 0x0000000086100000, 0x0000000086100000| Untracked 
|  98|0x0000000086200000, 0x0000000086200000, 0x0000000086300000|  0%| F|  |TAMS 0x0000000086200000, 0x0000000086200000| Untracked 
|  99|0x0000000086300000, 0x0000000086300000, 0x0000000086400000|  0%| F|  |TAMS 0x0000000086300000, 0x0000000086300000| Untracked 
| 100|0x0000000086400000, 0x0000000086400000, 0x0000000086500000|  0%| F|  |TAMS 0x0000000086400000, 0x0000000086400000| Untracked 
| 101|0x0000000086500000, 0x0000000086500000, 0x0000000086600000|  0%| F|  |TAMS 0x0000000086500000, 0x0000000086500000| Untracked 
| 102|0x0000000086600000, 0x0000000086600000, 0x0000000086700000|  0%| F|  |TAMS 0x0000000086600000, 0x0000000086600000| Untracked 
| 103|0x0000000086700000, 0x0000000086700000, 0x0000000086800000|  0%| F|  |TAMS 0x0000000086700000, 0x0000000086700000| Untracked 
| 104|0x0000000086800000, 0x0000000086800000, 0x0000000086900000|  0%| F|  |TAMS 0x0000000086800000, 0x0000000086800000| Untracked 
| 105|0x0000000086900000, 0x0000000086900000, 0x0000000086a00000|  0%| F|  |TAMS 0x0000000086900000, 0x0000000086900000| Untracked 
| 106|0x0000000086a00000, 0x0000000086a00000, 0x0000000086b00000|  0%| F|  |TAMS 0x0000000086a00000, 0x0000000086a00000| Untracked 
| 107|0x0000000086b00000, 0x0000000086c00000, 0x0000000086c00000|100%| E|  |TAMS 0x0000000086b00000, 0x0000000086b00000| Complete 
| 108|0x0000000086c00000, 0x0000000086d00000, 0x0000000086d00000|100%| E|CS|TAMS 0x0000000086c00000, 0x0000000086c00000| Complete 
| 109|0x0000000086d00000, 0x0000000086e00000, 0x0000000086e00000|100%| E|CS|TAMS 0x0000000086d00000, 0x0000000086d00000| Complete 
| 110|0x0000000086e00000, 0x0000000086f00000, 0x0000000086f00000|100%| E|CS|TAMS 0x0000000086e00000, 0x0000000086e00000| Complete 
| 111|0x0000000086f00000, 0x0000000087000000, 0x0000000087000000|100%| E|CS|TAMS 0x0000000086f00000, 0x0000000086f00000| Complete 
| 112|0x0000000087000000, 0x0000000087100000, 0x0000000087100000|100%| E|CS|TAMS 0x0000000087000000, 0x0000000087000000| Complete 
| 113|0x0000000087100000, 0x0000000087200000, 0x0000000087200000|100%| E|CS|TAMS 0x0000000087100000, 0x0000000087100000| Complete 
| 114|0x0000000087200000, 0x0000000087300000, 0x0000000087300000|100%| E|CS|TAMS 0x0000000087200000, 0x0000000087200000| Complete 
| 115|0x0000000087300000, 0x0000000087400000, 0x0000000087400000|100%| E|CS|TAMS 0x0000000087300000, 0x0000000087300000| Complete 
| 116|0x0000000087400000, 0x0000000087500000, 0x0000000087500000|100%| E|CS|TAMS 0x0000000087400000, 0x0000000087400000| Complete 
| 117|0x0000000087500000, 0x0000000087600000, 0x0000000087600000|100%| E|CS|TAMS 0x0000000087500000, 0x0000000087500000| Complete 
| 118|0x0000000087600000, 0x0000000087700000, 0x0000000087700000|100%| E|CS|TAMS 0x0000000087600000, 0x0000000087600000| Complete 
| 119|0x0000000087700000, 0x0000000087800000, 0x0000000087800000|100%| E|CS|TAMS 0x0000000087700000, 0x0000000087700000| Complete 
| 120|0x0000000087800000, 0x0000000087900000, 0x0000000087900000|100%| E|CS|TAMS 0x0000000087800000, 0x0000000087800000| Complete 
| 121|0x0000000087900000, 0x0000000087a00000, 0x0000000087a00000|100%| E|CS|TAMS 0x0000000087900000, 0x0000000087900000| Complete 
| 122|0x0000000087a00000, 0x0000000087b00000, 0x0000000087b00000|100%| E|CS|TAMS 0x0000000087a00000, 0x0000000087a00000| Complete 
| 123|0x0000000087b00000, 0x0000000087c00000, 0x0000000087c00000|100%| E|CS|TAMS 0x0000000087b00000, 0x0000000087b00000| Complete 
| 124|0x0000000087c00000, 0x0000000087d00000, 0x0000000087d00000|100%| E|CS|TAMS 0x0000000087c00000, 0x0000000087c00000| Complete 
| 125|0x0000000087d00000, 0x0000000087e00000, 0x0000000087e00000|100%| E|CS|TAMS 0x0000000087d00000, 0x0000000087d00000| Complete 
| 126|0x0000000087e00000, 0x0000000087f00000, 0x0000000087f00000|100%| E|CS|TAMS 0x0000000087e00000, 0x0000000087e00000| Complete 
| 127|0x0000000087f00000, 0x0000000088000000, 0x0000000088000000|100%| E|CS|TAMS 0x0000000087f00000, 0x0000000087f00000| Complete 

Card table byte_map: [0x0000019ad6c90000,0x0000019ad7090000] _byte_map_base: 0x0000019ad6890000

Marking Bits (Prev, Next): (CMBitMap*) 0x0000019ac3a8bf50, (CMBitMap*) 0x0000019ac3a8bf18
 Prev Bits: [0x0000019ad9490000, 0x0000019adb490000)
 Next Bits: [0x0000019ad7490000, 0x0000019ad9490000)

Polling page: 0x0000019ac3220000

Metaspace:

Usage:
  Non-class:     24.42 MB capacity,    24.02 MB ( 98%) used,   362.63 KB (  1%) free+waste,    54.75 KB ( <1%) overhead. 
      Class:      3.82 MB capacity,     3.60 MB ( 94%) used,   198.80 KB (  5%) free+waste,    27.31 KB ( <1%) overhead. 
       Both:     28.24 MB capacity,    27.61 MB ( 98%) used,   561.43 KB (  2%) free+waste,    82.06 KB ( <1%) overhead. 

Virtual space:
  Non-class space:       26.00 MB reserved,      24.67 MB ( 95%) committed 
      Class space:        1.00 GB reserved,       3.95 MB ( <1%) committed 
             Both:        1.03 GB reserved,      28.62 MB (  3%) committed 

Chunk freelists:
   Non-Class:  61.00 KB
       Class:  26.00 KB
        Both:  87.00 KB

MaxMetaspaceSize: 17179869184.00 GB
CompressedClassSpaceSize: 1.00 GB
Initial GC threshold: 20.80 MB
Current GC threshold: 35.20 MB
CDS: off

CodeHeap 'non-profiled nmethods': size=120000Kb used=1211Kb max_used=1211Kb free=118788Kb
 bounds [0x0000019acf030000, 0x0000019acf2a0000, 0x0000019ad6560000]
CodeHeap 'profiled nmethods': size=120000Kb used=5364Kb max_used=5364Kb free=114635Kb
 bounds [0x0000019ac7b00000, 0x0000019ac8040000, 0x0000019acf030000]
CodeHeap 'non-nmethods': size=5760Kb used=1224Kb max_used=1264Kb free=4535Kb
 bounds [0x0000019ac7560000, 0x0000019ac77d0000, 0x0000019ac7b00000]
 total_blobs=2908 nmethods=2405 adapters=415
 compilation: enabled
              stopped_count=0, restarted_count=0
 full_count=0

Compilation events (20 events):
Event: 9.810 Thread 0x0000019ade788000 2364       3       java.util.LinkedHashMap::<init> (16 bytes)
Event: 9.810 Thread 0x0000019ade788000 nmethod 2364 0x0000019ac800f690 code [0x0000019ac800f860, 0x0000019ac800fac8]
Event: 9.810 Thread 0x0000019ade788000 2365       3       sun.reflect.annotation.AnnotationParser::annotationForMap (16 bytes)
Event: 9.811 Thread 0x0000019ade788000 nmethod 2365 0x0000019ac800fc10 code [0x0000019ac800fde0, 0x0000019ac80101c8]
Event: 9.811 Thread 0x0000019ade788000 2366       3       sun.reflect.annotation.AnnotationParser$1::run (5 bytes)
Event: 9.811 Thread 0x0000019ade788000 nmethod 2366 0x0000019ac8010310 code [0x0000019ac80104c0, 0x0000019ac8010608]
Event: 9.811 Thread 0x0000019ade788000 2367       3       sun.reflect.annotation.AnnotationParser$1::run (40 bytes)
Event: 9.812 Thread 0x0000019ade788000 nmethod 2367 0x0000019ac8010690 code [0x0000019ac8010940, 0x0000019ac8011818]
Event: 9.812 Thread 0x0000019ade788000 2370       3       org.objectweb.asm.Frame::push (59 bytes)
Event: 9.813 Thread 0x0000019ade788000 nmethod 2370 0x0000019ac8011c90 code [0x0000019ac8011ee0, 0x0000019ac8012638]
Event: 9.813 Thread 0x0000019ade788000 2371       3       org.objectweb.asm.Frame::pop (53 bytes)
Event: 9.814 Thread 0x0000019ade788000 nmethod 2371 0x0000019ac8012990 code [0x0000019ac8012be0, 0x0000019ac8013318]
Event: 9.814 Thread 0x0000019ade788000 2372       3       org.objectweb.asm.Frame::accept (264 bytes)
Event: 9.815 Thread 0x0000019ade788000 nmethod 2372 0x0000019ac8013610 code [0x0000019ac8013840, 0x0000019ac8014158]
Event: 9.816 Thread 0x0000019ade788000 2373       3       org.objectweb.asm.Label::getCanonicalInstance (19 bytes)
Event: 9.816 Thread 0x0000019ade788000 nmethod 2373 0x0000019ac8014510 code [0x0000019ac80146c0, 0x0000019ac8014818]
Event: 9.816 Thread 0x0000019ade788000 2369       3       org.objectweb.asm.MethodWriter::visitMethodInsn (191 bytes)
Event: 9.817 Thread 0x0000019ade788000 nmethod 2369 0x0000019ac8014910 code [0x0000019ac8014b60, 0x0000019ac80153e8]
Event: 9.817 Thread 0x0000019ade788000 2368       3       org.objectweb.asm.Type::getDescriptor (93 bytes)
Event: 9.818 Thread 0x0000019ade788000 nmethod 2368 0x0000019ac8015790 code [0x0000019ac8015a20, 0x0000019ac8016388]

GC Heap History (10 events):
Event: 1.512 GC heap before
{Heap before GC invocations=0 (full 0):
 garbage-first heap   total 131072K, used 29696K [0x0000000080000000, 0x0000000100000000)
  region size 1024K, 24 young (24576K), 0 survivors (0K)
 Metaspace       used 9830K, capacity 10058K, committed 10112K, reserved 1058816K
  class space    used 1009K, capacity 1102K, committed 1152K, reserved 1048576K
}
Event: 1.522 GC heap after
{Heap after GC invocations=1 (full 0):
 garbage-first heap   total 131072K, used 9371K [0x0000000080000000, 0x0000000100000000)
  region size 1024K, 3 young (3072K), 3 survivors (3072K)
 Metaspace       used 9830K, capacity 10058K, committed 10112K, reserved 1058816K
  class space    used 1009K, capacity 1102K, committed 1152K, reserved 1048576K
}
Event: 2.784 GC heap before
{Heap before GC invocations=1 (full 0):
 garbage-first heap   total 131072K, used 31899K [0x0000000080000000, 0x0000000100000000)
  region size 1024K, 25 young (25600K), 3 survivors (3072K)
 Metaspace       used 10834K, capacity 11077K, committed 11264K, reserved 1058816K
  class space    used 1113K, capacity 1207K, committed 1280K, reserved 1048576K
}
Event: 2.791 GC heap after
{Heap after GC invocations=2 (full 0):
 garbage-first heap   total 131072K, used 9646K [0x0000000080000000, 0x0000000100000000)
  region size 1024K, 1 young (1024K), 1 survivors (1024K)
 Metaspace       used 10834K, capacity 11077K, committed 11264K, reserved 1058816K
  class space    used 1113K, capacity 1207K, committed 1280K, reserved 1048576K
}
Event: 6.269 GC heap before
{Heap before GC invocations=2 (full 0):
 garbage-first heap   total 131072K, used 62894K [0x0000000080000000, 0x0000000100000000)
  region size 1024K, 52 young (53248K), 1 survivors (1024K)
 Metaspace       used 17685K, capacity 18071K, committed 18432K, reserved 1064960K
  class space    used 2059K, capacity 2177K, committed 2304K, reserved 1048576K
}
Event: 6.275 GC heap after
{Heap after GC invocations=3 (full 0):
 garbage-first heap   total 131072K, used 15976K [0x0000000080000000, 0x0000000100000000)
  region size 1024K, 7 young (7168K), 7 survivors (7168K)
 Metaspace       used 17685K, capacity 18071K, committed 18432K, reserved 1064960K
  class space    used 2059K, capacity 2177K, committed 2304K, reserved 1048576K
}
Event: 7.018 GC heap before
{Heap before GC invocations=3 (full 0):
 garbage-first heap   total 131072K, used 43624K [0x0000000080000000, 0x0000000100000000)
  region size 1024K, 35 young (35840K), 7 survivors (7168K)
 Metaspace       used 20782K, capacity 21177K, committed 21296K, reserved 1069056K
  class space    used 2522K, capacity 2680K, committed 2688K, reserved 1048576K
}
Event: 7.027 GC heap after
{Heap after GC invocations=4 (full 0):
 garbage-first heap   total 131072K, used 17104K [0x0000000080000000, 0x0000000100000000)
  region size 1024K, 2 young (2048K), 2 survivors (2048K)
 Metaspace       used 20782K, capacity 21177K, committed 21296K, reserved 1069056K
  class space    used 2522K, capacity 2680K, committed 2688K, reserved 1048576K
}
Event: 9.316 GC heap before
{Heap before GC invocations=5 (full 0):
 garbage-first heap   total 131072K, used 71376K [0x0000000080000000, 0x0000000100000000)
  region size 1024K, 55 young (56320K), 2 survivors (2048K)
 Metaspace       used 26561K, capacity 27155K, committed 27388K, reserved 1073152K
  class space    used 3426K, capacity 3640K, committed 3660K, reserved 1048576K
}
Event: 9.324 GC heap after
{Heap after GC invocations=6 (full 0):
 garbage-first heap   total 131072K, used 18845K [0x0000000080000000, 0x0000000100000000)
  region size 1024K, 3 young (3072K), 3 survivors (3072K)
 Metaspace       used 26561K, capacity 27155K, committed 27388K, reserved 1073152K
  class space    used 3426K, capacity 3640K, committed 3660K, reserved 1048576K
}

Deoptimization events (20 events):
Event: 6.978 Thread 0x0000019adea83800 Uncommon trap: trap_request=0xffffff4d fr.pc=0x0000019acf098434 relative=0x0000000000000474
Event: 6.978 Thread 0x0000019adea83800 Uncommon trap: reason=unstable_if action=reinterpret pc=0x0000019acf098434 method=java.lang.String.substring(I)Ljava/lang/String; @ 34 c2
Event: 6.978 Thread 0x0000019adea83800 DEOPT PACKING pc=0x0000019acf098434 sp=0x0000003141cfaf60
Event: 6.978 Thread 0x0000019adea83800 DEOPT UNPACKING pc=0x0000019ac75aa1af sp=0x0000003141cfaf38 mode 2
Event: 7.257 Thread 0x0000019adea83800 Uncommon trap: trap_request=0xffffff4d fr.pc=0x0000019acf107398 relative=0x0000000000000398
Event: 7.257 Thread 0x0000019adea83800 Uncommon trap: reason=unstable_if action=reinterpret pc=0x0000019acf107398 method=jdk.internal.org.objectweb.asm.Type.getArgumentsAndReturnSizes(Ljava/lang/String;)I @ 88 c2
Event: 7.257 Thread 0x0000019adea83800 DEOPT PACKING pc=0x0000019acf107398 sp=0x0000003141cf9580
Event: 7.257 Thread 0x0000019adea83800 DEOPT UNPACKING pc=0x0000019ac75aa1af sp=0x0000003141cf9508 mode 2
Event: 7.609 Thread 0x0000019adea83800 Uncommon trap: trap_request=0xffffff4d fr.pc=0x0000019acf0dd1ec relative=0x000000000000022c
Event: 7.609 Thread 0x0000019adea83800 Uncommon trap: reason=unstable_if action=reinterpret pc=0x0000019acf0dd1ec method=java.util.concurrent.ConcurrentHashMap.get(Ljava/lang/Object;)Ljava/lang/Object; @ 76 c2
Event: 7.609 Thread 0x0000019adea83800 DEOPT PACKING pc=0x0000019acf0dd1ec sp=0x0000003141cf86e0
Event: 7.609 Thread 0x0000019adea83800 DEOPT UNPACKING pc=0x0000019ac75aa1af sp=0x0000003141cf8648 mode 2
Event: 8.994 Thread 0x0000019adea83800 Uncommon trap: trap_request=0xffffff7e fr.pc=0x0000019acf136990 relative=0x0000000000000150
Event: 8.994 Thread 0x0000019adea83800 Uncommon trap: reason=predicate action=maybe_recompile pc=0x0000019acf136990 method=com.google.common.base.CharMatcher.indexIn(Ljava/lang/CharSequence;I)I @ 19 c2
Event: 8.994 Thread 0x0000019adea83800 DEOPT PACKING pc=0x0000019acf136990 sp=0x0000003141cfb3e0
Event: 8.994 Thread 0x0000019adea83800 DEOPT UNPACKING pc=0x0000019ac75aa1af sp=0x0000003141cfb370 mode 2
Event: 9.026 Thread 0x0000019adea83800 Uncommon trap: trap_request=0xffffff4d fr.pc=0x0000019acf0eb400 relative=0x0000000000001440
Event: 9.026 Thread 0x0000019adea83800 Uncommon trap: reason=unstable_if action=reinterpret pc=0x0000019acf0eb400 method=java.util.concurrent.ConcurrentHashMap.putVal(Ljava/lang/Object;Ljava/lang/Object;Z)Ljava/lang/Object; @ 231 c2
Event: 9.026 Thread 0x0000019adea83800 DEOPT PACKING pc=0x0000019acf0eb400 sp=0x0000003141cfc640
Event: 9.026 Thread 0x0000019adea83800 DEOPT UNPACKING pc=0x0000019ac75aa1af sp=0x0000003141cfc5c0 mode 2

Classes redefined (0 events):
No events

Internal exceptions (20 events):
Event: 6.716 Thread 0x0000019adea83800 Exception <a 'java/lang/NoSuchMethodError'{0x0000000086902a70}: 'java.lang.Object java.lang.invoke.DirectMethodHandle$Holder.invokeSpecial(java.lang.Object, java.lang.Object, java.lang.Object, java.lang.Object, int)'> (0x0000000086902a70) thrown at [./src/hotspot/share/interpreter/linkResolver.cpp, line 773]
Event: 6.716 Thread 0x0000019adea83800 Exception <a 'java/lang/NoSuchMethodError'{0x00000000869069a8}: 'java.lang.Object java.lang.invoke.Invokers$Holder.linkToTargetMethod(java.lang.Object, java.lang.Object, int, java.lang.Object)'> (0x00000000869069a8) thrown at [./src/hotspot/share/interpreter/linkResolver.cpp, line 773]
Event: 7.054 Thread 0x0000019adea83800 Exception <a 'java/lang/NoSuchMethodError'{0x0000000087e52748}: 'int java.lang.invoke.DirectMethodHandle$Holder.invokeSpecialIFC(java.lang.Object, java.lang.Object, java.lang.Object, java.lang.Object)'> (0x0000000087e52748) thrown at [./src/hotspot/share/interpreter/linkResolver.cpp, line 773]
Event: 7.056 Thread 0x0000019adea83800 Exception <a 'java/lang/NoSuchMethodError'{0x0000000087e609f0}: 'java.lang.Object java.lang.invoke.DirectMethodHandle$Holder.invokeInterface(java.lang.Object, java.lang.Object, java.lang.Object)'> (0x0000000087e609f0) thrown at [./src/hotspot/share/interpreter/linkResolver.cpp, line 773]
Event: 7.057 Thread 0x0000019adea83800 Exception <a 'java/lang/IncompatibleClassChangeError'{0x0000000087e63ec8}: Found class java.lang.Object, but interface was expected> (0x0000000087e63ec8) thrown at [./src/hotspot/share/interpreter/linkResolver.cpp, line 839]
Event: 7.326 Thread 0x0000019adea83800 Exception <a 'java/lang/NoSuchMethodError'{0x0000000087635450}: 'void java.lang.invoke.DirectMethodHandle$Holder.invokeSpecial(java.lang.Object, java.lang.Object, java.lang.Object, java.lang.Object, java.lang.Object)'> (0x0000000087635450) thrown at [./src/hotspot/share/interpreter/linkResolver.cpp, line 773]
Event: 7.362 Thread 0x0000019adea83800 Exception <a 'java/lang/NoSuchMethodError'{0x0000000087458bc8}: 'java.lang.Object java.lang.invoke.DirectMethodHandle$Holder.invokeSpecial(java.lang.Object, java.lang.Object, java.lang.Object, java.lang.Object, java.lang.Object, java.lang.Object, java.lang.Object, java.lang.Object, java.lang.Object)'> (0x0000000087458bc8) thrown at [./src/hotspot/share/interpreter/linkResolver.cpp, line 773]
Event: 7.501 Thread 0x0000019adea83800 Exception <a 'java/lang/NoSuchMethodError'{0x0000000086a2e640}: 'java.lang.Object java.lang.invoke.DirectMethodHandle$Holder.invokeVirtual(java.lang.Object, java.lang.Object, java.lang.Object, java.lang.Object)'> (0x0000000086a2e640) thrown at [./src/hotspot/share/interpreter/linkResolver.cpp, line 773]
Event: 7.661 Thread 0x0000019adea83800 Exception <a 'java/lang/NoSuchMethodError'{0x000000008647f2b0}: 'void java.lang.invoke.DirectMethodHandle$Holder.invokeSpecial(java.lang.Object, java.lang.Object, java.lang.Object, java.lang.Object, java.lang.Object, java.lang.Object)'> (0x000000008647f2b0) thrown at [./src/hotspot/share/interpreter/linkResolver.cpp, line 773]
Event: 7.692 Thread 0x0000019adea83800 Exception <a 'java/lang/NoSuchMethodError'{0x00000000864ee610}: 'void java.lang.invoke.DirectMethodHandle$Holder.invokeSpecial(java.lang.Object, java.lang.Object, java.lang.Object, java.lang.Object, java.lang.Object, java.lang.Object, java.lang.Object)'> (0x00000000864ee610) thrown at [./src/hotspot/share/interpreter/linkResolver.cpp, line 773]
Event: 7.693 Thread 0x0000019adea83800 Exception <a 'java/lang/NoSuchMethodError'{0x00000000864f6b00}: 'java.lang.Object java.lang.invoke.Invokers$Holder.linkToTargetMethod(java.lang.Object, java.lang.Object, java.lang.Object, java.lang.Object, java.lang.Object, java.lang.Object)'> (0x00000000864f6b00) thrown at [./src/hotspot/share/interpreter/linkResolver.cpp, line 773]
Event: 7.748 Thread 0x0000019adea83800 Exception <a 'java/lang/NoSuchMethodError'{0x00000000860bf2c0}: 'java.lang.Object java.lang.invoke.DirectMethodHandle$Holder.invokeVirtual(java.lang.Object, java.lang.Object, java.lang.Object, java.lang.Object, java.lang.Object, java.lang.Object, java.lang.Object, java.lang.Object, java.lang.Object, java.lang.Object, java.lang.Object, java.lang.Object, java.lang.Object, java.lang.Object, java.lang.Object, java.lang.Object, java.lang.Object, java.lang.Object, java.lang.Object, java.lang.Object, java.lang.Ob
Event: 7.881 Thread 0x0000019adea83800 Exception <a 'java/lang/NoSuchMethodError'{0x00000000858c07c0}: 'int java.lang.invoke.DirectMethodHandle$Holder.invokeStaticInit(java.lang.Object, java.lang.Object, java.lang.Object)'> (0x00000000858c07c0) thrown at [./src/hotspot/share/interpreter/linkResolver.cpp, line 773]
Event: 8.307 Thread 0x0000019adea83800 Exception <a 'java/lang/NoSuchMethodError'{0x00000000853a1e28}: 'void java.lang.invoke.DirectMethodHandle$Holder.invokeStaticInit(java.lang.Object, java.lang.Object)'> (0x00000000853a1e28) thrown at [./src/hotspot/share/interpreter/linkResolver.cpp, line 773]
Event: 9.131 Thread 0x0000019adea83800 Exception <a 'java/lang/NoSuchMethodError'{0x0000000084d469c8}: 'void java.lang.invoke.DirectMethodHandle$Holder.invokeStatic(java.lang.Object, java.lang.Object, java.lang.Object, java.lang.Object)'> (0x0000000084d469c8) thrown at [./src/hotspot/share/interpreter/linkResolver.cpp, line 773]
Event: 9.162 Thread 0x0000019adea83800 Exception <a 'java/lang/NoSuchMethodError'{0x0000000084d93180}: 'int java.lang.invoke.DirectMethodHandle$Holder.invokeVirtual(java.lang.Object, java.lang.Object)'> (0x0000000084d93180) thrown at [./src/hotspot/share/interpreter/linkResolver.cpp, line 773]
Event: 9.184 Thread 0x0000019adea83800 Exception <a 'java/lang/NoSuchMethodError'{0x0000000084dabcc8}: 'java.lang.Object java.lang.invoke.DirectMethodHandle$Holder.invokeVirtual(java.lang.Object, java.lang.Object, java.lang.Object)'> (0x0000000084dabcc8) thrown at [./src/hotspot/share/interpreter/linkResolver.cpp, line 773]
Event: 9.190 Thread 0x0000019adea83800 Exception <a 'java/lang/NoSuchMethodError'{0x0000000084dc8e10}: 'int java.lang.invoke.DirectMethodHandle$Holder.invokeVirtual(java.lang.Object, java.lang.Object, java.lang.Object)'> (0x0000000084dc8e10) thrown at [./src/hotspot/share/interpreter/linkResolver.cpp, line 773]
Event: 9.267 Thread 0x0000019adea83800 Exception <a 'java/lang/NoSuchMethodError'{0x0000000084bbb4f8}: 'void java.lang.invoke.DirectMethodHandle$Holder.invokeSpecial(java.lang.Object, java.lang.Object)'> (0x0000000084bbb4f8) thrown at [./src/hotspot/share/interpreter/linkResolver.cpp, line 773]
Event: 9.620 Thread 0x0000019adea83800 Exception <a 'java/lang/NoSuchMethodError'{0x00000000873167d8}: 'java.lang.Object java.lang.invoke.DirectMethodHandle$Holder.invokeSpecialIFC(java.lang.Object, java.lang.Object, java.lang.Object, java.lang.Object)'> (0x00000000873167d8) thrown at [./src/hotspot/share/interpreter/linkResolver.cpp, line 773]

Events (20 events):
Event: 9.779 loading class org/gradle/internal/metaobject/PropertyMixIn
Event: 9.779 loading class org/gradle/internal/metaobject/PropertyMixIn done
Event: 9.779 loading class org/gradle/api/internal/DefaultDomainObjectCollection
Event: 9.779 loading class org/gradle/api/internal/DefaultDomainObjectCollection done
Event: 9.780 loading class org/gradle/api/internal/WithEstimatedSize
Event: 9.780 loading class org/gradle/api/internal/WithEstimatedSize done
Event: 9.787 loading class org/gradle/api/initialization/dsl/VersionCatalogBuilder
Event: 9.787 loading class org/gradle/api/initialization/dsl/VersionCatalogBuilder done
Event: 9.792 loading class org/gradle/api/initialization/resolve/RepositoriesMode
Event: 9.792 loading class org/gradle/api/initialization/resolve/RepositoriesMode done
Event: 9.794 loading class org/gradle/api/initialization/resolve/RulesMode
Event: 9.794 loading class org/gradle/api/initialization/resolve/RulesMode done
Event: 9.798 loading class javax/annotation/meta/When
Event: 9.798 loading class javax/annotation/meta/When done
Event: 9.806 loading class javax/annotation/meta/TypeQualifier
Event: 9.806 loading class javax/annotation/meta/TypeQualifier done
Event: 9.815 loading class groovy/lang/MetaProperty
Event: 9.815 loading class groovy/lang/MetaProperty done
Event: 9.816 loading class org/apache/groovy/util/BeanUtils
Event: 9.816 loading class org/apache/groovy/util/BeanUtils done


Dynamic libraries:
0x00007ff68c0a0000 - 0x00007ff68c0aa000 	D:\New folder (3)\jre\bin\java.exe
0x00007ffb83430000 - 0x00007ffb83647000 	C:\WINDOWS\SYSTEM32\ntdll.dll
0x00007ffb82580000 - 0x00007ffb82644000 	C:\WINDOWS\System32\KERNEL32.DLL
0x00007ffb80810000 - 0x00007ffb80bb5000 	C:\WINDOWS\System32\KERNELBASE.dll
0x00007ffb80bc0000 - 0x00007ffb80cd1000 	C:\WINDOWS\System32\ucrtbase.dll
0x00007ffb7a560000 - 0x00007ffb7a577000 	D:\New folder (3)\jre\bin\VCRUNTIME140.dll
0x00007ffb79fb0000 - 0x00007ffb79fc9000 	D:\New folder (3)\jre\bin\jli.dll
0x00007ffb81de0000 - 0x00007ffb81f8e000 	C:\WINDOWS\System32\USER32.dll
0x00007ffb67740000 - 0x00007ffb679d3000 	C:\WINDOWS\WinSxS\amd64_microsoft.windows.common-controls_6595b64144ccf1df_6.0.22621.2506_none_270c5ae97388e100\COMCTL32.dll
0x00007ffb80ce0000 - 0x00007ffb80d06000 	C:\WINDOWS\System32\win32u.dll
0x00007ffb816b0000 - 0x00007ffb81757000 	C:\WINDOWS\System32\msvcrt.dll
0x00007ffb823b0000 - 0x00007ffb823d9000 	C:\WINDOWS\System32\GDI32.dll
0x00007ffb80d10000 - 0x00007ffb80e29000 	C:\WINDOWS\System32\gdi32full.dll
0x00007ffb81060000 - 0x00007ffb810fa000 	C:\WINDOWS\System32\msvcp_win.dll
0x00007ffb81cc0000 - 0x00007ffb81cf1000 	C:\WINDOWS\System32\IMM32.DLL
0x00007ffb6d130000 - 0x00007ffb6d1cd000 	D:\New folder (3)\jre\bin\msvcp140.dll
0x00007ffb369c0000 - 0x00007ffb374c2000 	D:\New folder (3)\jre\bin\server\jvm.dll
0x00007ffb822f0000 - 0x00007ffb823a1000 	C:\WINDOWS\System32\ADVAPI32.dll
0x00007ffb83320000 - 0x00007ffb833c6000 	C:\WINDOWS\System32\sechost.dll
0x00007ffb823e0000 - 0x00007ffb824f7000 	C:\WINDOWS\System32\RPCRT4.dll
0x00007ffb822e0000 - 0x00007ffb822e8000 	C:\WINDOWS\System32\PSAPI.DLL
0x00007ffb7bcc0000 - 0x00007ffb7bcc9000 	C:\WINDOWS\SYSTEM32\WSOCK32.dll
0x00007ffb79ea0000 - 0x00007ffb79ed4000 	C:\WINDOWS\SYSTEM32\WINMM.dll
0x00007ffb79000000 - 0x00007ffb7900a000 	C:\WINDOWS\SYSTEM32\VERSION.dll
0x00007ffb83280000 - 0x00007ffb832f1000 	C:\WINDOWS\System32\WS2_32.dll
0x00007ffb7f740000 - 0x00007ffb7f758000 	C:\WINDOWS\SYSTEM32\kernel.appcore.dll
0x00007ffb7bc80000 - 0x00007ffb7bc91000 	D:\New folder (3)\jre\bin\verify.dll
0x00007ffb7e0c0000 - 0x00007ffb7e2f3000 	C:\WINDOWS\SYSTEM32\DBGHELP.DLL
0x00007ffb81830000 - 0x00007ffb81bb9000 	C:\WINDOWS\System32\combase.dll
0x00007ffb81d00000 - 0x00007ffb81dd7000 	C:\WINDOWS\System32\OLEAUT32.dll
0x00007ffb63ed0000 - 0x00007ffb63f02000 	C:\WINDOWS\SYSTEM32\dbgcore.DLL
0x00007ffb81100000 - 0x00007ffb8117a000 	C:\WINDOWS\System32\bcryptPrimitives.dll
0x00007ffb7bba0000 - 0x00007ffb7bbc9000 	D:\New folder (3)\jre\bin\java.dll
0x00007ffb7bcb0000 - 0x00007ffb7bcbb000 	D:\New folder (3)\jre\bin\jimage.dll
0x00007ffb7bc10000 - 0x00007ffb7bc28000 	D:\New folder (3)\jre\bin\zip.dll
0x00007ffb829c0000 - 0x00007ffb83219000 	C:\WINDOWS\System32\SHELL32.dll
0x00007ffb7e6c0000 - 0x00007ffb7efb4000 	C:\WINDOWS\SYSTEM32\windows.storage.dll
0x00007ffb7e580000 - 0x00007ffb7e6be000 	C:\WINDOWS\SYSTEM32\wintypes.dll
0x00007ffb81bc0000 - 0x00007ffb81cb3000 	C:\WINDOWS\System32\SHCORE.dll
0x00007ffb817d0000 - 0x00007ffb8182e000 	C:\WINDOWS\System32\shlwapi.dll
0x00007ffb806d0000 - 0x00007ffb806f6000 	C:\WINDOWS\SYSTEM32\profapi.dll
0x00007ffb7b160000 - 0x00007ffb7b17a000 	D:\New folder (3)\jre\bin\net.dll
0x00007ffb7a100000 - 0x00007ffb7a237000 	C:\WINDOWS\SYSTEM32\WINHTTP.dll
0x00007ffb7fc20000 - 0x00007ffb7fc89000 	C:\WINDOWS\system32\mswsock.dll
0x00007ffb7a840000 - 0x00007ffb7a854000 	D:\New folder (3)\jre\bin\nio.dll
0x00007ffb6e070000 - 0x00007ffb6e097000 	C:\Users\Hp\.gradle\native\e1d6ef7f7dcc3fd88c89a11ec53ec762bb8ba0a96d01ffa2cd45eb1d1d8dd5c5\windows-amd64\native-platform.dll
0x00007ffb595b0000 - 0x00007ffb596f4000 	C:\Users\Hp\.gradle\native\0d407fdbe67a94daf76414ababcb853783967236a71b16ec16e742cd7a986fd3\windows-amd64\native-platform-file-events.dll
0x00007ffb7bb90000 - 0x00007ffb7bb9a000 	D:\New folder (3)\jre\bin\management.dll
0x00007ffb7bb40000 - 0x00007ffb7bb4d000 	D:\New folder (3)\jre\bin\management_ext.dll
0x00007ffb7fe80000 - 0x00007ffb7fe9b000 	C:\WINDOWS\SYSTEM32\CRYPTSP.dll
0x00007ffb7f700000 - 0x00007ffb7f735000 	C:\WINDOWS\system32\rsaenh.dll
0x00007ffb7fd10000 - 0x00007ffb7fd3c000 	C:\WINDOWS\SYSTEM32\USERENV.dll
0x00007ffb80060000 - 0x00007ffb80088000 	C:\WINDOWS\SYSTEM32\bcrypt.dll
0x00007ffb7fe70000 - 0x00007ffb7fe7c000 	C:\WINDOWS\SYSTEM32\CRYPTBASE.dll
0x00007ffb7f220000 - 0x00007ffb7f24d000 	C:\WINDOWS\SYSTEM32\IPHLPAPI.DLL
0x00007ffb82130000 - 0x00007ffb82139000 	C:\WINDOWS\System32\NSI.dll
0x00007ffb79d20000 - 0x00007ffb79d39000 	C:\WINDOWS\SYSTEM32\dhcpcsvc6.DLL
0x00007ffb79d00000 - 0x00007ffb79d1f000 	C:\WINDOWS\SYSTEM32\dhcpcsvc.DLL
0x00007ffb7f290000 - 0x00007ffb7f389000 	C:\WINDOWS\SYSTEM32\DNSAPI.dll

dbghelp: loaded successfully - version: 4.0.5 - missing functions: none
symbol engine: initialized successfully - sym options: 0x614 - pdb path: .;D:\New folder (3)\jre\bin;C:\WINDOWS\SYSTEM32;C:\WINDOWS\WinSxS\amd64_microsoft.windows.common-controls_6595b64144ccf1df_6.0.22621.2506_none_270c5ae97388e100;D:\New folder (3)\jre\bin\server;C:\Users\Hp\.gradle\native\e1d6ef7f7dcc3fd88c89a11ec53ec762bb8ba0a96d01ffa2cd45eb1d1d8dd5c5\windows-amd64;C:\Users\Hp\.gradle\native\0d407fdbe67a94daf76414ababcb853783967236a71b16ec16e742cd7a986fd3\windows-amd64

VM Arguments:
jvm_args: --add-opens=java.base/java.util=ALL-UNNAMED --add-opens=java.base/java.lang=ALL-UNNAMED --add-opens=java.base/java.lang.invoke=ALL-UNNAMED --add-opens=java.base/java.util=ALL-UNNAMED --add-opens=java.prefs/java.util.prefs=ALL-UNNAMED --add-opens=java.prefs/java.util.prefs=ALL-UNNAMED --add-opens=java.base/java.nio.charset=ALL-UNNAMED --add-opens=java.base/java.net=ALL-UNNAMED --add-opens=java.base/java.util.concurrent.atomic=ALL-UNNAMED -Xmx2048m -Dfile.encoding=UTF-8 -Duser.country=US -Duser.language=en -Duser.variant 
java_command: org.gradle.launcher.daemon.bootstrap.GradleDaemon 7.4
java_class_path (initial): C:\Users\Hp\.gradle\wrapper\dists\gradle-7.4-bin\c0gwcg53nkjbqw7r0h0umtfvt\gradle-7.4\lib\gradle-launcher-7.4.jar
Launcher Type: SUN_STANDARD

[Global flags]
     intx CICompilerCount                          = 4                                         {product} {ergonomic}
     uint ConcGCThreads                            = 2                                         {product} {ergonomic}
     uint G1ConcRefinementThreads                  = 8                                         {product} {ergonomic}
   size_t G1HeapRegionSize                         = 1048576                                   {product} {ergonomic}
    uintx GCDrainStackTargetSize                   = 64                                        {product} {ergonomic}
   size_t InitialHeapSize                          = 134217728                                 {product} {ergonomic}
   size_t MarkStackSize                            = 4194304                                   {product} {ergonomic}
   size_t MaxHeapSize                              = 2147483648                                {product} {command line}
   size_t MaxNewSize                               = 1287651328                                {product} {ergonomic}
   size_t MinHeapDeltaBytes                        = 1048576                                   {product} {ergonomic}
    uintx NonNMethodCodeHeapSize                   = 5836300                                {pd product} {ergonomic}
    uintx NonProfiledCodeHeapSize                  = 122910970                              {pd product} {ergonomic}
    uintx ProfiledCodeHeapSize                     = 122910970                              {pd product} {ergonomic}
    uintx ReservedCodeCacheSize                    = 251658240                              {pd product} {ergonomic}
     bool SegmentedCodeCache                       = true                                      {product} {ergonomic}
     bool UseCompressedClassPointers               = true                                 {lp64_product} {ergonomic}
     bool UseCompressedOops                        = true                                 {lp64_product} {ergonomic}
     bool UseG1GC                                  = true                                      {product} {ergonomic}
     bool UseLargePagesIndividualAllocation        = false                                  {pd product} {ergonomic}

Logging:
Log output configuration:
 #0: stdout all=warning uptime,level,tags
 #1: stderr all=off uptime,level,tags

Environment Variables:
PATH=C:\Program Files (x86)\NVIDIA Corporation\PhysX\Common;C:\Program Files (x86)\Common Files\Oracle\Java\javapath;C:\Windows\system32;C:\Windows;C:\Windows\System32\Wbem;C:\Windows\System32\WindowsPowerShell\v1.0\;C:\Windows\System32\OpenSSH\;C:\WINDOWS\system32;C:\WINDOWS;C:\WINDOWS\System32\Wbem;C:\WINDOWS\System32\WindowsPowerShell\v1.0\;C:\WINDOWS\System32\OpenSSH\;C:\Program Files\Polyspace\R2021a\bin;C:\Program Files\Git\cmd;C:\Program Files\nodejs\;C:\Program Files\Git LFS;C:\Users\Hp\AppData\Local\Microsoft\WindowsApps;;C:\Users\Hp\AppData\Local\Programs\Microsoft VS Code\bin;C:\Users\Hp\AppData\Roaming\npm
USERNAME=Hp
OS=Windows_NT
PROCESSOR_IDENTIFIER=Intel64 Family 6 Model 142 Stepping 12, GenuineIntel



---------------  S Y S T E M  ---------------

OS: Windows 11 , 64 bit Build 22621 (10.0.22621.2506)
OS uptime: 31 days 19:30 hours

CPU:total 8 (initial active 8) (4 cores per cpu, 2 threads per core) family 6 model 142 stepping 12 microcode 0xde, cmov, cx8, fxsr, mmx, sse, sse2, sse3, ssse3, sse4.1, sse4.2, popcnt, avx, avx2, aes, clmul, erms, 3dnowpref, lzcnt, ht, tsc, tscinvbit, bmi1, bmi2, adx, fma

Memory: 4k page, system-wide physical 8070M (50M free)
TotalPageFile size 23237M (AvailPageFile size 0M)
current process WorkingSet (physical memory assigned to process): 193M, peak: 193M
current process commit charge ("private bytes"): 282M, peak: 283M

vm_info: OpenJDK 64-Bit Server VM (11.0.13+0-b1751.21-8125866) for windows-amd64 JRE (11.0.13+0-b1751.21-8125866), built on Feb  2 2022 03:00:22 by "builder" with MS VC++ 14.0 (VS2015)

END.
