#
# There is insufficient memory for the Java Runtime Environment to continue.
# Native memory allocation (malloc) failed to allocate 1295376 bytes for Chunk::new
# Possible reasons:
#   The system is out of physical RAM or swap space
#   The process is running with CompressedOops enabled, and the Java Heap may be blocking the growth of the native heap
# Possible solutions:
#   Reduce memory load on the system
#   Increase physical memory or swap space
#   Check if swap backing store is full
#   Decrease Java heap size (-Xmx/-Xms)
#   Decrease number of Java threads
#   Decrease Java thread stack sizes (-Xss)
#   Set larger code cache with -XX:ReservedCodeCacheSize=
#   JVM is running with Unscaled Compressed Oops mode in which the Java heap is
#     placed in the first 4GB address space. The Java Heap base address is the
#     maximum limit for the native heap growth. Please use -XX:HeapBaseMinAddress
#     to set the Java Heap base and to place the Java Heap above 4GB virtual address.
# This output file may be truncated or incomplete.
#
#  Out of Memory Error (./src/hotspot/share/memory/arena.cpp:197), pid=3252, tid=4236
#
# JRE version: OpenJDK Runtime Environment (11.0.13) (build 11.0.13+0-b1751.21-8125866)
# Java VM: OpenJDK 64-Bit Server VM (11.0.13+0-b1751.21-8125866, mixed mode, tiered, compressed oops, g1 gc, windows-amd64)
# No core dump will be written. Minidumps are not enabled by default on client versions of Windows
#

---------------  S U M M A R Y ------------

Command Line: --add-opens=java.base/java.util=ALL-UNNAMED --add-opens=java.base/java.lang=ALL-UNNAMED --add-opens=java.base/java.lang.invoke=ALL-UNNAMED --add-opens=java.base/java.util=ALL-UNNAMED --add-opens=java.prefs/java.util.prefs=ALL-UNNAMED --add-opens=java.prefs/java.util.prefs=ALL-UNNAMED --add-opens=java.base/java.nio.charset=ALL-UNNAMED --add-opens=java.base/java.net=ALL-UNNAMED --add-opens=java.base/java.util.concurrent.atomic=ALL-UNNAMED -Xmx2048m -Dfile.encoding=UTF-8 -Duser.country=US -Duser.language=en -Duser.variant org.gradle.launcher.daemon.bootstrap.GradleDaemon 7.4

Host: Intel(R) Core(TM) i5-8265U CPU @ 1.60GHz, 8 cores, 7G,  Windows 11 , 64 bit Build 22621 (10.0.22621.2506)
Time: Thu Mar 14 13:11:49 2024 Pakistan Standard Time elapsed time: 17.730530 seconds (0d 0h 0m 17s)

---------------  T H R E A D  ---------------

Current thread (0x000002d76f076000):  JavaThread "C2 CompilerThread0" daemon [_thread_in_native, id=4236, stack(0x000000e5aad00000,0x000000e5aae00000)]


Current CompileTask:
C2:  17730 7908 %     4       groovy.lang.MetaClassImpl::inheritInterfaceNewMetaMethods @ 100 (195 bytes)

Stack: [0x000000e5aad00000,0x000000e5aae00000]
Native frames: (J=compiled Java code, j=interpreted, Vv=VM code, C=native code)
V  [jvm.dll+0x6100fa]
V  [jvm.dll+0x747090]
V  [jvm.dll+0x7486ad]
V  [jvm.dll+0x748d83]
V  [jvm.dll+0x24ab48]
V  [jvm.dll+0xc04dc]
V  [jvm.dll+0xc0a0c]
V  [jvm.dll+0x35eb5b]
V  [jvm.dll+0x19d7bc]
V  [jvm.dll+0x2033be]
V  [jvm.dll+0x202437]
V  [jvm.dll+0x188e01]
V  [jvm.dll+0x21106b]
V  [jvm.dll+0x20f8c1]
V  [jvm.dll+0x70de0f]
V  [jvm.dll+0x706a75]
V  [jvm.dll+0x60ed66]
C  [ucrtbase.dll+0x29363]
C  [KERNEL32.DLL+0x1257d]
C  [ntdll.dll+0x5aa58]


---------------  P R O C E S S  ---------------

Threads class SMR info:
_java_thread_list=0x000002d7776e9330, length=122, elements={
0x000002d75426a000, 0x000002d76e700800, 0x000002d76e705000, 0x000002d76f072800,
0x000002d76f074000, 0x000002d76f075000, 0x000002d76f076000, 0x000002d76f07f800,
0x000002d76e71a800, 0x000002d76f1e4000, 0x000002d77120b800, 0x000002d771190000,
0x000002d76ff84000, 0x000002d76ff84800, 0x000002d77053a800, 0x000002d76f836800,
0x000002d76f837800, 0x000002d76fa4d800, 0x000002d76fa4e800, 0x000002d7705f8800,
0x000002d7711e3000, 0x000002d7711e6800, 0x000002d7711e4000, 0x000002d7711e2800,
0x000002d7711e4800, 0x000002d7711e5800, 0x000002d7711e7000, 0x000002d7711e8000,
0x000002d7711e9000, 0x000002d771743000, 0x000002d77173d800, 0x000002d771744000,
0x000002d77173e000, 0x000002d771741800, 0x000002d771744800, 0x000002d771742000,
0x000002d77173f000, 0x000002d771745800, 0x000002d771746800, 0x000002d77174b000,
0x000002d771748000, 0x000002d771747000, 0x000002d77174c000, 0x000002d771748800,
0x000002d771749800, 0x000002d76f13f800, 0x000002d76f13a800, 0x000002d76f140000,
0x000002d76f13c000, 0x000002d76f141000, 0x000002d76f13d000, 0x000002d76f13b000,
0x000002d76f141800, 0x000002d76f13d800, 0x000002d76f143800, 0x000002d76f13e800,
0x000002d76f144000, 0x000002d76f142800, 0x000002d76f147800, 0x000002d76f145000,
0x000002d76f146800, 0x000002d76f146000, 0x000002d76f149000, 0x000002d76f148800,
0x000002d771680000, 0x000002d771683800, 0x000002d771684000, 0x000002d771685000,
0x000002d77167f000, 0x000002d771682800, 0x000002d771681000, 0x000002d771685800,
0x000002d771681800, 0x000002d7735c4800, 0x000002d7735c8800, 0x000002d7735c6000,
0x000002d7735c5800, 0x000002d7735c9800, 0x000002d7735ca800, 0x000002d7735c8000,
0x000002d7735c7000, 0x000002d7735cb000, 0x000002d770350800, 0x000002d770351800,
0x000002d770352800, 0x000002d770353000, 0x000002d770354000, 0x000002d770357000,
0x000002d770354800, 0x000002d770355800, 0x000002d770356800, 0x000002d772a0a000,
0x000002d772a0a800, 0x000002d772a0c000, 0x000002d772a08000, 0x000002d772a0b800,
0x000002d772a0d000, 0x000002d772a0e000, 0x000002d772a0e800, 0x000002d772a09000,
0x000002d772a0f800, 0x000002d772a14800, 0x000002d772a15000, 0x000002d772a11000,
0x000002d772a12800, 0x000002d772a16000, 0x000002d772a10800, 0x000002d772a17000,
0x000002d772a13800, 0x000002d772a12000, 0x000002d773871000, 0x000002d773872000,
0x000002d77386e800, 0x000002d773872800, 0x000002d773873800, 0x000002d773874000,
0x000002d773870000, 0x000002d773875000, 0x000002d77386f800, 0x000002d773879000,
0x000002d77387a000, 0x000002d77387a800
}

Java Threads: ( => current thread )
  0x000002d75426a000 JavaThread "main" [_thread_blocked, id=12416, stack(0x000000e5aa100000,0x000000e5aa200000)]
  0x000002d76e700800 JavaThread "Reference Handler" daemon [_thread_blocked, id=992, stack(0x000000e5aa800000,0x000000e5aa900000)]
  0x000002d76e705000 JavaThread "Finalizer" daemon [_thread_blocked, id=7564, stack(0x000000e5aa900000,0x000000e5aaa00000)]
  0x000002d76f072800 JavaThread "Signal Dispatcher" daemon [_thread_blocked, id=10456, stack(0x000000e5aaa00000,0x000000e5aab00000)]
  0x000002d76f074000 JavaThread "Attach Listener" daemon [_thread_blocked, id=7276, stack(0x000000e5aab00000,0x000000e5aac00000)]
  0x000002d76f075000 JavaThread "Service Thread" daemon [_thread_blocked, id=14376, stack(0x000000e5aac00000,0x000000e5aad00000)]
=>0x000002d76f076000 JavaThread "C2 CompilerThread0" daemon [_thread_in_native, id=4236, stack(0x000000e5aad00000,0x000000e5aae00000)]
  0x000002d76f07f800 JavaThread "C1 CompilerThread0" daemon [_thread_blocked, id=8768, stack(0x000000e5aae00000,0x000000e5aaf00000)]
  0x000002d76e71a800 JavaThread "Sweeper thread" daemon [_thread_blocked, id=14240, stack(0x000000e5aaf00000,0x000000e5ab000000)]
  0x000002d76f1e4000 JavaThread "Common-Cleaner" daemon [_thread_blocked, id=3436, stack(0x000000e5ab000000,0x000000e5ab100000)]
  0x000002d77120b800 JavaThread "Daemon health stats" [_thread_blocked, id=10612, stack(0x000000e5ab400000,0x000000e5ab500000)]
  0x000002d771190000 JavaThread "Incoming local TCP Connector on port 60354" [_thread_in_native, id=8860, stack(0x000000e5ab500000,0x000000e5ab600000)]
  0x000002d76ff84000 JavaThread "Daemon periodic checks" [_thread_blocked, id=11292, stack(0x000000e5ab600000,0x000000e5ab700000)]
  0x000002d76ff84800 JavaThread "Daemon" [_thread_blocked, id=11708, stack(0x000000e5ab700000,0x000000e5ab800000)]
  0x000002d77053a800 JavaThread "Handler for socket connection from /127.0.0.1:60354 to /127.0.0.1:60355" [_thread_in_native, id=5552, stack(0x000000e5ab800000,0x000000e5ab900000)]
  0x000002d76f836800 JavaThread "Cancel handler" [_thread_blocked, id=11148, stack(0x000000e5ab900000,0x000000e5aba00000)]
  0x000002d76f837800 JavaThread "Daemon worker" [_thread_in_native, id=12284, stack(0x000000e5aba00000,0x000000e5abb00000)]
  0x000002d76fa4d800 JavaThread "Asynchronous log dispatcher for DefaultDaemonConnection: socket connection from /127.0.0.1:60354 to /127.0.0.1:60355" [_thread_blocked, id=14032, stack(0x000000e5abb00000,0x000000e5abc00000)]
  0x000002d76fa4e800 JavaThread "Stdin handler" [_thread_blocked, id=8960, stack(0x000000e5abc00000,0x000000e5abd00000)]
  0x000002d7705f8800 JavaThread "Daemon client event forwarder" [_thread_blocked, id=8376, stack(0x000000e5abd00000,0x000000e5abe00000)]
  0x000002d7711e3000 JavaThread "Cache worker for journal cache (C:\Users\Hp\.gradle\caches\journal-1)" [_thread_blocked, id=13252, stack(0x000000e5ac300000,0x000000e5ac400000)]
  0x000002d7711e6800 JavaThread "File lock request listener" [_thread_in_native, id=3060, stack(0x000000e5ac400000,0x000000e5ac500000)]
  0x000002d7711e4000 JavaThread "Cache worker for file hash cache (C:\Users\Hp\.gradle\caches\7.4\fileHashes)" [_thread_blocked, id=12920, stack(0x000000e5ac600000,0x000000e5ac700000)]
  0x000002d7711e2800 JavaThread "File watcher server" daemon [_thread_in_native, id=3104, stack(0x000000e5ac700000,0x000000e5ac800000)]
  0x000002d7711e4800 JavaThread "File watcher consumer" daemon [_thread_blocked, id=3316, stack(0x000000e5ac800000,0x000000e5ac900000)]
  0x000002d7711e5800 JavaThread "jar transforms" [_thread_blocked, id=14512, stack(0x000000e5ac900000,0x000000e5aca00000)]
  0x000002d7711e7000 JavaThread "jar transforms Thread 2" [_thread_blocked, id=6360, stack(0x000000e5aca00000,0x000000e5acb00000)]
  0x000002d7711e8000 JavaThread "jar transforms Thread 3" [_thread_blocked, id=5516, stack(0x000000e5acb00000,0x000000e5acc00000)]
  0x000002d7711e9000 JavaThread "jar transforms Thread 4" [_thread_blocked, id=15500, stack(0x000000e5acc00000,0x000000e5acd00000)]
  0x000002d771743000 JavaThread "jar transforms Thread 5" [_thread_blocked, id=8784, stack(0x000000e5acd00000,0x000000e5ace00000)]
  0x000002d77173d800 JavaThread "jar transforms Thread 6" [_thread_blocked, id=13532, stack(0x000000e5ace00000,0x000000e5acf00000)]
  0x000002d771744000 JavaThread "jar transforms Thread 7" [_thread_blocked, id=5124, stack(0x000000e5acf00000,0x000000e5ad000000)]
  0x000002d77173e000 JavaThread "jar transforms Thread 8" [_thread_blocked, id=8908, stack(0x000000e5ad000000,0x000000e5ad100000)]
  0x000002d771741800 JavaThread "Cache worker for checksums cache (C:\Users\Hp\AndroidStudioProjects\EventApp\.gradle\7.4\checksums)" [_thread_blocked, id=6996, stack(0x000000e5ad100000,0x000000e5ad200000)]
  0x000002d771744800 JavaThread "Cache worker for cache directory md-rule (C:\Users\Hp\.gradle\caches\7.4\md-rule)" [_thread_blocked, id=7288, stack(0x000000e5ad200000,0x000000e5ad300000)]
  0x000002d771742000 JavaThread "Cache worker for file hash cache (C:\Users\Hp\AndroidStudioProjects\EventApp\.gradle\7.4\fileHashes)" [_thread_blocked, id=6316, stack(0x000000e5ad300000,0x000000e5ad400000)]
  0x000002d77173f000 JavaThread "Cache worker for cache directory md-supplier (C:\Users\Hp\.gradle\caches\7.4\md-supplier)" [_thread_blocked, id=12684, stack(0x000000e5ad400000,0x000000e5ad500000)]
  0x000002d771745800 JavaThread "Cache worker for execution history cache (C:\Users\Hp\.gradle\caches\7.4\executionHistory)" [_thread_blocked, id=6488, stack(0x000000e5ad500000,0x000000e5ad600000)]
  0x000002d771746800 JavaThread "Cache worker for file content cache (C:\Users\Hp\.gradle\caches\7.4\fileContent)" [_thread_blocked, id=3908, stack(0x000000e5ad600000,0x000000e5ad700000)]
  0x000002d77174b000 JavaThread "Cache worker for dependencies-accessors (C:\Users\Hp\AndroidStudioProjects\EventApp\.gradle\7.4\dependencies-accessors)" [_thread_blocked, id=13448, stack(0x000000e5ad700000,0x000000e5ad800000)]
  0x000002d771748000 JavaThread "Cache worker for Build Output Cleanup Cache (C:\Users\Hp\AndroidStudioProjects\EventApp\.gradle\buildOutputCleanup)" [_thread_blocked, id=11268, stack(0x000000e5ad800000,0x000000e5ad900000)]
  0x000002d771747000 JavaThread "Unconstrained build operations" [_thread_blocked, id=5640, stack(0x000000e5ad900000,0x000000e5ada00000)]
  0x000002d77174c000 JavaThread "Unconstrained build operations Thread 2" [_thread_blocked, id=14532, stack(0x000000e5ada00000,0x000000e5adb00000)]
  0x000002d771748800 JavaThread "Unconstrained build operations Thread 3" [_thread_blocked, id=13924, stack(0x000000e5adb00000,0x000000e5adc00000)]
  0x000002d771749800 JavaThread "Unconstrained build operations Thread 4" [_thread_blocked, id=9052, stack(0x000000e5adc00000,0x000000e5add00000)]
  0x000002d76f13f800 JavaThread "Unconstrained build operations Thread 5" [_thread_blocked, id=9508, stack(0x000000e5add00000,0x000000e5ade00000)]
  0x000002d76f13a800 JavaThread "Unconstrained build operations Thread 6" [_thread_blocked, id=14056, stack(0x000000e5ade00000,0x000000e5adf00000)]
  0x000002d76f140000 JavaThread "Unconstrained build operations Thread 7" [_thread_blocked, id=12960, stack(0x000000e5adf00000,0x000000e5ae000000)]
  0x000002d76f13c000 JavaThread "Unconstrained build operations Thread 8" [_thread_blocked, id=4720, stack(0x000000e5ae000000,0x000000e5ae100000)]
  0x000002d76f141000 JavaThread "Unconstrained build operations Thread 9" [_thread_blocked, id=3924, stack(0x000000e5ae100000,0x000000e5ae200000)]
  0x000002d76f13d000 JavaThread "Unconstrained build operations Thread 10" [_thread_blocked, id=9256, stack(0x000000e5ae200000,0x000000e5ae300000)]
  0x000002d76f13b000 JavaThread "Unconstrained build operations Thread 11" [_thread_blocked, id=8884, stack(0x000000e5ae300000,0x000000e5ae400000)]
  0x000002d76f141800 JavaThread "Unconstrained build operations Thread 12" [_thread_blocked, id=9592, stack(0x000000e5ae400000,0x000000e5ae500000)]
  0x000002d76f13d800 JavaThread "Unconstrained build operations Thread 13" [_thread_blocked, id=10124, stack(0x000000e5ae500000,0x000000e5ae600000)]
  0x000002d76f143800 JavaThread "Unconstrained build operations Thread 14" [_thread_blocked, id=13780, stack(0x000000e5ae600000,0x000000e5ae700000)]
  0x000002d76f13e800 JavaThread "Unconstrained build operations Thread 15" [_thread_blocked, id=10096, stack(0x000000e5ae700000,0x000000e5ae800000)]
  0x000002d76f144000 JavaThread "Unconstrained build operations Thread 16" [_thread_blocked, id=1060, stack(0x000000e5ae800000,0x000000e5ae900000)]
  0x000002d76f142800 JavaThread "Unconstrained build operations Thread 17" [_thread_blocked, id=6980, stack(0x000000e5ae900000,0x000000e5aea00000)]
  0x000002d76f147800 JavaThread "Unconstrained build operations Thread 18" [_thread_blocked, id=12480, stack(0x000000e5aea00000,0x000000e5aeb00000)]
  0x000002d76f145000 JavaThread "Unconstrained build operations Thread 19" [_thread_blocked, id=11644, stack(0x000000e5aeb00000,0x000000e5aec00000)]
  0x000002d76f146800 JavaThread "Unconstrained build operations Thread 20" [_thread_blocked, id=13764, stack(0x000000e5aec00000,0x000000e5aed00000)]
  0x000002d76f146000 JavaThread "Unconstrained build operations Thread 21" [_thread_blocked, id=7072, stack(0x000000e5aed00000,0x000000e5aee00000)]
  0x000002d76f149000 JavaThread "Unconstrained build operations Thread 22" [_thread_blocked, id=12348, stack(0x000000e5aee00000,0x000000e5aef00000)]
  0x000002d76f148800 JavaThread "Unconstrained build operations Thread 23" [_thread_blocked, id=10748, stack(0x000000e5aef00000,0x000000e5af000000)]
  0x000002d771680000 JavaThread "Unconstrained build operations Thread 24" [_thread_blocked, id=1036, stack(0x000000e5af000000,0x000000e5af100000)]
  0x000002d771683800 JavaThread "Unconstrained build operations Thread 25" [_thread_blocked, id=3884, stack(0x000000e5af100000,0x000000e5af200000)]
  0x000002d771684000 JavaThread "Unconstrained build operations Thread 26" [_thread_blocked, id=11896, stack(0x000000e5af200000,0x000000e5af300000)]
  0x000002d771685000 JavaThread "Unconstrained build operations Thread 27" [_thread_blocked, id=11676, stack(0x000000e5af300000,0x000000e5af400000)]
  0x000002d77167f000 JavaThread "Unconstrained build operations Thread 28" [_thread_blocked, id=13440, stack(0x000000e5af400000,0x000000e5af500000)]
  0x000002d771682800 JavaThread "Unconstrained build operations Thread 29" [_thread_blocked, id=1820, stack(0x000000e5af500000,0x000000e5af600000)]
  0x000002d771681000 JavaThread "Unconstrained build operations Thread 30" [_thread_blocked, id=11176, stack(0x000000e5af600000,0x000000e5af700000)]
  0x000002d771685800 JavaThread "Unconstrained build operations Thread 31" [_thread_blocked, id=7516, stack(0x000000e5af700000,0x000000e5af800000)]
  0x000002d771681800 JavaThread "Unconstrained build operations Thread 32" [_thread_blocked, id=15864, stack(0x000000e5af800000,0x000000e5af900000)]
  0x000002d7735c4800 JavaThread "Unconstrained build operations Thread 33" [_thread_blocked, id=1148, stack(0x000000e5af900000,0x000000e5afa00000)]
  0x000002d7735c8800 JavaThread "Unconstrained build operations Thread 34" [_thread_blocked, id=3980, stack(0x000000e5afa00000,0x000000e5afb00000)]
  0x000002d7735c6000 JavaThread "Unconstrained build operations Thread 35" [_thread_blocked, id=10620, stack(0x000000e5afb00000,0x000000e5afc00000)]
  0x000002d7735c5800 JavaThread "Unconstrained build operations Thread 36" [_thread_blocked, id=11448, stack(0x000000e5afc00000,0x000000e5afd00000)]
  0x000002d7735c9800 JavaThread "Unconstrained build operations Thread 37" [_thread_blocked, id=14772, stack(0x000000e5afd00000,0x000000e5afe00000)]
  0x000002d7735ca800 JavaThread "Unconstrained build operations Thread 38" [_thread_blocked, id=4896, stack(0x000000e5afe00000,0x000000e5aff00000)]
  0x000002d7735c8000 JavaThread "Unconstrained build operations Thread 39" [_thread_blocked, id=8720, stack(0x000000e5aff00000,0x000000e5b0000000)]
  0x000002d7735c7000 JavaThread "Unconstrained build operations Thread 40" [_thread_blocked, id=7408, stack(0x000000e5b0000000,0x000000e5b0100000)]
  0x000002d7735cb000 JavaThread "Unconstrained build operations Thread 41" [_thread_blocked, id=14604, stack(0x000000e5b0100000,0x000000e5b0200000)]
  0x000002d770350800 JavaThread "Unconstrained build operations Thread 42" [_thread_blocked, id=13752, stack(0x000000e5b0200000,0x000000e5b0300000)]
  0x000002d770351800 JavaThread "Unconstrained build operations Thread 43" [_thread_blocked, id=14836, stack(0x000000e5b0300000,0x000000e5b0400000)]
  0x000002d770352800 JavaThread "Unconstrained build operations Thread 44" [_thread_blocked, id=9556, stack(0x000000e5b0400000,0x000000e5b0500000)]
  0x000002d770353000 JavaThread "Unconstrained build operations Thread 45" [_thread_blocked, id=15048, stack(0x000000e5b0500000,0x000000e5b0600000)]
  0x000002d770354000 JavaThread "Unconstrained build operations Thread 46" [_thread_blocked, id=7804, stack(0x000000e5b0600000,0x000000e5b0700000)]
  0x000002d770357000 JavaThread "Unconstrained build operations Thread 47" [_thread_blocked, id=7436, stack(0x000000e5b0700000,0x000000e5b0800000)]
  0x000002d770354800 JavaThread "Unconstrained build operations Thread 48" [_thread_blocked, id=2360, stack(0x000000e5b0800000,0x000000e5b0900000)]
  0x000002d770355800 JavaThread "Unconstrained build operations Thread 49" [_thread_blocked, id=14864, stack(0x000000e5b0900000,0x000000e5b0a00000)]
  0x000002d770356800 JavaThread "Unconstrained build operations Thread 50" [_thread_blocked, id=5416, stack(0x000000e5b0a00000,0x000000e5b0b00000)]
  0x000002d772a0a000 JavaThread "Unconstrained build operations Thread 51" [_thread_blocked, id=15592, stack(0x000000e5b0b00000,0x000000e5b0c00000)]
  0x000002d772a0a800 JavaThread "Unconstrained build operations Thread 52" [_thread_blocked, id=7012, stack(0x000000e5b0c00000,0x000000e5b0d00000)]
  0x000002d772a0c000 JavaThread "Unconstrained build operations Thread 53" [_thread_blocked, id=8956, stack(0x000000e5b0d00000,0x000000e5b0e00000)]
  0x000002d772a08000 JavaThread "Unconstrained build operations Thread 54" [_thread_blocked, id=12004, stack(0x000000e5b0e00000,0x000000e5b0f00000)]
  0x000002d772a0b800 JavaThread "Unconstrained build operations Thread 55" [_thread_blocked, id=8132, stack(0x000000e5b0f00000,0x000000e5b1000000)]
  0x000002d772a0d000 JavaThread "Unconstrained build operations Thread 56" [_thread_blocked, id=10416, stack(0x000000e5b1000000,0x000000e5b1100000)]
  0x000002d772a0e000 JavaThread "Unconstrained build operations Thread 57" [_thread_blocked, id=1776, stack(0x000000e5b1100000,0x000000e5b1200000)]
  0x000002d772a0e800 JavaThread "Unconstrained build operations Thread 58" [_thread_blocked, id=5796, stack(0x000000e5b1200000,0x000000e5b1300000)]
  0x000002d772a09000 JavaThread "Unconstrained build operations Thread 59" [_thread_blocked, id=15140, stack(0x000000e5b1300000,0x000000e5b1400000)]
  0x000002d772a0f800 JavaThread "Unconstrained build operations Thread 60" [_thread_blocked, id=14452, stack(0x000000e5b1400000,0x000000e5b1500000)]
  0x000002d772a14800 JavaThread "Unconstrained build operations Thread 61" [_thread_blocked, id=9116, stack(0x000000e5b1500000,0x000000e5b1600000)]
  0x000002d772a15000 JavaThread "Unconstrained build operations Thread 62" [_thread_blocked, id=11228, stack(0x000000e5b1600000,0x000000e5b1700000)]
  0x000002d772a11000 JavaThread "Unconstrained build operations Thread 63" [_thread_blocked, id=8732, stack(0x000000e5b1700000,0x000000e5b1800000)]
  0x000002d772a12800 JavaThread "Unconstrained build operations Thread 64" [_thread_blocked, id=9192, stack(0x000000e5b1800000,0x000000e5b1900000)]
  0x000002d772a16000 JavaThread "Unconstrained build operations Thread 65" [_thread_blocked, id=7712, stack(0x000000e5b1900000,0x000000e5b1a00000)]
  0x000002d772a10800 JavaThread "Unconstrained build operations Thread 66" [_thread_blocked, id=15088, stack(0x000000e5b1a00000,0x000000e5b1b00000)]
  0x000002d772a17000 JavaThread "Unconstrained build operations Thread 67" [_thread_blocked, id=3752, stack(0x000000e5b1b00000,0x000000e5b1c00000)]
  0x000002d772a13800 JavaThread "Unconstrained build operations Thread 68" [_thread_blocked, id=16064, stack(0x000000e5b1c00000,0x000000e5b1d00000)]
  0x000002d772a12000 JavaThread "Unconstrained build operations Thread 69" [_thread_blocked, id=9152, stack(0x000000e5b1d00000,0x000000e5b1e00000)]
  0x000002d773871000 JavaThread "Unconstrained build operations Thread 70" [_thread_blocked, id=2116, stack(0x000000e5b1e00000,0x000000e5b1f00000)]
  0x000002d773872000 JavaThread "Unconstrained build operations Thread 71" [_thread_blocked, id=15488, stack(0x000000e5b1f00000,0x000000e5b2000000)]
  0x000002d77386e800 JavaThread "Unconstrained build operations Thread 72" [_thread_blocked, id=1460, stack(0x000000e5b2000000,0x000000e5b2100000)]
  0x000002d773872800 JavaThread "Unconstrained build operations Thread 73" [_thread_blocked, id=7824, stack(0x000000e5b2100000,0x000000e5b2200000)]
  0x000002d773873800 JavaThread "Unconstrained build operations Thread 74" [_thread_blocked, id=12100, stack(0x000000e5b2200000,0x000000e5b2300000)]
  0x000002d773874000 JavaThread "Unconstrained build operations Thread 75" [_thread_blocked, id=13284, stack(0x000000e5b2300000,0x000000e5b2400000)]
  0x000002d773870000 JavaThread "Unconstrained build operations Thread 76" [_thread_blocked, id=16176, stack(0x000000e5b2400000,0x000000e5b2500000)]
  0x000002d773875000 JavaThread "Unconstrained build operations Thread 77" [_thread_blocked, id=2592, stack(0x000000e5b2500000,0x000000e5b2600000)]
  0x000002d77386f800 JavaThread "Unconstrained build operations Thread 78" [_thread_blocked, id=10784, stack(0x000000e5b2600000,0x000000e5b2700000)]
  0x000002d773879000 JavaThread "Unconstrained build operations Thread 79" [_thread_blocked, id=13328, stack(0x000000e5b2700000,0x000000e5b2800000)]
  0x000002d77387a000 JavaThread "Unconstrained build operations Thread 80" [_thread_blocked, id=3744, stack(0x000000e5b2800000,0x000000e5b2900000)]
  0x000002d77387a800 JavaThread "Memory manager" [_thread_blocked, id=1788, stack(0x000000e5b2900000,0x000000e5b2a00000)]

Other Threads:
  0x000002d76e6fc000 VMThread "VM Thread" [stack: 0x000000e5aa700000,0x000000e5aa800000] [id=3364]
  0x000002d76f216000 WatcherThread [stack: 0x000000e5ab100000,0x000000e5ab200000] [id=5676]
  0x000002d754282800 GCTaskThread "GC Thread#0" [stack: 0x000000e5aa200000,0x000000e5aa300000] [id=16008]
  0x000002d76fc3c800 GCTaskThread "GC Thread#1" [stack: 0x000000e5ab200000,0x000000e5ab300000] [id=3448]
  0x000002d76fcc5800 GCTaskThread "GC Thread#2" [stack: 0x000000e5ab300000,0x000000e5ab400000] [id=12080]
  0x000002d7714b7800 GCTaskThread "GC Thread#3" [stack: 0x000000e5abe00000,0x000000e5abf00000] [id=608]
  0x000002d771144800 GCTaskThread "GC Thread#4" [stack: 0x000000e5abf00000,0x000000e5ac000000] [id=5364]
  0x000002d771161000 GCTaskThread "GC Thread#5" [stack: 0x000000e5ac000000,0x000000e5ac100000] [id=10460]
  0x000002d76fe13800 GCTaskThread "GC Thread#6" [stack: 0x000000e5ac100000,0x000000e5ac200000] [id=13976]
  0x000002d771163000 GCTaskThread "GC Thread#7" [stack: 0x000000e5ac200000,0x000000e5ac300000] [id=14484]
  0x000002d7542b4000 ConcurrentGCThread "G1 Main Marker" [stack: 0x000000e5aa300000,0x000000e5aa400000] [id=9572]
  0x000002d7542b6000 ConcurrentGCThread "G1 Conc#0" [stack: 0x000000e5aa400000,0x000000e5aa500000] [id=14280]
  0x000002d7714a8800 ConcurrentGCThread "G1 Conc#1" [stack: 0x000000e5ac500000,0x000000e5ac600000] [id=3296]
  0x000002d754339800 ConcurrentGCThread "G1 Refine#0" [stack: 0x000000e5aa500000,0x000000e5aa600000] [id=16180]
  0x000002d76e550800 ConcurrentGCThread "G1 Young RemSet Sampling" [stack: 0x000000e5aa600000,0x000000e5aa700000] [id=15532]

Threads with active compile tasks:
C2 CompilerThread0  17843 7908 %     4       groovy.lang.MetaClassImpl::inheritInterfaceNewMetaMethods @ 100 (195 bytes)

VM state:not at safepoint (normal execution)

VM Mutex/Monitor currently owned by a thread: None

Heap address: 0x0000000080000000, size: 2048 MB, Compressed Oops mode: 32-bit
Narrow klass base: 0x0000000000000000, Narrow klass shift: 3
Compressed class space size: 1073741824 Address: 0x0000000100000000

Heap:
 garbage-first heap   total 227328K, used 117306K [0x0000000080000000, 0x0000000100000000)
  region size 1024K, 6 young (6144K), 5 survivors (5120K)
 Metaspace       used 80302K, capacity 82263K, committed 82380K, reserved 1120256K
  class space    used 10462K, capacity 11130K, committed 11212K, reserved 1048576K
Heap Regions: E=young(eden), S=young(survivor), O=old, HS=humongous(starts), HC=humongous(continues), CS=collection set, F=free, A=archive, TAMS=top-at-mark-start (previous, next)
|   0|0x0000000080000000, 0x0000000080100000, 0x0000000080100000|100%| O|  |TAMS 0x0000000080100000, 0x0000000080000000| Updating 
|   1|0x0000000080100000, 0x0000000080200000, 0x0000000080200000|100%| O|  |TAMS 0x0000000080200000, 0x0000000080100000| Updating 
|   2|0x0000000080200000, 0x0000000080300000, 0x0000000080300000|100%| O|  |TAMS 0x0000000080300000, 0x0000000080200000| Updating 
|   3|0x0000000080300000, 0x0000000080400000, 0x0000000080400000|100%|HS|  |TAMS 0x0000000080400000, 0x0000000080300000| Complete 
|   4|0x0000000080400000, 0x0000000080500000, 0x0000000080500000|100%|HC|  |TAMS 0x0000000080500000, 0x0000000080400000| Complete 
|   5|0x0000000080500000, 0x0000000080600000, 0x0000000080600000|100%|HC|  |TAMS 0x0000000080600000, 0x0000000080500000| Complete 
|   6|0x0000000080600000, 0x0000000080700000, 0x0000000080700000|100%| O|  |TAMS 0x0000000080700000, 0x0000000080600000| Updating 
|   7|0x0000000080700000, 0x0000000080800000, 0x0000000080800000|100%| O|  |TAMS 0x0000000080800000, 0x0000000080700000| Updating 
|   8|0x0000000080800000, 0x0000000080900000, 0x0000000080900000|100%| O|  |TAMS 0x0000000080900000, 0x0000000080800000| Updating 
|   9|0x0000000080900000, 0x0000000080a00000, 0x0000000080a00000|100%| O|  |TAMS 0x0000000080a00000, 0x0000000080900000| Updating 
|  10|0x0000000080a00000, 0x0000000080b00000, 0x0000000080b00000|100%| O|  |TAMS 0x0000000080b00000, 0x0000000080a00000| Updating 
|  11|0x0000000080b00000, 0x0000000080c00000, 0x0000000080c00000|100%| O|  |TAMS 0x0000000080c00000, 0x0000000080b00000| Updating 
|  12|0x0000000080c00000, 0x0000000080d00000, 0x0000000080d00000|100%| O|  |TAMS 0x0000000080d00000, 0x0000000080c00000| Updating 
|  13|0x0000000080d00000, 0x0000000080e00000, 0x0000000080e00000|100%| O|  |TAMS 0x0000000080e00000, 0x0000000080d00000| Updating 
|  14|0x0000000080e00000, 0x0000000080f00000, 0x0000000080f00000|100%| O|  |TAMS 0x0000000080f00000, 0x0000000080e00000| Updating 
|  15|0x0000000080f00000, 0x0000000081000000, 0x0000000081000000|100%| O|  |TAMS 0x0000000081000000, 0x0000000080f00000| Updating 
|  16|0x0000000081000000, 0x0000000081100000, 0x0000000081100000|100%| O|  |TAMS 0x0000000081100000, 0x0000000081000000| Updating 
|  17|0x0000000081100000, 0x0000000081200000, 0x0000000081200000|100%|HS|  |TAMS 0x0000000081200000, 0x0000000081100000| Complete 
|  18|0x0000000081200000, 0x0000000081300000, 0x0000000081300000|100%|HC|  |TAMS 0x0000000081300000, 0x0000000081200000| Complete 
|  19|0x0000000081300000, 0x0000000081400000, 0x0000000081400000|100%|HS|  |TAMS 0x0000000081400000, 0x0000000081300000| Complete 
|  20|0x0000000081400000, 0x0000000081500000, 0x0000000081500000|100%|HC|  |TAMS 0x0000000081500000, 0x0000000081400000| Complete 
|  21|0x0000000081500000, 0x0000000081600000, 0x0000000081600000|100%|HC|  |TAMS 0x0000000081600000, 0x0000000081500000| Complete 
|  22|0x0000000081600000, 0x0000000081700000, 0x0000000081700000|100%|HS|  |TAMS 0x0000000081700000, 0x0000000081600000| Complete 
|  23|0x0000000081700000, 0x0000000081800000, 0x0000000081800000|100%|HC|  |TAMS 0x0000000081800000, 0x0000000081700000| Complete 
|  24|0x0000000081800000, 0x0000000081900000, 0x0000000081900000|100%|HC|  |TAMS 0x0000000081900000, 0x0000000081800000| Complete 
|  25|0x0000000081900000, 0x0000000081a00000, 0x0000000081a00000|100%|HS|  |TAMS 0x0000000081a00000, 0x0000000081900000| Complete 
|  26|0x0000000081a00000, 0x0000000081b00000, 0x0000000081b00000|100%|HC|  |TAMS 0x0000000081b00000, 0x0000000081a00000| Complete 
|  27|0x0000000081b00000, 0x0000000081c00000, 0x0000000081c00000|100%|HC|  |TAMS 0x0000000081c00000, 0x0000000081b00000| Complete 
|  28|0x0000000081c00000, 0x0000000081d00000, 0x0000000081d00000|100%|HC|  |TAMS 0x0000000081d00000, 0x0000000081c00000| Complete 
|  29|0x0000000081d00000, 0x0000000081e00000, 0x0000000081e00000|100%|HC|  |TAMS 0x0000000081e00000, 0x0000000081d00000| Complete 
|  30|0x0000000081e00000, 0x0000000081f00000, 0x0000000081f00000|100%|HS|  |TAMS 0x0000000081f00000, 0x0000000081e00000| Complete 
|  31|0x0000000081f00000, 0x0000000082000000, 0x0000000082000000|100%| O|  |TAMS 0x0000000082000000, 0x0000000081f00000| Updating 
|  32|0x0000000082000000, 0x0000000082100000, 0x0000000082100000|100%| O|  |TAMS 0x0000000082100000, 0x0000000082000000| Updating 
|  33|0x0000000082100000, 0x0000000082200000, 0x0000000082200000|100%| O|  |TAMS 0x0000000082200000, 0x0000000082100000| Updating 
|  34|0x0000000082200000, 0x0000000082300000, 0x0000000082300000|100%| O|  |TAMS 0x0000000082300000, 0x0000000082200000| Updating 
|  35|0x0000000082300000, 0x0000000082400000, 0x0000000082400000|100%| O|  |TAMS 0x0000000082400000, 0x0000000082300000| Updating 
|  36|0x0000000082400000, 0x0000000082500000, 0x0000000082500000|100%|HS|  |TAMS 0x0000000082500000, 0x0000000082400000| Complete 
|  37|0x0000000082500000, 0x0000000082600000, 0x0000000082600000|100%|HC|  |TAMS 0x0000000082600000, 0x0000000082500000| Complete 
|  38|0x0000000082600000, 0x0000000082700000, 0x0000000082700000|100%| O|  |TAMS 0x0000000082700000, 0x0000000082600000| Updating 
|  39|0x0000000082700000, 0x0000000082800000, 0x0000000082800000|100%| O|  |TAMS 0x0000000082800000, 0x0000000082700000| Updating 
|  40|0x0000000082800000, 0x0000000082900000, 0x0000000082900000|100%| O|  |TAMS 0x0000000082900000, 0x0000000082800000| Updating 
|  41|0x0000000082900000, 0x0000000082a00000, 0x0000000082a00000|100%| O|  |TAMS 0x0000000082a00000, 0x0000000082900000| Updating 
|  42|0x0000000082a00000, 0x0000000082b00000, 0x0000000082b00000|100%| O|  |TAMS 0x0000000082b00000, 0x0000000082a00000| Updating 
|  43|0x0000000082b00000, 0x0000000082c00000, 0x0000000082c00000|100%|HS|  |TAMS 0x0000000082c00000, 0x0000000082b00000| Complete 
|  44|0x0000000082c00000, 0x0000000082d00000, 0x0000000082d00000|100%|HC|  |TAMS 0x0000000082d00000, 0x0000000082c00000| Complete 
|  45|0x0000000082d00000, 0x0000000082e00000, 0x0000000082e00000|100%|HC|  |TAMS 0x0000000082e00000, 0x0000000082d00000| Complete 
|  46|0x0000000082e00000, 0x0000000082f00000, 0x0000000082f00000|100%|HS|  |TAMS 0x0000000082f00000, 0x0000000082e00000| Complete 
|  47|0x0000000082f00000, 0x0000000083000000, 0x0000000083000000|100%|HC|  |TAMS 0x0000000083000000, 0x0000000082f00000| Complete 
|  48|0x0000000083000000, 0x0000000083100000, 0x0000000083100000|100%|HC|  |TAMS 0x0000000083100000, 0x0000000083000000| Complete 
|  49|0x0000000083100000, 0x0000000083200000, 0x0000000083200000|100%|HC|  |TAMS 0x0000000083200000, 0x0000000083100000| Complete 
|  50|0x0000000083200000, 0x0000000083300000, 0x0000000083300000|100%|HS|  |TAMS 0x0000000083300000, 0x0000000083200000| Complete 
|  51|0x0000000083300000, 0x0000000083400000, 0x0000000083400000|100%|HC|  |TAMS 0x0000000083400000, 0x0000000083300000| Complete 
|  52|0x0000000083400000, 0x0000000083500000, 0x0000000083500000|100%|HC|  |TAMS 0x0000000083500000, 0x0000000083400000| Complete 
|  53|0x0000000083500000, 0x0000000083600000, 0x0000000083600000|100%| O|  |TAMS 0x0000000083600000, 0x0000000083500000| Updating 
|  54|0x0000000083600000, 0x0000000083700000, 0x0000000083700000|100%| O|  |TAMS 0x0000000083700000, 0x0000000083600000| Updating 
|  55|0x0000000083700000, 0x0000000083800000, 0x0000000083800000|100%| O|  |TAMS 0x0000000083800000, 0x0000000083700000| Updating 
|  56|0x0000000083800000, 0x0000000083900000, 0x0000000083900000|100%| O|  |TAMS 0x0000000083900000, 0x0000000083800000| Updating 
|  57|0x0000000083900000, 0x0000000083a00000, 0x0000000083a00000|100%| O|  |TAMS 0x0000000083a00000, 0x0000000083900000| Updating 
|  58|0x0000000083a00000, 0x0000000083b00000, 0x0000000083b00000|100%| O|  |TAMS 0x0000000083b00000, 0x0000000083a00000| Updating 
|  59|0x0000000083b00000, 0x0000000083c00000, 0x0000000083c00000|100%| O|  |TAMS 0x0000000083c00000, 0x0000000083b00000| Updating 
|  60|0x0000000083c00000, 0x0000000083d00000, 0x0000000083d00000|100%| O|  |TAMS 0x0000000083d00000, 0x0000000083c00000| Updating 
|  61|0x0000000083d00000, 0x0000000083e00000, 0x0000000083e00000|100%| O|  |TAMS 0x0000000083e00000, 0x0000000083d00000| Updating 
|  62|0x0000000083e00000, 0x0000000083f00000, 0x0000000083f00000|100%| O|  |TAMS 0x0000000083f00000, 0x0000000083e00000| Updating 
|  63|0x0000000083f00000, 0x0000000084000000, 0x0000000084000000|100%| O|  |TAMS 0x0000000084000000, 0x0000000083f00000| Updating 
|  64|0x0000000084000000, 0x0000000084100000, 0x0000000084100000|100%| O|  |TAMS 0x0000000084100000, 0x0000000084000000| Updating 
|  65|0x0000000084100000, 0x0000000084200000, 0x0000000084200000|100%| O|  |TAMS 0x0000000084200000, 0x0000000084100000| Updating 
|  66|0x0000000084200000, 0x0000000084300000, 0x0000000084300000|100%|HS|  |TAMS 0x0000000084300000, 0x0000000084200000| Complete 
|  67|0x0000000084300000, 0x0000000084400000, 0x0000000084400000|100%|HC|  |TAMS 0x0000000084400000, 0x0000000084300000| Complete 
|  68|0x0000000084400000, 0x0000000084500000, 0x0000000084500000|100%|HC|  |TAMS 0x0000000084500000, 0x0000000084400000| Complete 
|  69|0x0000000084500000, 0x0000000084600000, 0x0000000084600000|100%|HC|  |TAMS 0x0000000084600000, 0x0000000084500000| Complete 
|  70|0x0000000084600000, 0x0000000084700000, 0x0000000084700000|100%|HC|  |TAMS 0x0000000084700000, 0x0000000084600000| Complete 
|  71|0x0000000084700000, 0x0000000084800000, 0x0000000084800000|100%| O|  |TAMS 0x0000000084800000, 0x0000000084700000| Updating 
|  72|0x0000000084800000, 0x0000000084900000, 0x0000000084900000|100%| O|  |TAMS 0x0000000084900000, 0x0000000084800000| Updating 
|  73|0x0000000084900000, 0x0000000084a00000, 0x0000000084a00000|100%| O|  |TAMS 0x0000000084a00000, 0x0000000084900000| Updating 
|  74|0x0000000084a00000, 0x0000000084b00000, 0x0000000084b00000|100%| O|  |TAMS 0x0000000084b00000, 0x0000000084a00000| Updating 
|  75|0x0000000084b00000, 0x0000000084c00000, 0x0000000084c00000|100%| O|  |TAMS 0x0000000084c00000, 0x0000000084b00000| Updating 
|  76|0x0000000084c00000, 0x0000000084d00000, 0x0000000084d00000|100%| O|  |TAMS 0x0000000084d00000, 0x0000000084c00000| Updating 
|  77|0x0000000084d00000, 0x0000000084e00000, 0x0000000084e00000|100%|HS|  |TAMS 0x0000000084e00000, 0x0000000084d00000| Complete 
|  78|0x0000000084e00000, 0x0000000084f00000, 0x0000000084f00000|100%|HS|  |TAMS 0x0000000084f00000, 0x0000000084e00000| Complete 
|  79|0x0000000084f00000, 0x0000000085000000, 0x0000000085000000|100%| O|  |TAMS 0x0000000085000000, 0x0000000084f00000| Updating 
|  80|0x0000000085000000, 0x0000000085100000, 0x0000000085100000|100%| O|  |TAMS 0x0000000085100000, 0x0000000085000000| Updating 
|  81|0x0000000085100000, 0x0000000085200000, 0x0000000085200000|100%| O|  |TAMS 0x0000000085200000, 0x0000000085100000| Updating 
|  82|0x0000000085200000, 0x0000000085300000, 0x0000000085300000|100%| O|  |TAMS 0x0000000085300000, 0x0000000085200000| Updating 
|  83|0x0000000085300000, 0x0000000085400000, 0x0000000085400000|100%| O|  |TAMS 0x0000000085400000, 0x0000000085300000| Updating 
|  84|0x0000000085400000, 0x0000000085500000, 0x0000000085500000|100%| O|  |TAMS 0x0000000085500000, 0x0000000085400000| Updating 
|  85|0x0000000085500000, 0x0000000085600000, 0x0000000085600000|100%| O|  |TAMS 0x0000000085600000, 0x0000000085500000| Updating 
|  86|0x0000000085600000, 0x0000000085700000, 0x0000000085700000|100%| O|  |TAMS 0x0000000085700000, 0x0000000085600000| Updating 
|  87|0x0000000085700000, 0x0000000085800000, 0x0000000085800000|100%| O|  |TAMS 0x0000000085800000, 0x0000000085700000| Updating 
|  88|0x0000000085800000, 0x0000000085900000, 0x0000000085900000|100%|HS|  |TAMS 0x0000000085900000, 0x0000000085800000| Complete 
|  89|0x0000000085900000, 0x0000000085a00000, 0x0000000085a00000|100%|HC|  |TAMS 0x0000000085a00000, 0x0000000085900000| Complete 
|  90|0x0000000085a00000, 0x0000000085b00000, 0x0000000085b00000|100%| O|  |TAMS 0x0000000085b00000, 0x0000000085a00000| Updating 
|  91|0x0000000085b00000, 0x0000000085c00000, 0x0000000085c00000|100%| O|  |TAMS 0x0000000085c00000, 0x0000000085b00000| Updating 
|  92|0x0000000085c00000, 0x0000000085d00000, 0x0000000085d00000|100%| O|  |TAMS 0x0000000085d00000, 0x0000000085c00000| Updating 
|  93|0x0000000085d00000, 0x0000000085e00000, 0x0000000085e00000|100%| O|  |TAMS 0x0000000085e00000, 0x0000000085d00000| Updating 
|  94|0x0000000085e00000, 0x0000000085f00000, 0x0000000085f00000|100%| O|  |TAMS 0x0000000085f00000, 0x0000000085e00000| Updating 
|  95|0x0000000085f00000, 0x0000000086000000, 0x0000000086000000|100%| O|  |TAMS 0x0000000086000000, 0x0000000085f00000| Updating 
|  96|0x0000000086000000, 0x0000000086100000, 0x0000000086100000|100%| O|  |TAMS 0x0000000086100000, 0x0000000086000000| Updating 
|  97|0x0000000086100000, 0x0000000086200000, 0x0000000086200000|100%| O|  |TAMS 0x0000000086200000, 0x0000000086100000| Updating 
|  98|0x0000000086200000, 0x0000000086300000, 0x0000000086300000|100%| O|  |TAMS 0x0000000086300000, 0x0000000086200000| Updating 
|  99|0x0000000086300000, 0x0000000086400000, 0x0000000086400000|100%| O|  |TAMS 0x0000000086400000, 0x0000000086300000| Updating 
| 100|0x0000000086400000, 0x0000000086500000, 0x0000000086500000|100%| O|  |TAMS 0x0000000086500000, 0x0000000086400000| Updating 
| 101|0x0000000086500000, 0x0000000086600000, 0x0000000086600000|100%| O|  |TAMS 0x0000000086600000, 0x0000000086500000| Updating 
| 102|0x0000000086600000, 0x0000000086700000, 0x0000000086700000|100%| O|  |TAMS 0x0000000086700000, 0x0000000086600000| Updating 
| 103|0x0000000086700000, 0x00000000867c1600, 0x0000000086800000| 75%| O|  |TAMS 0x00000000867c1600, 0x0000000086700000| Updating 
| 104|0x0000000086800000, 0x0000000086900000, 0x0000000086900000|100%|HS|  |TAMS 0x0000000086800000, 0x0000000086800000| Complete 
| 105|0x0000000086900000, 0x0000000086a00000, 0x0000000086a00000|100%|HC|  |TAMS 0x0000000086900000, 0x0000000086900000| Complete 
| 106|0x0000000086a00000, 0x0000000086b00000, 0x0000000086b00000|100%|HC|  |TAMS 0x0000000086a00000, 0x0000000086a00000| Complete 
| 107|0x0000000086b00000, 0x0000000086c00000, 0x0000000086c00000|100%|HC|  |TAMS 0x0000000086b00000, 0x0000000086b00000| Complete 
| 108|0x0000000086c00000, 0x0000000086d00000, 0x0000000086d00000|100%|HS|  |TAMS 0x0000000086c00000, 0x0000000086c00000| Complete 
| 109|0x0000000086d00000, 0x0000000086e00000, 0x0000000086e00000|100%|HC|  |TAMS 0x0000000086d00000, 0x0000000086d00000| Complete 
| 110|0x0000000086e00000, 0x0000000086e00000, 0x0000000086f00000|  0%| F|  |TAMS 0x0000000086e00000, 0x0000000086e00000| Untracked 
| 111|0x0000000086f00000, 0x0000000086f00000, 0x0000000087000000|  0%| F|  |TAMS 0x0000000086f00000, 0x0000000086f00000| Untracked 
| 112|0x0000000087000000, 0x0000000087000000, 0x0000000087100000|  0%| F|  |TAMS 0x0000000087000000, 0x0000000087000000| Untracked 
| 113|0x0000000087100000, 0x0000000087100000, 0x0000000087200000|  0%| F|  |TAMS 0x0000000087100000, 0x0000000087100000| Untracked 
| 114|0x0000000087200000, 0x0000000087200000, 0x0000000087300000|  0%| F|  |TAMS 0x0000000087200000, 0x0000000087200000| Untracked 
| 115|0x0000000087300000, 0x0000000087300000, 0x0000000087400000|  0%| F|  |TAMS 0x0000000087300000, 0x0000000087300000| Untracked 
| 116|0x0000000087400000, 0x0000000087400000, 0x0000000087500000|  0%| F|  |TAMS 0x0000000087400000, 0x0000000087400000| Untracked 
| 117|0x0000000087500000, 0x0000000087500000, 0x0000000087600000|  0%| F|  |TAMS 0x0000000087500000, 0x0000000087500000| Untracked 
| 118|0x0000000087600000, 0x0000000087600000, 0x0000000087700000|  0%| F|  |TAMS 0x0000000087600000, 0x0000000087600000| Untracked 
| 119|0x0000000087700000, 0x0000000087700000, 0x0000000087800000|  0%| F|  |TAMS 0x0000000087700000, 0x0000000087700000| Untracked 
| 120|0x0000000087800000, 0x0000000087800000, 0x0000000087900000|  0%| F|  |TAMS 0x0000000087800000, 0x0000000087800000| Untracked 
| 121|0x0000000087900000, 0x0000000087900000, 0x0000000087a00000|  0%| F|  |TAMS 0x0000000087900000, 0x0000000087900000| Untracked 
| 122|0x0000000087a00000, 0x0000000087a00000, 0x0000000087b00000|  0%| F|  |TAMS 0x0000000087a00000, 0x0000000087a00000| Untracked 
| 123|0x0000000087b00000, 0x0000000087b00000, 0x0000000087c00000|  0%| F|  |TAMS 0x0000000087b00000, 0x0000000087b00000| Untracked 
| 124|0x0000000087c00000, 0x0000000087c00000, 0x0000000087d00000|  0%| F|  |TAMS 0x0000000087c00000, 0x0000000087c00000| Untracked 
| 125|0x0000000087d00000, 0x0000000087d00000, 0x0000000087e00000|  0%| F|  |TAMS 0x0000000087d00000, 0x0000000087d00000| Untracked 
| 126|0x0000000087e00000, 0x0000000087e00000, 0x0000000087f00000|  0%| F|  |TAMS 0x0000000087e00000, 0x0000000087e00000| Untracked 
| 127|0x0000000087f00000, 0x0000000087f00000, 0x0000000088000000|  0%| F|  |TAMS 0x0000000087f00000, 0x0000000087f00000| Untracked 
| 128|0x0000000088000000, 0x0000000088000000, 0x0000000088100000|  0%| F|  |TAMS 0x0000000088000000, 0x0000000088000000| Untracked 
| 129|0x0000000088100000, 0x0000000088100000, 0x0000000088200000|  0%| F|  |TAMS 0x0000000088100000, 0x0000000088100000| Untracked 
| 130|0x0000000088200000, 0x0000000088200000, 0x0000000088300000|  0%| F|  |TAMS 0x0000000088200000, 0x0000000088200000| Untracked 
| 131|0x0000000088300000, 0x0000000088300000, 0x0000000088400000|  0%| F|  |TAMS 0x0000000088300000, 0x0000000088300000| Untracked 
| 132|0x0000000088400000, 0x0000000088400000, 0x0000000088500000|  0%| F|  |TAMS 0x0000000088400000, 0x0000000088400000| Untracked 
| 133|0x0000000088500000, 0x0000000088500000, 0x0000000088600000|  0%| F|  |TAMS 0x0000000088500000, 0x0000000088500000| Untracked 
| 134|0x0000000088600000, 0x0000000088600000, 0x0000000088700000|  0%| F|  |TAMS 0x0000000088600000, 0x0000000088600000| Untracked 
| 135|0x0000000088700000, 0x0000000088700000, 0x0000000088800000|  0%| F|  |TAMS 0x0000000088700000, 0x0000000088700000| Untracked 
| 136|0x0000000088800000, 0x0000000088800000, 0x0000000088900000|  0%| F|  |TAMS 0x0000000088800000, 0x0000000088800000| Untracked 
| 137|0x0000000088900000, 0x0000000088900000, 0x0000000088a00000|  0%| F|  |TAMS 0x0000000088900000, 0x0000000088900000| Untracked 
| 138|0x0000000088a00000, 0x0000000088a00000, 0x0000000088b00000|  0%| F|  |TAMS 0x0000000088a00000, 0x0000000088a00000| Untracked 
| 139|0x0000000088b00000, 0x0000000088b00000, 0x0000000088c00000|  0%| F|  |TAMS 0x0000000088b00000, 0x0000000088b00000| Untracked 
| 140|0x0000000088c00000, 0x0000000088c00000, 0x0000000088d00000|  0%| F|  |TAMS 0x0000000088c00000, 0x0000000088c00000| Untracked 
| 141|0x0000000088d00000, 0x0000000088d00000, 0x0000000088e00000|  0%| F|  |TAMS 0x0000000088d00000, 0x0000000088d00000| Untracked 
| 142|0x0000000088e00000, 0x0000000088e00000, 0x0000000088f00000|  0%| F|  |TAMS 0x0000000088e00000, 0x0000000088e00000| Untracked 
| 143|0x0000000088f00000, 0x0000000088f00000, 0x0000000089000000|  0%| F|  |TAMS 0x0000000088f00000, 0x0000000088f00000| Untracked 
| 144|0x0000000089000000, 0x0000000089000000, 0x0000000089100000|  0%| F|  |TAMS 0x0000000089000000, 0x0000000089000000| Untracked 
| 145|0x0000000089100000, 0x0000000089100000, 0x0000000089200000|  0%| F|  |TAMS 0x0000000089100000, 0x0000000089100000| Untracked 
| 146|0x0000000089200000, 0x0000000089200000, 0x0000000089300000|  0%| F|  |TAMS 0x0000000089200000, 0x0000000089200000| Untracked 
| 147|0x0000000089300000, 0x0000000089300000, 0x0000000089400000|  0%| F|  |TAMS 0x0000000089300000, 0x0000000089300000| Untracked 
| 148|0x0000000089400000, 0x0000000089400000, 0x0000000089500000|  0%| F|  |TAMS 0x0000000089400000, 0x0000000089400000| Untracked 
| 149|0x0000000089500000, 0x0000000089500000, 0x0000000089600000|  0%| F|  |TAMS 0x0000000089500000, 0x0000000089500000| Untracked 
| 150|0x0000000089600000, 0x0000000089600000, 0x0000000089700000|  0%| F|  |TAMS 0x0000000089600000, 0x0000000089600000| Untracked 
| 151|0x0000000089700000, 0x0000000089700000, 0x0000000089800000|  0%| F|  |TAMS 0x0000000089700000, 0x0000000089700000| Untracked 
| 152|0x0000000089800000, 0x0000000089800000, 0x0000000089900000|  0%| F|  |TAMS 0x0000000089800000, 0x0000000089800000| Untracked 
| 153|0x0000000089900000, 0x0000000089900000, 0x0000000089a00000|  0%| F|  |TAMS 0x0000000089900000, 0x0000000089900000| Untracked 
| 154|0x0000000089a00000, 0x0000000089a00000, 0x0000000089b00000|  0%| F|  |TAMS 0x0000000089a00000, 0x0000000089a00000| Untracked 
| 155|0x0000000089b00000, 0x0000000089b00000, 0x0000000089c00000|  0%| F|  |TAMS 0x0000000089b00000, 0x0000000089b00000| Untracked 
| 156|0x0000000089c00000, 0x0000000089c00000, 0x0000000089d00000|  0%| F|  |TAMS 0x0000000089c00000, 0x0000000089c00000| Untracked 
| 157|0x0000000089d00000, 0x0000000089d00000, 0x0000000089e00000|  0%| F|  |TAMS 0x0000000089d00000, 0x0000000089d00000| Untracked 
| 158|0x0000000089e00000, 0x0000000089e00000, 0x0000000089f00000|  0%| F|  |TAMS 0x0000000089e00000, 0x0000000089e00000| Untracked 
| 159|0x0000000089f00000, 0x0000000089f00000, 0x000000008a000000|  0%| F|  |TAMS 0x0000000089f00000, 0x0000000089f00000| Untracked 
| 160|0x000000008a000000, 0x000000008a000000, 0x000000008a100000|  0%| F|  |TAMS 0x000000008a000000, 0x000000008a000000| Untracked 
| 161|0x000000008a100000, 0x000000008a1cd290, 0x000000008a200000| 80%| S|CS|TAMS 0x000000008a100000, 0x000000008a100000| Complete 
| 162|0x000000008a200000, 0x000000008a300000, 0x000000008a300000|100%| S|CS|TAMS 0x000000008a200000, 0x000000008a200000| Complete 
| 163|0x000000008a300000, 0x000000008a400000, 0x000000008a400000|100%| S|CS|TAMS 0x000000008a300000, 0x000000008a300000| Complete 
| 164|0x000000008a400000, 0x000000008a500000, 0x000000008a500000|100%| S|CS|TAMS 0x000000008a400000, 0x000000008a400000| Complete 
| 165|0x000000008a500000, 0x000000008a600000, 0x000000008a600000|100%| S|CS|TAMS 0x000000008a500000, 0x000000008a500000| Complete 
| 166|0x000000008a600000, 0x000000008a600000, 0x000000008a700000|  0%| F|  |TAMS 0x000000008a600000, 0x000000008a600000| Untracked 
| 167|0x000000008a700000, 0x000000008a700000, 0x000000008a800000|  0%| F|  |TAMS 0x000000008a700000, 0x000000008a700000| Untracked 
| 168|0x000000008a800000, 0x000000008a800000, 0x000000008a900000|  0%| F|  |TAMS 0x000000008a800000, 0x000000008a800000| Untracked 
| 169|0x000000008a900000, 0x000000008a900000, 0x000000008aa00000|  0%| F|  |TAMS 0x000000008a900000, 0x000000008a900000| Untracked 
| 170|0x000000008aa00000, 0x000000008aa00000, 0x000000008ab00000|  0%| F|  |TAMS 0x000000008aa00000, 0x000000008aa00000| Untracked 
| 171|0x000000008ab00000, 0x000000008ab00000, 0x000000008ac00000|  0%| F|  |TAMS 0x000000008ab00000, 0x000000008ab00000| Untracked 
| 172|0x000000008ac00000, 0x000000008ac00000, 0x000000008ad00000|  0%| F|  |TAMS 0x000000008ac00000, 0x000000008ac00000| Untracked 
| 173|0x000000008ad00000, 0x000000008ad00000, 0x000000008ae00000|  0%| F|  |TAMS 0x000000008ad00000, 0x000000008ad00000| Untracked 
| 174|0x000000008ae00000, 0x000000008ae00000, 0x000000008af00000|  0%| F|  |TAMS 0x000000008ae00000, 0x000000008ae00000| Untracked 
| 175|0x000000008af00000, 0x000000008af00000, 0x000000008b000000|  0%| F|  |TAMS 0x000000008af00000, 0x000000008af00000| Untracked 
| 176|0x000000008b000000, 0x000000008b000000, 0x000000008b100000|  0%| F|  |TAMS 0x000000008b000000, 0x000000008b000000| Untracked 
| 177|0x000000008b100000, 0x000000008b100000, 0x000000008b200000|  0%| F|  |TAMS 0x000000008b100000, 0x000000008b100000| Untracked 
| 178|0x000000008b200000, 0x000000008b200000, 0x000000008b300000|  0%| F|  |TAMS 0x000000008b200000, 0x000000008b200000| Untracked 
| 179|0x000000008b300000, 0x000000008b300000, 0x000000008b400000|  0%| F|  |TAMS 0x000000008b300000, 0x000000008b300000| Untracked 
| 180|0x000000008b400000, 0x000000008b400000, 0x000000008b500000|  0%| F|  |TAMS 0x000000008b400000, 0x000000008b400000| Untracked 
| 181|0x000000008b500000, 0x000000008b500000, 0x000000008b600000|  0%| F|  |TAMS 0x000000008b500000, 0x000000008b500000| Untracked 
| 182|0x000000008b600000, 0x000000008b600000, 0x000000008b700000|  0%| F|  |TAMS 0x000000008b600000, 0x000000008b600000| Untracked 
| 183|0x000000008b700000, 0x000000008b700000, 0x000000008b800000|  0%| F|  |TAMS 0x000000008b700000, 0x000000008b700000| Untracked 
| 184|0x000000008b800000, 0x000000008b800000, 0x000000008b900000|  0%| F|  |TAMS 0x000000008b800000, 0x000000008b800000| Untracked 
| 185|0x000000008b900000, 0x000000008b900000, 0x000000008ba00000|  0%| F|  |TAMS 0x000000008b900000, 0x000000008b900000| Untracked 
| 186|0x000000008ba00000, 0x000000008ba00000, 0x000000008bb00000|  0%| F|  |TAMS 0x000000008ba00000, 0x000000008ba00000| Untracked 
| 187|0x000000008bb00000, 0x000000008bb00000, 0x000000008bc00000|  0%| F|  |TAMS 0x000000008bb00000, 0x000000008bb00000| Untracked 
| 188|0x000000008bc00000, 0x000000008bc00000, 0x000000008bd00000|  0%| F|  |TAMS 0x000000008bc00000, 0x000000008bc00000| Untracked 
| 189|0x000000008bd00000, 0x000000008bd00000, 0x000000008be00000|  0%| F|  |TAMS 0x000000008bd00000, 0x000000008bd00000| Untracked 
| 190|0x000000008be00000, 0x000000008be00000, 0x000000008bf00000|  0%| F|  |TAMS 0x000000008be00000, 0x000000008be00000| Untracked 
| 191|0x000000008bf00000, 0x000000008bf00000, 0x000000008c000000|  0%| F|  |TAMS 0x000000008bf00000, 0x000000008bf00000| Untracked 
| 192|0x000000008c000000, 0x000000008c000000, 0x000000008c100000|  0%| F|  |TAMS 0x000000008c000000, 0x000000008c000000| Untracked 
| 193|0x000000008c100000, 0x000000008c100000, 0x000000008c200000|  0%| F|  |TAMS 0x000000008c100000, 0x000000008c100000| Untracked 
| 194|0x000000008c200000, 0x000000008c200000, 0x000000008c300000|  0%| F|  |TAMS 0x000000008c200000, 0x000000008c200000| Untracked 
| 195|0x000000008c300000, 0x000000008c300000, 0x000000008c400000|  0%| F|  |TAMS 0x000000008c300000, 0x000000008c300000| Untracked 
| 196|0x000000008c400000, 0x000000008c400000, 0x000000008c500000|  0%| F|  |TAMS 0x000000008c400000, 0x000000008c400000| Untracked 
| 197|0x000000008c500000, 0x000000008c500000, 0x000000008c600000|  0%| F|  |TAMS 0x000000008c500000, 0x000000008c500000| Untracked 
| 198|0x000000008c600000, 0x000000008c600000, 0x000000008c700000|  0%| F|  |TAMS 0x000000008c600000, 0x000000008c600000| Untracked 
| 199|0x000000008c700000, 0x000000008c700000, 0x000000008c800000|  0%| F|  |TAMS 0x000000008c700000, 0x000000008c700000| Untracked 
| 200|0x000000008c800000, 0x000000008c800000, 0x000000008c900000|  0%| F|  |TAMS 0x000000008c800000, 0x000000008c800000| Untracked 
| 201|0x000000008c900000, 0x000000008c900000, 0x000000008ca00000|  0%| F|  |TAMS 0x000000008c900000, 0x000000008c900000| Untracked 
| 202|0x000000008ca00000, 0x000000008ca00000, 0x000000008cb00000|  0%| F|  |TAMS 0x000000008ca00000, 0x000000008ca00000| Untracked 
| 203|0x000000008cb00000, 0x000000008cb00000, 0x000000008cc00000|  0%| F|  |TAMS 0x000000008cb00000, 0x000000008cb00000| Untracked 
| 204|0x000000008cc00000, 0x000000008cc00000, 0x000000008cd00000|  0%| F|  |TAMS 0x000000008cc00000, 0x000000008cc00000| Untracked 
| 205|0x000000008cd00000, 0x000000008cd00000, 0x000000008ce00000|  0%| F|  |TAMS 0x000000008cd00000, 0x000000008cd00000| Untracked 
| 206|0x000000008ce00000, 0x000000008ce00000, 0x000000008cf00000|  0%| F|  |TAMS 0x000000008ce00000, 0x000000008ce00000| Untracked 
| 207|0x000000008cf00000, 0x000000008cf00000, 0x000000008d000000|  0%| F|  |TAMS 0x000000008cf00000, 0x000000008cf00000| Untracked 
| 208|0x000000008d000000, 0x000000008d000000, 0x000000008d100000|  0%| F|  |TAMS 0x000000008d000000, 0x000000008d000000| Untracked 
| 209|0x000000008d100000, 0x000000008d100000, 0x000000008d200000|  0%| F|  |TAMS 0x000000008d100000, 0x000000008d100000| Untracked 
| 210|0x000000008d200000, 0x000000008d200000, 0x000000008d300000|  0%| F|  |TAMS 0x000000008d200000, 0x000000008d200000| Untracked 
| 211|0x000000008d300000, 0x000000008d300000, 0x000000008d400000|  0%| F|  |TAMS 0x000000008d300000, 0x000000008d300000| Untracked 
| 212|0x000000008d400000, 0x000000008d400000, 0x000000008d500000|  0%| F|  |TAMS 0x000000008d400000, 0x000000008d400000| Untracked 
| 213|0x000000008d500000, 0x000000008d500000, 0x000000008d600000|  0%| F|  |TAMS 0x000000008d500000, 0x000000008d500000| Untracked 
| 214|0x000000008d600000, 0x000000008d600000, 0x000000008d700000|  0%| F|  |TAMS 0x000000008d600000, 0x000000008d600000| Untracked 
| 215|0x000000008d700000, 0x000000008d700000, 0x000000008d800000|  0%| F|  |TAMS 0x000000008d700000, 0x000000008d700000| Untracked 
| 216|0x000000008d800000, 0x000000008d800000, 0x000000008d900000|  0%| F|  |TAMS 0x000000008d800000, 0x000000008d800000| Untracked 
| 217|0x000000008d900000, 0x000000008d900000, 0x000000008da00000|  0%| F|  |TAMS 0x000000008d900000, 0x000000008d900000| Untracked 
| 218|0x000000008da00000, 0x000000008da00000, 0x000000008db00000|  0%| F|  |TAMS 0x000000008da00000, 0x000000008da00000| Untracked 
| 219|0x000000008db00000, 0x000000008db00000, 0x000000008dc00000|  0%| F|  |TAMS 0x000000008db00000, 0x000000008db00000| Untracked 
| 220|0x000000008dc00000, 0x000000008dc00000, 0x000000008dd00000|  0%| F|  |TAMS 0x000000008dc00000, 0x000000008dc00000| Untracked 
| 221|0x000000008dd00000, 0x000000008de00000, 0x000000008de00000|100%| E|  |TAMS 0x000000008dd00000, 0x000000008dd00000| Complete 

Card table byte_map: [0x000002d7674b0000,0x000002d7678b0000] _byte_map_base: 0x000002d7670b0000

Marking Bits (Prev, Next): (CMBitMap*) 0x000002d7542ab4a0, (CMBitMap*) 0x000002d7542ab468
 Prev Bits: [0x000002d769cb0000, 0x000002d76bcb0000)
 Next Bits: [0x000002d767cb0000, 0x000002d769cb0000)

Polling page: 0x000002d7521a0000

Metaspace:

Usage:
  Non-class:     69.47 MB capacity,    68.20 MB ( 98%) used,     1.07 MB (  2%) free+waste,   199.50 KB ( <1%) overhead. 
      Class:     10.87 MB capacity,    10.22 MB ( 94%) used,   574.08 KB (  5%) free+waste,    93.75 KB ( <1%) overhead. 
       Both:     80.33 MB capacity,    78.42 MB ( 98%) used,     1.63 MB (  2%) free+waste,   293.25 KB ( <1%) overhead. 

Virtual space:
  Non-class space:       70.00 MB reserved,      69.50 MB (>99%) committed 
      Class space:        1.00 GB reserved,      10.95 MB (  1%) committed 
             Both:        1.07 GB reserved,      80.45 MB (  7%) committed 

Chunk freelists:
   Non-Class:  35.00 KB
       Class:  6.00 KB
        Both:  41.00 KB

MaxMetaspaceSize: 17179869184.00 GB
CompressedClassSpaceSize: 1.00 GB
Initial GC threshold: 20.80 MB
Current GC threshold: 134.08 MB
CDS: off

CodeHeap 'non-profiled nmethods': size=120000Kb used=3441Kb max_used=3441Kb free=116558Kb
 bounds [0x000002d75f850000, 0x000002d75fbb0000, 0x000002d766d80000]
CodeHeap 'profiled nmethods': size=120000Kb used=15765Kb max_used=15765Kb free=104235Kb
 bounds [0x000002d758320000, 0x000002d759290000, 0x000002d75f850000]
CodeHeap 'non-nmethods': size=5760Kb used=2366Kb max_used=2410Kb free=3393Kb
 bounds [0x000002d757d80000, 0x000002d757ff0000, 0x000002d758320000]
 total_blobs=8692 nmethods=7806 adapters=798
 compilation: enabled
              stopped_count=0, restarted_count=0
 full_count=0

Compilation events (20 events):
Event: 17.517 Thread 0x000002d76f07f800 8022       2       java.util.concurrent.locks.ReentrantReadWriteLock$Sync::tryAcquireShared (177 bytes)
Event: 17.519 Thread 0x000002d76f07f800 nmethod 8022 0x000002d759281990 code [0x000002d759281be0, 0x000002d759282368]
Event: 17.519 Thread 0x000002d76f07f800 8023       2       java.util.concurrent.locks.ReentrantReadWriteLock$Sync::sharedCount (5 bytes)
Event: 17.519 Thread 0x000002d76f07f800 nmethod 8023 0x000002d759282810 code [0x000002d7592829c0, 0x000002d759282a98]
Event: 17.519 Thread 0x000002d76f07f800 8024       2       java.util.concurrent.locks.ReentrantReadWriteLock$ReadLock::unlock (10 bytes)
Event: 17.519 Thread 0x000002d76f07f800 nmethod 8024 0x000002d759282b10 code [0x000002d759282ce0, 0x000002d759282e58]
Event: 17.519 Thread 0x000002d76f07f800 8025       2       java.util.concurrent.locks.ReentrantReadWriteLock$Sync::tryReleaseShared (146 bytes)
Event: 17.520 Thread 0x000002d76f07f800 nmethod 8025 0x000002d759282f90 code [0x000002d7592831c0, 0x000002d7592837c8]
Event: 17.520 Thread 0x000002d76f07f800 8026       2       java.util.concurrent.locks.ReentrantReadWriteLock$NonfairSync::readerShouldBlock (5 bytes)
Event: 17.520 Thread 0x000002d76f07f800 nmethod 8026 0x000002d759283c10 code [0x000002d759283dc0, 0x000002d759283ec8]
Event: 17.520 Thread 0x000002d76f07f800 8027       2       java.util.concurrent.locks.AbstractQueuedSynchronizer::apparentlyFirstQueuedIsExclusive (38 bytes)
Event: 17.521 Thread 0x000002d76f07f800 nmethod 8027 0x000002d759283f90 code [0x000002d759284140, 0x000002d7592842b8]
Event: 17.521 Thread 0x000002d76f07f800 8028       1       java.util.concurrent.locks.ReentrantReadWriteLock::writeLock (5 bytes)
Event: 17.521 Thread 0x000002d76f07f800 nmethod 8028 0x000002d75fbac390 code [0x000002d75fbac540, 0x000002d75fbac5f8]
Event: 17.538 Thread 0x000002d76f07f800 8030       2       java.lang.AbstractStringBuilder::append (55 bytes)
Event: 17.539 Thread 0x000002d76f07f800 nmethod 8030 0x000002d759284390 code [0x000002d759284560, 0x000002d759284758]
Event: 17.546 Thread 0x000002d76f07f800 8031       2       java.lang.Integer::stringSize (47 bytes)
Event: 17.546 Thread 0x000002d76f07f800 nmethod 8031 0x000002d759284890 code [0x000002d759284a40, 0x000002d759284bd8]
Event: 17.546 Thread 0x000002d76f07f800 8032       2       java.lang.Integer::getChars (131 bytes)
Event: 17.546 Thread 0x000002d76f07f800 nmethod 8032 0x000002d759284c90 code [0x000002d759284e60, 0x000002d759285178]

GC Heap History (20 events):
Event: 13.106 GC heap before
{Heap before GC invocations=27 (full 0):
 garbage-first heap   total 157696K, used 115857K [0x0000000080000000, 0x0000000100000000)
  region size 1024K, 26 young (26624K), 1 survivors (1024K)
 Metaspace       used 63486K, capacity 65323K, committed 65612K, reserved 1105920K
  class space    used 8098K, capacity 8715K, committed 8780K, reserved 1048576K
}
Event: 13.109 GC heap after
{Heap after GC invocations=28 (full 0):
 garbage-first heap   total 157696K, used 92414K [0x0000000080000000, 0x0000000100000000)
  region size 1024K, 3 young (3072K), 3 survivors (3072K)
 Metaspace       used 63486K, capacity 65323K, committed 65612K, reserved 1105920K
  class space    used 8098K, capacity 8715K, committed 8780K, reserved 1048576K
}
Event: 13.734 GC heap before
{Heap before GC invocations=28 (full 0):
 garbage-first heap   total 157696K, used 118014K [0x0000000080000000, 0x0000000100000000)
  region size 1024K, 28 young (28672K), 3 survivors (3072K)
 Metaspace       used 67504K, capacity 69431K, committed 69580K, reserved 1110016K
  class space    used 8613K, capacity 9335K, committed 9420K, reserved 1048576K
}
Event: 13.743 GC heap after
{Heap after GC invocations=29 (full 0):
 garbage-first heap   total 157696K, used 94966K [0x0000000080000000, 0x0000000100000000)
  region size 1024K, 4 young (4096K), 4 survivors (4096K)
 Metaspace       used 67504K, capacity 69431K, committed 69580K, reserved 1110016K
  class space    used 8613K, capacity 9335K, committed 9420K, reserved 1048576K
}
Event: 13.939 GC heap before
{Heap before GC invocations=30 (full 0):
 garbage-first heap   total 157696K, used 113398K [0x0000000080000000, 0x0000000100000000)
  region size 1024K, 19 young (19456K), 4 survivors (4096K)
 Metaspace       used 67577K, capacity 69489K, committed 69580K, reserved 1110016K
  class space    used 8623K, capacity 9332K, committed 9420K, reserved 1048576K
}
Event: 13.949 GC heap after
{Heap after GC invocations=31 (full 0):
 garbage-first heap   total 189440K, used 101396K [0x0000000080000000, 0x0000000100000000)
  region size 1024K, 4 young (4096K), 4 survivors (4096K)
 Metaspace       used 67577K, capacity 69489K, committed 69580K, reserved 1110016K
  class space    used 8623K, capacity 9332K, committed 9420K, reserved 1048576K
}
Event: 14.654 GC heap before
{Heap before GC invocations=32 (full 0):
 garbage-first heap   total 189440K, used 137236K [0x0000000080000000, 0x0000000100000000)
  region size 1024K, 37 young (37888K), 4 survivors (4096K)
 Metaspace       used 70171K, capacity 72097K, committed 72140K, reserved 1112064K
  class space    used 8944K, capacity 9661K, committed 9676K, reserved 1048576K
}
Event: 14.659 GC heap after
{Heap after GC invocations=33 (full 0):
 garbage-first heap   total 189440K, used 99775K [0x0000000080000000, 0x0000000100000000)
  region size 1024K, 2 young (2048K), 2 survivors (2048K)
 Metaspace       used 70171K, capacity 72097K, committed 72140K, reserved 1112064K
  class space    used 8944K, capacity 9661K, committed 9676K, reserved 1048576K
}
Event: 14.856 GC heap before
{Heap before GC invocations=33 (full 0):
 garbage-first heap   total 189440K, used 113087K [0x0000000080000000, 0x0000000100000000)
  region size 1024K, 16 young (16384K), 2 survivors (2048K)
 Metaspace       used 71271K, capacity 73194K, committed 73292K, reserved 1112064K
  class space    used 9096K, capacity 9791K, committed 9804K, reserved 1048576K
}
Event: 14.860 GC heap after
{Heap after GC invocations=34 (full 0):
 garbage-first heap   total 189440K, used 100589K [0x0000000080000000, 0x0000000100000000)
  region size 1024K, 3 young (3072K), 3 survivors (3072K)
 Metaspace       used 71271K, capacity 73194K, committed 73292K, reserved 1112064K
  class space    used 9096K, capacity 9791K, committed 9804K, reserved 1048576K
}
Event: 15.423 GC heap before
{Heap before GC invocations=35 (full 0):
 garbage-first heap   total 189440K, used 135405K [0x0000000080000000, 0x0000000100000000)
  region size 1024K, 37 young (37888K), 3 survivors (3072K)
 Metaspace       used 72880K, capacity 74934K, committed 75084K, reserved 1114112K
  class space    used 9314K, capacity 10020K, committed 10060K, reserved 1048576K
}
Event: 15.429 GC heap after
{Heap after GC invocations=36 (full 0):
 garbage-first heap   total 189440K, used 102043K [0x0000000080000000, 0x0000000100000000)
  region size 1024K, 4 young (4096K), 4 survivors (4096K)
 Metaspace       used 72880K, capacity 74934K, committed 75084K, reserved 1114112K
  class space    used 9314K, capacity 10020K, committed 10060K, reserved 1048576K
}
Event: 15.872 GC heap before
{Heap before GC invocations=36 (full 0):
 garbage-first heap   total 189440K, used 138907K [0x0000000080000000, 0x0000000100000000)
  region size 1024K, 40 young (40960K), 4 survivors (4096K)
 Metaspace       used 73969K, capacity 76125K, committed 76364K, reserved 1116160K
  class space    used 9441K, capacity 10182K, committed 10316K, reserved 1048576K
}
Event: 15.883 GC heap after
{Heap after GC invocations=37 (full 0):
 garbage-first heap   total 189440K, used 104252K [0x0000000080000000, 0x0000000100000000)
  region size 1024K, 3 young (3072K), 3 survivors (3072K)
 Metaspace       used 73969K, capacity 76125K, committed 76364K, reserved 1116160K
  class space    used 9441K, capacity 10182K, committed 10316K, reserved 1048576K
}
Event: 16.855 GC heap before
{Heap before GC invocations=38 (full 0):
 garbage-first heap   total 189440K, used 142140K [0x0000000080000000, 0x0000000100000000)
  region size 1024K, 40 young (40960K), 3 survivors (3072K)
 Metaspace       used 78271K, capacity 80438K, committed 80588K, reserved 1118208K
  class space    used 10176K, capacity 10931K, committed 10956K, reserved 1048576K
}
Event: 16.864 GC heap after
{Heap after GC invocations=39 (full 0):
 garbage-first heap   total 189440K, used 106266K [0x0000000080000000, 0x0000000100000000)
  region size 1024K, 5 young (5120K), 5 survivors (5120K)
 Metaspace       used 78271K, capacity 80438K, committed 80588K, reserved 1118208K
  class space    used 10176K, capacity 10931K, committed 10956K, reserved 1048576K
}
Event: 17.243 GC heap before
{Heap before GC invocations=39 (full 0):
 garbage-first heap   total 189440K, used 145178K [0x0000000080000000, 0x0000000100000000)
  region size 1024K, 43 young (44032K), 5 survivors (5120K)
 Metaspace       used 79092K, capacity 81187K, committed 81228K, reserved 1120256K
  class space    used 10310K, capacity 11052K, committed 11084K, reserved 1048576K
}
Event: 17.258 GC heap after
{Heap after GC invocations=40 (full 0):
 garbage-first heap   total 189440K, used 109356K [0x0000000080000000, 0x0000000100000000)
  region size 1024K, 6 young (6144K), 6 survivors (6144K)
 Metaspace       used 79092K, capacity 81187K, committed 81228K, reserved 1120256K
  class space    used 10310K, capacity 11052K, committed 11084K, reserved 1048576K
}
Event: 17.687 GC heap before
{Heap before GC invocations=41 (full 0):
 garbage-first heap   total 189440K, used 127788K [0x0000000080000000, 0x0000000100000000)
  region size 1024K, 25 young (25600K), 6 survivors (6144K)
 Metaspace       used 80302K, capacity 82263K, committed 82380K, reserved 1120256K
  class space    used 10462K, capacity 11130K, committed 11212K, reserved 1048576K
}
Event: 17.702 GC heap after
{Heap after GC invocations=42 (full 0):
 garbage-first heap   total 227328K, used 111162K [0x0000000080000000, 0x0000000100000000)
  region size 1024K, 5 young (5120K), 5 survivors (5120K)
 Metaspace       used 80302K, capacity 82263K, committed 82380K, reserved 1120256K
  class space    used 10462K, capacity 11130K, committed 11212K, reserved 1048576K
}

Deoptimization events (20 events):
Event: 17.431 Thread 0x000002d76f837800 Uncommon trap: trap_request=0xffffff4d fr.pc=0x000002d75fa6249c relative=0x00000000000007bc
Event: 17.431 Thread 0x000002d76f837800 Uncommon trap: reason=unstable_if action=reinterpret pc=0x000002d75fa6249c method=org.gradle.util.internal.SimpleMapInterner.intern(Ljava/lang/String;)Ljava/lang/String; @ 1 c2
Event: 17.431 Thread 0x000002d76f837800 DEOPT PACKING pc=0x000002d75fa6249c sp=0x000000e5abaf8870
Event: 17.431 Thread 0x000002d76f837800 DEOPT UNPACKING pc=0x000002d757dca1af sp=0x000000e5abaf8838 mode 2
Event: 17.506 Thread 0x000002d76f837800 Uncommon trap: trap_request=0xffffff4d fr.pc=0x000002d75fb6a354 relative=0x0000000000000ff4
Event: 17.506 Thread 0x000002d76f837800 Uncommon trap: reason=unstable_if action=reinterpret pc=0x000002d75fb6a354 method=java.util.TreeMap.put(Ljava/lang/Object;Ljava/lang/Object;)Ljava/lang/Object; @ 163 c2
Event: 17.506 Thread 0x000002d76f837800 DEOPT PACKING pc=0x000002d75fb6a354 sp=0x000000e5abafb670
Event: 17.506 Thread 0x000002d76f837800 DEOPT UNPACKING pc=0x000002d757dca1af sp=0x000000e5abafb648 mode 2
Event: 17.521 Thread 0x000002d76f837800 Uncommon trap: trap_request=0xffffff4d fr.pc=0x000002d75f92e088 relative=0x00000000000006c8
Event: 17.521 Thread 0x000002d76f837800 Uncommon trap: reason=unstable_if action=reinterpret pc=0x000002d75f92e088 method=java.lang.Integer.stringSize(I)I @ 3 c2
Event: 17.521 Thread 0x000002d76f837800 DEOPT PACKING pc=0x000002d75f92e088 sp=0x000000e5abafc540
Event: 17.521 Thread 0x000002d76f837800 DEOPT UNPACKING pc=0x000002d757dca1af sp=0x000000e5abafc490 mode 2
Event: 17.521 Thread 0x000002d76f837800 Uncommon trap: trap_request=0xffffff4d fr.pc=0x000002d75f91d3f0 relative=0x0000000000000230
Event: 17.521 Thread 0x000002d76f837800 Uncommon trap: reason=unstable_if action=reinterpret pc=0x000002d75f91d3f0 method=java.lang.Integer.getChars(II[B)I @ 4 c2
Event: 17.521 Thread 0x000002d76f837800 DEOPT PACKING pc=0x000002d75f91d3f0 sp=0x000000e5abafc4e0
Event: 17.521 Thread 0x000002d76f837800 DEOPT UNPACKING pc=0x000002d757dca1af sp=0x000000e5abafc470 mode 2
Event: 17.527 Thread 0x000002d76f837800 Uncommon trap: trap_request=0xffffff4d fr.pc=0x000002d75f91b840 relative=0x00000000000000a0
Event: 17.527 Thread 0x000002d76f837800 Uncommon trap: reason=unstable_if action=reinterpret pc=0x000002d75f91b840 method=java.lang.Integer.stringSize(I)I @ 3 c2
Event: 17.527 Thread 0x000002d76f837800 DEOPT PACKING pc=0x000002d75f91b840 sp=0x000000e5abafc480
Event: 17.527 Thread 0x000002d76f837800 DEOPT UNPACKING pc=0x000002d757dca1af sp=0x000000e5abafc408 mode 2

Classes redefined (0 events):
No events

Internal exceptions (20 events):
Event: 17.216 Thread 0x000002d76f837800 Exception <a 'java/lang/ClassNotFoundException'{0x00000000897181b8}: com/google/android/gms/dependencies/DependencyInspectorBeanInfo> (0x00000000897181b8) thrown at [./src/hotspot/share/classfile/systemDictionary.cpp, line 231]
Event: 17.217 Thread 0x000002d76f837800 Exception <a 'java/lang/ClassNotFoundException'{0x00000000897357c0}: com/google/android/gms/dependencies/DependencyInspectorCustomizer> (0x00000000897357c0) thrown at [./src/hotspot/share/classfile/systemDictionary.cpp, line 231]
Event: 17.227 Thread 0x000002d76f837800 Exception <a 'java/lang/ClassNotFoundException'{0x00000000895d70a0}: org/gradle/api/internal/artifacts/configurations/DefaultConfigurationContainer_DecoratedBeanInfo> (0x00000000895d70a0) thrown at [./src/hotspot/share/classfile/systemDictionary.cpp, line 231]
Event: 17.228 Thread 0x000002d76f837800 Exception <a 'java/lang/ClassNotFoundException'{0x0000000089407098}: org/gradle/api/internal/artifacts/configurations/DefaultConfigurationContainerBeanInfo> (0x0000000089407098) thrown at [./src/hotspot/share/classfile/systemDictionary.cpp, line 231]
Event: 17.229 Thread 0x000002d76f837800 Exception <a 'java/lang/ClassNotFoundException'{0x0000000089424710}: org/gradle/api/internal/AbstractValidatingNamedDomainObjectContainerBeanInfo> (0x0000000089424710) thrown at [./src/hotspot/share/classfile/systemDictionary.cpp, line 231]
Event: 17.230 Thread 0x000002d76f837800 Exception <a 'java/lang/ClassNotFoundException'{0x0000000089441fa8}: org/gradle/api/internal/AbstractValidatingNamedDomainObjectContainerCustomizer> (0x0000000089441fa8) thrown at [./src/hotspot/share/classfile/systemDictionary.cpp, line 231]
Event: 17.232 Thread 0x000002d76f837800 Exception <a 'java/lang/ClassNotFoundException'{0x000000008947c940}: org/gradle/api/internal/artifacts/configurations/DefaultConfigurationContainerCustomizer> (0x000000008947c940) thrown at [./src/hotspot/share/classfile/systemDictionary.cpp, line 231]
Event: 17.234 Thread 0x000002d76f837800 Exception <a 'java/lang/ClassNotFoundException'{0x00000000894c2b90}: org/gradle/api/internal/artifacts/configurations/DefaultConfigurationContainer_DecoratedCustomizer> (0x00000000894c2b90) thrown at [./src/hotspot/share/classfile/systemDictionary.cpp, line 231]
Event: 17.264 Thread 0x000002d76f837800 Exception <a 'java/lang/ClassNotFoundException'{0x000000008b733d40}: org/gradle/api/internal/artifacts/configurations/DefaultConfiguration_DecoratedBeanInfo> (0x000000008b733d40) thrown at [./src/hotspot/share/classfile/systemDictionary.cpp, line 231]
Event: 17.266 Thread 0x000002d76f837800 Exception <a 'java/lang/ClassNotFoundException'{0x000000008b762748}: org/gradle/api/internal/artifacts/configurations/DefaultConfigurationBeanInfo> (0x000000008b762748) thrown at [./src/hotspot/share/classfile/systemDictionary.cpp, line 231]
Event: 17.268 Thread 0x000002d76f837800 Exception <a 'java/lang/ClassNotFoundException'{0x000000008b7919b0}: org/gradle/api/internal/artifacts/configurations/DefaultConfigurationCustomizer> (0x000000008b7919b0) thrown at [./src/hotspot/share/classfile/systemDictionary.cpp, line 231]
Event: 17.272 Thread 0x000002d76f837800 Exception <a 'java/lang/ClassNotFoundException'{0x000000008b6246e8}: org/gradle/api/internal/artifacts/configurations/DefaultConfiguration_DecoratedCustomizer> (0x000000008b6246e8) thrown at [./src/hotspot/share/classfile/systemDictionary.cpp, line 231]
Event: 17.289 Thread 0x000002d76f837800 Exception <a 'java/lang/ClassNotFoundException'{0x000000008b4aeb58}: org/codehaus/groovy/runtime/MethodClosureBeanInfo> (0x000000008b4aeb58) thrown at [./src/hotspot/share/classfile/systemDictionary.cpp, line 231]
Event: 17.316 Thread 0x000002d76f837800 Exception <a 'java/lang/ClassNotFoundException'{0x000000008b28a898}: org/codehaus/groovy/runtime/MethodClosureCustomizer> (0x000000008b28a898) thrown at [./src/hotspot/share/classfile/systemDictionary.cpp, line 231]
Event: 17.323 Thread 0x000002d76f837800 Exception <a 'java/lang/ClassNotFoundException'{0x000000008b2fabd0}: org/gradle/api/internal/artifacts/configurations/DefaultConfiguration$ConfigurationResolvableDependencies_DecoratedBeanInfo> (0x000000008b2fabd0) thrown at [./src/hotspot/share/classfile/systemDictionary.cpp, line 231]
Event: 17.325 Thread 0x000002d76f837800 Exception <a 'java/lang/ClassNotFoundException'{0x000000008b132910}: org/gradle/api/internal/artifacts/configurations/DefaultConfiguration$ConfigurationResolvableDependenciesBeanInfo> (0x000000008b132910) thrown at [./src/hotspot/share/classfile/systemDictionary.cpp, line 231]
Event: 17.326 Thread 0x000002d76f837800 Exception <a 'java/lang/ClassNotFoundException'{0x000000008b16bb08}: org/gradle/api/internal/artifacts/configurations/DefaultConfiguration$ConfigurationResolvableDependenciesCustomizer> (0x000000008b16bb08) thrown at [./src/hotspot/share/classfile/systemDictionary.cpp, line 231]
Event: 17.328 Thread 0x000002d76f837800 Exception <a 'java/lang/ClassNotFoundException'{0x000000008b1b6740}: org/gradle/api/internal/artifacts/configurations/DefaultConfiguration$ConfigurationResolvableDependencies_DecoratedCustomizer> (0x000000008b1b6740) thrown at [./src/hotspot/share/classfile/systemDictionary.cpp, line 231]
Event: 17.431 Thread 0x000002d76f837800 Implicit null exception at 0x000002d75fa5df31 to 0x000002d75fa5e6d4
Event: 17.431 Thread 0x000002d76f837800 Implicit null exception at 0x000002d75fa61d14 to 0x000002d75fa62484

Events (20 events):
Event: 17.677 loading class org/jetbrains/plugins/gradle/tooling/serialization/ExternalTestsSerializationService$WriteContext
Event: 17.677 loading class org/jetbrains/plugins/gradle/tooling/serialization/ExternalTestsSerializationService$WriteContext done
Event: 17.677 loading class org/jetbrains/plugins/gradle/tooling/serialization/ExternalTestsSerializationService$ReadContext
Event: 17.677 loading class org/jetbrains/plugins/gradle/tooling/serialization/ExternalTestsSerializationService$ReadContext done
Event: 17.677 loading class org/jetbrains/plugins/gradle/tooling/serialization/AnnotationProcessingModelSerializationService
Event: 17.677 loading class org/jetbrains/plugins/gradle/tooling/serialization/AnnotationProcessingModelSerializationService done
Event: 17.679 loading class org/jetbrains/plugins/gradle/tooling/serialization/AnnotationProcessingModelSerializationService$WriteContext
Event: 17.679 loading class org/jetbrains/plugins/gradle/tooling/serialization/AnnotationProcessingModelSerializationService$WriteContext done
Event: 17.679 loading class org/jetbrains/plugins/gradle/tooling/serialization/AnnotationProcessingModelSerializationService$ReadContext
Event: 17.679 loading class org/jetbrains/plugins/gradle/tooling/serialization/AnnotationProcessingModelSerializationService$ReadContext done
Event: 17.680 loading class org/jetbrains/plugins/gradle/tooling/serialization/ProjectDependenciesSerializationService
Event: 17.680 loading class org/jetbrains/plugins/gradle/tooling/serialization/ProjectDependenciesSerializationService done
Event: 17.681 loading class org/jetbrains/plugins/gradle/tooling/serialization/ProjectDependenciesSerializationService$WriteContext
Event: 17.681 loading class org/jetbrains/plugins/gradle/tooling/serialization/ProjectDependenciesSerializationService$WriteContext done
Event: 17.681 loading class org/jetbrains/plugins/gradle/tooling/serialization/ProjectDependenciesSerializationService$ReadContext
Event: 17.681 loading class org/jetbrains/plugins/gradle/tooling/serialization/ProjectDependenciesSerializationService$ReadContext done
Event: 17.682 loading class org/jetbrains/plugins/gradle/tooling/serialization/KotlinDslScriptsModelSerializationService
Event: 17.682 loading class org/jetbrains/plugins/gradle/tooling/serialization/KotlinDslScriptsModelSerializationService done
Event: 17.687 Executing VM operation: G1CollectForAllocation
Event: 17.702 Executing VM operation: G1CollectForAllocation done


Dynamic libraries:
0x00007ff7618e0000 - 0x00007ff7618ea000 	D:\New folder (3)\jre\bin\java.exe
0x00007ffb83430000 - 0x00007ffb83647000 	C:\WINDOWS\SYSTEM32\ntdll.dll
0x00007ffb82580000 - 0x00007ffb82644000 	C:\WINDOWS\System32\KERNEL32.DLL
0x00007ffb80810000 - 0x00007ffb80bb5000 	C:\WINDOWS\System32\KERNELBASE.dll
0x00007ffb80bc0000 - 0x00007ffb80cd1000 	C:\WINDOWS\System32\ucrtbase.dll
0x00007ffb7bc80000 - 0x00007ffb7bc99000 	D:\New folder (3)\jre\bin\jli.dll
0x00007ffb7bcb0000 - 0x00007ffb7bcc7000 	D:\New folder (3)\jre\bin\VCRUNTIME140.dll
0x00007ffb81de0000 - 0x00007ffb81f8e000 	C:\WINDOWS\System32\USER32.dll
0x00007ffb67740000 - 0x00007ffb679d3000 	C:\WINDOWS\WinSxS\amd64_microsoft.windows.common-controls_6595b64144ccf1df_6.0.22621.2506_none_270c5ae97388e100\COMCTL32.dll
0x00007ffb80ce0000 - 0x00007ffb80d06000 	C:\WINDOWS\System32\win32u.dll
0x00007ffb816b0000 - 0x00007ffb81757000 	C:\WINDOWS\System32\msvcrt.dll
0x00007ffb823b0000 - 0x00007ffb823d9000 	C:\WINDOWS\System32\GDI32.dll
0x00007ffb80d10000 - 0x00007ffb80e29000 	C:\WINDOWS\System32\gdi32full.dll
0x00007ffb81060000 - 0x00007ffb810fa000 	C:\WINDOWS\System32\msvcp_win.dll
0x00007ffb81cc0000 - 0x00007ffb81cf1000 	C:\WINDOWS\System32\IMM32.DLL
0x00007ffb6cf70000 - 0x00007ffb6d00d000 	D:\New folder (3)\jre\bin\msvcp140.dll
0x00007ffb1e710000 - 0x00007ffb1f212000 	D:\New folder (3)\jre\bin\server\jvm.dll
0x00007ffb822f0000 - 0x00007ffb823a1000 	C:\WINDOWS\System32\ADVAPI32.dll
0x00007ffb83320000 - 0x00007ffb833c6000 	C:\WINDOWS\System32\sechost.dll
0x00007ffb823e0000 - 0x00007ffb824f7000 	C:\WINDOWS\System32\RPCRT4.dll
0x00007ffb822e0000 - 0x00007ffb822e8000 	C:\WINDOWS\System32\PSAPI.DLL
0x00007ffb7bc10000 - 0x00007ffb7bc19000 	C:\WINDOWS\SYSTEM32\WSOCK32.dll
0x00007ffb79ea0000 - 0x00007ffb79ed4000 	C:\WINDOWS\SYSTEM32\WINMM.dll
0x00007ffb83280000 - 0x00007ffb832f1000 	C:\WINDOWS\System32\WS2_32.dll
0x00007ffb79000000 - 0x00007ffb7900a000 	C:\WINDOWS\SYSTEM32\VERSION.dll
0x00007ffb7f740000 - 0x00007ffb7f758000 	C:\WINDOWS\SYSTEM32\kernel.appcore.dll
0x00007ffb66db0000 - 0x00007ffb66dc1000 	D:\New folder (3)\jre\bin\verify.dll
0x00007ffb7e0c0000 - 0x00007ffb7e2f3000 	C:\WINDOWS\SYSTEM32\DBGHELP.DLL
0x00007ffb81830000 - 0x00007ffb81bb9000 	C:\WINDOWS\System32\combase.dll
0x00007ffb81d00000 - 0x00007ffb81dd7000 	C:\WINDOWS\System32\OLEAUT32.dll
0x00007ffb63ed0000 - 0x00007ffb63f02000 	C:\WINDOWS\SYSTEM32\dbgcore.DLL
0x00007ffb81100000 - 0x00007ffb8117a000 	C:\WINDOWS\System32\bcryptPrimitives.dll
0x00007ffb50790000 - 0x00007ffb507b9000 	D:\New folder (3)\jre\bin\java.dll
0x00007ffb6d7e0000 - 0x00007ffb6d7eb000 	D:\New folder (3)\jre\bin\jimage.dll
0x00007ffb5ecb0000 - 0x00007ffb5ecc8000 	D:\New folder (3)\jre\bin\zip.dll
0x00007ffb829c0000 - 0x00007ffb83219000 	C:\WINDOWS\System32\SHELL32.dll
0x00007ffb7e6c0000 - 0x00007ffb7efb4000 	C:\WINDOWS\SYSTEM32\windows.storage.dll
0x00007ffb7e580000 - 0x00007ffb7e6be000 	C:\WINDOWS\SYSTEM32\wintypes.dll
0x00007ffb81bc0000 - 0x00007ffb81cb3000 	C:\WINDOWS\System32\SHCORE.dll
0x00007ffb817d0000 - 0x00007ffb8182e000 	C:\WINDOWS\System32\shlwapi.dll
0x00007ffb806d0000 - 0x00007ffb806f6000 	C:\WINDOWS\SYSTEM32\profapi.dll
0x00007ffb598e0000 - 0x00007ffb598fa000 	D:\New folder (3)\jre\bin\net.dll
0x00007ffb7a100000 - 0x00007ffb7a237000 	C:\WINDOWS\SYSTEM32\WINHTTP.dll
0x00007ffb7fc20000 - 0x00007ffb7fc89000 	C:\WINDOWS\system32\mswsock.dll
0x00007ffb4e4e0000 - 0x00007ffb4e4f4000 	D:\New folder (3)\jre\bin\nio.dll
0x00007ffb64b10000 - 0x00007ffb64b37000 	C:\Users\Hp\.gradle\native\e1d6ef7f7dcc3fd88c89a11ec53ec762bb8ba0a96d01ffa2cd45eb1d1d8dd5c5\windows-amd64\native-platform.dll
0x00007ffb595b0000 - 0x00007ffb596f4000 	C:\Users\Hp\.gradle\native\0d407fdbe67a94daf76414ababcb853783967236a71b16ec16e742cd7a986fd3\windows-amd64\native-platform-file-events.dll
0x00007ffb6d7b0000 - 0x00007ffb6d7ba000 	D:\New folder (3)\jre\bin\management.dll
0x00007ffb6d610000 - 0x00007ffb6d61d000 	D:\New folder (3)\jre\bin\management_ext.dll
0x00007ffb7fe80000 - 0x00007ffb7fe9b000 	C:\WINDOWS\SYSTEM32\CRYPTSP.dll
0x00007ffb7f700000 - 0x00007ffb7f735000 	C:\WINDOWS\system32\rsaenh.dll
0x00007ffb7fd10000 - 0x00007ffb7fd3c000 	C:\WINDOWS\SYSTEM32\USERENV.dll
0x00007ffb80060000 - 0x00007ffb80088000 	C:\WINDOWS\SYSTEM32\bcrypt.dll
0x00007ffb7fe70000 - 0x00007ffb7fe7c000 	C:\WINDOWS\SYSTEM32\CRYPTBASE.dll
0x00007ffb7f220000 - 0x00007ffb7f24d000 	C:\WINDOWS\SYSTEM32\IPHLPAPI.DLL
0x00007ffb82130000 - 0x00007ffb82139000 	C:\WINDOWS\System32\NSI.dll
0x00007ffb79d20000 - 0x00007ffb79d39000 	C:\WINDOWS\SYSTEM32\dhcpcsvc6.DLL
0x00007ffb79d00000 - 0x00007ffb79d1f000 	C:\WINDOWS\SYSTEM32\dhcpcsvc.DLL
0x00007ffb7f290000 - 0x00007ffb7f389000 	C:\WINDOWS\SYSTEM32\DNSAPI.dll

dbghelp: loaded successfully - version: 4.0.5 - missing functions: none
symbol engine: initialized successfully - sym options: 0x614 - pdb path: .;D:\New folder (3)\jre\bin;C:\WINDOWS\SYSTEM32;C:\WINDOWS\WinSxS\amd64_microsoft.windows.common-controls_6595b64144ccf1df_6.0.22621.2506_none_270c5ae97388e100;D:\New folder (3)\jre\bin\server;C:\Users\Hp\.gradle\native\e1d6ef7f7dcc3fd88c89a11ec53ec762bb8ba0a96d01ffa2cd45eb1d1d8dd5c5\windows-amd64;C:\Users\Hp\.gradle\native\0d407fdbe67a94daf76414ababcb853783967236a71b16ec16e742cd7a986fd3\windows-amd64

VM Arguments:
jvm_args: --add-opens=java.base/java.util=ALL-UNNAMED --add-opens=java.base/java.lang=ALL-UNNAMED --add-opens=java.base/java.lang.invoke=ALL-UNNAMED --add-opens=java.base/java.util=ALL-UNNAMED --add-opens=java.prefs/java.util.prefs=ALL-UNNAMED --add-opens=java.prefs/java.util.prefs=ALL-UNNAMED --add-opens=java.base/java.nio.charset=ALL-UNNAMED --add-opens=java.base/java.net=ALL-UNNAMED --add-opens=java.base/java.util.concurrent.atomic=ALL-UNNAMED -Xmx2048m -Dfile.encoding=UTF-8 -Duser.country=US -Duser.language=en -Duser.variant 
java_command: org.gradle.launcher.daemon.bootstrap.GradleDaemon 7.4
java_class_path (initial): C:\Users\Hp\.gradle\wrapper\dists\gradle-7.4-bin\c0gwcg53nkjbqw7r0h0umtfvt\gradle-7.4\lib\gradle-launcher-7.4.jar
Launcher Type: SUN_STANDARD

[Global flags]
     intx CICompilerCount                          = 4                                         {product} {ergonomic}
     uint ConcGCThreads                            = 2                                         {product} {ergonomic}
     uint G1ConcRefinementThreads                  = 8                                         {product} {ergonomic}
   size_t G1HeapRegionSize                         = 1048576                                   {product} {ergonomic}
    uintx GCDrainStackTargetSize                   = 64                                        {product} {ergonomic}
   size_t InitialHeapSize                          = 134217728                                 {product} {ergonomic}
   size_t MarkStackSize                            = 4194304                                   {product} {ergonomic}
   size_t MaxHeapSize                              = 2147483648                                {product} {command line}
   size_t MaxNewSize                               = 1287651328                                {product} {ergonomic}
   size_t MinHeapDeltaBytes                        = 1048576                                   {product} {ergonomic}
    uintx NonNMethodCodeHeapSize                   = 5836300                                {pd product} {ergonomic}
    uintx NonProfiledCodeHeapSize                  = 122910970                              {pd product} {ergonomic}
    uintx ProfiledCodeHeapSize                     = 122910970                              {pd product} {ergonomic}
    uintx ReservedCodeCacheSize                    = 251658240                              {pd product} {ergonomic}
     bool SegmentedCodeCache                       = true                                      {product} {ergonomic}
     bool UseCompressedClassPointers               = true                                 {lp64_product} {ergonomic}
     bool UseCompressedOops                        = true                                 {lp64_product} {ergonomic}
     bool UseG1GC                                  = true                                      {product} {ergonomic}
     bool UseLargePagesIndividualAllocation        = false                                  {pd product} {ergonomic}

Logging:
Log output configuration:
 #0: stdout all=warning uptime,level,tags
 #1: stderr all=off uptime,level,tags

Environment Variables:
PATH=C:\Program Files (x86)\NVIDIA Corporation\PhysX\Common;C:\Program Files (x86)\Common Files\Oracle\Java\javapath;C:\Windows\system32;C:\Windows;C:\Windows\System32\Wbem;C:\Windows\System32\WindowsPowerShell\v1.0\;C:\Windows\System32\OpenSSH\;C:\WINDOWS\system32;C:\WINDOWS;C:\WINDOWS\System32\Wbem;C:\WINDOWS\System32\WindowsPowerShell\v1.0\;C:\WINDOWS\System32\OpenSSH\;C:\Program Files\Polyspace\R2021a\bin;C:\Program Files\Git\cmd;C:\Program Files\nodejs\;C:\Program Files\Git LFS;C:\Users\Hp\AppData\Local\Microsoft\WindowsApps;;C:\Users\Hp\AppData\Local\Programs\Microsoft VS Code\bin;C:\Users\Hp\AppData\Roaming\npm
USERNAME=Hp
OS=Windows_NT
PROCESSOR_IDENTIFIER=Intel64 Family 6 Model 142 Stepping 12, GenuineIntel



---------------  S Y S T E M  ---------------

OS: Windows 11 , 64 bit Build 22621 (10.0.22621.2506)
OS uptime: 31 days 19:18 hours

CPU:total 8 (initial active 8) (4 cores per cpu, 2 threads per core) family 6 model 142 stepping 12 microcode 0xde, cmov, cx8, fxsr, mmx, sse, sse2, sse3, ssse3, sse4.1, sse4.2, popcnt, avx, avx2, aes, clmul, erms, 3dnowpref, lzcnt, ht, tsc, tscinvbit, bmi1, bmi2, adx, fma

Memory: 4k page, system-wide physical 8070M (99M free)
TotalPageFile size 23237M (AvailPageFile size 3M)
current process WorkingSet (physical memory assigned to process): 407M, peak: 407M
current process commit charge ("private bytes"): 482M, peak: 483M

vm_info: OpenJDK 64-Bit Server VM (11.0.13+0-b1751.21-8125866) for windows-amd64 JRE (11.0.13+0-b1751.21-8125866), built on Feb  2 2022 03:00:22 by "builder" with MS VC++ 14.0 (VS2015)

END.
