#
# There is insufficient memory for the Java Runtime Environment to continue.
# Native memory allocation (malloc) failed to allocate 1277616 bytes for Chunk::new
# Possible reasons:
#   The system is out of physical RAM or swap space
#   The process is running with CompressedOops enabled, and the Java Heap may be blocking the growth of the native heap
# Possible solutions:
#   Reduce memory load on the system
#   Increase physical memory or swap space
#   Check if swap backing store is full
#   Decrease Java heap size (-Xmx/-Xms)
#   Decrease number of Java threads
#   Decrease Java thread stack sizes (-Xss)
#   Set larger code cache with -XX:ReservedCodeCacheSize=
#   JVM is running with Unscaled Compressed Oops mode in which the Java heap is
#     placed in the first 4GB address space. The Java Heap base address is the
#     maximum limit for the native heap growth. Please use -XX:HeapBaseMinAddress
#     to set the Java Heap base and to place the Java Heap above 4GB virtual address.
# This output file may be truncated or incomplete.
#
#  Out of Memory Error (./src/hotspot/share/memory/arena.cpp:197), pid=6924, tid=9400
#
# JRE version: OpenJDK Runtime Environment (11.0.13) (build 11.0.13+0-b1751.21-8125866)
# Java VM: OpenJDK 64-Bit Server VM (11.0.13+0-b1751.21-8125866, mixed mode, tiered, compressed oops, g1 gc, windows-amd64)
# No core dump will be written. Minidumps are not enabled by default on client versions of Windows
#

---------------  S U M M A R Y ------------

Command Line: --add-opens=java.base/java.util=ALL-UNNAMED --add-opens=java.base/java.lang=ALL-UNNAMED --add-opens=java.base/java.lang.invoke=ALL-UNNAMED --add-opens=java.base/java.util=ALL-UNNAMED --add-opens=java.prefs/java.util.prefs=ALL-UNNAMED --add-opens=java.prefs/java.util.prefs=ALL-UNNAMED --add-opens=java.base/java.nio.charset=ALL-UNNAMED --add-opens=java.base/java.net=ALL-UNNAMED --add-opens=java.base/java.util.concurrent.atomic=ALL-UNNAMED -Xmx2048m -Dfile.encoding=UTF-8 -Duser.country=US -Duser.language=en -Duser.variant org.gradle.launcher.daemon.bootstrap.GradleDaemon 7.4

Host: Intel(R) Core(TM) i5-8265U CPU @ 1.60GHz, 8 cores, 7G,  Windows 11 , 64 bit Build 22621 (10.0.22621.2506)
Time: Thu Mar 14 13:23:00 2024 Pakistan Standard Time elapsed time: 23.450844 seconds (0d 0h 0m 23s)

---------------  T H R E A D  ---------------

Current thread (0x0000012b7d8fe000):  JavaThread "C2 CompilerThread0" daemon [_thread_in_native, id=9400, stack(0x000000013ff00000,0x0000000140000000)]


Current CompileTask:
C2:  23450 7867       4       java.util.jar.JarFile::getManifestFromReference (151 bytes)

Stack: [0x000000013ff00000,0x0000000140000000]
Native frames: (J=compiled Java code, j=interpreted, Vv=VM code, C=native code)
V  [jvm.dll+0x6100fa]
V  [jvm.dll+0x747090]
V  [jvm.dll+0x7486ad]
V  [jvm.dll+0x748d83]
V  [jvm.dll+0x24ab48]
V  [jvm.dll+0xc04dc]
V  [jvm.dll+0xc0a0c]
V  [jvm.dll+0x35eb5b]
V  [jvm.dll+0x32b833]
V  [jvm.dll+0x32ad2a]
V  [jvm.dll+0x2032b2]
V  [jvm.dll+0x202437]
V  [jvm.dll+0x188e01]
V  [jvm.dll+0x21106b]
V  [jvm.dll+0x20f8c1]
V  [jvm.dll+0x70de0f]
V  [jvm.dll+0x706a75]
V  [jvm.dll+0x60ed66]
C  [ucrtbase.dll+0x29363]
C  [KERNEL32.DLL+0x1257d]
C  [ntdll.dll+0x5aa58]


---------------  P R O C E S S  ---------------

Threads class SMR info:
_java_thread_list=0x0000012b53a04fd0, length=123, elements={
0x0000012b71bc8000, 0x0000012b7d09a800, 0x0000012b7d8ac800, 0x0000012b7d8fa800,
0x0000012b7d8fc000, 0x0000012b7d8fd000, 0x0000012b7d8fe000, 0x0000012b7d900000,
0x0000012b7d90b800, 0x0000012b7da78800, 0x0000012b7eeef800, 0x0000012b7ef4b000,
0x0000012b7f312000, 0x0000012b4f3b2800, 0x0000012b4f3b3800, 0x0000012b7e5be800,
0x0000012b7e5bf000, 0x0000012b7ea30800, 0x0000012b7edd4000, 0x0000012b4f400800,
0x0000012b4f4c3000, 0x0000012b4f4c1800, 0x0000012b4f4c2000, 0x0000012b4f4c4000,
0x0000012b4f4c5800, 0x0000012b4f4c4800, 0x0000012b4f4c0000, 0x0000012b4f4c6800,
0x0000012b4f4c0800, 0x0000012b4f5cd800, 0x0000012b4f5ce000, 0x0000012b4f5cb800,
0x0000012b4f5cf000, 0x0000012b4f5cb000, 0x0000012b4f5c9000, 0x0000012b4f5d0000,
0x0000012b4f5ca000, 0x0000012b4f5d0800, 0x0000012b4f5d1800, 0x0000012b4f5cc800,
0x0000012b4f5d7000, 0x0000012b4f5d3000, 0x0000012b4f5d4000, 0x0000012b4f5d8000,
0x0000012b4f5d4800, 0x0000012b4f5d5800, 0x0000012b4f5d6800, 0x0000012b7ebf3800,
0x0000012b7ebf5800, 0x0000012b7ebf2000, 0x0000012b7ebf6000, 0x0000012b7ebf4800,
0x0000012b7ebf7000, 0x0000012b7ebf1000, 0x0000012b7ebf7800, 0x0000012b7ebf3000,
0x0000012b7ebfe800, 0x0000012b7ebfc000, 0x0000012b7ebf8800, 0x0000012b7ebfc800,
0x0000012b7ebfd800, 0x0000012b7ebff000, 0x0000012b7ebf9800, 0x0000012b7ebfb000,
0x0000012b7ec00000, 0x0000012b7ebfa000, 0x0000012b4fada800, 0x0000012b4fad8000,
0x0000012b4fadb800, 0x0000012b4fad9000, 0x0000012b4fadc000, 0x0000012b4fadf800,
0x0000012b4fade800, 0x0000012b4fada000, 0x0000012b4fae0800, 0x0000012b4fade000,
0x0000012b4fae1000, 0x0000012b4fae3000, 0x0000012b4fae2000, 0x0000012b4fadd000,
0x0000012b4fae5000, 0x0000012b4fae4800, 0x0000012b4fae3800, 0x0000012b4fae6000,
0x0000012b4fae7000, 0x0000012b7eb29000, 0x0000012b7eb27800, 0x0000012b7eb28800,
0x0000012b7eb26800, 0x0000012b7eb23800, 0x0000012b7eb25000, 0x0000012b7eb2a000,
0x0000012b7eb24000, 0x0000012b7eb26000, 0x0000012b51598800, 0x0000012b5159a800,
0x0000012b51595000, 0x0000012b51599000, 0x0000012b5159b800, 0x0000012b5159a000,
0x0000012b51596000, 0x0000012b5159c800, 0x0000012b51596800, 0x0000012b5159d000,
0x0000012b51597800, 0x0000012b515a1800, 0x0000012b5159f800, 0x0000012b515a2000,
0x0000012b515a3000, 0x0000012b515a3800, 0x0000012b515a0800, 0x0000012b5159e000,
0x0000012b5159f000, 0x0000012b7ef90800, 0x0000012b7ef92000, 0x0000012b7ef8c800,
0x0000012b7ef93000, 0x0000012b7ef8d000, 0x0000012b7ef93800, 0x0000012b7ef8f800,
0x0000012b7ef91000, 0x0000012b7ef8e000, 0x0000012b7ef94800
}

Java Threads: ( => current thread )
  0x0000012b71bc8000 JavaThread "main" [_thread_blocked, id=5368, stack(0x000000013f300000,0x000000013f400000)]
  0x0000012b7d09a800 JavaThread "Reference Handler" daemon [_thread_blocked, id=16212, stack(0x000000013fa00000,0x000000013fb00000)]
  0x0000012b7d8ac800 JavaThread "Finalizer" daemon [_thread_blocked, id=3776, stack(0x000000013fb00000,0x000000013fc00000)]
  0x0000012b7d8fa800 JavaThread "Signal Dispatcher" daemon [_thread_blocked, id=5876, stack(0x000000013fc00000,0x000000013fd00000)]
  0x0000012b7d8fc000 JavaThread "Attach Listener" daemon [_thread_blocked, id=5632, stack(0x000000013fd00000,0x000000013fe00000)]
  0x0000012b7d8fd000 JavaThread "Service Thread" daemon [_thread_blocked, id=15536, stack(0x000000013fe00000,0x000000013ff00000)]
=>0x0000012b7d8fe000 JavaThread "C2 CompilerThread0" daemon [_thread_in_native, id=9400, stack(0x000000013ff00000,0x0000000140000000)]
  0x0000012b7d900000 JavaThread "C1 CompilerThread0" daemon [_thread_blocked, id=4156, stack(0x0000000140000000,0x0000000140100000)]
  0x0000012b7d90b800 JavaThread "Sweeper thread" daemon [_thread_blocked, id=4388, stack(0x0000000140100000,0x0000000140200000)]
  0x0000012b7da78800 JavaThread "Common-Cleaner" daemon [_thread_blocked, id=3668, stack(0x0000000140200000,0x0000000140300000)]
  0x0000012b7eeef800 JavaThread "Daemon health stats" [_thread_blocked, id=3924, stack(0x0000000140600000,0x0000000140700000)]
  0x0000012b7ef4b000 JavaThread "Incoming local TCP Connector on port 60654" [_thread_in_native, id=14096, stack(0x0000000140700000,0x0000000140800000)]
  0x0000012b7f312000 JavaThread "Daemon periodic checks" [_thread_blocked, id=2184, stack(0x0000000140800000,0x0000000140900000)]
  0x0000012b4f3b2800 JavaThread "Daemon" [_thread_blocked, id=15468, stack(0x0000000140900000,0x0000000140a00000)]
  0x0000012b4f3b3800 JavaThread "Handler for socket connection from /127.0.0.1:60654 to /127.0.0.1:60655" [_thread_in_native, id=5392, stack(0x0000000140a00000,0x0000000140b00000)]
  0x0000012b7e5be800 JavaThread "Cancel handler" [_thread_blocked, id=4920, stack(0x0000000140b00000,0x0000000140c00000)]
  0x0000012b7e5bf000 JavaThread "Daemon worker" [_thread_in_vm, id=4256, stack(0x0000000140c00000,0x0000000140d00000)]
  0x0000012b7ea30800 JavaThread "Asynchronous log dispatcher for DefaultDaemonConnection: socket connection from /127.0.0.1:60654 to /127.0.0.1:60655" [_thread_blocked, id=6904, stack(0x0000000140d00000,0x0000000140e00000)]
  0x0000012b7edd4000 JavaThread "Stdin handler" [_thread_blocked, id=9116, stack(0x0000000140e00000,0x0000000140f00000)]
  0x0000012b4f400800 JavaThread "Daemon client event forwarder" [_thread_blocked, id=2624, stack(0x0000000140f00000,0x0000000141000000)]
  0x0000012b4f4c3000 JavaThread "Cache worker for journal cache (C:\Users\Hp\.gradle\caches\journal-1)" [_thread_blocked, id=3660, stack(0x0000000141500000,0x0000000141600000)]
  0x0000012b4f4c1800 JavaThread "File lock request listener" [_thread_in_native, id=15276, stack(0x0000000141600000,0x0000000141700000)]
  0x0000012b4f4c2000 JavaThread "Cache worker for file hash cache (C:\Users\Hp\.gradle\caches\7.4\fileHashes)" [_thread_blocked, id=10892, stack(0x0000000141800000,0x0000000141900000)]
  0x0000012b4f4c4000 JavaThread "File watcher server" daemon [_thread_in_native, id=7108, stack(0x0000000141900000,0x0000000141a00000)]
  0x0000012b4f4c5800 JavaThread "File watcher consumer" daemon [_thread_blocked, id=15404, stack(0x0000000141a00000,0x0000000141b00000)]
  0x0000012b4f4c4800 JavaThread "jar transforms" [_thread_blocked, id=3476, stack(0x0000000141b00000,0x0000000141c00000)]
  0x0000012b4f4c0000 JavaThread "jar transforms Thread 2" [_thread_blocked, id=6476, stack(0x0000000141c00000,0x0000000141d00000)]
  0x0000012b4f4c6800 JavaThread "jar transforms Thread 3" [_thread_blocked, id=8032, stack(0x0000000141d00000,0x0000000141e00000)]
  0x0000012b4f4c0800 JavaThread "jar transforms Thread 4" [_thread_blocked, id=15288, stack(0x0000000141e00000,0x0000000141f00000)]
  0x0000012b4f5cd800 JavaThread "jar transforms Thread 5" [_thread_blocked, id=10208, stack(0x0000000141f00000,0x0000000142000000)]
  0x0000012b4f5ce000 JavaThread "jar transforms Thread 6" [_thread_blocked, id=13656, stack(0x0000000142000000,0x0000000142100000)]
  0x0000012b4f5cb800 JavaThread "jar transforms Thread 7" [_thread_blocked, id=2716, stack(0x0000000142100000,0x0000000142200000)]
  0x0000012b4f5cf000 JavaThread "jar transforms Thread 8" [_thread_blocked, id=10196, stack(0x0000000142200000,0x0000000142300000)]
  0x0000012b4f5cb000 JavaThread "Cache worker for checksums cache (C:\Users\Hp\AndroidStudioProjects\EventApp\.gradle\7.4\checksums)" [_thread_blocked, id=3096, stack(0x0000000142300000,0x0000000142400000)]
  0x0000012b4f5c9000 JavaThread "Cache worker for cache directory md-rule (C:\Users\Hp\.gradle\caches\7.4\md-rule)" [_thread_blocked, id=16148, stack(0x0000000142400000,0x0000000142500000)]
  0x0000012b4f5d0000 JavaThread "Cache worker for file hash cache (C:\Users\Hp\AndroidStudioProjects\EventApp\.gradle\7.4\fileHashes)" [_thread_blocked, id=10408, stack(0x0000000142500000,0x0000000142600000)]
  0x0000012b4f5ca000 JavaThread "Cache worker for cache directory md-supplier (C:\Users\Hp\.gradle\caches\7.4\md-supplier)" [_thread_blocked, id=11572, stack(0x0000000142600000,0x0000000142700000)]
  0x0000012b4f5d0800 JavaThread "Cache worker for execution history cache (C:\Users\Hp\.gradle\caches\7.4\executionHistory)" [_thread_blocked, id=6572, stack(0x0000000142700000,0x0000000142800000)]
  0x0000012b4f5d1800 JavaThread "Cache worker for file content cache (C:\Users\Hp\.gradle\caches\7.4\fileContent)" [_thread_blocked, id=13460, stack(0x0000000142800000,0x0000000142900000)]
  0x0000012b4f5cc800 JavaThread "Cache worker for dependencies-accessors (C:\Users\Hp\AndroidStudioProjects\EventApp\.gradle\7.4\dependencies-accessors)" [_thread_blocked, id=9100, stack(0x0000000142900000,0x0000000142a00000)]
  0x0000012b4f5d7000 JavaThread "Cache worker for Build Output Cleanup Cache (C:\Users\Hp\AndroidStudioProjects\EventApp\.gradle\buildOutputCleanup)" [_thread_blocked, id=6240, stack(0x0000000142a00000,0x0000000142b00000)]
  0x0000012b4f5d3000 JavaThread "Unconstrained build operations" [_thread_blocked, id=15104, stack(0x0000000142b00000,0x0000000142c00000)]
  0x0000012b4f5d4000 JavaThread "Unconstrained build operations Thread 2" [_thread_blocked, id=14628, stack(0x0000000142c00000,0x0000000142d00000)]
  0x0000012b4f5d8000 JavaThread "Unconstrained build operations Thread 3" [_thread_blocked, id=848, stack(0x0000000142d00000,0x0000000142e00000)]
  0x0000012b4f5d4800 JavaThread "Unconstrained build operations Thread 4" [_thread_blocked, id=10884, stack(0x0000000142e00000,0x0000000142f00000)]
  0x0000012b4f5d5800 JavaThread "Unconstrained build operations Thread 5" [_thread_blocked, id=440, stack(0x0000000142f00000,0x0000000143000000)]
  0x0000012b4f5d6800 JavaThread "Unconstrained build operations Thread 6" [_thread_blocked, id=16120, stack(0x0000000143000000,0x0000000143100000)]
  0x0000012b7ebf3800 JavaThread "Unconstrained build operations Thread 7" [_thread_blocked, id=11324, stack(0x0000000143100000,0x0000000143200000)]
  0x0000012b7ebf5800 JavaThread "Unconstrained build operations Thread 8" [_thread_blocked, id=7192, stack(0x0000000143200000,0x0000000143300000)]
  0x0000012b7ebf2000 JavaThread "Unconstrained build operations Thread 9" [_thread_blocked, id=5328, stack(0x0000000143300000,0x0000000143400000)]
  0x0000012b7ebf6000 JavaThread "Unconstrained build operations Thread 10" [_thread_blocked, id=12512, stack(0x0000000143400000,0x0000000143500000)]
  0x0000012b7ebf4800 JavaThread "Unconstrained build operations Thread 11" [_thread_blocked, id=1856, stack(0x0000000143500000,0x0000000143600000)]
  0x0000012b7ebf7000 JavaThread "Unconstrained build operations Thread 12" [_thread_blocked, id=14768, stack(0x0000000143600000,0x0000000143700000)]
  0x0000012b7ebf1000 JavaThread "Unconstrained build operations Thread 13" [_thread_blocked, id=5116, stack(0x0000000143700000,0x0000000143800000)]
  0x0000012b7ebf7800 JavaThread "Unconstrained build operations Thread 14" [_thread_blocked, id=14688, stack(0x0000000143800000,0x0000000143900000)]
  0x0000012b7ebf3000 JavaThread "Unconstrained build operations Thread 15" [_thread_blocked, id=4600, stack(0x0000000143900000,0x0000000143a00000)]
  0x0000012b7ebfe800 JavaThread "Unconstrained build operations Thread 16" [_thread_blocked, id=5152, stack(0x0000000143a00000,0x0000000143b00000)]
  0x0000012b7ebfc000 JavaThread "Unconstrained build operations Thread 17" [_thread_blocked, id=584, stack(0x0000000143b00000,0x0000000143c00000)]
  0x0000012b7ebf8800 JavaThread "Unconstrained build operations Thread 18" [_thread_blocked, id=13504, stack(0x0000000143c00000,0x0000000143d00000)]
  0x0000012b7ebfc800 JavaThread "Unconstrained build operations Thread 19" [_thread_blocked, id=8480, stack(0x0000000143d00000,0x0000000143e00000)]
  0x0000012b7ebfd800 JavaThread "Unconstrained build operations Thread 20" [_thread_blocked, id=15988, stack(0x0000000143e00000,0x0000000143f00000)]
  0x0000012b7ebff000 JavaThread "Unconstrained build operations Thread 21" [_thread_blocked, id=11620, stack(0x0000000143f00000,0x0000000144000000)]
  0x0000012b7ebf9800 JavaThread "Unconstrained build operations Thread 22" [_thread_blocked, id=13944, stack(0x0000000144000000,0x0000000144100000)]
  0x0000012b7ebfb000 JavaThread "Unconstrained build operations Thread 23" [_thread_blocked, id=3156, stack(0x0000000144100000,0x0000000144200000)]
  0x0000012b7ec00000 JavaThread "Unconstrained build operations Thread 24" [_thread_blocked, id=13840, stack(0x0000000144200000,0x0000000144300000)]
  0x0000012b7ebfa000 JavaThread "Unconstrained build operations Thread 25" [_thread_blocked, id=3816, stack(0x0000000144300000,0x0000000144400000)]
  0x0000012b4fada800 JavaThread "Unconstrained build operations Thread 26" [_thread_blocked, id=6964, stack(0x0000000144400000,0x0000000144500000)]
  0x0000012b4fad8000 JavaThread "Unconstrained build operations Thread 27" [_thread_blocked, id=15052, stack(0x0000000144500000,0x0000000144600000)]
  0x0000012b4fadb800 JavaThread "Unconstrained build operations Thread 28" [_thread_blocked, id=1300, stack(0x0000000144600000,0x0000000144700000)]
  0x0000012b4fad9000 JavaThread "Unconstrained build operations Thread 29" [_thread_blocked, id=6872, stack(0x0000000144700000,0x0000000144800000)]
  0x0000012b4fadc000 JavaThread "Unconstrained build operations Thread 30" [_thread_blocked, id=4824, stack(0x0000000144800000,0x0000000144900000)]
  0x0000012b4fadf800 JavaThread "Unconstrained build operations Thread 31" [_thread_blocked, id=9716, stack(0x0000000144900000,0x0000000144a00000)]
  0x0000012b4fade800 JavaThread "Unconstrained build operations Thread 32" [_thread_blocked, id=10172, stack(0x0000000144a00000,0x0000000144b00000)]
  0x0000012b4fada000 JavaThread "Unconstrained build operations Thread 33" [_thread_blocked, id=8484, stack(0x0000000144b00000,0x0000000144c00000)]
  0x0000012b4fae0800 JavaThread "Unconstrained build operations Thread 34" [_thread_blocked, id=15752, stack(0x0000000144c00000,0x0000000144d00000)]
  0x0000012b4fade000 JavaThread "Unconstrained build operations Thread 35" [_thread_blocked, id=12456, stack(0x0000000144d00000,0x0000000144e00000)]
  0x0000012b4fae1000 JavaThread "Unconstrained build operations Thread 36" [_thread_blocked, id=3824, stack(0x0000000144e00000,0x0000000144f00000)]
  0x0000012b4fae3000 JavaThread "Unconstrained build operations Thread 37" [_thread_blocked, id=7136, stack(0x0000000144f00000,0x0000000145000000)]
  0x0000012b4fae2000 JavaThread "Unconstrained build operations Thread 38" [_thread_blocked, id=13080, stack(0x0000000145000000,0x0000000145100000)]
  0x0000012b4fadd000 JavaThread "Unconstrained build operations Thread 39" [_thread_blocked, id=15504, stack(0x0000000145100000,0x0000000145200000)]
  0x0000012b4fae5000 JavaThread "Unconstrained build operations Thread 40" [_thread_blocked, id=7148, stack(0x0000000145200000,0x0000000145300000)]
  0x0000012b4fae4800 JavaThread "Unconstrained build operations Thread 41" [_thread_blocked, id=10516, stack(0x0000000145300000,0x0000000145400000)]
  0x0000012b4fae3800 JavaThread "Unconstrained build operations Thread 42" [_thread_blocked, id=12880, stack(0x0000000145400000,0x0000000145500000)]
  0x0000012b4fae6000 JavaThread "Unconstrained build operations Thread 43" [_thread_blocked, id=4800, stack(0x0000000145500000,0x0000000145600000)]
  0x0000012b4fae7000 JavaThread "Unconstrained build operations Thread 44" [_thread_blocked, id=16336, stack(0x0000000145600000,0x0000000145700000)]
  0x0000012b7eb29000 JavaThread "Unconstrained build operations Thread 45" [_thread_blocked, id=11588, stack(0x0000000145700000,0x0000000145800000)]
  0x0000012b7eb27800 JavaThread "Unconstrained build operations Thread 46" [_thread_blocked, id=8828, stack(0x0000000145800000,0x0000000145900000)]
  0x0000012b7eb28800 JavaThread "Unconstrained build operations Thread 47" [_thread_blocked, id=15584, stack(0x0000000145900000,0x0000000145a00000)]
  0x0000012b7eb26800 JavaThread "Unconstrained build operations Thread 48" [_thread_blocked, id=15520, stack(0x0000000145a00000,0x0000000145b00000)]
  0x0000012b7eb23800 JavaThread "Unconstrained build operations Thread 49" [_thread_blocked, id=9312, stack(0x0000000145b00000,0x0000000145c00000)]
  0x0000012b7eb25000 JavaThread "Unconstrained build operations Thread 50" [_thread_blocked, id=12476, stack(0x0000000145c00000,0x0000000145d00000)]
  0x0000012b7eb2a000 JavaThread "Unconstrained build operations Thread 51" [_thread_blocked, id=10336, stack(0x0000000145d00000,0x0000000145e00000)]
  0x0000012b7eb24000 JavaThread "Unconstrained build operations Thread 52" [_thread_blocked, id=9832, stack(0x0000000145e00000,0x0000000145f00000)]
  0x0000012b7eb26000 JavaThread "Unconstrained build operations Thread 53" [_thread_blocked, id=10860, stack(0x0000000145f00000,0x0000000146000000)]
  0x0000012b51598800 JavaThread "Unconstrained build operations Thread 54" [_thread_blocked, id=11484, stack(0x0000000146000000,0x0000000146100000)]
  0x0000012b5159a800 JavaThread "Unconstrained build operations Thread 55" [_thread_blocked, id=7028, stack(0x0000000146100000,0x0000000146200000)]
  0x0000012b51595000 JavaThread "Unconstrained build operations Thread 56" [_thread_blocked, id=2408, stack(0x0000000146200000,0x0000000146300000)]
  0x0000012b51599000 JavaThread "Unconstrained build operations Thread 57" [_thread_blocked, id=2960, stack(0x0000000146300000,0x0000000146400000)]
  0x0000012b5159b800 JavaThread "Unconstrained build operations Thread 58" [_thread_blocked, id=1448, stack(0x0000000146400000,0x0000000146500000)]
  0x0000012b5159a000 JavaThread "Unconstrained build operations Thread 59" [_thread_blocked, id=7860, stack(0x0000000146500000,0x0000000146600000)]
  0x0000012b51596000 JavaThread "Unconstrained build operations Thread 60" [_thread_blocked, id=6940, stack(0x0000000146600000,0x0000000146700000)]
  0x0000012b5159c800 JavaThread "Unconstrained build operations Thread 61" [_thread_blocked, id=8840, stack(0x0000000146700000,0x0000000146800000)]
  0x0000012b51596800 JavaThread "Unconstrained build operations Thread 62" [_thread_blocked, id=8200, stack(0x0000000146800000,0x0000000146900000)]
  0x0000012b5159d000 JavaThread "Unconstrained build operations Thread 63" [_thread_blocked, id=15480, stack(0x0000000146900000,0x0000000146a00000)]
  0x0000012b51597800 JavaThread "Unconstrained build operations Thread 64" [_thread_blocked, id=5528, stack(0x0000000146a00000,0x0000000146b00000)]
  0x0000012b515a1800 JavaThread "Unconstrained build operations Thread 65" [_thread_blocked, id=8756, stack(0x0000000146b00000,0x0000000146c00000)]
  0x0000012b5159f800 JavaThread "Unconstrained build operations Thread 66" [_thread_blocked, id=5352, stack(0x0000000146c00000,0x0000000146d00000)]
  0x0000012b515a2000 JavaThread "Unconstrained build operations Thread 67" [_thread_blocked, id=10000, stack(0x0000000146d00000,0x0000000146e00000)]
  0x0000012b515a3000 JavaThread "Unconstrained build operations Thread 68" [_thread_blocked, id=10980, stack(0x0000000146e00000,0x0000000146f00000)]
  0x0000012b515a3800 JavaThread "Unconstrained build operations Thread 69" [_thread_blocked, id=14580, stack(0x0000000146f00000,0x0000000147000000)]
  0x0000012b515a0800 JavaThread "Unconstrained build operations Thread 70" [_thread_blocked, id=10124, stack(0x0000000147000000,0x0000000147100000)]
  0x0000012b5159e000 JavaThread "Unconstrained build operations Thread 71" [_thread_blocked, id=10096, stack(0x0000000147100000,0x0000000147200000)]
  0x0000012b5159f000 JavaThread "Unconstrained build operations Thread 72" [_thread_blocked, id=8876, stack(0x0000000147200000,0x0000000147300000)]
  0x0000012b7ef90800 JavaThread "Unconstrained build operations Thread 73" [_thread_blocked, id=8336, stack(0x0000000147300000,0x0000000147400000)]
  0x0000012b7ef92000 JavaThread "Unconstrained build operations Thread 74" [_thread_blocked, id=13736, stack(0x0000000147400000,0x0000000147500000)]
  0x0000012b7ef8c800 JavaThread "Unconstrained build operations Thread 75" [_thread_blocked, id=14388, stack(0x0000000147500000,0x0000000147600000)]
  0x0000012b7ef93000 JavaThread "Unconstrained build operations Thread 76" [_thread_blocked, id=3236, stack(0x0000000147600000,0x0000000147700000)]
  0x0000012b7ef8d000 JavaThread "Unconstrained build operations Thread 77" [_thread_blocked, id=7388, stack(0x0000000147700000,0x0000000147800000)]
  0x0000012b7ef93800 JavaThread "Unconstrained build operations Thread 78" [_thread_blocked, id=14076, stack(0x0000000147800000,0x0000000147900000)]
  0x0000012b7ef8f800 JavaThread "Unconstrained build operations Thread 79" [_thread_blocked, id=6164, stack(0x0000000147900000,0x0000000147a00000)]
  0x0000012b7ef91000 JavaThread "Unconstrained build operations Thread 80" [_thread_blocked, id=14300, stack(0x0000000147a00000,0x0000000147b00000)]
  0x0000012b7ef8e000 JavaThread "Memory manager" [_thread_blocked, id=3508, stack(0x0000000147b00000,0x0000000147c00000)]
  0x0000012b7ef94800 JavaThread "File lock release action executor" [_thread_blocked, id=9808, stack(0x0000000147c00000,0x0000000147d00000)]

Other Threads:
  0x0000012b7d098800 VMThread "VM Thread" [stack: 0x000000013f900000,0x000000013fa00000] [id=15340]
  0x0000012b7da8a000 WatcherThread [stack: 0x0000000140300000,0x0000000140400000] [id=6836]
  0x0000012b71be1000 GCTaskThread "GC Thread#0" [stack: 0x000000013f400000,0x000000013f500000] [id=15968]
  0x0000012b7e3d2800 GCTaskThread "GC Thread#1" [stack: 0x0000000140400000,0x0000000140500000] [id=6768]
  0x0000012b7e3d3000 GCTaskThread "GC Thread#2" [stack: 0x0000000140500000,0x0000000140600000] [id=11808]
  0x0000012b4f499800 GCTaskThread "GC Thread#3" [stack: 0x0000000141000000,0x0000000141100000] [id=14896]
  0x0000012b4f347800 GCTaskThread "GC Thread#4" [stack: 0x0000000141100000,0x0000000141200000] [id=9128]
  0x0000012b4f441000 GCTaskThread "GC Thread#5" [stack: 0x0000000141200000,0x0000000141300000] [id=12532]
  0x0000012b4f34a000 GCTaskThread "GC Thread#6" [stack: 0x0000000141300000,0x0000000141400000] [id=2768]
  0x0000012b4f4c8000 GCTaskThread "GC Thread#7" [stack: 0x0000000141400000,0x0000000141500000] [id=11736]
  0x0000012b71c13800 ConcurrentGCThread "G1 Main Marker" [stack: 0x000000013f500000,0x000000013f600000] [id=3744]
  0x0000012b71c16000 ConcurrentGCThread "G1 Conc#0" [stack: 0x000000013f600000,0x000000013f700000] [id=3232]
  0x0000012b4f477000 ConcurrentGCThread "G1 Conc#1" [stack: 0x0000000141700000,0x0000000141800000] [id=796]
  0x0000012b7cee6800 ConcurrentGCThread "G1 Refine#0" [stack: 0x000000013f700000,0x000000013f800000] [id=6820]
  0x0000012b7cee8800 ConcurrentGCThread "G1 Young RemSet Sampling" [stack: 0x000000013f800000,0x000000013f900000] [id=5416]

Threads with active compile tasks:
C2 CompilerThread0  23478 7867       4       java.util.jar.JarFile::getManifestFromReference (151 bytes)

VM state:not at safepoint (normal execution)

VM Mutex/Monitor currently owned by a thread: None

Heap address: 0x0000000080000000, size: 2048 MB, Compressed Oops mode: 32-bit
Narrow klass base: 0x0000012b0f000000, Narrow klass shift: 0
Compressed class space size: 1073741824 Address: 0x0000012b0f000000

Heap:
 garbage-first heap   total 157696K, used 127465K [0x0000000080000000, 0x0000000100000000)
  region size 1024K, 28 young (28672K), 4 survivors (4096K)
 Metaspace       used 74322K, capacity 76453K, committed 76620K, reserved 1116160K
  class space    used 9504K, capacity 10272K, committed 10316K, reserved 1048576K
Heap Regions: E=young(eden), S=young(survivor), O=old, HS=humongous(starts), HC=humongous(continues), CS=collection set, F=free, A=archive, TAMS=top-at-mark-start (previous, next)
|   0|0x0000000080000000, 0x0000000080100000, 0x0000000080100000|100%| O|  |TAMS 0x0000000080100000, 0x0000000080000000| Untracked 
|   1|0x0000000080100000, 0x0000000080200000, 0x0000000080200000|100%| O|  |TAMS 0x0000000080200000, 0x0000000080100000| Untracked 
|   2|0x0000000080200000, 0x0000000080300000, 0x0000000080300000|100%| O|  |TAMS 0x0000000080300000, 0x0000000080200000| Untracked 
|   3|0x0000000080300000, 0x0000000080400000, 0x0000000080400000|100%|HS|  |TAMS 0x0000000080400000, 0x0000000080300000| Complete 
|   4|0x0000000080400000, 0x0000000080500000, 0x0000000080500000|100%|HC|  |TAMS 0x0000000080500000, 0x0000000080400000| Complete 
|   5|0x0000000080500000, 0x0000000080600000, 0x0000000080600000|100%|HC|  |TAMS 0x0000000080600000, 0x0000000080500000| Complete 
|   6|0x0000000080600000, 0x0000000080700000, 0x0000000080700000|100%| O|  |TAMS 0x0000000080700000, 0x0000000080600000| Untracked 
|   7|0x0000000080700000, 0x0000000080800000, 0x0000000080800000|100%| O|  |TAMS 0x0000000080800000, 0x0000000080700000| Untracked 
|   8|0x0000000080800000, 0x0000000080900000, 0x0000000080900000|100%| O|  |TAMS 0x0000000080900000, 0x0000000080800000| Untracked 
|   9|0x0000000080900000, 0x0000000080a00000, 0x0000000080a00000|100%| O|  |TAMS 0x0000000080a00000, 0x0000000080900000| Untracked 
|  10|0x0000000080a00000, 0x0000000080b00000, 0x0000000080b00000|100%| O|  |TAMS 0x0000000080b00000, 0x0000000080a00000| Untracked 
|  11|0x0000000080b00000, 0x0000000080c00000, 0x0000000080c00000|100%| O|  |TAMS 0x0000000080c00000, 0x0000000080b00000| Untracked 
|  12|0x0000000080c00000, 0x0000000080d00000, 0x0000000080d00000|100%| O|  |TAMS 0x0000000080d00000, 0x0000000080c00000| Untracked 
|  13|0x0000000080d00000, 0x0000000080e00000, 0x0000000080e00000|100%| O|  |TAMS 0x0000000080e00000, 0x0000000080d00000| Untracked 
|  14|0x0000000080e00000, 0x0000000080f00000, 0x0000000080f00000|100%| O|  |TAMS 0x0000000080f00000, 0x0000000080e00000| Untracked 
|  15|0x0000000080f00000, 0x0000000081000000, 0x0000000081000000|100%| O|  |TAMS 0x0000000081000000, 0x0000000080f00000| Untracked 
|  16|0x0000000081000000, 0x0000000081100000, 0x0000000081100000|100%|HS|  |TAMS 0x0000000081100000, 0x0000000081000000| Complete 
|  17|0x0000000081100000, 0x0000000081200000, 0x0000000081200000|100%|HC|  |TAMS 0x0000000081200000, 0x0000000081100000| Complete 
|  18|0x0000000081200000, 0x0000000081300000, 0x0000000081300000|100%|HS|  |TAMS 0x0000000081300000, 0x0000000081200000| Complete 
|  19|0x0000000081300000, 0x0000000081400000, 0x0000000081400000|100%|HC|  |TAMS 0x0000000081400000, 0x0000000081300000| Complete 
|  20|0x0000000081400000, 0x0000000081500000, 0x0000000081500000|100%|HC|  |TAMS 0x0000000081500000, 0x0000000081400000| Complete 
|  21|0x0000000081500000, 0x0000000081600000, 0x0000000081600000|100%|HS|  |TAMS 0x0000000081600000, 0x0000000081500000| Complete 
|  22|0x0000000081600000, 0x0000000081700000, 0x0000000081700000|100%|HC|  |TAMS 0x0000000081700000, 0x0000000081600000| Complete 
|  23|0x0000000081700000, 0x0000000081800000, 0x0000000081800000|100%|HC|  |TAMS 0x0000000081800000, 0x0000000081700000| Complete 
|  24|0x0000000081800000, 0x0000000081900000, 0x0000000081900000|100%|HS|  |TAMS 0x0000000081900000, 0x0000000081800000| Complete 
|  25|0x0000000081900000, 0x0000000081a00000, 0x0000000081a00000|100%|HC|  |TAMS 0x0000000081a00000, 0x0000000081900000| Complete 
|  26|0x0000000081a00000, 0x0000000081b00000, 0x0000000081b00000|100%|HC|  |TAMS 0x0000000081b00000, 0x0000000081a00000| Complete 
|  27|0x0000000081b00000, 0x0000000081c00000, 0x0000000081c00000|100%|HC|  |TAMS 0x0000000081c00000, 0x0000000081b00000| Complete 
|  28|0x0000000081c00000, 0x0000000081d00000, 0x0000000081d00000|100%|HS|  |TAMS 0x0000000081d00000, 0x0000000081c00000| Complete 
|  29|0x0000000081d00000, 0x0000000081e00000, 0x0000000081e00000|100%|HC|  |TAMS 0x0000000081e00000, 0x0000000081d00000| Complete 
|  30|0x0000000081e00000, 0x0000000081f00000, 0x0000000081f00000|100%|HC|  |TAMS 0x0000000081f00000, 0x0000000081e00000| Complete 
|  31|0x0000000081f00000, 0x0000000082000000, 0x0000000082000000|100%|HC|  |TAMS 0x0000000082000000, 0x0000000081f00000| Complete 
|  32|0x0000000082000000, 0x0000000082100000, 0x0000000082100000|100%|HC|  |TAMS 0x0000000082100000, 0x0000000082000000| Complete 
|  33|0x0000000082100000, 0x0000000082200000, 0x0000000082200000|100%| O|  |TAMS 0x0000000082200000, 0x0000000082100000| Untracked 
|  34|0x0000000082200000, 0x0000000082300000, 0x0000000082300000|100%| O|  |TAMS 0x0000000082300000, 0x0000000082200000| Untracked 
|  35|0x0000000082300000, 0x0000000082400000, 0x0000000082400000|100%| O|  |TAMS 0x0000000082400000, 0x0000000082300000| Untracked 
|  36|0x0000000082400000, 0x0000000082500000, 0x0000000082500000|100%| O|  |TAMS 0x0000000082500000, 0x0000000082400000| Untracked 
|  37|0x0000000082500000, 0x0000000082600000, 0x0000000082600000|100%| O|  |TAMS 0x0000000082600000, 0x0000000082500000| Untracked 
|  38|0x0000000082600000, 0x0000000082700000, 0x0000000082700000|100%| O|  |TAMS 0x0000000082700000, 0x0000000082600000| Untracked 
|  39|0x0000000082700000, 0x0000000082800000, 0x0000000082800000|100%| O|  |TAMS 0x0000000082800000, 0x0000000082700000| Untracked 
|  40|0x0000000082800000, 0x0000000082900000, 0x0000000082900000|100%| O|  |TAMS 0x0000000082900000, 0x0000000082800000| Untracked 
|  41|0x0000000082900000, 0x0000000082a00000, 0x0000000082a00000|100%|HS|  |TAMS 0x0000000082a00000, 0x0000000082900000| Complete 
|  42|0x0000000082a00000, 0x0000000082b00000, 0x0000000082b00000|100%|HC|  |TAMS 0x0000000082b00000, 0x0000000082a00000| Complete 
|  43|0x0000000082b00000, 0x0000000082c00000, 0x0000000082c00000|100%|HS|  |TAMS 0x0000000082c00000, 0x0000000082b00000| Complete 
|  44|0x0000000082c00000, 0x0000000082d00000, 0x0000000082d00000|100%|HC|  |TAMS 0x0000000082d00000, 0x0000000082c00000| Complete 
|  45|0x0000000082d00000, 0x0000000082e00000, 0x0000000082e00000|100%|HC|  |TAMS 0x0000000082e00000, 0x0000000082d00000| Complete 
|  46|0x0000000082e00000, 0x0000000082f00000, 0x0000000082f00000|100%|HS|  |TAMS 0x0000000082f00000, 0x0000000082e00000| Complete 
|  47|0x0000000082f00000, 0x0000000083000000, 0x0000000083000000|100%|HC|  |TAMS 0x0000000083000000, 0x0000000082f00000| Complete 
|  48|0x0000000083000000, 0x0000000083100000, 0x0000000083100000|100%|HC|  |TAMS 0x0000000083100000, 0x0000000083000000| Complete 
|  49|0x0000000083100000, 0x0000000083200000, 0x0000000083200000|100%|HC|  |TAMS 0x0000000083200000, 0x0000000083100000| Complete 
|  50|0x0000000083200000, 0x0000000083300000, 0x0000000083300000|100%|HS|  |TAMS 0x0000000083300000, 0x0000000083200000| Complete 
|  51|0x0000000083300000, 0x0000000083400000, 0x0000000083400000|100%|HC|  |TAMS 0x0000000083400000, 0x0000000083300000| Complete 
|  52|0x0000000083400000, 0x0000000083500000, 0x0000000083500000|100%|HC|  |TAMS 0x0000000083500000, 0x0000000083400000| Complete 
|  53|0x0000000083500000, 0x0000000083600000, 0x0000000083600000|100%| O|  |TAMS 0x0000000083600000, 0x0000000083500000| Untracked 
|  54|0x0000000083600000, 0x0000000083700000, 0x0000000083700000|100%| O|  |TAMS 0x0000000083700000, 0x0000000083600000| Untracked 
|  55|0x0000000083700000, 0x0000000083800000, 0x0000000083800000|100%| O|  |TAMS 0x0000000083800000, 0x0000000083700000| Untracked 
|  56|0x0000000083800000, 0x0000000083900000, 0x0000000083900000|100%| O|  |TAMS 0x0000000083900000, 0x0000000083800000| Untracked 
|  57|0x0000000083900000, 0x0000000083a00000, 0x0000000083a00000|100%| O|  |TAMS 0x0000000083a00000, 0x0000000083900000| Untracked 
|  58|0x0000000083a00000, 0x0000000083b00000, 0x0000000083b00000|100%| O|  |TAMS 0x0000000083b00000, 0x0000000083a00000| Untracked 
|  59|0x0000000083b00000, 0x0000000083c00000, 0x0000000083c00000|100%| O|  |TAMS 0x0000000083c00000, 0x0000000083b00000| Untracked 
|  60|0x0000000083c00000, 0x0000000083d00000, 0x0000000083d00000|100%|HS|  |TAMS 0x0000000083d00000, 0x0000000083c00000| Complete 
|  61|0x0000000083d00000, 0x0000000083e00000, 0x0000000083e00000|100%|HC|  |TAMS 0x0000000083e00000, 0x0000000083d00000| Complete 
|  62|0x0000000083e00000, 0x0000000083f00000, 0x0000000083f00000|100%|HC|  |TAMS 0x0000000083f00000, 0x0000000083e00000| Complete 
|  63|0x0000000083f00000, 0x0000000084000000, 0x0000000084000000|100%|HC|  |TAMS 0x0000000084000000, 0x0000000083f00000| Complete 
|  64|0x0000000084000000, 0x0000000084100000, 0x0000000084100000|100%|HC|  |TAMS 0x0000000084100000, 0x0000000084000000| Complete 
|  65|0x0000000084100000, 0x0000000084200000, 0x0000000084200000|100%| O|  |TAMS 0x0000000084200000, 0x0000000084100000| Untracked 
|  66|0x0000000084200000, 0x0000000084300000, 0x0000000084300000|100%| O|  |TAMS 0x0000000084300000, 0x0000000084200000| Untracked 
|  67|0x0000000084300000, 0x0000000084400000, 0x0000000084400000|100%| O|  |TAMS 0x0000000084400000, 0x0000000084300000| Untracked 
|  68|0x0000000084400000, 0x0000000084500000, 0x0000000084500000|100%| O|  |TAMS 0x0000000084500000, 0x0000000084400000| Untracked 
|  69|0x0000000084500000, 0x0000000084600000, 0x0000000084600000|100%| O|  |TAMS 0x0000000084600000, 0x0000000084500000| Untracked 
|  70|0x0000000084600000, 0x0000000084700000, 0x0000000084700000|100%| O|  |TAMS 0x0000000084700000, 0x0000000084600000| Untracked 
|  71|0x0000000084700000, 0x0000000084800000, 0x0000000084800000|100%| O|  |TAMS 0x0000000084800000, 0x0000000084700000| Untracked 
|  72|0x0000000084800000, 0x0000000084900000, 0x0000000084900000|100%| O|  |TAMS 0x0000000084900000, 0x0000000084800000| Untracked 
|  73|0x0000000084900000, 0x0000000084a00000, 0x0000000084a00000|100%| O|  |TAMS 0x0000000084a00000, 0x0000000084900000| Untracked 
|  74|0x0000000084a00000, 0x0000000084b00000, 0x0000000084b00000|100%| O|  |TAMS 0x0000000084b00000, 0x0000000084a00000| Untracked 
|  75|0x0000000084b00000, 0x0000000084c00000, 0x0000000084c00000|100%| O|  |TAMS 0x0000000084c00000, 0x0000000084b00000| Untracked 
|  76|0x0000000084c00000, 0x0000000084d00000, 0x0000000084d00000|100%|HS|  |TAMS 0x0000000084d00000, 0x0000000084c00000| Complete 
|  77|0x0000000084d00000, 0x0000000084e00000, 0x0000000084e00000|100%|HS|  |TAMS 0x0000000084e00000, 0x0000000084d00000| Complete 
|  78|0x0000000084e00000, 0x0000000084f00000, 0x0000000084f00000|100%| O|  |TAMS 0x0000000084f00000, 0x0000000084e00000| Untracked 
|  79|0x0000000084f00000, 0x0000000085000000, 0x0000000085000000|100%| O|  |TAMS 0x0000000085000000, 0x0000000084f00000| Untracked 
|  80|0x0000000085000000, 0x0000000085100000, 0x0000000085100000|100%| O|  |TAMS 0x0000000085100000, 0x0000000085000000| Untracked 
|  81|0x0000000085100000, 0x0000000085200000, 0x0000000085200000|100%| O|  |TAMS 0x0000000085200000, 0x0000000085100000| Untracked 
|  82|0x0000000085200000, 0x0000000085300000, 0x0000000085300000|100%| O|  |TAMS 0x0000000085300000, 0x0000000085200000| Untracked 
|  83|0x0000000085300000, 0x0000000085400000, 0x0000000085400000|100%| O|  |TAMS 0x0000000085400000, 0x0000000085300000| Untracked 
|  84|0x0000000085400000, 0x0000000085500000, 0x0000000085500000|100%| O|  |TAMS 0x0000000085500000, 0x0000000085400000| Untracked 
|  85|0x0000000085500000, 0x0000000085600000, 0x0000000085600000|100%| O|  |TAMS 0x0000000085600000, 0x0000000085500000| Untracked 
|  86|0x0000000085600000, 0x0000000085700000, 0x0000000085700000|100%| O|  |TAMS 0x0000000085700000, 0x0000000085600000| Untracked 
|  87|0x0000000085700000, 0x0000000085800000, 0x0000000085800000|100%| O|  |TAMS 0x0000000085800000, 0x0000000085700000| Untracked 
|  88|0x0000000085800000, 0x0000000085900000, 0x0000000085900000|100%|HS|  |TAMS 0x0000000085900000, 0x0000000085800000| Complete 
|  89|0x0000000085900000, 0x0000000085a00000, 0x0000000085a00000|100%|HC|  |TAMS 0x0000000085a00000, 0x0000000085900000| Complete 
|  90|0x0000000085a00000, 0x0000000085b00000, 0x0000000085b00000|100%| O|  |TAMS 0x0000000085b00000, 0x0000000085a00000| Untracked 
|  91|0x0000000085b00000, 0x0000000085c00000, 0x0000000085c00000|100%| O|  |TAMS 0x0000000085c00000, 0x0000000085b00000| Untracked 
|  92|0x0000000085c00000, 0x0000000085d00000, 0x0000000085d00000|100%| O|  |TAMS 0x0000000085d00000, 0x0000000085c00000| Untracked 
|  93|0x0000000085d00000, 0x0000000085e00000, 0x0000000085e00000|100%| O|  |TAMS 0x0000000085e00000, 0x0000000085d00000| Untracked 
|  94|0x0000000085e00000, 0x0000000085e32600, 0x0000000085f00000| 19%| O|  |TAMS 0x0000000085e32600, 0x0000000085e00000| Untracked 
|  95|0x0000000085f00000, 0x0000000085f00000, 0x0000000086000000|  0%| F|  |TAMS 0x0000000085f00000, 0x0000000085f00000| Untracked 
|  96|0x0000000086000000, 0x0000000086000000, 0x0000000086100000|  0%| F|  |TAMS 0x0000000086000000, 0x0000000086000000| Untracked 
|  97|0x0000000086100000, 0x0000000086200000, 0x0000000086200000|100%| O|  |TAMS 0x0000000086200000, 0x0000000086100000| Untracked 
|  98|0x0000000086200000, 0x0000000086300000, 0x0000000086300000|100%| O|  |TAMS 0x0000000086300000, 0x0000000086200000| Untracked 
|  99|0x0000000086300000, 0x0000000086400000, 0x0000000086400000|100%| O|  |TAMS 0x0000000086400000, 0x0000000086300000| Untracked 
| 100|0x0000000086400000, 0x0000000086500000, 0x0000000086500000|100%| O|  |TAMS 0x0000000086500000, 0x0000000086400000| Untracked 
| 101|0x0000000086500000, 0x0000000086600000, 0x0000000086600000|100%| O|  |TAMS 0x0000000086600000, 0x0000000086500000| Untracked 
| 102|0x0000000086600000, 0x0000000086600000, 0x0000000086700000|  0%| F|  |TAMS 0x0000000086600000, 0x0000000086600000| Untracked 
| 103|0x0000000086700000, 0x0000000086700000, 0x0000000086800000|  0%| F|  |TAMS 0x0000000086700000, 0x0000000086700000| Untracked 
| 104|0x0000000086800000, 0x0000000086800000, 0x0000000086900000|  0%| F|  |TAMS 0x0000000086800000, 0x0000000086800000| Untracked 
| 105|0x0000000086900000, 0x0000000086900000, 0x0000000086a00000|  0%| F|  |TAMS 0x0000000086900000, 0x0000000086900000| Untracked 
| 106|0x0000000086a00000, 0x0000000086a00000, 0x0000000086b00000|  0%| F|  |TAMS 0x0000000086a00000, 0x0000000086a00000| Untracked 
| 107|0x0000000086b00000, 0x0000000086b00000, 0x0000000086c00000|  0%| F|  |TAMS 0x0000000086b00000, 0x0000000086b00000| Untracked 
| 108|0x0000000086c00000, 0x0000000086c00000, 0x0000000086d00000|  0%| F|  |TAMS 0x0000000086c00000, 0x0000000086c00000| Untracked 
| 109|0x0000000086d00000, 0x0000000086d00000, 0x0000000086e00000|  0%| F|  |TAMS 0x0000000086d00000, 0x0000000086d00000| Untracked 
| 110|0x0000000086e00000, 0x0000000086e00000, 0x0000000086f00000|  0%| F|  |TAMS 0x0000000086e00000, 0x0000000086e00000| Untracked 
| 111|0x0000000086f00000, 0x0000000086f00000, 0x0000000087000000|  0%| F|  |TAMS 0x0000000086f00000, 0x0000000086f00000| Untracked 
| 112|0x0000000087000000, 0x0000000087000000, 0x0000000087100000|  0%| F|  |TAMS 0x0000000087000000, 0x0000000087000000| Untracked 
| 113|0x0000000087100000, 0x0000000087100000, 0x0000000087200000|  0%| F|  |TAMS 0x0000000087100000, 0x0000000087100000| Untracked 
| 114|0x0000000087200000, 0x0000000087200000, 0x0000000087300000|  0%| F|  |TAMS 0x0000000087200000, 0x0000000087200000| Untracked 
| 115|0x0000000087300000, 0x0000000087300000, 0x0000000087400000|  0%| F|  |TAMS 0x0000000087300000, 0x0000000087300000| Untracked 
| 116|0x0000000087400000, 0x0000000087400000, 0x0000000087500000|  0%| F|  |TAMS 0x0000000087400000, 0x0000000087400000| Untracked 
| 117|0x0000000087500000, 0x0000000087500000, 0x0000000087600000|  0%| F|  |TAMS 0x0000000087500000, 0x0000000087500000| Untracked 
| 118|0x0000000087600000, 0x0000000087600000, 0x0000000087700000|  0%| F|  |TAMS 0x0000000087600000, 0x0000000087600000| Untracked 
| 119|0x0000000087700000, 0x0000000087700000, 0x0000000087800000|  0%| F|  |TAMS 0x0000000087700000, 0x0000000087700000| Untracked 
| 120|0x0000000087800000, 0x0000000087848058, 0x0000000087900000| 28%| S|CS|TAMS 0x0000000087800000, 0x0000000087800000| Complete 
| 121|0x0000000087900000, 0x0000000087a00000, 0x0000000087a00000|100%| S|CS|TAMS 0x0000000087900000, 0x0000000087900000| Complete 
| 122|0x0000000087a00000, 0x0000000087a00000, 0x0000000087b00000|  0%| F|  |TAMS 0x0000000087a00000, 0x0000000087a00000| Untracked 
| 123|0x0000000087b00000, 0x0000000087b00000, 0x0000000087c00000|  0%| F|  |TAMS 0x0000000087b00000, 0x0000000087b00000| Untracked 
| 124|0x0000000087c00000, 0x0000000087c00000, 0x0000000087d00000|  0%| F|  |TAMS 0x0000000087c00000, 0x0000000087c00000| Untracked 
| 125|0x0000000087d00000, 0x0000000087e00000, 0x0000000087e00000|100%| S|CS|TAMS 0x0000000087d00000, 0x0000000087d00000| Complete 
| 126|0x0000000087e00000, 0x0000000087f00000, 0x0000000087f00000|100%| S|CS|TAMS 0x0000000087e00000, 0x0000000087e00000| Complete 
| 127|0x0000000087f00000, 0x0000000087f00000, 0x0000000088000000|  0%| F|  |TAMS 0x0000000087f00000, 0x0000000087f00000| Untracked 
| 128|0x0000000088000000, 0x0000000088000000, 0x0000000088100000|  0%| F|  |TAMS 0x0000000088000000, 0x0000000088000000| Untracked 
| 129|0x0000000088100000, 0x0000000088100000, 0x0000000088200000|  0%| F|  |TAMS 0x0000000088100000, 0x0000000088100000| Untracked 
| 130|0x0000000088200000, 0x000000008827e8d8, 0x0000000088300000| 49%| E|  |TAMS 0x0000000088200000, 0x0000000088200000| Complete 
| 131|0x0000000088300000, 0x0000000088400000, 0x0000000088400000|100%| E|CS|TAMS 0x0000000088300000, 0x0000000088300000| Complete 
| 132|0x0000000088400000, 0x0000000088500000, 0x0000000088500000|100%| E|CS|TAMS 0x0000000088400000, 0x0000000088400000| Complete 
| 133|0x0000000088500000, 0x0000000088600000, 0x0000000088600000|100%| E|CS|TAMS 0x0000000088500000, 0x0000000088500000| Complete 
| 134|0x0000000088600000, 0x0000000088700000, 0x0000000088700000|100%| E|CS|TAMS 0x0000000088600000, 0x0000000088600000| Complete 
| 135|0x0000000088700000, 0x0000000088800000, 0x0000000088800000|100%| E|CS|TAMS 0x0000000088700000, 0x0000000088700000| Complete 
| 136|0x0000000088800000, 0x0000000088900000, 0x0000000088900000|100%| E|CS|TAMS 0x0000000088800000, 0x0000000088800000| Complete 
| 137|0x0000000088900000, 0x0000000088a00000, 0x0000000088a00000|100%| E|CS|TAMS 0x0000000088900000, 0x0000000088900000| Complete 
| 138|0x0000000088a00000, 0x0000000088b00000, 0x0000000088b00000|100%| E|CS|TAMS 0x0000000088a00000, 0x0000000088a00000| Complete 
| 139|0x0000000088b00000, 0x0000000088c00000, 0x0000000088c00000|100%| E|CS|TAMS 0x0000000088b00000, 0x0000000088b00000| Complete 
| 140|0x0000000088c00000, 0x0000000088d00000, 0x0000000088d00000|100%| E|  |TAMS 0x0000000088c00000, 0x0000000088c00000| Complete 
| 141|0x0000000088d00000, 0x0000000088e00000, 0x0000000088e00000|100%| E|CS|TAMS 0x0000000088d00000, 0x0000000088d00000| Complete 
| 142|0x0000000088e00000, 0x0000000088f00000, 0x0000000088f00000|100%| E|CS|TAMS 0x0000000088e00000, 0x0000000088e00000| Complete 
| 143|0x0000000088f00000, 0x0000000089000000, 0x0000000089000000|100%| E|CS|TAMS 0x0000000088f00000, 0x0000000088f00000| Complete 
| 144|0x0000000089000000, 0x0000000089100000, 0x0000000089100000|100%| E|CS|TAMS 0x0000000089000000, 0x0000000089000000| Complete 
| 145|0x0000000089100000, 0x0000000089200000, 0x0000000089200000|100%| E|CS|TAMS 0x0000000089100000, 0x0000000089100000| Complete 
| 146|0x0000000089200000, 0x0000000089300000, 0x0000000089300000|100%| E|CS|TAMS 0x0000000089200000, 0x0000000089200000| Complete 
| 147|0x0000000089300000, 0x0000000089400000, 0x0000000089400000|100%| E|CS|TAMS 0x0000000089300000, 0x0000000089300000| Complete 
| 148|0x0000000089400000, 0x0000000089500000, 0x0000000089500000|100%| E|CS|TAMS 0x0000000089400000, 0x0000000089400000| Complete 
| 149|0x0000000089500000, 0x0000000089600000, 0x0000000089600000|100%| E|CS|TAMS 0x0000000089500000, 0x0000000089500000| Complete 
| 150|0x0000000089600000, 0x0000000089700000, 0x0000000089700000|100%| E|CS|TAMS 0x0000000089600000, 0x0000000089600000| Complete 
| 151|0x0000000089700000, 0x0000000089800000, 0x0000000089800000|100%| E|CS|TAMS 0x0000000089700000, 0x0000000089700000| Complete 
| 152|0x0000000089800000, 0x0000000089900000, 0x0000000089900000|100%| E|CS|TAMS 0x0000000089800000, 0x0000000089800000| Complete 
| 153|0x0000000089900000, 0x0000000089a00000, 0x0000000089a00000|100%| E|CS|TAMS 0x0000000089900000, 0x0000000089900000| Complete 

Card table byte_map: [0x0000012b75e10000,0x0000012b76210000] _byte_map_base: 0x0000012b75a10000

Marking Bits (Prev, Next): (CMBitMap*) 0x0000012b71c0adc0, (CMBitMap*) 0x0000012b71c0ad88
 Prev Bits: [0x0000012b78610000, 0x0000012b7a610000)
 Next Bits: [0x0000012b76610000, 0x0000012b78610000)

Polling page: 0x0000012b6fb70000

Metaspace:

Usage:
  Non-class:     64.63 MB capacity,    63.30 MB ( 98%) used,     1.14 MB (  2%) free+waste,   190.19 KB ( <1%) overhead. 
      Class:     10.03 MB capacity,     9.28 MB ( 93%) used,   676.95 KB (  7%) free+waste,    89.38 KB ( <1%) overhead. 
       Both:     74.66 MB capacity,    72.59 MB ( 97%) used,     1.80 MB (  2%) free+waste,   279.56 KB ( <1%) overhead. 

Virtual space:
  Non-class space:       66.00 MB reserved,      64.75 MB ( 98%) committed 
      Class space:        1.00 GB reserved,      10.07 MB ( <1%) committed 
             Both:        1.06 GB reserved,      74.82 MB (  7%) committed 

Chunk freelists:
   Non-Class:  59.00 KB
       Class:  0 bytes
        Both:  59.00 KB

MaxMetaspaceSize: 17179869184.00 GB
CompressedClassSpaceSize: 1.00 GB
Initial GC threshold: 20.80 MB
Current GC threshold: 121.79 MB
CDS: off

CodeHeap 'non-profiled nmethods': size=120000Kb used=3863Kb max_used=3863Kb free=116137Kb
 bounds [0x0000012b07ad0000, 0x0000012b07ea0000, 0x0000012b0f000000]
CodeHeap 'profiled nmethods': size=120000Kb used=16301Kb max_used=16301Kb free=103698Kb
 bounds [0x0000012b005a0000, 0x0000012b01590000, 0x0000012b07ad0000]
CodeHeap 'non-nmethods': size=5760Kb used=2362Kb max_used=2397Kb free=3397Kb
 bounds [0x0000012b00000000, 0x0000012b00270000, 0x0000012b005a0000]
 total_blobs=8541 nmethods=7666 adapters=786
 compilation: enabled
              stopped_count=0, restarted_count=0
 full_count=0

Compilation events (20 events):
Event: 23.408 Thread 0x0000012b7d900000 7887       3       com.android.build.gradle.options.ProjectOptions$OptionValue::access$000 (5 bytes)
Event: 23.408 Thread 0x0000012b7d900000 nmethod 7887 0x0000012b01587c10 code [0x0000012b01587de0, 0x0000012b01588008]
Event: 23.408 Thread 0x0000012b7d900000 7888       3       com.android.build.gradle.options.ProjectOptions$OptionValue::getValue (20 bytes)
Event: 23.409 Thread 0x0000012b7d900000 nmethod 7888 0x0000012b01588110 code [0x0000012b015882c0, 0x0000012b01588488]
Event: 23.409 Thread 0x0000012b7d900000 7889       3       com.android.build.gradle.options.ProjectOptions$OptionValue$$Lambda$688/0x0000012b0f751840::call (12 bytes)
Event: 23.409 Thread 0x0000012b7d900000 nmethod 7889 0x0000012b01588510 code [0x0000012b01588720, 0x0000012b01588d68]
Event: 23.412 Thread 0x0000012b7d900000 7891       3       kotlin.jvm.internal.Lambda::<init> (10 bytes)
Event: 23.412 Thread 0x0000012b7d900000 nmethod 7891 0x0000012b01588f90 code [0x0000012b01589140, 0x0000012b01589298]
Event: 23.423 Thread 0x0000012b7d900000 7893       3       com.google.common.collect.ImmutableList::copyIntoArray (36 bytes)
Event: 23.423 Thread 0x0000012b7d900000 nmethod 7893 0x0000012b01589390 code [0x0000012b01589580, 0x0000012b01589ab8]
Event: 23.423 Thread 0x0000012b7d900000 7894       1       org.gradle.api.internal.project.DefaultProjectStateRegistry::access$100 (5 bytes)
Event: 23.423 Thread 0x0000012b7d900000 nmethod 7894 0x0000012b07e95310 code [0x0000012b07e954c0, 0x0000012b07e95558]
Event: 23.426 Thread 0x0000012b7d900000 7895       1       com.android.build.gradle.internal.services.ProjectServices::getObjectFactory (5 bytes)
Event: 23.426 Thread 0x0000012b7d900000 nmethod 7895 0x0000012b07e95610 code [0x0000012b07e957c0, 0x0000012b07e95878]
Event: 23.431 Thread 0x0000012b7d900000 7896   !   3       jdk.internal.reflect.GeneratedConstructorAccessor2::newInstance (53 bytes)
Event: 23.432 Thread 0x0000012b7d900000 nmethod 7896 0x0000012b01589c90 code [0x0000012b01589ee0, 0x0000012b0158a7a8]
Event: 23.434 Thread 0x0000012b7d900000 7897       1       org.gradle.api.internal.tasks.properties.annotations.OutputPropertyRoleAnnotationHandler::getAnnotationTypes (5 bytes)
Event: 23.434 Thread 0x0000012b7d900000 nmethod 7897 0x0000012b07e95910 code [0x0000012b07e95ac0, 0x0000012b07e95b78]
Event: 23.435 Thread 0x0000012b7d900000 7898       3       java.lang.AbstractStringBuilder::appendChars (133 bytes)
Event: 23.438 Thread 0x0000012b7d900000 nmethod 7898 0x0000012b0158ac10 code [0x0000012b0158ae20, 0x0000012b0158b458]

GC Heap History (20 events):
Event: 13.433 GC heap before
{Heap before GC invocations=16 (full 0):
 garbage-first heap   total 157696K, used 89326K [0x0000000080000000, 0x0000000100000000)
  region size 1024K, 12 young (12288K), 6 survivors (6144K)
 Metaspace       used 56050K, capacity 57734K, committed 58060K, reserved 1099776K
  class space    used 7203K, capacity 7785K, committed 7884K, reserved 1048576K
}
Event: 13.440 GC heap after
{Heap after GC invocations=17 (full 0):
 garbage-first heap   total 157696K, used 89441K [0x0000000080000000, 0x0000000100000000)
  region size 1024K, 7 young (7168K), 7 survivors (7168K)
 Metaspace       used 56050K, capacity 57734K, committed 58060K, reserved 1099776K
  class space    used 7203K, capacity 7785K, committed 7884K, reserved 1048576K
}
Event: 13.563 GC heap before
{Heap before GC invocations=18 (full 0):
 garbage-first heap   total 157696K, used 95585K [0x0000000080000000, 0x0000000100000000)
  region size 1024K, 13 young (13312K), 7 survivors (7168K)
 Metaspace       used 56050K, capacity 57734K, committed 58060K, reserved 1099776K
  class space    used 7203K, capacity 7785K, committed 7884K, reserved 1048576K
}
Event: 13.568 GC heap after
{Heap after GC invocations=19 (full 0):
 garbage-first heap   total 157696K, used 90569K [0x0000000080000000, 0x0000000100000000)
  region size 1024K, 2 young (2048K), 2 survivors (2048K)
 Metaspace       used 56050K, capacity 57734K, committed 58060K, reserved 1099776K
  class space    used 7203K, capacity 7785K, committed 7884K, reserved 1048576K
}
Event: 14.891 GC heap before
{Heap before GC invocations=20 (full 0):
 garbage-first heap   total 157696K, used 122313K [0x0000000080000000, 0x0000000100000000)
  region size 1024K, 31 young (31744K), 2 survivors (2048K)
 Metaspace       used 59482K, capacity 61267K, committed 61516K, reserved 1101824K
  class space    used 7631K, capacity 8253K, committed 8268K, reserved 1048576K
}
Event: 14.895 GC heap after
{Heap after GC invocations=21 (full 0):
 garbage-first heap   total 157696K, used 94046K [0x0000000080000000, 0x0000000100000000)
  region size 1024K, 4 young (4096K), 4 survivors (4096K)
 Metaspace       used 59482K, capacity 61267K, committed 61516K, reserved 1101824K
  class space    used 7631K, capacity 8253K, committed 8268K, reserved 1048576K
}
Event: 16.938 GC heap before
{Heap before GC invocations=21 (full 0):
 garbage-first heap   total 157696K, used 122718K [0x0000000080000000, 0x0000000100000000)
  region size 1024K, 32 young (32768K), 4 survivors (4096K)
 Metaspace       used 63790K, capacity 65715K, committed 65996K, reserved 1105920K
  class space    used 8142K, capacity 8799K, committed 8908K, reserved 1048576K
}
Event: 16.943 GC heap after
{Heap after GC invocations=22 (full 0):
 garbage-first heap   total 157696K, used 94805K [0x0000000080000000, 0x0000000100000000)
  region size 1024K, 3 young (3072K), 3 survivors (3072K)
 Metaspace       used 63790K, capacity 65715K, committed 65996K, reserved 1105920K
  class space    used 8142K, capacity 8799K, committed 8908K, reserved 1048576K
}
Event: 19.197 GC heap before
{Heap before GC invocations=23 (full 0):
 garbage-first heap   total 157696K, used 119381K [0x0000000080000000, 0x0000000100000000)
  region size 1024K, 28 young (28672K), 3 survivors (3072K)
 Metaspace       used 67646K, capacity 69622K, committed 69836K, reserved 1110016K
  class space    used 8632K, capacity 9333K, committed 9420K, reserved 1048576K
}
Event: 19.205 GC heap after
{Heap after GC invocations=24 (full 0):
 garbage-first heap   total 157696K, used 97195K [0x0000000080000000, 0x0000000100000000)
  region size 1024K, 4 young (4096K), 4 survivors (4096K)
 Metaspace       used 67646K, capacity 69622K, committed 69836K, reserved 1110016K
  class space    used 8632K, capacity 9333K, committed 9420K, reserved 1048576K
}
Event: 19.329 GC heap before
{Heap before GC invocations=25 (full 0):
 garbage-first heap   total 157696K, used 115627K [0x0000000080000000, 0x0000000100000000)
  region size 1024K, 18 young (18432K), 4 survivors (4096K)
 Metaspace       used 67652K, capacity 69628K, committed 69836K, reserved 1110016K
  class space    used 8633K, capacity 9334K, committed 9420K, reserved 1048576K
}
Event: 19.339 GC heap after
{Heap after GC invocations=26 (full 0):
 garbage-first heap   total 157696K, used 103754K [0x0000000080000000, 0x0000000100000000)
  region size 1024K, 4 young (4096K), 4 survivors (4096K)
 Metaspace       used 67652K, capacity 69628K, committed 69836K, reserved 1110016K
  class space    used 8633K, capacity 9334K, committed 9420K, reserved 1048576K
}
Event: 20.065 GC heap before
{Heap before GC invocations=27 (full 0):
 garbage-first heap   total 157696K, used 130378K [0x0000000080000000, 0x0000000100000000)
  region size 1024K, 28 young (28672K), 4 survivors (4096K)
 Metaspace       used 69816K, capacity 71770K, committed 71884K, reserved 1112064K
  class space    used 8905K, capacity 9594K, committed 9676K, reserved 1048576K
}
Event: 20.070 GC heap after
{Heap after GC invocations=28 (full 0):
 garbage-first heap   total 157696K, used 101513K [0x0000000080000000, 0x0000000100000000)
  region size 1024K, 2 young (2048K), 2 survivors (2048K)
 Metaspace       used 69816K, capacity 71770K, committed 71884K, reserved 1112064K
  class space    used 8905K, capacity 9594K, committed 9676K, reserved 1048576K
}
Event: 20.817 GC heap before
{Heap before GC invocations=28 (full 0):
 garbage-first heap   total 157696K, used 124041K [0x0000000080000000, 0x0000000100000000)
  region size 1024K, 25 young (25600K), 2 survivors (2048K)
 Metaspace       used 71352K, capacity 73266K, committed 73292K, reserved 1112064K
  class space    used 9107K, capacity 9792K, committed 9804K, reserved 1048576K
}
Event: 20.823 GC heap after
{Heap after GC invocations=29 (full 0):
 garbage-first heap   total 157696K, used 102893K [0x0000000080000000, 0x0000000100000000)
  region size 1024K, 3 young (3072K), 3 survivors (3072K)
 Metaspace       used 71352K, capacity 73266K, committed 73292K, reserved 1112064K
  class space    used 9107K, capacity 9792K, committed 9804K, reserved 1048576K
}
Event: 21.716 GC heap before
{Heap before GC invocations=30 (full 0):
 garbage-first heap   total 157696K, used 129517K [0x0000000080000000, 0x0000000100000000)
  region size 1024K, 29 young (29696K), 3 survivors (3072K)
 Metaspace       used 72506K, capacity 74550K, committed 74828K, reserved 1114112K
  class space    used 9259K, capacity 9978K, committed 10060K, reserved 1048576K
}
Event: 21.723 GC heap after
{Heap after GC invocations=31 (full 0):
 garbage-first heap   total 157696K, used 102877K [0x0000000080000000, 0x0000000100000000)
  region size 1024K, 3 young (3072K), 3 survivors (3072K)
 Metaspace       used 72506K, capacity 74550K, committed 74828K, reserved 1114112K
  class space    used 9259K, capacity 9978K, committed 10060K, reserved 1048576K
}
Event: 22.789 GC heap before
{Heap before GC invocations=31 (full 0):
 garbage-first heap   total 157696K, used 130525K [0x0000000080000000, 0x0000000100000000)
  region size 1024K, 30 young (30720K), 3 survivors (3072K)
 Metaspace       used 72687K, capacity 74814K, committed 74828K, reserved 1114112K
  class space    used 9291K, capacity 10046K, committed 10060K, reserved 1048576K
}
Event: 22.801 GC heap after
{Heap after GC invocations=32 (full 0):
 garbage-first heap   total 157696K, used 104937K [0x0000000080000000, 0x0000000100000000)
  region size 1024K, 4 young (4096K), 4 survivors (4096K)
 Metaspace       used 72687K, capacity 74814K, committed 74828K, reserved 1114112K
  class space    used 9291K, capacity 10046K, committed 10060K, reserved 1048576K
}

Deoptimization events (20 events):
Event: 20.952 Thread 0x0000012b7e5bf000 Uncommon trap: trap_request=0xffffff4d fr.pc=0x0000012b07b76bd4 relative=0x00000000000005f4
Event: 20.953 Thread 0x0000012b7e5bf000 Uncommon trap: reason=unstable_if action=reinterpret pc=0x0000012b07b76bd4 method=java.lang.AbstractStringBuilder.appendChars(Ljava/lang/CharSequence;II)V @ 4 c2
Event: 20.953 Thread 0x0000012b7e5bf000 DEOPT PACKING pc=0x0000012b07b76bd4 sp=0x0000000140cf63d0
Event: 20.953 Thread 0x0000012b7e5bf000 DEOPT UNPACKING pc=0x0000012b0004a1af sp=0x0000000140cf62b8 mode 2
Event: 21.182 Thread 0x0000012b7e5bf000 Uncommon trap: trap_request=0xffffff4d fr.pc=0x0000012b07ce1b18 relative=0x0000000000000598
Event: 21.182 Thread 0x0000012b7e5bf000 Uncommon trap: reason=unstable_if action=reinterpret pc=0x0000012b07ce1b18 method=groovyjarjarantlr4.v4.runtime.atn.PredictionContextCache$IdentityCommutativePredictionContextOperands.equals(Ljava/lang/Object;)Z @ 62 c2
Event: 21.182 Thread 0x0000012b7e5bf000 DEOPT PACKING pc=0x0000012b07ce1b18 sp=0x0000000140cf6740
Event: 21.182 Thread 0x0000012b7e5bf000 DEOPT UNPACKING pc=0x0000012b0004a1af sp=0x0000000140cf6428 mode 2
Event: 21.183 Thread 0x0000012b7e5bf000 Uncommon trap: trap_request=0xffffff4d fr.pc=0x0000012b07ce06a0 relative=0x0000000000000520
Event: 21.183 Thread 0x0000012b7e5bf000 Uncommon trap: reason=unstable_if action=reinterpret pc=0x0000012b07ce06a0 method=groovyjarjarantlr4.v4.runtime.atn.PredictionContextCache$IdentityCommutativePredictionContextOperands.equals(Ljava/lang/Object;)Z @ 62 c2
Event: 21.183 Thread 0x0000012b7e5bf000 DEOPT PACKING pc=0x0000012b07ce06a0 sp=0x0000000140cf61d0
Event: 21.183 Thread 0x0000012b7e5bf000 DEOPT UNPACKING pc=0x0000012b0004a1af sp=0x0000000140cf5f28 mode 2
Event: 21.259 Thread 0x0000012b7e5bf000 DEOPT PACKING pc=0x0000012b00f25f79 sp=0x0000000140cf7980
Event: 21.259 Thread 0x0000012b7e5bf000 DEOPT UNPACKING pc=0x0000012b0004a95e sp=0x0000000140cf6f08 mode 0
Event: 22.317 Thread 0x0000012b7e5bf000 Uncommon trap: trap_request=0xffffff4d fr.pc=0x0000012b07c77e24 relative=0x0000000000000364
Event: 22.317 Thread 0x0000012b7e5bf000 Uncommon trap: reason=unstable_if action=reinterpret pc=0x0000012b07c77e24 method=java.util.StringJoiner.add(Ljava/lang/CharSequence;)Ljava/util/StringJoiner; @ 33 c2
Event: 22.317 Thread 0x0000012b7e5bf000 DEOPT PACKING pc=0x0000012b07c77e24 sp=0x0000000140cf5410
Event: 22.317 Thread 0x0000012b7e5bf000 DEOPT UNPACKING pc=0x0000012b0004a1af sp=0x0000000140cf53c0 mode 2
Event: 23.435 Thread 0x0000012b7e5bf000 DEOPT PACKING pc=0x0000012b014aa95d sp=0x0000000140cf8080
Event: 23.435 Thread 0x0000012b7e5bf000 DEOPT UNPACKING pc=0x0000012b0004a95e sp=0x0000000140cf7538 mode 0

Classes redefined (0 events):
No events

Internal exceptions (20 events):
Event: 22.847 Thread 0x0000012b7e5bf000 Exception <a 'java/lang/ClassNotFoundException'{0x0000000089643738}: com/android/build/gradle/internal/dsl/BuildType$AgpDecorated_DecoratedBeanInfo> (0x0000000089643738) thrown at [./src/hotspot/share/classfile/systemDictionary.cpp, line 231]
Event: 22.849 Thread 0x0000012b7e5bf000 Exception <a 'java/lang/ClassNotFoundException'{0x0000000089663508}: com/android/build/gradle/internal/dsl/BuildType$AgpDecoratedBeanInfo> (0x0000000089663508) thrown at [./src/hotspot/share/classfile/systemDictionary.cpp, line 231]
Event: 22.850 Thread 0x0000012b7e5bf000 Exception <a 'java/lang/ClassNotFoundException'{0x0000000089680fb8}: com/android/build/gradle/internal/dsl/BuildTypeBeanInfo> (0x0000000089680fb8) thrown at [./src/hotspot/share/classfile/systemDictionary.cpp, line 231]
Event: 22.851 Thread 0x0000012b7e5bf000 Exception <a 'java/lang/ClassNotFoundException'{0x000000008969d960}: com/android/builder/core/AbstractBuildTypeBeanInfo> (0x000000008969d960) thrown at [./src/hotspot/share/classfile/systemDictionary.cpp, line 231]
Event: 22.852 Thread 0x0000012b7e5bf000 Exception <a 'java/lang/ClassNotFoundException'{0x00000000896baac8}: com/android/builder/core/AbstractBuildTypeCustomizer> (0x00000000896baac8) thrown at [./src/hotspot/share/classfile/systemDictionary.cpp, line 231]
Event: 22.854 Thread 0x0000012b7e5bf000 Exception <a 'java/lang/ClassNotFoundException'{0x00000000896f4848}: com/android/build/gradle/internal/dsl/BuildTypeCustomizer> (0x00000000896f4848) thrown at [./src/hotspot/share/classfile/systemDictionary.cpp, line 231]
Event: 22.859 Thread 0x0000012b7e5bf000 Exception <a 'java/lang/ClassNotFoundException'{0x000000008958cd98}: com/android/build/gradle/internal/dsl/BuildType$AgpDecoratedCustomizer> (0x000000008958cd98) thrown at [./src/hotspot/share/classfile/systemDictionary.cpp, line 231]
Event: 22.862 Thread 0x0000012b7e5bf000 Exception <a 'java/lang/ClassNotFoundException'{0x00000000895efa88}: com/android/build/gradle/internal/dsl/BuildType$AgpDecorated_DecoratedCustomizer> (0x00000000895efa88) thrown at [./src/hotspot/share/classfile/systemDictionary.cpp, line 231]
Event: 22.870 Thread 0x0000012b7e5bf000 Exception <a 'java/lang/ClassNotFoundException'{0x00000000894cbee0}: build_7wdyk14gme409js7rtx0bdzx4$_run_closure1$_closure4BeanInfo> (0x00000000894cbee0) thrown at [./src/hotspot/share/classfile/systemDictionary.cpp, line 231]
Event: 22.871 Thread 0x0000012b7e5bf000 Exception <a 'java/lang/ClassNotFoundException'{0x00000000894df6e8}: build_7wdyk14gme409js7rtx0bdzx4$_run_closure1$_closure4Customizer> (0x00000000894df6e8) thrown at [./src/hotspot/share/classfile/systemDictionary.cpp, line 231]
Event: 22.874 Thread 0x0000012b7e5bf000 Exception <a 'java/lang/ClassNotFoundException'{0x000000008930c5e8}: build_7wdyk14gme409js7rtx0bdzx4$_run_closure1BeanInfo> (0x000000008930c5e8) thrown at [./src/hotspot/share/classfile/systemDictionary.cpp, line 231]
Event: 22.875 Thread 0x0000012b7e5bf000 Exception <a 'java/lang/ClassNotFoundException'{0x000000008931f2f0}: build_7wdyk14gme409js7rtx0bdzx4$_run_closure1Customizer> (0x000000008931f2f0) thrown at [./src/hotspot/share/classfile/systemDictionary.cpp, line 231]
Event: 22.892 Thread 0x0000012b7e5bf000 Exception <a 'java/lang/ClassNotFoundException'{0x0000000089386328}: org/gradle/api/JavaVersionBeanInfo> (0x0000000089386328) thrown at [./src/hotspot/share/classfile/systemDictionary.cpp, line 231]
Event: 22.895 Thread 0x0000012b7e5bf000 Exception <a 'java/lang/ClassNotFoundException'{0x00000000893b72a8}: org/gradle/api/JavaVersionCustomizer> (0x00000000893b72a8) thrown at [./src/hotspot/share/classfile/systemDictionary.cpp, line 231]
Event: 22.919 Thread 0x0000012b7e5bf000 Exception <a 'java/lang/ClassNotFoundException'{0x0000000089224a28}: com/android/build/gradle/internal/CompileOptions$AgpDecorated_DecoratedBeanInfo> (0x0000000089224a28) thrown at [./src/hotspot/share/classfile/systemDictionary.cpp, line 231]
Event: 22.921 Thread 0x0000012b7e5bf000 Exception <a 'java/lang/ClassNotFoundException'{0x0000000089243648}: com/android/build/gradle/internal/CompileOptions$AgpDecoratedBeanInfo> (0x0000000089243648) thrown at [./src/hotspot/share/classfile/systemDictionary.cpp, line 231]
Event: 22.922 Thread 0x0000012b7e5bf000 Exception <a 'java/lang/ClassNotFoundException'{0x000000008925fbf0}: com/android/build/gradle/internal/CompileOptionsBeanInfo> (0x000000008925fbf0) thrown at [./src/hotspot/share/classfile/systemDictionary.cpp, line 231]
Event: 22.923 Thread 0x0000012b7e5bf000 Exception <a 'java/lang/ClassNotFoundException'{0x000000008927c990}: com/android/build/gradle/internal/CompileOptionsCustomizer> (0x000000008927c990) thrown at [./src/hotspot/share/classfile/systemDictionary.cpp, line 231]
Event: 22.926 Thread 0x0000012b7e5bf000 Exception <a 'java/lang/ClassNotFoundException'{0x00000000892a7c48}: com/android/build/gradle/internal/CompileOptions$AgpDecoratedCustomizer> (0x00000000892a7c48) thrown at [./src/hotspot/share/classfile/systemDictionary.cpp, line 231]
Event: 22.931 Thread 0x0000012b7e5bf000 Exception <a 'java/lang/ClassNotFoundException'{0x00000000892d65e0}: com/android/build/gradle/internal/CompileOptions$AgpDecorated_DecoratedCustomizer> (0x00000000892d65e0) thrown at [./src/hotspot/share/classfile/systemDictionary.cpp, line 231]

Events (20 events):
Event: 23.410 loading class com/android/build/gradle/internal/VariantManager$createTestComponents$variantDslInfoBuilder$1
Event: 23.410 loading class com/android/build/gradle/internal/VariantManager$createTestComponents$variantDslInfoBuilder$1 done
Event: 23.412 loading class com/android/build/gradle/internal/core/VariantDslInfoImpl$initApplicationId$testAppIdFromFlavors$1
Event: 23.412 loading class com/android/build/gradle/internal/core/VariantDslInfoImpl$initApplicationId$testAppIdFromFlavors$1 done
Event: 23.413 loading class com/android/build/gradle/internal/core/VariantDslInfoImpl$initApplicationId$1
Event: 23.413 loading class com/android/build/gradle/internal/core/VariantDslInfoImpl$initApplicationId$1 done
Event: 23.416 loading class org/gradle/api/internal/artifacts/dependencies/DefaultProjectDependency
Event: 23.416 loading class org/gradle/api/internal/artifacts/dependencies/DefaultProjectDependency done
Event: 23.418 loading class org/gradle/api/internal/artifacts/dependencies/ProjectDependencyInternal
Event: 23.418 loading class org/gradle/api/internal/artifacts/dependencies/ProjectDependencyInternal done
Event: 23.423 loading class org/gradle/api/artifacts/DependencySet
Event: 23.423 loading class org/gradle/api/artifacts/DependencySet done
Event: 23.424 loading class com/android/build/gradle/internal/variant/TestVariantData
Event: 23.424 loading class com/android/build/gradle/internal/variant/TestVariantData done
Event: 23.427 loading class com/android/build/api/component/impl/AndroidTestCreationConfigImpl
Event: 23.427 loading class com/android/build/api/component/impl/AndroidTestCreationConfigImpl done
Event: 23.446 loading class com/android/build/gradle/internal/core/VariantDslInfoImpl$namespace$2$1$1
Event: 23.446 loading class com/android/build/gradle/internal/core/VariantDslInfoImpl$namespace$2$1$1 done
Event: 23.447 loading class com/android/build/gradle/internal/core/VariantDslInfoImpl$namespaceForR$2$1$1
Event: 23.447 loading class com/android/build/gradle/internal/core/VariantDslInfoImpl$namespaceForR$2$1$1 done


Dynamic libraries:
0x00007ff68c0a0000 - 0x00007ff68c0aa000 	D:\New folder (3)\jre\bin\java.exe
0x00007ffb83430000 - 0x00007ffb83647000 	C:\WINDOWS\SYSTEM32\ntdll.dll
0x00007ffb82580000 - 0x00007ffb82644000 	C:\WINDOWS\System32\KERNEL32.DLL
0x00007ffb80810000 - 0x00007ffb80bb5000 	C:\WINDOWS\System32\KERNELBASE.dll
0x00007ffb80bc0000 - 0x00007ffb80cd1000 	C:\WINDOWS\System32\ucrtbase.dll
0x00007ffb7a560000 - 0x00007ffb7a577000 	D:\New folder (3)\jre\bin\VCRUNTIME140.dll
0x00007ffb79fb0000 - 0x00007ffb79fc9000 	D:\New folder (3)\jre\bin\jli.dll
0x00007ffb81de0000 - 0x00007ffb81f8e000 	C:\WINDOWS\System32\USER32.dll
0x00007ffb80ce0000 - 0x00007ffb80d06000 	C:\WINDOWS\System32\win32u.dll
0x00007ffb67740000 - 0x00007ffb679d3000 	C:\WINDOWS\WinSxS\amd64_microsoft.windows.common-controls_6595b64144ccf1df_6.0.22621.2506_none_270c5ae97388e100\COMCTL32.dll
0x00007ffb816b0000 - 0x00007ffb81757000 	C:\WINDOWS\System32\msvcrt.dll
0x00007ffb823b0000 - 0x00007ffb823d9000 	C:\WINDOWS\System32\GDI32.dll
0x00007ffb80d10000 - 0x00007ffb80e29000 	C:\WINDOWS\System32\gdi32full.dll
0x00007ffb81060000 - 0x00007ffb810fa000 	C:\WINDOWS\System32\msvcp_win.dll
0x00007ffb81cc0000 - 0x00007ffb81cf1000 	C:\WINDOWS\System32\IMM32.DLL
0x00007ffb6d130000 - 0x00007ffb6d1cd000 	D:\New folder (3)\jre\bin\msvcp140.dll
0x00007ffb369c0000 - 0x00007ffb374c2000 	D:\New folder (3)\jre\bin\server\jvm.dll
0x00007ffb822f0000 - 0x00007ffb823a1000 	C:\WINDOWS\System32\ADVAPI32.dll
0x00007ffb83320000 - 0x00007ffb833c6000 	C:\WINDOWS\System32\sechost.dll
0x00007ffb823e0000 - 0x00007ffb824f7000 	C:\WINDOWS\System32\RPCRT4.dll
0x00007ffb822e0000 - 0x00007ffb822e8000 	C:\WINDOWS\System32\PSAPI.DLL
0x00007ffb7bcc0000 - 0x00007ffb7bcc9000 	C:\WINDOWS\SYSTEM32\WSOCK32.dll
0x00007ffb79ea0000 - 0x00007ffb79ed4000 	C:\WINDOWS\SYSTEM32\WINMM.dll
0x00007ffb79000000 - 0x00007ffb7900a000 	C:\WINDOWS\SYSTEM32\VERSION.dll
0x00007ffb83280000 - 0x00007ffb832f1000 	C:\WINDOWS\System32\WS2_32.dll
0x00007ffb7f740000 - 0x00007ffb7f758000 	C:\WINDOWS\SYSTEM32\kernel.appcore.dll
0x00007ffb7bc80000 - 0x00007ffb7bc91000 	D:\New folder (3)\jre\bin\verify.dll
0x00007ffb7e0c0000 - 0x00007ffb7e2f3000 	C:\WINDOWS\SYSTEM32\DBGHELP.DLL
0x00007ffb81830000 - 0x00007ffb81bb9000 	C:\WINDOWS\System32\combase.dll
0x00007ffb81d00000 - 0x00007ffb81dd7000 	C:\WINDOWS\System32\OLEAUT32.dll
0x00007ffb63ed0000 - 0x00007ffb63f02000 	C:\WINDOWS\SYSTEM32\dbgcore.DLL
0x00007ffb81100000 - 0x00007ffb8117a000 	C:\WINDOWS\System32\bcryptPrimitives.dll
0x00007ffb7bba0000 - 0x00007ffb7bbc9000 	D:\New folder (3)\jre\bin\java.dll
0x00007ffb7bcb0000 - 0x00007ffb7bcbb000 	D:\New folder (3)\jre\bin\jimage.dll
0x00007ffb7bc10000 - 0x00007ffb7bc28000 	D:\New folder (3)\jre\bin\zip.dll
0x00007ffb829c0000 - 0x00007ffb83219000 	C:\WINDOWS\System32\SHELL32.dll
0x00007ffb7e6c0000 - 0x00007ffb7efb4000 	C:\WINDOWS\SYSTEM32\windows.storage.dll
0x00007ffb7e580000 - 0x00007ffb7e6be000 	C:\WINDOWS\SYSTEM32\wintypes.dll
0x00007ffb81bc0000 - 0x00007ffb81cb3000 	C:\WINDOWS\System32\SHCORE.dll
0x00007ffb817d0000 - 0x00007ffb8182e000 	C:\WINDOWS\System32\shlwapi.dll
0x00007ffb806d0000 - 0x00007ffb806f6000 	C:\WINDOWS\SYSTEM32\profapi.dll
0x00007ffb7b160000 - 0x00007ffb7b17a000 	D:\New folder (3)\jre\bin\net.dll
0x00007ffb7a100000 - 0x00007ffb7a237000 	C:\WINDOWS\SYSTEM32\WINHTTP.dll
0x00007ffb7fc20000 - 0x00007ffb7fc89000 	C:\WINDOWS\system32\mswsock.dll
0x00007ffb7a840000 - 0x00007ffb7a854000 	D:\New folder (3)\jre\bin\nio.dll
0x00007ffb6e070000 - 0x00007ffb6e097000 	C:\Users\Hp\.gradle\native\e1d6ef7f7dcc3fd88c89a11ec53ec762bb8ba0a96d01ffa2cd45eb1d1d8dd5c5\windows-amd64\native-platform.dll
0x00007ffb595b0000 - 0x00007ffb596f4000 	C:\Users\Hp\.gradle\native\0d407fdbe67a94daf76414ababcb853783967236a71b16ec16e742cd7a986fd3\windows-amd64\native-platform-file-events.dll
0x00007ffb7bb90000 - 0x00007ffb7bb9a000 	D:\New folder (3)\jre\bin\management.dll
0x00007ffb7bb40000 - 0x00007ffb7bb4d000 	D:\New folder (3)\jre\bin\management_ext.dll
0x00007ffb7fe80000 - 0x00007ffb7fe9b000 	C:\WINDOWS\SYSTEM32\CRYPTSP.dll
0x00007ffb7f700000 - 0x00007ffb7f735000 	C:\WINDOWS\system32\rsaenh.dll
0x00007ffb7fd10000 - 0x00007ffb7fd3c000 	C:\WINDOWS\SYSTEM32\USERENV.dll
0x00007ffb80060000 - 0x00007ffb80088000 	C:\WINDOWS\SYSTEM32\bcrypt.dll
0x00007ffb7fe70000 - 0x00007ffb7fe7c000 	C:\WINDOWS\SYSTEM32\CRYPTBASE.dll
0x00007ffb7f220000 - 0x00007ffb7f24d000 	C:\WINDOWS\SYSTEM32\IPHLPAPI.DLL
0x00007ffb82130000 - 0x00007ffb82139000 	C:\WINDOWS\System32\NSI.dll
0x00007ffb79d20000 - 0x00007ffb79d39000 	C:\WINDOWS\SYSTEM32\dhcpcsvc6.DLL
0x00007ffb79d00000 - 0x00007ffb79d1f000 	C:\WINDOWS\SYSTEM32\dhcpcsvc.DLL
0x00007ffb7f290000 - 0x00007ffb7f389000 	C:\WINDOWS\SYSTEM32\DNSAPI.dll

dbghelp: loaded successfully - version: 4.0.5 - missing functions: none
symbol engine: initialized successfully - sym options: 0x614 - pdb path: .;D:\New folder (3)\jre\bin;C:\WINDOWS\SYSTEM32;C:\WINDOWS\WinSxS\amd64_microsoft.windows.common-controls_6595b64144ccf1df_6.0.22621.2506_none_270c5ae97388e100;D:\New folder (3)\jre\bin\server;C:\Users\Hp\.gradle\native\e1d6ef7f7dcc3fd88c89a11ec53ec762bb8ba0a96d01ffa2cd45eb1d1d8dd5c5\windows-amd64;C:\Users\Hp\.gradle\native\0d407fdbe67a94daf76414ababcb853783967236a71b16ec16e742cd7a986fd3\windows-amd64

VM Arguments:
jvm_args: --add-opens=java.base/java.util=ALL-UNNAMED --add-opens=java.base/java.lang=ALL-UNNAMED --add-opens=java.base/java.lang.invoke=ALL-UNNAMED --add-opens=java.base/java.util=ALL-UNNAMED --add-opens=java.prefs/java.util.prefs=ALL-UNNAMED --add-opens=java.prefs/java.util.prefs=ALL-UNNAMED --add-opens=java.base/java.nio.charset=ALL-UNNAMED --add-opens=java.base/java.net=ALL-UNNAMED --add-opens=java.base/java.util.concurrent.atomic=ALL-UNNAMED -Xmx2048m -Dfile.encoding=UTF-8 -Duser.country=US -Duser.language=en -Duser.variant 
java_command: org.gradle.launcher.daemon.bootstrap.GradleDaemon 7.4
java_class_path (initial): C:\Users\Hp\.gradle\wrapper\dists\gradle-7.4-bin\c0gwcg53nkjbqw7r0h0umtfvt\gradle-7.4\lib\gradle-launcher-7.4.jar
Launcher Type: SUN_STANDARD

[Global flags]
     intx CICompilerCount                          = 4                                         {product} {ergonomic}
     uint ConcGCThreads                            = 2                                         {product} {ergonomic}
     uint G1ConcRefinementThreads                  = 8                                         {product} {ergonomic}
   size_t G1HeapRegionSize                         = 1048576                                   {product} {ergonomic}
    uintx GCDrainStackTargetSize                   = 64                                        {product} {ergonomic}
   size_t InitialHeapSize                          = 134217728                                 {product} {ergonomic}
   size_t MarkStackSize                            = 4194304                                   {product} {ergonomic}
   size_t MaxHeapSize                              = 2147483648                                {product} {command line}
   size_t MaxNewSize                               = 1287651328                                {product} {ergonomic}
   size_t MinHeapDeltaBytes                        = 1048576                                   {product} {ergonomic}
    uintx NonNMethodCodeHeapSize                   = 5836300                                {pd product} {ergonomic}
    uintx NonProfiledCodeHeapSize                  = 122910970                              {pd product} {ergonomic}
    uintx ProfiledCodeHeapSize                     = 122910970                              {pd product} {ergonomic}
    uintx ReservedCodeCacheSize                    = 251658240                              {pd product} {ergonomic}
     bool SegmentedCodeCache                       = true                                      {product} {ergonomic}
     bool UseCompressedClassPointers               = true                                 {lp64_product} {ergonomic}
     bool UseCompressedOops                        = true                                 {lp64_product} {ergonomic}
     bool UseG1GC                                  = true                                      {product} {ergonomic}
     bool UseLargePagesIndividualAllocation        = false                                  {pd product} {ergonomic}

Logging:
Log output configuration:
 #0: stdout all=warning uptime,level,tags
 #1: stderr all=off uptime,level,tags

Environment Variables:
PATH=C:\Program Files (x86)\NVIDIA Corporation\PhysX\Common;C:\Program Files (x86)\Common Files\Oracle\Java\javapath;C:\Windows\system32;C:\Windows;C:\Windows\System32\Wbem;C:\Windows\System32\WindowsPowerShell\v1.0\;C:\Windows\System32\OpenSSH\;C:\WINDOWS\system32;C:\WINDOWS;C:\WINDOWS\System32\Wbem;C:\WINDOWS\System32\WindowsPowerShell\v1.0\;C:\WINDOWS\System32\OpenSSH\;C:\Program Files\Polyspace\R2021a\bin;C:\Program Files\Git\cmd;C:\Program Files\nodejs\;C:\Program Files\Git LFS;C:\Users\Hp\AppData\Local\Microsoft\WindowsApps;;C:\Users\Hp\AppData\Local\Programs\Microsoft VS Code\bin;C:\Users\Hp\AppData\Roaming\npm
USERNAME=Hp
OS=Windows_NT
PROCESSOR_IDENTIFIER=Intel64 Family 6 Model 142 Stepping 12, GenuineIntel



---------------  S Y S T E M  ---------------

OS: Windows 11 , 64 bit Build 22621 (10.0.22621.2506)
OS uptime: 31 days 19:30 hours

CPU:total 8 (initial active 8) (4 cores per cpu, 2 threads per core) family 6 model 142 stepping 12 microcode 0xde, cmov, cx8, fxsr, mmx, sse, sse2, sse3, ssse3, sse4.1, sse4.2, popcnt, avx, avx2, aes, clmul, erms, 3dnowpref, lzcnt, ht, tsc, tscinvbit, bmi1, bmi2, adx, fma

Memory: 4k page, system-wide physical 8070M (201M free)
TotalPageFile size 23237M (AvailPageFile size 279M)
current process WorkingSet (physical memory assigned to process): 366M, peak: 366M
current process commit charge ("private bytes"): 404M, peak: 405M

vm_info: OpenJDK 64-Bit Server VM (11.0.13+0-b1751.21-8125866) for windows-amd64 JRE (11.0.13+0-b1751.21-8125866), built on Feb  2 2022 03:00:22 by "builder" with MS VC++ 14.0 (VS2015)

END.
