#
# There is insufficient memory for the Java Runtime Environment to continue.
# Native memory allocation (mmap) failed to map 39845888 bytes for Failed to commit area from 0x000000008be00000 to 0x000000008e400000 of length 39845888.
# Possible reasons:
#   The system is out of physical RAM or swap space
#   The process is running with CompressedOops enabled, and the Java Heap may be blocking the growth of the native heap
# Possible solutions:
#   Reduce memory load on the system
#   Increase physical memory or swap space
#   Check if swap backing store is full
#   Decrease Java heap size (-Xmx/-Xms)
#   Decrease number of Java threads
#   Decrease Java thread stack sizes (-Xss)
#   Set larger code cache with -XX:ReservedCodeCacheSize=
#   JVM is running with Unscaled Compressed Oops mode in which the Java heap is
#     placed in the first 4GB address space. The Java Heap base address is the
#     maximum limit for the native heap growth. Please use -XX:HeapBaseMinAddress
#     to set the Java Heap base and to place the Java Heap above 4GB virtual address.
# This output file may be truncated or incomplete.
#
#  Out of Memory Error (./src/hotspot/os/windows/os_windows.cpp:3619), pid=12012, tid=15656
#
# JRE version: OpenJDK Runtime Environment (11.0.13) (build 11.0.13+0-b1751.21-8125866)
# Java VM: OpenJDK 64-Bit Server VM (11.0.13+0-b1751.21-8125866, mixed mode, tiered, compressed oops, g1 gc, windows-amd64)
# No core dump will be written. Minidumps are not enabled by default on client versions of Windows
#

---------------  S U M M A R Y ------------

Command Line: --add-opens=java.base/java.util=ALL-UNNAMED --add-opens=java.base/java.lang=ALL-UNNAMED --add-opens=java.base/java.lang.invoke=ALL-UNNAMED --add-opens=java.base/java.util=ALL-UNNAMED --add-opens=java.prefs/java.util.prefs=ALL-UNNAMED --add-opens=java.prefs/java.util.prefs=ALL-UNNAMED --add-opens=java.base/java.nio.charset=ALL-UNNAMED --add-opens=java.base/java.net=ALL-UNNAMED --add-opens=java.base/java.util.concurrent.atomic=ALL-UNNAMED -Xmx2048m -Dfile.encoding=UTF-8 -Duser.country=US -Duser.language=en -Duser.variant org.gradle.launcher.daemon.bootstrap.GradleDaemon 7.4

Host: Intel(R) Core(TM) i5-8265U CPU @ 1.60GHz, 8 cores, 7G,  Windows 11 , 64 bit Build 22621 (10.0.22621.2506)
Time: Thu Mar 14 13:10:09 2024 Pakistan Standard Time elapsed time: 18.322216 seconds (0d 0h 0m 18s)

---------------  T H R E A D  ---------------

Current thread (0x000001e6043ef000):  VMThread "VM Thread" [stack: 0x000000dab5600000,0x000000dab5700000] [id=15656]

Stack: [0x000000dab5600000,0x000000dab5700000]
[error occurred during error reporting (printing stack bounds), id 0xc0000005, EXCEPTION_ACCESS_VIOLATION (0xc0000005) at pc=0x000001e66da3112d]

Native frames: (J=compiled Java code, j=interpreted, Vv=VM code, C=native code)
V  [jvm.dll+0x6100fa]
V  [jvm.dll+0x747090]
V  [jvm.dll+0x7486ad]
V  [jvm.dll+0x748ce5]
V  [jvm.dll+0x748c9b]
V  [jvm.dll+0x60f224]
V  [jvm.dll+0x60f9b8]
C  [ntdll.dll+0xa441f]
C  [ntdll.dll+0x1e466]
C  [ntdll.dll+0xa340e]
C  0x000001e66da3112d

VM_Operation (0x000000dabe5fcfb0): G1CollectForAllocation, mode: safepoint, requested by thread 0x000001e60bc30800


---------------  P R O C E S S  ---------------

Threads class SMR info:
_java_thread_list=0x000001e60d676c80, length=138, elements={
0x000001e669f18000, 0x000001e6043f0800, 0x000001e6043f4800, 0x000001e604d62800,
0x000001e604d64000, 0x000001e604d65000, 0x000001e604d68000, 0x000001e604d71800,
0x000001e604410000, 0x000001e604ec8000, 0x000001e6077b8800, 0x000001e604fb7000,
0x000001e6083d5800, 0x000001e606c1f800, 0x000001e609220800, 0x000001e606f32800,
0x000001e6073d2800, 0x000001e6072d3000, 0x000001e6070e3800, 0x000001e607e2e000,
0x000001e607226000, 0x000001e607f6a000, 0x000001e607f66800, 0x000001e607f67800,
0x000001e607f68000, 0x000001e607f65800, 0x000001e607f65000, 0x000001e607f69000,
0x000001e607f6b800, 0x000001e607f6a800, 0x000001e6081c4000, 0x000001e6081c7000,
0x000001e6081c4800, 0x000001e6081c8000, 0x000001e6081c5800, 0x000001e6081c6800,
0x000001e6081c3000, 0x000001e6081cb000, 0x000001e6081ca800, 0x000001e6081cf800,
0x000001e6081c9800, 0x000001e6081cc000, 0x000001e6081d0000, 0x000001e6081cd000,
0x000001e6081ce800, 0x000001e6081d1000, 0x000001e6081cd800, 0x000001e60885c000,
0x000001e60885c800, 0x000001e608857800, 0x000001e60885b000, 0x000001e60885d800,
0x000001e608859800, 0x000001e60885e000, 0x000001e608858800, 0x000001e60885f000,
0x000001e608860000, 0x000001e60885a000, 0x000001e608864000, 0x000001e608861800,
0x000001e608863000, 0x000001e608862800, 0x000001e608860800, 0x000001e608866800,
0x000001e608865000, 0x000001e608865800, 0x000001e605ca3000, 0x000001e605ca3800,
0x000001e605ca4800, 0x000001e605ca5800, 0x000001e605ca6000, 0x000001e605ca2000,
0x000001e605ca0800, 0x000001e605ca7000, 0x000001e605ca1800, 0x000001e605cac000,
0x000001e605cab000, 0x000001e605ca8800, 0x000001e605caa800, 0x000001e605cac800,
0x000001e605cad800, 0x000001e605ca8000, 0x000001e605cae800, 0x000001e605ca9800,
0x000001e605caf000, 0x000001e60bac2000, 0x000001e60bac6000, 0x000001e60bac5000,
0x000001e60bac0000, 0x000001e60bac7000, 0x000001e60bac4800, 0x000001e60bac3800,
0x000001e60bac2800, 0x000001e60bac1000, 0x000001e60bacd800, 0x000001e60bac8800,
0x000001e60bac7800, 0x000001e60bacf000, 0x000001e60bac9000, 0x000001e60bacb800,
0x000001e60baca000, 0x000001e60bacc800, 0x000001e60bace000, 0x000001e60bacb000,
0x000001e607850800, 0x000001e60784f000, 0x000001e60784c800, 0x000001e60784f800,
0x000001e60784b800, 0x000001e607851800, 0x000001e607852000, 0x000001e607853000,
0x000001e60784d800, 0x000001e607854000, 0x000001e60784e000, 0x000001e60785a800,
0x000001e607856800, 0x000001e607857000, 0x000001e607858000, 0x000001e607858800,
0x000001e607859800, 0x000001e607854800, 0x000001e607855800, 0x000001e605054000,
0x000001e605056000, 0x000001e605054800, 0x000001e605055800, 0x000001e605057000,
0x000001e605053000, 0x000001e605059800, 0x000001e605058000, 0x000001e605058800,
0x000001e60bc32800, 0x000001e60bc35000, 0x000001e60bc30800, 0x000001e60bc33000,
0x000001e60bc2f000, 0x000001e60bc35800
}

Java Threads: ( => current thread )
  0x000001e669f18000 JavaThread "main" [_thread_blocked, id=3884, stack(0x000000dab5000000,0x000000dab5100000)]
  0x000001e6043f0800 JavaThread "Reference Handler" daemon [_thread_blocked, id=9256, stack(0x000000dab5700000,0x000000dab5800000)]
  0x000001e6043f4800 JavaThread "Finalizer" daemon [_thread_blocked, id=8884, stack(0x000000dab5800000,0x000000dab5900000)]
  0x000001e604d62800 JavaThread "Signal Dispatcher" daemon [_thread_blocked, id=9592, stack(0x000000dab5900000,0x000000dab5a00000)]
  0x000001e604d64000 JavaThread "Attach Listener" daemon [_thread_blocked, id=10124, stack(0x000000dab5a00000,0x000000dab5b00000)]
  0x000001e604d65000 JavaThread "Service Thread" daemon [_thread_blocked, id=13780, stack(0x000000dab5b00000,0x000000dab5c00000)]
  0x000001e604d68000 JavaThread "C2 CompilerThread0" daemon [_thread_blocked, id=10096, stack(0x000000dab5c00000,0x000000dab5d00000)]
  0x000001e604d71800 JavaThread "C1 CompilerThread0" daemon [_thread_blocked, id=1060, stack(0x000000dab5d00000,0x000000dab5e00000)]
  0x000001e604410000 JavaThread "Sweeper thread" daemon [_thread_blocked, id=6980, stack(0x000000dab5e00000,0x000000dab5f00000)]
  0x000001e604ec8000 JavaThread "Common-Cleaner" daemon [_thread_blocked, id=12480, stack(0x000000dab5f00000,0x000000dab6000000)]
  0x000001e6077b8800 JavaThread "Daemon health stats" [_thread_blocked, id=10748, stack(0x000000dab6500000,0x000000dab6600000)]
  0x000001e604fb7000 JavaThread "Incoming local TCP Connector on port 60315" [_thread_in_native, id=1036, stack(0x000000dab6100000,0x000000dab6200000)]
  0x000001e6083d5800 JavaThread "Daemon periodic checks" [_thread_blocked, id=13764, stack(0x000000dab6400000,0x000000dab6500000)]
  0x000001e606c1f800 JavaThread "Daemon" [_thread_blocked, id=11896, stack(0x000000dab6600000,0x000000dab6700000)]
  0x000001e609220800 JavaThread "Handler for socket connection from /127.0.0.1:60315 to /127.0.0.1:60316" [_thread_in_native, id=11676, stack(0x000000dab6700000,0x000000dab6800000)]
  0x000001e606f32800 JavaThread "Cancel handler" [_thread_blocked, id=13440, stack(0x000000dab6800000,0x000000dab6900000)]
  0x000001e6073d2800 JavaThread "Daemon worker" [_thread_blocked, id=1820, stack(0x000000dab6900000,0x000000dab6a00000)]
  0x000001e6072d3000 JavaThread "C2 CompilerThread1" daemon [_thread_in_native, id=11176, stack(0x000000dab6a00000,0x000000dab6b00000)]
  0x000001e6070e3800 JavaThread "Asynchronous log dispatcher for DefaultDaemonConnection: socket connection from /127.0.0.1:60315 to /127.0.0.1:60316" [_thread_blocked, id=14772, stack(0x000000dab6b00000,0x000000dab6c00000)]
  0x000001e607e2e000 JavaThread "Stdin handler" [_thread_blocked, id=7516, stack(0x000000dab6c00000,0x000000dab6d00000)]
  0x000001e607226000 JavaThread "Daemon client event forwarder" [_thread_blocked, id=8956, stack(0x000000dab6d00000,0x000000dab6e00000)]
  0x000001e607f6a000 JavaThread "Cache worker for journal cache (C:\Users\Hp\.gradle\caches\journal-1)" [_thread_blocked, id=4896, stack(0x000000dab7300000,0x000000dab7400000)]
  0x000001e607f66800 JavaThread "File lock request listener" [_thread_in_native, id=8720, stack(0x000000dab7400000,0x000000dab7500000)]
  0x000001e607f67800 JavaThread "Cache worker for file hash cache (C:\Users\Hp\.gradle\caches\7.4\fileHashes)" [_thread_blocked, id=7408, stack(0x000000dab7500000,0x000000dab7600000)]
  0x000001e607f68000 JavaThread "File watcher server" daemon [_thread_blocked, id=13752, stack(0x000000dab7800000,0x000000dab7900000)]
  0x000001e607f65800 JavaThread "File watcher consumer" daemon [_thread_blocked, id=14836, stack(0x000000dab7900000,0x000000dab7a00000)]
  0x000001e607f65000 JavaThread "Cache worker for checksums cache (C:\Users\Hp\AndroidStudioProjects\EventApp\.gradle\7.4\checksums)" [_thread_blocked, id=9556, stack(0x000000dab7a00000,0x000000dab7b00000)]
  0x000001e607f69000 JavaThread "Cache worker for cache directory md-rule (C:\Users\Hp\.gradle\caches\7.4\md-rule)" [_thread_blocked, id=15048, stack(0x000000dab7b00000,0x000000dab7c00000)]
  0x000001e607f6b800 JavaThread "Cache worker for file hash cache (C:\Users\Hp\AndroidStudioProjects\EventApp\.gradle\7.4\fileHashes)" [_thread_blocked, id=7804, stack(0x000000dab7c00000,0x000000dab7d00000)]
  0x000001e607f6a800 JavaThread "Cache worker for cache directory md-supplier (C:\Users\Hp\.gradle\caches\7.4\md-supplier)" [_thread_blocked, id=7436, stack(0x000000dab7d00000,0x000000dab7e00000)]
  0x000001e6081c4000 JavaThread "Cache worker for execution history cache (C:\Users\Hp\.gradle\caches\7.4\executionHistory)" [_thread_blocked, id=2360, stack(0x000000dab7e00000,0x000000dab7f00000)]
  0x000001e6081c7000 JavaThread "jar transforms" [_thread_blocked, id=14864, stack(0x000000dab7f00000,0x000000dab8000000)]
  0x000001e6081c4800 JavaThread "Cache worker for file content cache (C:\Users\Hp\.gradle\caches\7.4\fileContent)" [_thread_blocked, id=5416, stack(0x000000dab8000000,0x000000dab8100000)]
  0x000001e6081c8000 JavaThread "jar transforms Thread 2" [_thread_blocked, id=15592, stack(0x000000dab8100000,0x000000dab8200000)]
  0x000001e6081c5800 JavaThread "Cache worker for dependencies-accessors (C:\Users\Hp\AndroidStudioProjects\EventApp\.gradle\7.4\dependencies-accessors)" [_thread_blocked, id=7012, stack(0x000000dab8200000,0x000000dab8300000)]
  0x000001e6081c6800 JavaThread "jar transforms Thread 3" [_thread_blocked, id=12004, stack(0x000000dab8300000,0x000000dab8400000)]
  0x000001e6081c3000 JavaThread "Cache worker for Build Output Cleanup Cache (C:\Users\Hp\AndroidStudioProjects\EventApp\.gradle\buildOutputCleanup)" [_thread_blocked, id=8132, stack(0x000000dab8400000,0x000000dab8500000)]
  0x000001e6081cb000 JavaThread "Unconstrained build operations" [_thread_blocked, id=5796, stack(0x000000dab8500000,0x000000dab8600000)]
  0x000001e6081ca800 JavaThread "Unconstrained build operations Thread 2" [_thread_blocked, id=15140, stack(0x000000dab8600000,0x000000dab8700000)]
  0x000001e6081cf800 JavaThread "Unconstrained build operations Thread 3" [_thread_blocked, id=14452, stack(0x000000dab8700000,0x000000dab8800000)]
  0x000001e6081c9800 JavaThread "Unconstrained build operations Thread 4" [_thread_blocked, id=9116, stack(0x000000dab8800000,0x000000dab8900000)]
  0x000001e6081cc000 JavaThread "Unconstrained build operations Thread 5" [_thread_blocked, id=1776, stack(0x000000dab8900000,0x000000dab8a00000)]
  0x000001e6081d0000 JavaThread "Unconstrained build operations Thread 6" [_thread_blocked, id=11228, stack(0x000000dab8a00000,0x000000dab8b00000)]
  0x000001e6081cd000 JavaThread "Unconstrained build operations Thread 7" [_thread_blocked, id=8732, stack(0x000000dab8b00000,0x000000dab8c00000)]
  0x000001e6081ce800 JavaThread "Unconstrained build operations Thread 8" [_thread_blocked, id=9192, stack(0x000000dab8c00000,0x000000dab8d00000)]
  0x000001e6081d1000 JavaThread "Unconstrained build operations Thread 9" [_thread_blocked, id=7712, stack(0x000000dab8d00000,0x000000dab8e00000)]
  0x000001e6081cd800 JavaThread "Unconstrained build operations Thread 10" [_thread_blocked, id=15088, stack(0x000000dab8e00000,0x000000dab8f00000)]
  0x000001e60885c000 JavaThread "Unconstrained build operations Thread 11" [_thread_blocked, id=3752, stack(0x000000dab8f00000,0x000000dab9000000)]
  0x000001e60885c800 JavaThread "Unconstrained build operations Thread 12" [_thread_blocked, id=16064, stack(0x000000dab9000000,0x000000dab9100000)]
  0x000001e608857800 JavaThread "Unconstrained build operations Thread 13" [_thread_blocked, id=9152, stack(0x000000dab9100000,0x000000dab9200000)]
  0x000001e60885b000 JavaThread "Unconstrained build operations Thread 14" [_thread_blocked, id=2116, stack(0x000000dab9200000,0x000000dab9300000)]
  0x000001e60885d800 JavaThread "Unconstrained build operations Thread 15" [_thread_blocked, id=15488, stack(0x000000dab9300000,0x000000dab9400000)]
  0x000001e608859800 JavaThread "Unconstrained build operations Thread 16" [_thread_blocked, id=1460, stack(0x000000dab9400000,0x000000dab9500000)]
  0x000001e60885e000 JavaThread "Unconstrained build operations Thread 17" [_thread_blocked, id=7824, stack(0x000000dab9500000,0x000000dab9600000)]
  0x000001e608858800 JavaThread "Unconstrained build operations Thread 18" [_thread_blocked, id=12100, stack(0x000000dab9600000,0x000000dab9700000)]
  0x000001e60885f000 JavaThread "Unconstrained build operations Thread 19" [_thread_blocked, id=13284, stack(0x000000dab9700000,0x000000dab9800000)]
  0x000001e608860000 JavaThread "Unconstrained build operations Thread 20" [_thread_blocked, id=16176, stack(0x000000dab9800000,0x000000dab9900000)]
  0x000001e60885a000 JavaThread "Unconstrained build operations Thread 21" [_thread_blocked, id=2592, stack(0x000000dab9900000,0x000000dab9a00000)]
  0x000001e608864000 JavaThread "Unconstrained build operations Thread 22" [_thread_blocked, id=10784, stack(0x000000dab9a00000,0x000000dab9b00000)]
  0x000001e608861800 JavaThread "Unconstrained build operations Thread 23" [_thread_blocked, id=13328, stack(0x000000dab9b00000,0x000000dab9c00000)]
  0x000001e608863000 JavaThread "Unconstrained build operations Thread 24" [_thread_blocked, id=3744, stack(0x000000dab9c00000,0x000000dab9d00000)]
  0x000001e608862800 JavaThread "Unconstrained build operations Thread 25" [_thread_blocked, id=9648, stack(0x000000dab9d00000,0x000000dab9e00000)]
  0x000001e608860800 JavaThread "Unconstrained build operations Thread 26" [_thread_blocked, id=4000, stack(0x000000dab9e00000,0x000000dab9f00000)]
  0x000001e608866800 JavaThread "Unconstrained build operations Thread 27" [_thread_blocked, id=1788, stack(0x000000dab9f00000,0x000000daba000000)]
  0x000001e608865000 JavaThread "Unconstrained build operations Thread 28" [_thread_blocked, id=3552, stack(0x000000daba000000,0x000000daba100000)]
  0x000001e608865800 JavaThread "Unconstrained build operations Thread 29" [_thread_blocked, id=6900, stack(0x000000daba100000,0x000000daba200000)]
  0x000001e605ca3000 JavaThread "Unconstrained build operations Thread 30" [_thread_blocked, id=7884, stack(0x000000daba200000,0x000000daba300000)]
  0x000001e605ca3800 JavaThread "Unconstrained build operations Thread 31" [_thread_blocked, id=8940, stack(0x000000daba300000,0x000000daba400000)]
  0x000001e605ca4800 JavaThread "Unconstrained build operations Thread 32" [_thread_blocked, id=13480, stack(0x000000daba400000,0x000000daba500000)]
  0x000001e605ca5800 JavaThread "Unconstrained build operations Thread 33" [_thread_blocked, id=16252, stack(0x000000daba500000,0x000000daba600000)]
  0x000001e605ca6000 JavaThread "Unconstrained build operations Thread 34" [_thread_blocked, id=2880, stack(0x000000daba600000,0x000000daba700000)]
  0x000001e605ca2000 JavaThread "Unconstrained build operations Thread 35" [_thread_blocked, id=8244, stack(0x000000daba700000,0x000000daba800000)]
  0x000001e605ca0800 JavaThread "Unconstrained build operations Thread 36" [_thread_blocked, id=3036, stack(0x000000daba800000,0x000000daba900000)]
  0x000001e605ca7000 JavaThread "Unconstrained build operations Thread 37" [_thread_blocked, id=15980, stack(0x000000daba900000,0x000000dabaa00000)]
  0x000001e605ca1800 JavaThread "Unconstrained build operations Thread 38" [_thread_blocked, id=8464, stack(0x000000dabaa00000,0x000000dabab00000)]
  0x000001e605cac000 JavaThread "Unconstrained build operations Thread 39" [_thread_blocked, id=7256, stack(0x000000dabab00000,0x000000dabac00000)]
  0x000001e605cab000 JavaThread "Unconstrained build operations Thread 40" [_thread_blocked, id=3096, stack(0x000000dabac00000,0x000000dabad00000)]
  0x000001e605ca8800 JavaThread "Unconstrained build operations Thread 41" [_thread_blocked, id=2452, stack(0x000000dabad00000,0x000000dabae00000)]
  0x000001e605caa800 JavaThread "Unconstrained build operations Thread 42" [_thread_blocked, id=6480, stack(0x000000dabae00000,0x000000dabaf00000)]
  0x000001e605cac800 JavaThread "Unconstrained build operations Thread 43" [_thread_blocked, id=256, stack(0x000000dabaf00000,0x000000dabb000000)]
  0x000001e605cad800 JavaThread "Unconstrained build operations Thread 44" [_thread_blocked, id=10324, stack(0x000000dabb000000,0x000000dabb100000)]
  0x000001e605ca8000 JavaThread "Unconstrained build operations Thread 45" [_thread_blocked, id=9388, stack(0x000000dabb100000,0x000000dabb200000)]
  0x000001e605cae800 JavaThread "Unconstrained build operations Thread 46" [_thread_blocked, id=16256, stack(0x000000dabb200000,0x000000dabb300000)]
  0x000001e605ca9800 JavaThread "Unconstrained build operations Thread 47" [_thread_blocked, id=12840, stack(0x000000dabb300000,0x000000dabb400000)]
  0x000001e605caf000 JavaThread "Unconstrained build operations Thread 48" [_thread_blocked, id=7016, stack(0x000000dabb400000,0x000000dabb500000)]
  0x000001e60bac2000 JavaThread "Unconstrained build operations Thread 49" [_thread_blocked, id=1884, stack(0x000000dabb500000,0x000000dabb600000)]
  0x000001e60bac6000 JavaThread "Unconstrained build operations Thread 50" [_thread_blocked, id=5740, stack(0x000000dabb600000,0x000000dabb700000)]
  0x000001e60bac5000 JavaThread "Unconstrained build operations Thread 51" [_thread_blocked, id=3668, stack(0x000000dabb700000,0x000000dabb800000)]
  0x000001e60bac0000 JavaThread "Unconstrained build operations Thread 52" [_thread_blocked, id=9940, stack(0x000000dabb800000,0x000000dabb900000)]
  0x000001e60bac7000 JavaThread "Unconstrained build operations Thread 53" [_thread_blocked, id=14076, stack(0x000000dabb900000,0x000000dabba00000)]
  0x000001e60bac4800 JavaThread "Unconstrained build operations Thread 54" [_thread_blocked, id=14732, stack(0x000000dabba00000,0x000000dabbb00000)]
  0x000001e60bac3800 JavaThread "Unconstrained build operations Thread 55" [_thread_blocked, id=11736, stack(0x000000dabbb00000,0x000000dabbc00000)]
  0x000001e60bac2800 JavaThread "Unconstrained build operations Thread 56" [_thread_blocked, id=13956, stack(0x000000dabbc00000,0x000000dabbd00000)]
  0x000001e60bac1000 JavaThread "Unconstrained build operations Thread 57" [_thread_blocked, id=11908, stack(0x000000dabbd00000,0x000000dabbe00000)]
  0x000001e60bacd800 JavaThread "Unconstrained build operations Thread 58" [_thread_blocked, id=13584, stack(0x000000dabbe00000,0x000000dabbf00000)]
  0x000001e60bac8800 JavaThread "Unconstrained build operations Thread 59" [_thread_blocked, id=6940, stack(0x000000dabbf00000,0x000000dabc000000)]
  0x000001e60bac7800 JavaThread "Unconstrained build operations Thread 60" [_thread_blocked, id=13656, stack(0x000000dabc000000,0x000000dabc100000)]
  0x000001e60bacf000 JavaThread "Unconstrained build operations Thread 61" [_thread_blocked, id=6164, stack(0x000000dabc100000,0x000000dabc200000)]
  0x000001e60bac9000 JavaThread "Unconstrained build operations Thread 62" [_thread_blocked, id=5744, stack(0x000000dabc200000,0x000000dabc300000)]
  0x000001e60bacb800 JavaThread "Unconstrained build operations Thread 63" [_thread_blocked, id=2020, stack(0x000000dabc300000,0x000000dabc400000)]
  0x000001e60baca000 JavaThread "Unconstrained build operations Thread 64" [_thread_blocked, id=13380, stack(0x000000dabc400000,0x000000dabc500000)]
  0x000001e60bacc800 JavaThread "Unconstrained build operations Thread 65" [_thread_blocked, id=14284, stack(0x000000dabc500000,0x000000dabc600000)]
  0x000001e60bace000 JavaThread "Unconstrained build operations Thread 66" [_thread_blocked, id=3236, stack(0x000000dabc600000,0x000000dabc700000)]
  0x000001e60bacb000 JavaThread "Unconstrained build operations Thread 67" [_thread_blocked, id=10076, stack(0x000000dabc700000,0x000000dabc800000)]
  0x000001e607850800 JavaThread "Unconstrained build operations Thread 68" [_thread_blocked, id=9136, stack(0x000000dabc800000,0x000000dabc900000)]
  0x000001e60784f000 JavaThread "Unconstrained build operations Thread 69" [_thread_blocked, id=16320, stack(0x000000dabc900000,0x000000dabca00000)]
  0x000001e60784c800 JavaThread "Unconstrained build operations Thread 70" [_thread_blocked, id=2716, stack(0x000000dabca00000,0x000000dabcb00000)]
  0x000001e60784f800 JavaThread "Unconstrained build operations Thread 71" [_thread_blocked, id=9436, stack(0x000000dabcb00000,0x000000dabcc00000)]
  0x000001e60784b800 JavaThread "Unconstrained build operations Thread 72" [_thread_blocked, id=11272, stack(0x000000dabcc00000,0x000000dabcd00000)]
  0x000001e607851800 JavaThread "Unconstrained build operations Thread 73" [_thread_blocked, id=5272, stack(0x000000dabcd00000,0x000000dabce00000)]
  0x000001e607852000 JavaThread "Unconstrained build operations Thread 74" [_thread_blocked, id=828, stack(0x000000dabce00000,0x000000dabcf00000)]
  0x000001e607853000 JavaThread "Unconstrained build operations Thread 75" [_thread_blocked, id=10524, stack(0x000000dabcf00000,0x000000dabd000000)]
  0x000001e60784d800 JavaThread "Unconstrained build operations Thread 76" [_thread_blocked, id=14508, stack(0x000000dabd000000,0x000000dabd100000)]
  0x000001e607854000 JavaThread "Unconstrained build operations Thread 77" [_thread_blocked, id=11672, stack(0x000000dabd100000,0x000000dabd200000)]
  0x000001e60784e000 JavaThread "Unconstrained build operations Thread 78" [_thread_blocked, id=6504, stack(0x000000dabd200000,0x000000dabd300000)]
  0x000001e60785a800 JavaThread "Unconstrained build operations Thread 79" [_thread_blocked, id=8352, stack(0x000000dabd300000,0x000000dabd400000)]
  0x000001e607856800 JavaThread "Unconstrained build operations Thread 80" [_thread_blocked, id=16244, stack(0x000000dabd400000,0x000000dabd500000)]
  0x000001e607857000 JavaThread "jar transforms Thread 4" [_thread_blocked, id=8704, stack(0x000000dabd500000,0x000000dabd600000)]
  0x000001e607858000 JavaThread "jar transforms Thread 5" [_thread_blocked, id=15496, stack(0x000000dabd600000,0x000000dabd700000)]
  0x000001e607858800 JavaThread "jar transforms Thread 6" [_thread_blocked, id=11720, stack(0x000000dabd700000,0x000000dabd800000)]
  0x000001e607859800 JavaThread "jar transforms Thread 7" [_thread_blocked, id=3676, stack(0x000000dabd800000,0x000000dabd900000)]
  0x000001e607854800 JavaThread "jar transforms Thread 8" [_thread_blocked, id=10196, stack(0x000000dabd900000,0x000000dabda00000)]
  0x000001e607855800 JavaThread "Memory manager" [_thread_blocked, id=12440, stack(0x000000dab7700000,0x000000dab7800000)]
  0x000001e605054000 JavaThread "build event listener" [_thread_blocked, id=5820, stack(0x000000dabda00000,0x000000dabdb00000)]
  0x000001e605056000 JavaThread "included builds" [_thread_blocked, id=11880, stack(0x000000dabdb00000,0x000000dabdc00000)]
  0x000001e605054800 JavaThread "Execution worker for ':'" [_thread_blocked, id=11104, stack(0x000000dabdc00000,0x000000dabdd00000)]
  0x000001e605055800 JavaThread "Execution worker for ':' Thread 2" [_thread_blocked, id=16152, stack(0x000000dabdd00000,0x000000dabde00000)]
  0x000001e605057000 JavaThread "Execution worker for ':' Thread 3" [_thread_blocked, id=5216, stack(0x000000dabde00000,0x000000dabdf00000)]
  0x000001e605053000 JavaThread "Execution worker for ':' Thread 4" [_thread_blocked, id=3484, stack(0x000000dabdf00000,0x000000dabe000000)]
  0x000001e605059800 JavaThread "Execution worker for ':' Thread 5" [_thread_blocked, id=8468, stack(0x000000dabe000000,0x000000dabe100000)]
  0x000001e605058000 JavaThread "Execution worker for ':' Thread 6" [_thread_blocked, id=11140, stack(0x000000dabe100000,0x000000dabe200000)]
  0x000001e605058800 JavaThread "Execution worker for ':' Thread 7" [_thread_blocked, id=14204, stack(0x000000dabe200000,0x000000dabe300000)]
  0x000001e60bc32800 JavaThread "Cache worker for execution history cache (C:\Users\Hp\AndroidStudioProjects\EventApp\.gradle\7.4\executionHistory)" [_thread_blocked, id=15660, stack(0x000000dabe300000,0x000000dabe400000)]
  0x000001e60bc35000 JavaThread "WorkerExecutor Queue" [_thread_blocked, id=8500, stack(0x000000dabe400000,0x000000dabe500000)]
  0x000001e60bc30800 JavaThread "WorkerExecutor Queue Thread 2" [_thread_blocked, id=15956, stack(0x000000dabe500000,0x000000dabe600000)]
  0x000001e60bc33000 JavaThread "WorkerExecutor Queue Thread 3" [_thread_blocked, id=10136, stack(0x000000dabe600000,0x000000dabe700000)]
  0x000001e60bc2f000 JavaThread "WorkerExecutor Queue Thread 4" [_thread_blocked, id=4156, stack(0x000000dabe700000,0x000000dabe800000)]
  0x000001e60bc35800 JavaThread "WorkerExecutor Queue Thread 5" [_thread_blocked, id=15536, stack(0x000000dabe800000,0x000000dabe900000)]

Other Threads:
=>0x000001e6043ef000 VMThread "VM Thread" [stack: 0x000000dab5600000,0x000000dab5700000] [id=15656]
  0x000001e604ee9000 WatcherThread [stack: 0x000000dab6000000,0x000000dab6100000] [id=11644]
  0x000001e669f32800 GCTaskThread "GC Thread#0" [stack: 0x000000dab5100000,0x000000dab5200000] [id=9508]
  0x000001e605b09800 GCTaskThread "GC Thread#1" [stack: 0x000000dab6200000,0x000000dab6300000] [id=7072]
  0x000001e6059a1000 GCTaskThread "GC Thread#2" [stack: 0x000000dab6300000,0x000000dab6400000] [id=12348]
  0x000001e6058aa800 GCTaskThread "GC Thread#3" [stack: 0x000000dab6e00000,0x000000dab6f00000] [id=15864]
  0x000001e6076b8800 GCTaskThread "GC Thread#4" [stack: 0x000000dab6f00000,0x000000dab7000000] [id=1148]
  0x000001e60604f800 GCTaskThread "GC Thread#5" [stack: 0x000000dab7000000,0x000000dab7100000] [id=3980]
  0x000001e6068e7800 GCTaskThread "GC Thread#6" [stack: 0x000000dab7100000,0x000000dab7200000] [id=10620]
  0x000001e6068e8000 GCTaskThread "GC Thread#7" [stack: 0x000000dab7200000,0x000000dab7300000] [id=11448]
  0x000001e669f64000 ConcurrentGCThread "G1 Main Marker" [stack: 0x000000dab5200000,0x000000dab5300000] [id=14056]
  0x000001e669f66800 ConcurrentGCThread "G1 Conc#0" [stack: 0x000000dab5300000,0x000000dab5400000] [id=12960]
  0x000001e606d19000 ConcurrentGCThread "G1 Conc#1" [stack: 0x000000dab7600000,0x000000dab7700000] [id=14604]
  0x000001e604240800 ConcurrentGCThread "G1 Refine#0" [stack: 0x000000dab5400000,0x000000dab5500000] [id=4720]
  0x000001e604241800 ConcurrentGCThread "G1 Young RemSet Sampling" [stack: 0x000000dab5500000,0x000000dab5600000] [id=3924]

Threads with active compile tasks:
C2 CompilerThread0  18345 11178       4       java.util.TreeMap::rotateLeft (96 bytes)
C2 CompilerThread1  18345 11135       4       com.android.tools.build.apkzlib.zip.ZFile::directFullyRead (131 bytes)

VM state:at safepoint (normal execution)

VM Mutex/Monitor currently owned by a thread:  ([mutex/lock_event])
[0x000001e669f13ee0] Threads_lock - owner thread: 0x000001e6043ef000
[0x000001e669f130d0] Heap_lock - owner thread: 0x000001e60bc30800

Heap address: 0x0000000080000000, size: 2048 MB, Compressed Oops mode: 32-bit
Narrow klass base: 0x0000000000000000, Narrow klass shift: 3
Compressed class space size: 1073741824 Address: 0x0000000100000000

Heap:
 garbage-first heap   total 233472K, used 130782K [0x0000000080000000, 0x0000000100000000)
  region size 1024K, 8 young (8192K), 8 survivors (8192K)
 Metaspace       used 90900K, capacity 93156K, committed 93776K, reserved 1130496K
  class space    used 11695K, capacity 12474K, committed 12704K, reserved 1048576K
Heap Regions: E=young(eden), S=young(survivor), O=old, HS=humongous(starts), HC=humongous(continues), CS=collection set, F=free, A=archive, TAMS=top-at-mark-start (previous, next)
|   0|0x0000000080000000, 0x0000000080100000, 0x0000000080100000|100%| O|  |TAMS 0x0000000080100000, 0x0000000080000000| Untracked 
|   1|0x0000000080100000, 0x0000000080200000, 0x0000000080200000|100%| O|  |TAMS 0x0000000080200000, 0x0000000080100000| Untracked 
|   2|0x0000000080200000, 0x0000000080300000, 0x0000000080300000|100%| O|  |TAMS 0x0000000080300000, 0x0000000080200000| Untracked 
|   3|0x0000000080300000, 0x0000000080400000, 0x0000000080400000|100%|HS|  |TAMS 0x0000000080400000, 0x0000000080300000| Complete 
|   4|0x0000000080400000, 0x0000000080500000, 0x0000000080500000|100%|HC|  |TAMS 0x0000000080500000, 0x0000000080400000| Complete 
|   5|0x0000000080500000, 0x0000000080600000, 0x0000000080600000|100%|HC|  |TAMS 0x0000000080600000, 0x0000000080500000| Complete 
|   6|0x0000000080600000, 0x0000000080700000, 0x0000000080700000|100%| O|  |TAMS 0x0000000080700000, 0x0000000080600000| Untracked 
|   7|0x0000000080700000, 0x0000000080800000, 0x0000000080800000|100%| O|  |TAMS 0x0000000080800000, 0x0000000080700000| Untracked 
|   8|0x0000000080800000, 0x0000000080900000, 0x0000000080900000|100%| O|  |TAMS 0x0000000080900000, 0x0000000080800000| Untracked 
|   9|0x0000000080900000, 0x0000000080a00000, 0x0000000080a00000|100%| O|  |TAMS 0x0000000080a00000, 0x0000000080900000| Untracked 
|  10|0x0000000080a00000, 0x0000000080b00000, 0x0000000080b00000|100%| O|  |TAMS 0x0000000080b00000, 0x0000000080a00000| Untracked 
|  11|0x0000000080b00000, 0x0000000080c00000, 0x0000000080c00000|100%| O|  |TAMS 0x0000000080c00000, 0x0000000080b00000| Untracked 
|  12|0x0000000080c00000, 0x0000000080d00000, 0x0000000080d00000|100%| O|  |TAMS 0x0000000080d00000, 0x0000000080c00000| Untracked 
|  13|0x0000000080d00000, 0x0000000080e00000, 0x0000000080e00000|100%| O|  |TAMS 0x0000000080e00000, 0x0000000080d00000| Untracked 
|  14|0x0000000080e00000, 0x0000000080f00000, 0x0000000080f00000|100%| O|  |TAMS 0x0000000080f00000, 0x0000000080e00000| Untracked 
|  15|0x0000000080f00000, 0x0000000081000000, 0x0000000081000000|100%| O|  |TAMS 0x0000000081000000, 0x0000000080f00000| Untracked 
|  16|0x0000000081000000, 0x0000000081100000, 0x0000000081100000|100%| O|  |TAMS 0x0000000081100000, 0x0000000081000000| Untracked 
|  17|0x0000000081100000, 0x0000000081200000, 0x0000000081200000|100%| O|  |TAMS 0x0000000081200000, 0x0000000081100000| Untracked 
|  18|0x0000000081200000, 0x0000000081300000, 0x0000000081300000|100%| O|  |TAMS 0x0000000081300000, 0x0000000081200000| Untracked 
|  19|0x0000000081300000, 0x0000000081400000, 0x0000000081400000|100%|HS|  |TAMS 0x0000000081400000, 0x0000000081300000| Complete 
|  20|0x0000000081400000, 0x0000000081500000, 0x0000000081500000|100%| O|  |TAMS 0x0000000081500000, 0x0000000081400000| Untracked 
|  21|0x0000000081500000, 0x0000000081600000, 0x0000000081600000|100%| O|  |TAMS 0x0000000081600000, 0x0000000081500000| Untracked 
|  22|0x0000000081600000, 0x0000000081700000, 0x0000000081700000|100%| O|  |TAMS 0x0000000081700000, 0x0000000081600000| Untracked 
|  23|0x0000000081700000, 0x0000000081800000, 0x0000000081800000|100%| O|  |TAMS 0x0000000081800000, 0x0000000081700000| Untracked 
|  24|0x0000000081800000, 0x0000000081900000, 0x0000000081900000|100%| O|  |TAMS 0x0000000081900000, 0x0000000081800000| Untracked 
|  25|0x0000000081900000, 0x0000000081a00000, 0x0000000081a00000|100%| O|  |TAMS 0x0000000081a00000, 0x0000000081900000| Untracked 
|  26|0x0000000081a00000, 0x0000000081b00000, 0x0000000081b00000|100%| O|  |TAMS 0x0000000081b00000, 0x0000000081a00000| Untracked 
|  27|0x0000000081b00000, 0x0000000081c00000, 0x0000000081c00000|100%| O|  |TAMS 0x0000000081c00000, 0x0000000081b00000| Untracked 
|  28|0x0000000081c00000, 0x0000000081d00000, 0x0000000081d00000|100%|HS|  |TAMS 0x0000000081d00000, 0x0000000081c00000| Complete 
|  29|0x0000000081d00000, 0x0000000081e00000, 0x0000000081e00000|100%| O|  |TAMS 0x0000000081e00000, 0x0000000081d00000| Untracked 
|  30|0x0000000081e00000, 0x0000000081f00000, 0x0000000081f00000|100%| O|  |TAMS 0x0000000081f00000, 0x0000000081e00000| Untracked 
|  31|0x0000000081f00000, 0x0000000082000000, 0x0000000082000000|100%| O|  |TAMS 0x0000000082000000, 0x0000000081f00000| Untracked 
|  32|0x0000000082000000, 0x0000000082100000, 0x0000000082100000|100%|HS|  |TAMS 0x0000000082100000, 0x0000000082000000| Complete 
|  33|0x0000000082100000, 0x0000000082200000, 0x0000000082200000|100%|HC|  |TAMS 0x0000000082200000, 0x0000000082100000| Complete 
|  34|0x0000000082200000, 0x0000000082300000, 0x0000000082300000|100%| O|  |TAMS 0x0000000082300000, 0x0000000082200000| Untracked 
|  35|0x0000000082300000, 0x0000000082400000, 0x0000000082400000|100%| O|  |TAMS 0x0000000082400000, 0x0000000082300000| Untracked 
|  36|0x0000000082400000, 0x0000000082500000, 0x0000000082500000|100%| O|  |TAMS 0x0000000082500000, 0x0000000082400000| Untracked 
|  37|0x0000000082500000, 0x0000000082600000, 0x0000000082600000|100%| O|  |TAMS 0x0000000082600000, 0x0000000082500000| Untracked 
|  38|0x0000000082600000, 0x0000000082700000, 0x0000000082700000|100%| O|  |TAMS 0x0000000082700000, 0x0000000082600000| Untracked 
|  39|0x0000000082700000, 0x0000000082800000, 0x0000000082800000|100%| O|  |TAMS 0x0000000082800000, 0x0000000082700000| Untracked 
|  40|0x0000000082800000, 0x0000000082900000, 0x0000000082900000|100%| O|  |TAMS 0x0000000082900000, 0x0000000082800000| Untracked 
|  41|0x0000000082900000, 0x0000000082a00000, 0x0000000082a00000|100%| O|  |TAMS 0x0000000082a00000, 0x0000000082900000| Untracked 
|  42|0x0000000082a00000, 0x0000000082b00000, 0x0000000082b00000|100%| O|  |TAMS 0x0000000082b00000, 0x0000000082a00000| Untracked 
|  43|0x0000000082b00000, 0x0000000082c00000, 0x0000000082c00000|100%| O|  |TAMS 0x0000000082c00000, 0x0000000082b00000| Untracked 
|  44|0x0000000082c00000, 0x0000000082d00000, 0x0000000082d00000|100%| O|  |TAMS 0x0000000082d00000, 0x0000000082c00000| Untracked 
|  45|0x0000000082d00000, 0x0000000082e00000, 0x0000000082e00000|100%| O|  |TAMS 0x0000000082e00000, 0x0000000082d00000| Untracked 
|  46|0x0000000082e00000, 0x0000000082f00000, 0x0000000082f00000|100%| O|  |TAMS 0x0000000082f00000, 0x0000000082e00000| Untracked 
|  47|0x0000000082f00000, 0x0000000083000000, 0x0000000083000000|100%| O|  |TAMS 0x0000000083000000, 0x0000000082f00000| Untracked 
|  48|0x0000000083000000, 0x0000000083100000, 0x0000000083100000|100%| O|  |TAMS 0x0000000083100000, 0x0000000083000000| Untracked 
|  49|0x0000000083100000, 0x0000000083200000, 0x0000000083200000|100%| O|  |TAMS 0x0000000083200000, 0x0000000083100000| Untracked 
|  50|0x0000000083200000, 0x0000000083300000, 0x0000000083300000|100%| O|  |TAMS 0x0000000083300000, 0x0000000083200000| Untracked 
|  51|0x0000000083300000, 0x0000000083400000, 0x0000000083400000|100%| O|  |TAMS 0x0000000083400000, 0x0000000083300000| Untracked 
|  52|0x0000000083400000, 0x0000000083500000, 0x0000000083500000|100%| O|  |TAMS 0x0000000083500000, 0x0000000083400000| Untracked 
|  53|0x0000000083500000, 0x0000000083600000, 0x0000000083600000|100%| O|  |TAMS 0x0000000083600000, 0x0000000083500000| Untracked 
|  54|0x0000000083600000, 0x0000000083700000, 0x0000000083700000|100%| O|  |TAMS 0x0000000083700000, 0x0000000083600000| Untracked 
|  55|0x0000000083700000, 0x0000000083800000, 0x0000000083800000|100%| O|  |TAMS 0x0000000083800000, 0x0000000083700000| Untracked 
|  56|0x0000000083800000, 0x0000000083900000, 0x0000000083900000|100%| O|  |TAMS 0x0000000083900000, 0x0000000083800000| Untracked 
|  57|0x0000000083900000, 0x0000000083a00000, 0x0000000083a00000|100%| O|  |TAMS 0x0000000083a00000, 0x0000000083900000| Untracked 
|  58|0x0000000083a00000, 0x0000000083b00000, 0x0000000083b00000|100%| O|  |TAMS 0x0000000083b00000, 0x0000000083a00000| Untracked 
|  59|0x0000000083b00000, 0x0000000083c00000, 0x0000000083c00000|100%| O|  |TAMS 0x0000000083c00000, 0x0000000083b00000| Untracked 
|  60|0x0000000083c00000, 0x0000000083d00000, 0x0000000083d00000|100%| O|  |TAMS 0x0000000083d00000, 0x0000000083c00000| Untracked 
|  61|0x0000000083d00000, 0x0000000083e00000, 0x0000000083e00000|100%| O|  |TAMS 0x0000000083e00000, 0x0000000083d00000| Untracked 
|  62|0x0000000083e00000, 0x0000000083f00000, 0x0000000083f00000|100%| O|  |TAMS 0x0000000083f00000, 0x0000000083e00000| Untracked 
|  63|0x0000000083f00000, 0x0000000084000000, 0x0000000084000000|100%| O|  |TAMS 0x0000000084000000, 0x0000000083f00000| Untracked 
|  64|0x0000000084000000, 0x0000000084100000, 0x0000000084100000|100%| O|  |TAMS 0x0000000084100000, 0x0000000084000000| Untracked 
|  65|0x0000000084100000, 0x0000000084200000, 0x0000000084200000|100%| O|  |TAMS 0x0000000084200000, 0x0000000084100000| Untracked 
|  66|0x0000000084200000, 0x0000000084300000, 0x0000000084300000|100%| O|  |TAMS 0x0000000084300000, 0x0000000084200000| Untracked 
|  67|0x0000000084300000, 0x0000000084400000, 0x0000000084400000|100%| O|  |TAMS 0x0000000084400000, 0x0000000084300000| Untracked 
|  68|0x0000000084400000, 0x0000000084500000, 0x0000000084500000|100%| O|  |TAMS 0x0000000084500000, 0x0000000084400000| Untracked 
|  69|0x0000000084500000, 0x0000000084600000, 0x0000000084600000|100%| O|  |TAMS 0x0000000084600000, 0x0000000084500000| Untracked 
|  70|0x0000000084600000, 0x0000000084700000, 0x0000000084700000|100%| O|  |TAMS 0x0000000084700000, 0x0000000084600000| Untracked 
|  71|0x0000000084700000, 0x0000000084800000, 0x0000000084800000|100%| O|  |TAMS 0x0000000084800000, 0x0000000084700000| Untracked 
|  72|0x0000000084800000, 0x0000000084900000, 0x0000000084900000|100%| O|  |TAMS 0x0000000084900000, 0x0000000084800000| Untracked 
|  73|0x0000000084900000, 0x0000000084a00000, 0x0000000084a00000|100%| O|  |TAMS 0x0000000084a00000, 0x0000000084900000| Untracked 
|  74|0x0000000084a00000, 0x0000000084b00000, 0x0000000084b00000|100%| O|  |TAMS 0x0000000084b00000, 0x0000000084a00000| Untracked 
|  75|0x0000000084b00000, 0x0000000084c00000, 0x0000000084c00000|100%| O|  |TAMS 0x0000000084c00000, 0x0000000084b00000| Untracked 
|  76|0x0000000084c00000, 0x0000000084d00000, 0x0000000084d00000|100%| O|  |TAMS 0x0000000084d00000, 0x0000000084c00000| Untracked 
|  77|0x0000000084d00000, 0x0000000084e00000, 0x0000000084e00000|100%| O|  |TAMS 0x0000000084e00000, 0x0000000084d00000| Untracked 
|  78|0x0000000084e00000, 0x0000000084f00000, 0x0000000084f00000|100%| O|  |TAMS 0x0000000084f00000, 0x0000000084e00000| Untracked 
|  79|0x0000000084f00000, 0x0000000085000000, 0x0000000085000000|100%| O|  |TAMS 0x0000000085000000, 0x0000000084f00000| Untracked 
|  80|0x0000000085000000, 0x0000000085100000, 0x0000000085100000|100%| O|  |TAMS 0x0000000085100000, 0x0000000085000000| Untracked 
|  81|0x0000000085100000, 0x0000000085200000, 0x0000000085200000|100%| O|  |TAMS 0x0000000085200000, 0x0000000085100000| Untracked 
|  82|0x0000000085200000, 0x0000000085300000, 0x0000000085300000|100%| O|  |TAMS 0x0000000085300000, 0x0000000085200000| Untracked 
|  83|0x0000000085300000, 0x0000000085400000, 0x0000000085400000|100%| O|  |TAMS 0x0000000085400000, 0x0000000085300000| Untracked 
|  84|0x0000000085400000, 0x0000000085500000, 0x0000000085500000|100%| O|  |TAMS 0x0000000085500000, 0x0000000085400000| Untracked 
|  85|0x0000000085500000, 0x0000000085600000, 0x0000000085600000|100%| O|  |TAMS 0x0000000085600000, 0x0000000085500000| Untracked 
|  86|0x0000000085600000, 0x0000000085700000, 0x0000000085700000|100%| O|  |TAMS 0x0000000085700000, 0x0000000085600000| Untracked 
|  87|0x0000000085700000, 0x0000000085800000, 0x0000000085800000|100%| O|  |TAMS 0x0000000085800000, 0x0000000085700000| Untracked 
|  88|0x0000000085800000, 0x0000000085900000, 0x0000000085900000|100%| O|  |TAMS 0x00000000858bac00, 0x0000000085800000| Untracked 
|  89|0x0000000085900000, 0x0000000085a00000, 0x0000000085a00000|100%|HS|  |TAMS 0x0000000085900000, 0x0000000085900000| Complete 
|  90|0x0000000085a00000, 0x0000000085b00000, 0x0000000085b00000|100%|HC|  |TAMS 0x0000000085a00000, 0x0000000085a00000| Complete 
|  91|0x0000000085b00000, 0x0000000085c00000, 0x0000000085c00000|100%|HS|  |TAMS 0x0000000085b00000, 0x0000000085b00000| Complete 
|  92|0x0000000085c00000, 0x0000000085d00000, 0x0000000085d00000|100%|HS|  |TAMS 0x0000000085c00000, 0x0000000085c00000| Complete 
|  93|0x0000000085d00000, 0x0000000085e00000, 0x0000000085e00000|100%|HS|  |TAMS 0x0000000085d00000, 0x0000000085d00000| Complete 
|  94|0x0000000085e00000, 0x0000000085f00000, 0x0000000085f00000|100%|HC|  |TAMS 0x0000000085e00000, 0x0000000085e00000| Complete 
|  95|0x0000000085f00000, 0x0000000086000000, 0x0000000086000000|100%|HS|  |TAMS 0x0000000085f00000, 0x0000000085f00000| Complete 
|  96|0x0000000086000000, 0x0000000086100000, 0x0000000086100000|100%|HC|  |TAMS 0x0000000086000000, 0x0000000086000000| Complete 
|  97|0x0000000086100000, 0x0000000086200000, 0x0000000086200000|100%|HS|  |TAMS 0x0000000086100000, 0x0000000086100000| Complete 
|  98|0x0000000086200000, 0x0000000086300000, 0x0000000086300000|100%|HC|  |TAMS 0x0000000086200000, 0x0000000086200000| Complete 
|  99|0x0000000086300000, 0x0000000086400000, 0x0000000086400000|100%|HS|  |TAMS 0x0000000086300000, 0x0000000086300000| Complete 
| 100|0x0000000086400000, 0x0000000086500000, 0x0000000086500000|100%|HC|  |TAMS 0x0000000086400000, 0x0000000086400000| Complete 
| 101|0x0000000086500000, 0x0000000086600000, 0x0000000086600000|100%|HS|  |TAMS 0x0000000086500000, 0x0000000086500000| Complete 
| 102|0x0000000086600000, 0x0000000086700000, 0x0000000086700000|100%|HC|  |TAMS 0x0000000086600000, 0x0000000086600000| Complete 
| 103|0x0000000086700000, 0x0000000086800000, 0x0000000086800000|100%|HC|  |TAMS 0x0000000086700000, 0x0000000086700000| Complete 
| 104|0x0000000086800000, 0x0000000086900000, 0x0000000086900000|100%|HS|  |TAMS 0x0000000086800000, 0x0000000086800000| Complete 
| 105|0x0000000086900000, 0x0000000086a00000, 0x0000000086a00000|100%|HS|  |TAMS 0x0000000086900000, 0x0000000086900000| Complete 
| 106|0x0000000086a00000, 0x0000000086b00000, 0x0000000086b00000|100%|HC|  |TAMS 0x0000000086a00000, 0x0000000086a00000| Complete 
| 107|0x0000000086b00000, 0x0000000086c00000, 0x0000000086c00000|100%|HC|  |TAMS 0x0000000086b00000, 0x0000000086b00000| Complete 
| 108|0x0000000086c00000, 0x0000000086d00000, 0x0000000086d00000|100%|HS|  |TAMS 0x0000000086c00000, 0x0000000086c00000| Complete 
| 109|0x0000000086d00000, 0x0000000086e00000, 0x0000000086e00000|100%|HS|  |TAMS 0x0000000086d00000, 0x0000000086d00000| Complete 
| 110|0x0000000086e00000, 0x0000000086f00000, 0x0000000086f00000|100%| O|  |TAMS 0x0000000086e00000, 0x0000000086e00000| Untracked 
| 111|0x0000000086f00000, 0x0000000087000000, 0x0000000087000000|100%| O|  |TAMS 0x0000000086f00000, 0x0000000086f00000| Untracked 
| 112|0x0000000087000000, 0x0000000087100000, 0x0000000087100000|100%| O|  |TAMS 0x0000000087000000, 0x0000000087000000| Untracked 
| 113|0x0000000087100000, 0x0000000087200000, 0x0000000087200000|100%| O|  |TAMS 0x0000000087100000, 0x0000000087100000| Untracked 
| 114|0x0000000087200000, 0x0000000087300000, 0x0000000087300000|100%| O|  |TAMS 0x0000000087200000, 0x0000000087200000| Untracked 
| 115|0x0000000087300000, 0x0000000087400000, 0x0000000087400000|100%| S|CS|TAMS 0x0000000087300000, 0x0000000087300000| Complete 
| 116|0x0000000087400000, 0x0000000087500000, 0x0000000087500000|100%| S|CS|TAMS 0x0000000087400000, 0x0000000087400000| Complete 
| 117|0x0000000087500000, 0x0000000087600000, 0x0000000087600000|100%| S|CS|TAMS 0x0000000087500000, 0x0000000087500000| Complete 
| 118|0x0000000087600000, 0x0000000087700000, 0x0000000087700000|100%| S|CS|TAMS 0x0000000087600000, 0x0000000087600000| Complete 
| 119|0x0000000087700000, 0x0000000087800000, 0x0000000087800000|100%| S|CS|TAMS 0x0000000087700000, 0x0000000087700000| Complete 
| 120|0x0000000087800000, 0x0000000087900000, 0x0000000087900000|100%| S|CS|TAMS 0x0000000087800000, 0x0000000087800000| Complete 
| 121|0x0000000087900000, 0x0000000087a00000, 0x0000000087a00000|100%| S|CS|TAMS 0x0000000087900000, 0x0000000087900000| Complete 
| 122|0x0000000087a00000, 0x0000000087b00000, 0x0000000087b00000|100%| S|CS|TAMS 0x0000000087a00000, 0x0000000087a00000| Complete 
| 123|0x0000000087b00000, 0x0000000087b00000, 0x0000000087c00000|  0%| F|  |TAMS 0x0000000087b00000, 0x0000000087b00000| Untracked 
| 124|0x0000000087c00000, 0x0000000087c00000, 0x0000000087d00000|  0%| F|  |TAMS 0x0000000087c00000, 0x0000000087c00000| Untracked 
| 125|0x0000000087d00000, 0x0000000087d00000, 0x0000000087e00000|  0%| F|  |TAMS 0x0000000087d00000, 0x0000000087d00000| Untracked 
| 126|0x0000000087e00000, 0x0000000087e00000, 0x0000000087f00000|  0%| F|  |TAMS 0x0000000087e00000, 0x0000000087e00000| Untracked 
| 127|0x0000000087f00000, 0x0000000087f00000, 0x0000000088000000|  0%| F|  |TAMS 0x0000000087f00000, 0x0000000087f00000| Untracked 
| 128|0x0000000088000000, 0x0000000088000000, 0x0000000088100000|  0%| F|  |TAMS 0x0000000088000000, 0x0000000088000000| Untracked 
| 129|0x0000000088100000, 0x0000000088100000, 0x0000000088200000|  0%| F|  |TAMS 0x0000000088100000, 0x0000000088100000| Untracked 
| 130|0x0000000088200000, 0x0000000088200000, 0x0000000088300000|  0%| F|  |TAMS 0x0000000088200000, 0x0000000088200000| Untracked 
| 131|0x0000000088300000, 0x0000000088300000, 0x0000000088400000|  0%| F|  |TAMS 0x0000000088300000, 0x0000000088300000| Untracked 
| 132|0x0000000088400000, 0x0000000088400000, 0x0000000088500000|  0%| F|  |TAMS 0x0000000088400000, 0x0000000088400000| Untracked 
| 133|0x0000000088500000, 0x0000000088500000, 0x0000000088600000|  0%| F|  |TAMS 0x0000000088500000, 0x0000000088500000| Untracked 
| 134|0x0000000088600000, 0x0000000088600000, 0x0000000088700000|  0%| F|  |TAMS 0x0000000088600000, 0x0000000088600000| Untracked 
| 135|0x0000000088700000, 0x0000000088700000, 0x0000000088800000|  0%| F|  |TAMS 0x0000000088700000, 0x0000000088700000| Untracked 
| 136|0x0000000088800000, 0x0000000088800000, 0x0000000088900000|  0%| F|  |TAMS 0x0000000088800000, 0x0000000088800000| Untracked 
| 137|0x0000000088900000, 0x0000000088900000, 0x0000000088a00000|  0%| F|  |TAMS 0x0000000088900000, 0x0000000088900000| Untracked 
| 138|0x0000000088a00000, 0x0000000088a00000, 0x0000000088b00000|  0%| F|  |TAMS 0x0000000088a00000, 0x0000000088a00000| Untracked 
| 139|0x0000000088b00000, 0x0000000088b00000, 0x0000000088c00000|  0%| F|  |TAMS 0x0000000088b00000, 0x0000000088b00000| Untracked 
| 140|0x0000000088c00000, 0x0000000088c00000, 0x0000000088d00000|  0%| F|  |TAMS 0x0000000088c00000, 0x0000000088c00000| Untracked 
| 141|0x0000000088d00000, 0x0000000088d00000, 0x0000000088e00000|  0%| F|  |TAMS 0x0000000088d00000, 0x0000000088d00000| Untracked 
| 142|0x0000000088e00000, 0x0000000088e00000, 0x0000000088f00000|  0%| F|  |TAMS 0x0000000088e00000, 0x0000000088e00000| Untracked 
| 143|0x0000000088f00000, 0x0000000088f00000, 0x0000000089000000|  0%| F|  |TAMS 0x0000000088f00000, 0x0000000088f00000| Untracked 
| 144|0x0000000089000000, 0x0000000089000000, 0x0000000089100000|  0%| F|  |TAMS 0x0000000089000000, 0x0000000089000000| Untracked 
| 145|0x0000000089100000, 0x0000000089100000, 0x0000000089200000|  0%| F|  |TAMS 0x0000000089100000, 0x0000000089100000| Untracked 
| 146|0x0000000089200000, 0x0000000089200000, 0x0000000089300000|  0%| F|  |TAMS 0x0000000089200000, 0x0000000089200000| Untracked 
| 147|0x0000000089300000, 0x0000000089300000, 0x0000000089400000|  0%| F|  |TAMS 0x0000000089300000, 0x0000000089300000| Untracked 
| 148|0x0000000089400000, 0x0000000089400000, 0x0000000089500000|  0%| F|  |TAMS 0x0000000089400000, 0x0000000089400000| Untracked 
| 149|0x0000000089500000, 0x0000000089500000, 0x0000000089600000|  0%| F|  |TAMS 0x0000000089500000, 0x0000000089500000| Untracked 
| 150|0x0000000089600000, 0x0000000089600000, 0x0000000089700000|  0%| F|  |TAMS 0x0000000089600000, 0x0000000089600000| Untracked 
| 151|0x0000000089700000, 0x0000000089700000, 0x0000000089800000|  0%| F|  |TAMS 0x0000000089700000, 0x0000000089700000| Untracked 
| 152|0x0000000089800000, 0x0000000089800000, 0x0000000089900000|  0%| F|  |TAMS 0x0000000089800000, 0x0000000089800000| Untracked 
| 153|0x0000000089900000, 0x0000000089900000, 0x0000000089a00000|  0%| F|  |TAMS 0x0000000089900000, 0x0000000089900000| Untracked 
| 154|0x0000000089a00000, 0x0000000089a00000, 0x0000000089b00000|  0%| F|  |TAMS 0x0000000089a00000, 0x0000000089a00000| Untracked 
| 155|0x0000000089b00000, 0x0000000089b00000, 0x0000000089c00000|  0%| F|  |TAMS 0x0000000089b00000, 0x0000000089b00000| Untracked 
| 156|0x0000000089c00000, 0x0000000089c00000, 0x0000000089d00000|  0%| F|  |TAMS 0x0000000089c00000, 0x0000000089c00000| Untracked 
| 157|0x0000000089d00000, 0x0000000089d00000, 0x0000000089e00000|  0%| F|  |TAMS 0x0000000089d00000, 0x0000000089d00000| Untracked 
| 158|0x0000000089e00000, 0x0000000089e00000, 0x0000000089f00000|  0%| F|  |TAMS 0x0000000089e00000, 0x0000000089e00000| Untracked 
| 159|0x0000000089f00000, 0x0000000089f00000, 0x000000008a000000|  0%| F|  |TAMS 0x0000000089f00000, 0x0000000089f00000| Untracked 
| 160|0x000000008a000000, 0x000000008a000000, 0x000000008a100000|  0%| F|  |TAMS 0x000000008a000000, 0x000000008a000000| Untracked 
| 161|0x000000008a100000, 0x000000008a100000, 0x000000008a200000|  0%| F|  |TAMS 0x000000008a100000, 0x000000008a100000| Untracked 
| 162|0x000000008a200000, 0x000000008a200000, 0x000000008a300000|  0%| F|  |TAMS 0x000000008a200000, 0x000000008a200000| Untracked 
| 163|0x000000008a300000, 0x000000008a300000, 0x000000008a400000|  0%| F|  |TAMS 0x000000008a300000, 0x000000008a300000| Untracked 
| 164|0x000000008a400000, 0x000000008a400000, 0x000000008a500000|  0%| F|  |TAMS 0x000000008a400000, 0x000000008a400000| Untracked 
| 165|0x000000008a500000, 0x000000008a500000, 0x000000008a600000|  0%| F|  |TAMS 0x000000008a500000, 0x000000008a500000| Untracked 
| 166|0x000000008a600000, 0x000000008a600000, 0x000000008a700000|  0%| F|  |TAMS 0x000000008a600000, 0x000000008a600000| Untracked 
| 167|0x000000008a700000, 0x000000008a700000, 0x000000008a800000|  0%| F|  |TAMS 0x000000008a700000, 0x000000008a700000| Untracked 
| 168|0x000000008a800000, 0x000000008a800000, 0x000000008a900000|  0%| F|  |TAMS 0x000000008a800000, 0x000000008a800000| Untracked 
| 169|0x000000008a900000, 0x000000008a900000, 0x000000008aa00000|  0%| F|  |TAMS 0x000000008a900000, 0x000000008a900000| Untracked 
| 170|0x000000008aa00000, 0x000000008aa00000, 0x000000008ab00000|  0%| F|  |TAMS 0x000000008aa00000, 0x000000008aa00000| Untracked 
| 171|0x000000008ab00000, 0x000000008ab00000, 0x000000008ac00000|  0%| F|  |TAMS 0x000000008ab00000, 0x000000008ab00000| Untracked 
| 172|0x000000008ac00000, 0x000000008ac00000, 0x000000008ad00000|  0%| F|  |TAMS 0x000000008ac00000, 0x000000008ac00000| Untracked 
| 173|0x000000008ad00000, 0x000000008ad00000, 0x000000008ae00000|  0%| F|  |TAMS 0x000000008ad00000, 0x000000008ad00000| Untracked 
| 174|0x000000008ae00000, 0x000000008ae00000, 0x000000008af00000|  0%| F|  |TAMS 0x000000008ae00000, 0x000000008ae00000| Untracked 
| 175|0x000000008af00000, 0x000000008af00000, 0x000000008b000000|  0%| F|  |TAMS 0x000000008af00000, 0x000000008af00000| Untracked 
| 176|0x000000008b000000, 0x000000008b000000, 0x000000008b100000|  0%| F|  |TAMS 0x000000008b000000, 0x000000008b000000| Untracked 
| 177|0x000000008b100000, 0x000000008b100000, 0x000000008b200000|  0%| F|  |TAMS 0x000000008b100000, 0x000000008b100000| Untracked 
| 178|0x000000008b200000, 0x000000008b200000, 0x000000008b300000|  0%| F|  |TAMS 0x000000008b200000, 0x000000008b200000| Untracked 
| 179|0x000000008b300000, 0x000000008b300000, 0x000000008b400000|  0%| F|  |TAMS 0x000000008b300000, 0x000000008b300000| Untracked 
| 180|0x000000008b400000, 0x000000008b400000, 0x000000008b500000|  0%| F|  |TAMS 0x000000008b400000, 0x000000008b400000| Untracked 
| 181|0x000000008b500000, 0x000000008b500000, 0x000000008b600000|  0%| F|  |TAMS 0x000000008b500000, 0x000000008b500000| Untracked 
| 182|0x000000008b600000, 0x000000008b600000, 0x000000008b700000|  0%| F|  |TAMS 0x000000008b600000, 0x000000008b600000| Untracked 
| 183|0x000000008b700000, 0x000000008b700000, 0x000000008b800000|  0%| F|  |TAMS 0x000000008b700000, 0x000000008b700000| Untracked 
| 184|0x000000008b800000, 0x000000008b800000, 0x000000008b900000|  0%| F|  |TAMS 0x000000008b800000, 0x000000008b800000| Untracked 
| 185|0x000000008b900000, 0x000000008ba00000, 0x000000008ba00000|100%| O|  |TAMS 0x000000008b900000, 0x000000008b900000| Untracked 
| 186|0x000000008ba00000, 0x000000008bb00000, 0x000000008bb00000|100%| O|  |TAMS 0x000000008ba00000, 0x000000008ba00000| Untracked 
| 187|0x000000008bb00000, 0x000000008bc00000, 0x000000008bc00000|100%| O|  |TAMS 0x000000008bb00000, 0x000000008bb00000| Untracked 
| 188|0x000000008bc00000, 0x000000008bd00000, 0x000000008bd00000|100%| O|  |TAMS 0x000000008bc00000, 0x000000008bc00000| Untracked 
| 189|0x000000008bd00000, 0x000000008bdb7a00, 0x000000008be00000| 71%| O|  |TAMS 0x000000008bd00000, 0x000000008bd00000| Untracked 

Card table byte_map: [0x000001e67d160000,0x000001e67d560000] _byte_map_base: 0x000001e67cd60000

Marking Bits (Prev, Next): (CMBitMap*) 0x000001e669f5b650, (CMBitMap*) 0x000001e669f5b618
 Prev Bits: [0x000001e600000000, 0x000001e602000000)
 Next Bits: [0x000001e67d960000, 0x000001e67f960000)

Polling page: 0x000001e667ea0000

Metaspace:

Usage:
  Non-class:     78.79 MB capacity,    77.35 MB ( 98%) used,     1.19 MB (  2%) free+waste,   256.50 KB ( <1%) overhead. 
      Class:     12.18 MB capacity,    11.42 MB ( 94%) used,   664.51 KB (  5%) free+waste,   114.13 KB ( <1%) overhead. 
       Both:     90.97 MB capacity,    88.77 MB ( 98%) used,     1.84 MB (  2%) free+waste,   370.63 KB ( <1%) overhead. 

Virtual space:
  Non-class space:       80.00 MB reserved,      79.17 MB ( 99%) committed 
      Class space:        1.00 GB reserved,      12.41 MB (  1%) committed 
             Both:        1.08 GB reserved,      91.58 MB (  8%) committed 

Chunk freelists:
   Non-Class:  326.00 KB
       Class:  166.00 KB
        Both:  492.00 KB

MaxMetaspaceSize: 17179869184.00 GB
CompressedClassSpaceSize: 1.00 GB
Initial GC threshold: 20.80 MB
Current GC threshold: 149.71 MB
CDS: off

CodeHeap 'non-profiled nmethods': size=120000Kb used=5790Kb max_used=5790Kb free=114209Kb
 bounds [0x000001e675500000, 0x000001e675ab0000, 0x000001e67ca30000]
CodeHeap 'profiled nmethods': size=120000Kb used=22554Kb max_used=22554Kb free=97445Kb
 bounds [0x000001e66dfd0000, 0x000001e66f5e0000, 0x000001e675500000]
CodeHeap 'non-nmethods': size=5760Kb used=2381Kb max_used=2422Kb free=3378Kb
 bounds [0x000001e66da30000, 0x000001e66dca0000, 0x000001e66dfd0000]
 total_blobs=11903 nmethods=11002 adapters=812
 compilation: enabled
              stopped_count=0, restarted_count=0
 full_count=0

Compilation events (20 events):
Event: 18.292 Thread 0x000001e604d71800 11187       3       kotlin.reflect.jvm.internal.ReflectProperties$Val::getValue (5 bytes)
Event: 18.292 Thread 0x000001e604d71800 nmethod 11187 0x000001e66f5d4910 code [0x000001e66f5d4ac0, 0x000001e66f5d4c68]
Event: 18.292 Thread 0x000001e604d71800 11188       3       kotlin.reflect.jvm.internal.ReflectProperties$LazyVal::invoke (36 bytes)
Event: 18.293 Thread 0x000001e604d71800 nmethod 11188 0x000001e66f5d4d10 code [0x000001e66f5d4f00, 0x000001e66f5d53e8]
Event: 18.293 Thread 0x000001e604d71800 11163       1       kotlin.reflect.jvm.internal.KClassImpl::getData (5 bytes)
Event: 18.293 Thread 0x000001e604d71800 nmethod 11163 0x000001e675aa6b10 code [0x000001e675aa6cc0, 0x000001e675aa6d78]
Event: 18.293 Thread 0x000001e604d71800 11164       1       kotlin.reflect.jvm.internal.impl.descriptors.impl.LazyPackageViewDescriptorImpl::getMemberScope (5 bytes)
Event: 18.293 Thread 0x000001e604d71800 nmethod 11164 0x000001e675aa6e10 code [0x000001e675aa6fc0, 0x000001e675aa7078]
Event: 18.293 Thread 0x000001e604d71800 11165       1       kotlin.reflect.jvm.internal.impl.load.java.lazy.JavaResolverComponents::getLookupTracker (5 bytes)
Event: 18.293 Thread 0x000001e604d71800 nmethod 11165 0x000001e675aa7110 code [0x000001e675aa72c0, 0x000001e675aa7378]
Event: 18.293 Thread 0x000001e604d71800 11166       1       kotlin.reflect.jvm.internal.impl.serialization.deserialization.DeserializationComponents::getLookupTracker (5 bytes)
Event: 18.293 Thread 0x000001e604d71800 nmethod 11166 0x000001e675aa7410 code [0x000001e675aa75c0, 0x000001e675aa7678]
Event: 18.293 Thread 0x000001e604d71800 11167       1       kotlin.reflect.jvm.internal.impl.serialization.deserialization.descriptors.DeserializedClassDescriptor::access$getEnumEntries$p (5 bytes)
Event: 18.293 Thread 0x000001e604d71800 nmethod 11167 0x000001e675aa7710 code [0x000001e675aa78c0, 0x000001e675aa7958]
Event: 18.293 Thread 0x000001e604d71800 11115       3       kotlin.reflect.jvm.internal.impl.name.FqNameUnsafe::toString (30 bytes)
Event: 18.294 Thread 0x000001e604d71800 nmethod 11115 0x000001e66f5d5510 code [0x000001e66f5d5700, 0x000001e66f5d5ad8]
Event: 18.294 Thread 0x000001e604d71800 11195       3       com.android.tools.build.apkzlib.zip.ExtraField::size (64 bytes)
Event: 18.294 Thread 0x000001e604d71800 nmethod 11195 0x000001e66f5d5c90 code [0x000001e66f5d5ec0, 0x000001e66f5d65a8]
Event: 18.294 Thread 0x000001e604d71800 11196       3       com.android.tools.build.apkzlib.zip.FileUseMapEntry::isFree (13 bytes)
Event: 18.294 Thread 0x000001e604d71800 nmethod 11196 0x000001e66f5d6810 code [0x000001e66f5d69c0, 0x000001e66f5d6b18]

GC Heap History (20 events):
Event: 11.171 GC heap after
{Heap after GC invocations=15 (full 0):
 garbage-first heap   total 157696K, used 53651K [0x0000000080000000, 0x0000000100000000)
  region size 1024K, 9 young (9216K), 9 survivors (9216K)
 Metaspace       used 63867K, capacity 65342K, committed 65616K, reserved 1105920K
  class space    used 8028K, capacity 8573K, committed 8608K, reserved 1048576K
}
Event: 11.860 GC heap before
{Heap before GC invocations=16 (full 0):
 garbage-first heap   total 157696K, used 118163K [0x0000000080000000, 0x0000000100000000)
  region size 1024K, 71 young (72704K), 9 survivors (9216K)
 Metaspace       used 65383K, capacity 67068K, committed 67152K, reserved 1107968K
  class space    used 8252K, capacity 8860K, committed 8864K, reserved 1048576K
}
Event: 11.872 GC heap after
{Heap after GC invocations=17 (full 0):
 garbage-first heap   total 157696K, used 58106K [0x0000000080000000, 0x0000000100000000)
  region size 1024K, 5 young (5120K), 5 survivors (5120K)
 Metaspace       used 65383K, capacity 67068K, committed 67152K, reserved 1107968K
  class space    used 8252K, capacity 8860K, committed 8864K, reserved 1048576K
}
Event: 12.939 GC heap before
{Heap before GC invocations=17 (full 0):
 garbage-first heap   total 157696K, used 119546K [0x0000000080000000, 0x0000000100000000)
  region size 1024K, 65 young (66560K), 5 survivors (5120K)
 Metaspace       used 71225K, capacity 72947K, committed 73040K, reserved 1112064K
  class space    used 9184K, capacity 9807K, committed 9888K, reserved 1048576K
}
Event: 12.949 GC heap after
{Heap after GC invocations=18 (full 0):
 garbage-first heap   total 189440K, used 61717K [0x0000000080000000, 0x0000000100000000)
  region size 1024K, 9 young (9216K), 9 survivors (9216K)
 Metaspace       used 71225K, capacity 72947K, committed 73040K, reserved 1112064K
  class space    used 9184K, capacity 9807K, committed 9888K, reserved 1048576K
}
Event: 13.875 GC heap before
{Heap before GC invocations=18 (full 0):
 garbage-first heap   total 189440K, used 134421K [0x0000000080000000, 0x0000000100000000)
  region size 1024K, 80 young (81920K), 9 survivors (9216K)
 Metaspace       used 75465K, capacity 77211K, committed 77520K, reserved 1116160K
  class space    used 9835K, capacity 10470K, committed 10528K, reserved 1048576K
}
Event: 13.886 GC heap after
{Heap after GC invocations=19 (full 0):
 garbage-first heap   total 189440K, used 66307K [0x0000000080000000, 0x0000000100000000)
  region size 1024K, 9 young (9216K), 9 survivors (9216K)
 Metaspace       used 75465K, capacity 77211K, committed 77520K, reserved 1116160K
  class space    used 9835K, capacity 10470K, committed 10528K, reserved 1048576K
}
Event: 15.249 GC heap before
{Heap before GC invocations=19 (full 0):
 garbage-first heap   total 189440K, used 140035K [0x0000000080000000, 0x0000000100000000)
  region size 1024K, 81 young (82944K), 9 survivors (9216K)
 Metaspace       used 81742K, capacity 83862K, committed 84176K, reserved 1122304K
  class space    used 10703K, capacity 11459K, committed 11552K, reserved 1048576K
}
Event: 15.264 GC heap after
{Heap after GC invocations=20 (full 0):
 garbage-first heap   total 189440K, used 72704K [0x0000000080000000, 0x0000000100000000)
  region size 1024K, 11 young (11264K), 11 survivors (11264K)
 Metaspace       used 81742K, capacity 83862K, committed 84176K, reserved 1122304K
  class space    used 10703K, capacity 11459K, committed 11552K, reserved 1048576K
}
Event: 15.725 GC heap before
{Heap before GC invocations=20 (full 0):
 garbage-first heap   total 189440K, used 143360K [0x0000000080000000, 0x0000000100000000)
  region size 1024K, 81 young (82944K), 11 survivors (11264K)
 Metaspace       used 82584K, capacity 84944K, committed 85200K, reserved 1122304K
  class space    used 10840K, capacity 11692K, committed 11808K, reserved 1048576K
}
Event: 15.745 GC heap after
{Heap after GC invocations=21 (full 0):
 garbage-first heap   total 189440K, used 79200K [0x0000000080000000, 0x0000000100000000)
  region size 1024K, 7 young (7168K), 7 survivors (7168K)
 Metaspace       used 82584K, capacity 84944K, committed 85200K, reserved 1122304K
  class space    used 10840K, capacity 11692K, committed 11808K, reserved 1048576K
}
Event: 16.323 GC heap before
{Heap before GC invocations=21 (full 0):
 garbage-first heap   total 189440K, used 146784K [0x0000000080000000, 0x0000000100000000)
  region size 1024K, 74 young (75776K), 7 survivors (7168K)
 Metaspace       used 83293K, capacity 85622K, committed 85712K, reserved 1124352K
  class space    used 10892K, capacity 11759K, committed 11808K, reserved 1048576K
}
Event: 16.333 GC heap after
{Heap after GC invocations=22 (full 0):
 garbage-first heap   total 189440K, used 84992K [0x0000000080000000, 0x0000000100000000)
  region size 1024K, 8 young (8192K), 8 survivors (8192K)
 Metaspace       used 83293K, capacity 85622K, committed 85712K, reserved 1124352K
  class space    used 10892K, capacity 11759K, committed 11808K, reserved 1048576K
}
Event: 16.947 GC heap before
{Heap before GC invocations=22 (full 0):
 garbage-first heap   total 189440K, used 149504K [0x0000000080000000, 0x0000000100000000)
  region size 1024K, 72 young (73728K), 8 survivors (8192K)
 Metaspace       used 85347K, capacity 87736K, committed 87888K, reserved 1126400K
  class space    used 11064K, capacity 11930K, committed 11936K, reserved 1048576K
}
Event: 16.959 GC heap after
{Heap after GC invocations=23 (full 0):
 garbage-first heap   total 189440K, used 88808K [0x0000000080000000, 0x0000000100000000)
  region size 1024K, 7 young (7168K), 7 survivors (7168K)
 Metaspace       used 85347K, capacity 87736K, committed 87888K, reserved 1126400K
  class space    used 11064K, capacity 11930K, committed 11936K, reserved 1048576K
}
Event: 17.311 GC heap before
{Heap before GC invocations=23 (full 0):
 garbage-first heap   total 189440K, used 150248K [0x0000000080000000, 0x0000000100000000)
  region size 1024K, 69 young (70656K), 7 survivors (7168K)
 Metaspace       used 87204K, capacity 89556K, committed 89680K, reserved 1126400K
  class space    used 11305K, capacity 12180K, committed 12192K, reserved 1048576K
}
Event: 17.321 GC heap after
{Heap after GC invocations=24 (full 0):
 garbage-first heap   total 189440K, used 92489K [0x0000000080000000, 0x0000000100000000)
  region size 1024K, 6 young (6144K), 6 survivors (6144K)
 Metaspace       used 87204K, capacity 89556K, committed 89680K, reserved 1126400K
  class space    used 11305K, capacity 12180K, committed 12192K, reserved 1048576K
}
Event: 17.849 GC heap before
{Heap before GC invocations=24 (full 0):
 garbage-first heap   total 189440K, used 144713K [0x0000000080000000, 0x0000000100000000)
  region size 1024K, 59 young (60416K), 6 survivors (6144K)
 Metaspace       used 88693K, capacity 91041K, committed 91216K, reserved 1128448K
  class space    used 11479K, capacity 12351K, committed 12448K, reserved 1048576K
}
Event: 17.867 GC heap after
{Heap after GC invocations=25 (full 0):
 garbage-first heap   total 189440K, used 95869K [0x0000000080000000, 0x0000000100000000)
  region size 1024K, 5 young (5120K), 5 survivors (5120K)
 Metaspace       used 88693K, capacity 91041K, committed 91216K, reserved 1128448K
  class space    used 11479K, capacity 12351K, committed 12448K, reserved 1048576K
}
Event: 18.295 GC heap before
{Heap before GC invocations=26 (full 0):
 garbage-first heap   total 189440K, used 174717K [0x0000000080000000, 0x0000000100000000)
  region size 1024K, 62 young (63488K), 5 survivors (5120K)
 Metaspace       used 90900K, capacity 93156K, committed 93776K, reserved 1130496K
  class space    used 11695K, capacity 12474K, committed 12704K, reserved 1048576K
}

Deoptimization events (20 events):
Event: 17.955 Thread 0x000001e60bc30800 DEOPT PACKING pc=0x000001e66f50d4be sp=0x000000dabe5fcc10
Event: 17.955 Thread 0x000001e60bc30800 DEOPT UNPACKING pc=0x000001e66da7a95e sp=0x000000dabe5fc1a8 mode 0
Event: 17.959 Thread 0x000001e60bc30800 DEOPT PACKING pc=0x000001e66f50d4be sp=0x000000dabe5fcc10
Event: 17.959 Thread 0x000001e60bc30800 DEOPT UNPACKING pc=0x000001e66da7a95e sp=0x000000dabe5fc1a8 mode 0
Event: 17.963 Thread 0x000001e60bc30800 DEOPT PACKING pc=0x000001e66f50d4be sp=0x000000dabe5fcf70
Event: 17.963 Thread 0x000001e60bc30800 DEOPT UNPACKING pc=0x000001e66da7a95e sp=0x000000dabe5fc508 mode 0
Event: 17.968 Thread 0x000001e60bc30800 DEOPT PACKING pc=0x000001e66f50d4be sp=0x000000dabe5fcc10
Event: 17.968 Thread 0x000001e60bc30800 DEOPT UNPACKING pc=0x000001e66da7a95e sp=0x000000dabe5fc1a8 mode 0
Event: 17.975 Thread 0x000001e60bc30800 DEOPT PACKING pc=0x000001e66f50d4be sp=0x000000dabe5fcf70
Event: 17.975 Thread 0x000001e60bc30800 DEOPT UNPACKING pc=0x000001e66da7a95e sp=0x000000dabe5fc508 mode 0
Event: 17.976 Thread 0x000001e60bc2f000 DEOPT PACKING pc=0x000001e66f4ceec4 sp=0x000000dabe7fd710
Event: 17.976 Thread 0x000001e60bc2f000 DEOPT UNPACKING pc=0x000001e66da7a95e sp=0x000000dabe7fccb0 mode 0
Event: 18.101 Thread 0x000001e60bc2f000 Uncommon trap: trap_request=0xffffff4d fr.pc=0x000001e67553525c relative=0x00000000000007fc
Event: 18.101 Thread 0x000001e60bc2f000 Uncommon trap: reason=unstable_if action=reinterpret pc=0x000001e67553525c method=java.util.zip.ZipFile$Source.getEntryPos([BZ)I @ 105 c2
Event: 18.101 Thread 0x000001e60bc2f000 DEOPT PACKING pc=0x000001e67553525c sp=0x000000dabe7f61d0
Event: 18.101 Thread 0x000001e60bc2f000 DEOPT UNPACKING pc=0x000001e66da7a1af sp=0x000000dabe7f6170 mode 2
Event: 18.189 Thread 0x000001e60bc2f000 Uncommon trap: trap_request=0xffffff4d fr.pc=0x000001e6759d1eb4 relative=0x0000000000000434
Event: 18.189 Thread 0x000001e60bc2f000 Uncommon trap: reason=unstable_if action=reinterpret pc=0x000001e6759d1eb4 method=com.google.common.collect.MapMakerInternalMap$Segment.getEntry(Ljava/lang/Object;I)Lcom/google/common/collect/MapMakerInternalMap$InternalEntry; @ 63 c2
Event: 18.189 Thread 0x000001e60bc2f000 DEOPT PACKING pc=0x000001e6759d1eb4 sp=0x000000dabe7fca10
Event: 18.189 Thread 0x000001e60bc2f000 DEOPT UNPACKING pc=0x000001e66da7a1af sp=0x000000dabe7fc9c8 mode 2

Classes redefined (0 events):
No events

Internal exceptions (20 events):
Event: 15.984 Thread 0x000001e605053000 Exception <a 'java/lang/NoSuchMethodError'{0x0000000089d49a58}: 'void java.lang.invoke.DirectMethodHandle$Holder.invokeInterface(java.lang.Object, java.lang.Object, java.lang.Object, java.lang.Object)'> (0x0000000089d49a58) thrown at [./src/hotspot/share/interpreter/linkResolver.cpp, line 773]
Event: 16.242 Thread 0x000001e605053000 Exception <a 'java/lang/NoSuchMethodError'{0x00000000886a6030}: <clinit>> (0x00000000886a6030) thrown at [./src/hotspot/share/prims/jni.cpp, line 1366]
Event: 16.242 Thread 0x000001e605053000 Exception <a 'java/lang/NoSuchMethodError'{0x00000000886a7638}: <clinit>> (0x00000000886a7638) thrown at [./src/hotspot/share/prims/jni.cpp, line 1366]
Event: 16.243 Thread 0x000001e605053000 Exception <a 'java/lang/NoSuchMethodError'{0x00000000886aa228}: <clinit>> (0x00000000886aa228) thrown at [./src/hotspot/share/prims/jni.cpp, line 1366]
Event: 16.245 Thread 0x000001e605053000 Exception <a 'java/lang/NoSuchMethodError'{0x00000000886c20c8}: <clinit>> (0x00000000886c20c8) thrown at [./src/hotspot/share/prims/jni.cpp, line 1366]
Event: 16.245 Thread 0x000001e605053000 Exception <a 'java/lang/NoSuchMethodError'{0x00000000886c3300}: <clinit>> (0x00000000886c3300) thrown at [./src/hotspot/share/prims/jni.cpp, line 1366]
Event: 16.673 Thread 0x000001e605053000 Exception <a 'sun/nio/fs/WindowsException'{0x00000000897d5360}> (0x00000000897d5360) thrown at [./src/hotspot/share/prims/jni.cpp, line 616]
Event: 16.674 Thread 0x000001e605053000 Exception <a 'sun/nio/fs/WindowsException'{0x00000000897d6218}> (0x00000000897d6218) thrown at [./src/hotspot/share/prims/jni.cpp, line 616]
Event: 16.675 Thread 0x000001e605053000 Exception <a 'sun/nio/fs/WindowsException'{0x00000000897d6af8}> (0x00000000897d6af8) thrown at [./src/hotspot/share/prims/jni.cpp, line 616]
Event: 16.675 Thread 0x000001e605053000 Exception <a 'sun/nio/fs/WindowsException'{0x00000000897d79a8}> (0x00000000897d79a8) thrown at [./src/hotspot/share/prims/jni.cpp, line 616]
Event: 16.675 Thread 0x000001e605053000 Exception <a 'sun/nio/fs/WindowsException'{0x00000000897d7c88}> (0x00000000897d7c88) thrown at [./src/hotspot/share/prims/jni.cpp, line 616]
Event: 16.675 Thread 0x000001e605053000 Exception <a 'sun/nio/fs/WindowsException'{0x00000000897d8b08}> (0x00000000897d8b08) thrown at [./src/hotspot/share/prims/jni.cpp, line 616]
Event: 16.675 Thread 0x000001e605053000 Exception <a 'sun/nio/fs/WindowsException'{0x00000000897d8de8}> (0x00000000897d8de8) thrown at [./src/hotspot/share/prims/jni.cpp, line 616]
Event: 16.701 Thread 0x000001e605053000 Exception <a 'java/lang/NoSuchMethodError'{0x0000000089560ac0}: <clinit>> (0x0000000089560ac0) thrown at [./src/hotspot/share/prims/jni.cpp, line 1366]
Event: 16.706 Thread 0x000001e605053000 Exception <a 'java/lang/NoSuchMethodError'{0x0000000089594670}: <clinit>> (0x0000000089594670) thrown at [./src/hotspot/share/prims/jni.cpp, line 1366]
Event: 16.710 Thread 0x000001e605053000 Exception <a 'java/lang/NoSuchMethodError'{0x00000000895c7f78}: <clinit>> (0x00000000895c7f78) thrown at [./src/hotspot/share/prims/jni.cpp, line 1366]
Event: 16.712 Thread 0x000001e605053000 Exception <a 'java/lang/NoSuchMethodError'{0x00000000895da6f0}: <clinit>> (0x00000000895da6f0) thrown at [./src/hotspot/share/prims/jni.cpp, line 1366]
Event: 17.746 Thread 0x000001e60bac2800 Implicit null exception at 0x000001e675a63a5b to 0x000001e675a63af0
Event: 18.195 Thread 0x000001e60bc2f000 Exception <a 'sun/nio/fs/WindowsException'{0x0000000088de62f0}> (0x0000000088de62f0) thrown at [./src/hotspot/share/prims/jni.cpp, line 616]
Event: 18.278 Thread 0x000001e60bc2f000 Exception <a 'java/lang/NoSuchMethodError'{0x0000000087ddfef8}: 'java.lang.Object java.lang.invoke.DirectMethodHandle$Holder.newInvokeSpecial(java.lang.Object, int)'> (0x0000000087ddfef8) thrown at [./src/hotspot/share/interpreter/linkResolver.cpp, line 773]

Events (20 events):
Event: 18.286 loading class com/android/tools/r8/internal/Bo done
Event: 18.288 loading class com/android/tools/r8/graph/K0
Event: 18.288 loading class com/android/tools/r8/graph/K0 done
Event: 18.289 loading class com/android/tools/r8/graph/c1
Event: 18.289 loading class com/android/tools/r8/graph/c1 done
Event: 18.291 loading class com/android/tools/r8/internal/Ug
Event: 18.291 loading class com/android/tools/r8/internal/Ug done
Event: 18.291 loading class com/android/tools/r8/graph/l0
Event: 18.291 loading class com/android/tools/r8/graph/l0 done
Event: 18.293 loading class kotlin/jvm/internal/Ref$ObjectRef
Event: 18.293 loading class kotlin/jvm/internal/Ref$ObjectRef done
Event: 18.293 loading class com/android/tools/r8/graph/n0
Event: 18.293 loading class com/android/tools/r8/graph/n0 done
Event: 18.293 loading class kotlin/jvm/internal/Ref$ObjectRef
Event: 18.293 loading class kotlin/jvm/internal/Ref$ObjectRef done
Event: 18.294 loading class com/android/build/api/variant/impl/BuiltArtifactTypeAdapter$read$1
Event: 18.294 loading class com/android/build/api/variant/impl/BuiltArtifactTypeAdapter$read$1 done
Event: 18.294 loading class com/android/build/api/variant/impl/BuiltArtifactTypeAdapter$read$2
Event: 18.294 loading class com/android/build/api/variant/impl/BuiltArtifactTypeAdapter$read$2 done
Event: 18.295 Executing VM operation: G1CollectForAllocation


Dynamic libraries:
0x00007ff7618e0000 - 0x00007ff7618ea000 	D:\New folder (3)\jre\bin\java.exe
0x00007ffb83430000 - 0x00007ffb83647000 	C:\WINDOWS\SYSTEM32\ntdll.dll
0x00007ffb82580000 - 0x00007ffb82644000 	C:\WINDOWS\System32\KERNEL32.DLL
0x00007ffb80810000 - 0x00007ffb80bb5000 	C:\WINDOWS\System32\KERNELBASE.dll
0x00007ffb80bc0000 - 0x00007ffb80cd1000 	C:\WINDOWS\System32\ucrtbase.dll
0x00007ffb7bc80000 - 0x00007ffb7bc99000 	D:\New folder (3)\jre\bin\jli.dll
0x00007ffb7bbb0000 - 0x00007ffb7bbc7000 	D:\New folder (3)\jre\bin\VCRUNTIME140.dll
0x00007ffb81de0000 - 0x00007ffb81f8e000 	C:\WINDOWS\System32\USER32.dll
0x00007ffb80ce0000 - 0x00007ffb80d06000 	C:\WINDOWS\System32\win32u.dll
0x00007ffb67740000 - 0x00007ffb679d3000 	C:\WINDOWS\WinSxS\amd64_microsoft.windows.common-controls_6595b64144ccf1df_6.0.22621.2506_none_270c5ae97388e100\COMCTL32.dll
0x00007ffb823b0000 - 0x00007ffb823d9000 	C:\WINDOWS\System32\GDI32.dll
0x00007ffb816b0000 - 0x00007ffb81757000 	C:\WINDOWS\System32\msvcrt.dll
0x00007ffb80d10000 - 0x00007ffb80e29000 	C:\WINDOWS\System32\gdi32full.dll
0x00007ffb81060000 - 0x00007ffb810fa000 	C:\WINDOWS\System32\msvcp_win.dll
0x00007ffb81cc0000 - 0x00007ffb81cf1000 	C:\WINDOWS\System32\IMM32.DLL
0x00007ffb693d0000 - 0x00007ffb6946d000 	D:\New folder (3)\jre\bin\msvcp140.dll
0x00007ffb1e710000 - 0x00007ffb1f212000 	D:\New folder (3)\jre\bin\server\jvm.dll
0x00007ffb822f0000 - 0x00007ffb823a1000 	C:\WINDOWS\System32\ADVAPI32.dll
0x00007ffb83320000 - 0x00007ffb833c6000 	C:\WINDOWS\System32\sechost.dll
0x00007ffb823e0000 - 0x00007ffb824f7000 	C:\WINDOWS\System32\RPCRT4.dll
0x00007ffb822e0000 - 0x00007ffb822e8000 	C:\WINDOWS\System32\PSAPI.DLL
0x00007ffb7bc10000 - 0x00007ffb7bc19000 	C:\WINDOWS\SYSTEM32\WSOCK32.dll
0x00007ffb79ea0000 - 0x00007ffb79ed4000 	C:\WINDOWS\SYSTEM32\WINMM.dll
0x00007ffb79000000 - 0x00007ffb7900a000 	C:\WINDOWS\SYSTEM32\VERSION.dll
0x00007ffb83280000 - 0x00007ffb832f1000 	C:\WINDOWS\System32\WS2_32.dll
0x00007ffb7f740000 - 0x00007ffb7f758000 	C:\WINDOWS\SYSTEM32\kernel.appcore.dll
0x00007ffb66db0000 - 0x00007ffb66dc1000 	D:\New folder (3)\jre\bin\verify.dll
0x00007ffb7e0c0000 - 0x00007ffb7e2f3000 	C:\WINDOWS\SYSTEM32\DBGHELP.DLL
0x00007ffb81830000 - 0x00007ffb81bb9000 	C:\WINDOWS\System32\combase.dll
0x00007ffb81d00000 - 0x00007ffb81dd7000 	C:\WINDOWS\System32\OLEAUT32.dll
0x00007ffb63ed0000 - 0x00007ffb63f02000 	C:\WINDOWS\SYSTEM32\dbgcore.DLL
0x00007ffb81100000 - 0x00007ffb8117a000 	C:\WINDOWS\System32\bcryptPrimitives.dll
0x00007ffb50790000 - 0x00007ffb507b9000 	D:\New folder (3)\jre\bin\java.dll
0x00007ffb6d7e0000 - 0x00007ffb6d7eb000 	D:\New folder (3)\jre\bin\jimage.dll
0x00007ffb5ecb0000 - 0x00007ffb5ecc8000 	D:\New folder (3)\jre\bin\zip.dll
0x00007ffb829c0000 - 0x00007ffb83219000 	C:\WINDOWS\System32\SHELL32.dll
0x00007ffb7e6c0000 - 0x00007ffb7efb4000 	C:\WINDOWS\SYSTEM32\windows.storage.dll
0x00007ffb7e580000 - 0x00007ffb7e6be000 	C:\WINDOWS\SYSTEM32\wintypes.dll
0x00007ffb81bc0000 - 0x00007ffb81cb3000 	C:\WINDOWS\System32\SHCORE.dll
0x00007ffb817d0000 - 0x00007ffb8182e000 	C:\WINDOWS\System32\shlwapi.dll
0x00007ffb806d0000 - 0x00007ffb806f6000 	C:\WINDOWS\SYSTEM32\profapi.dll
0x00007ffb598e0000 - 0x00007ffb598fa000 	D:\New folder (3)\jre\bin\net.dll
0x00007ffb7a100000 - 0x00007ffb7a237000 	C:\WINDOWS\SYSTEM32\WINHTTP.dll
0x00007ffb7fc20000 - 0x00007ffb7fc89000 	C:\WINDOWS\system32\mswsock.dll
0x00007ffb4e4e0000 - 0x00007ffb4e4f4000 	D:\New folder (3)\jre\bin\nio.dll
0x00007ffb64b10000 - 0x00007ffb64b37000 	C:\Users\Hp\.gradle\native\e1d6ef7f7dcc3fd88c89a11ec53ec762bb8ba0a96d01ffa2cd45eb1d1d8dd5c5\windows-amd64\native-platform.dll
0x00007ffb595b0000 - 0x00007ffb596f4000 	C:\Users\Hp\.gradle\native\0d407fdbe67a94daf76414ababcb853783967236a71b16ec16e742cd7a986fd3\windows-amd64\native-platform-file-events.dll
0x00007ffb6d7b0000 - 0x00007ffb6d7ba000 	D:\New folder (3)\jre\bin\management.dll
0x00007ffb6d610000 - 0x00007ffb6d61d000 	D:\New folder (3)\jre\bin\management_ext.dll
0x00007ffb7fe80000 - 0x00007ffb7fe9b000 	C:\WINDOWS\SYSTEM32\CRYPTSP.dll
0x00007ffb7f700000 - 0x00007ffb7f735000 	C:\WINDOWS\system32\rsaenh.dll
0x00007ffb7fd10000 - 0x00007ffb7fd3c000 	C:\WINDOWS\SYSTEM32\USERENV.dll
0x00007ffb80060000 - 0x00007ffb80088000 	C:\WINDOWS\SYSTEM32\bcrypt.dll
0x00007ffb7fe70000 - 0x00007ffb7fe7c000 	C:\WINDOWS\SYSTEM32\CRYPTBASE.dll
0x00007ffb7f220000 - 0x00007ffb7f24d000 	C:\WINDOWS\SYSTEM32\IPHLPAPI.DLL
0x00007ffb82130000 - 0x00007ffb82139000 	C:\WINDOWS\System32\NSI.dll
0x00007ffb79d20000 - 0x00007ffb79d39000 	C:\WINDOWS\SYSTEM32\dhcpcsvc6.DLL
0x00007ffb79d00000 - 0x00007ffb79d1f000 	C:\WINDOWS\SYSTEM32\dhcpcsvc.DLL
0x00007ffb7f290000 - 0x00007ffb7f389000 	C:\WINDOWS\SYSTEM32\DNSAPI.dll

dbghelp: loaded successfully - version: 4.0.5 - missing functions: none
symbol engine: initialized successfully - sym options: 0x614 - pdb path: .;D:\New folder (3)\jre\bin;C:\WINDOWS\SYSTEM32;C:\WINDOWS\WinSxS\amd64_microsoft.windows.common-controls_6595b64144ccf1df_6.0.22621.2506_none_270c5ae97388e100;D:\New folder (3)\jre\bin\server;C:\Users\Hp\.gradle\native\e1d6ef7f7dcc3fd88c89a11ec53ec762bb8ba0a96d01ffa2cd45eb1d1d8dd5c5\windows-amd64;C:\Users\Hp\.gradle\native\0d407fdbe67a94daf76414ababcb853783967236a71b16ec16e742cd7a986fd3\windows-amd64

VM Arguments:
jvm_args: --add-opens=java.base/java.util=ALL-UNNAMED --add-opens=java.base/java.lang=ALL-UNNAMED --add-opens=java.base/java.lang.invoke=ALL-UNNAMED --add-opens=java.base/java.util=ALL-UNNAMED --add-opens=java.prefs/java.util.prefs=ALL-UNNAMED --add-opens=java.prefs/java.util.prefs=ALL-UNNAMED --add-opens=java.base/java.nio.charset=ALL-UNNAMED --add-opens=java.base/java.net=ALL-UNNAMED --add-opens=java.base/java.util.concurrent.atomic=ALL-UNNAMED -Xmx2048m -Dfile.encoding=UTF-8 -Duser.country=US -Duser.language=en -Duser.variant 
java_command: org.gradle.launcher.daemon.bootstrap.GradleDaemon 7.4
java_class_path (initial): C:\Users\Hp\.gradle\wrapper\dists\gradle-7.4-bin\c0gwcg53nkjbqw7r0h0umtfvt\gradle-7.4\lib\gradle-launcher-7.4.jar
Launcher Type: SUN_STANDARD

[Global flags]
     intx CICompilerCount                          = 4                                         {product} {ergonomic}
     uint ConcGCThreads                            = 2                                         {product} {ergonomic}
     uint G1ConcRefinementThreads                  = 8                                         {product} {ergonomic}
   size_t G1HeapRegionSize                         = 1048576                                   {product} {ergonomic}
    uintx GCDrainStackTargetSize                   = 64                                        {product} {ergonomic}
   size_t InitialHeapSize                          = 134217728                                 {product} {ergonomic}
   size_t MarkStackSize                            = 4194304                                   {product} {ergonomic}
   size_t MaxHeapSize                              = 2147483648                                {product} {command line}
   size_t MaxNewSize                               = 1287651328                                {product} {ergonomic}
   size_t MinHeapDeltaBytes                        = 1048576                                   {product} {ergonomic}
    uintx NonNMethodCodeHeapSize                   = 5836300                                {pd product} {ergonomic}
    uintx NonProfiledCodeHeapSize                  = 122910970                              {pd product} {ergonomic}
    uintx ProfiledCodeHeapSize                     = 122910970                              {pd product} {ergonomic}
    uintx ReservedCodeCacheSize                    = 251658240                              {pd product} {ergonomic}
     bool SegmentedCodeCache                       = true                                      {product} {ergonomic}
     bool UseCompressedClassPointers               = true                                 {lp64_product} {ergonomic}
     bool UseCompressedOops                        = true                                 {lp64_product} {ergonomic}
     bool UseG1GC                                  = true                                      {product} {ergonomic}
     bool UseLargePagesIndividualAllocation        = false                                  {pd product} {ergonomic}

Logging:
Log output configuration:
 #0: stdout all=warning uptime,level,tags
 #1: stderr all=off uptime,level,tags

Environment Variables:
PATH=C:\Program Files (x86)\NVIDIA Corporation\PhysX\Common;C:\Program Files (x86)\Common Files\Oracle\Java\javapath;C:\Windows\system32;C:\Windows;C:\Windows\System32\Wbem;C:\Windows\System32\WindowsPowerShell\v1.0\;C:\Windows\System32\OpenSSH\;C:\WINDOWS\system32;C:\WINDOWS;C:\WINDOWS\System32\Wbem;C:\WINDOWS\System32\WindowsPowerShell\v1.0\;C:\WINDOWS\System32\OpenSSH\;C:\Program Files\Polyspace\R2021a\bin;C:\Program Files\Git\cmd;C:\Program Files\nodejs\;C:\Program Files\Git LFS;C:\Users\Hp\AppData\Local\Microsoft\WindowsApps;;C:\Users\Hp\AppData\Local\Programs\Microsoft VS Code\bin;C:\Users\Hp\AppData\Roaming\npm
USERNAME=Hp
OS=Windows_NT
PROCESSOR_IDENTIFIER=Intel64 Family 6 Model 142 Stepping 12, GenuineIntel



---------------  S Y S T E M  ---------------

OS: Windows 11 , 64 bit Build 22621 (10.0.22621.2506)
OS uptime: 31 days 19:17 hours

CPU:total 8 (initial active 8) (4 cores per cpu, 2 threads per core) family 6 model 142 stepping 12 microcode 0xde, cmov, cx8, fxsr, mmx, sse, sse2, sse3, ssse3, sse4.1, sse4.2, popcnt, avx, avx2, aes, clmul, erms, 3dnowpref, lzcnt, ht, tsc, tscinvbit, bmi1, bmi2, adx, fma

Memory: 4k page, system-wide physical 8070M (113M free)
TotalPageFile size 23237M (AvailPageFile size 7M)
current process WorkingSet (physical memory assigned to process): 457M, peak: 457M
current process commit charge ("private bytes"): 494M, peak: 532M

vm_info: OpenJDK 64-Bit Server VM (11.0.13+0-b1751.21-8125866) for windows-amd64 JRE (11.0.13+0-b1751.21-8125866), built on Feb  2 2022 03:00:22 by "builder" with MS VC++ 14.0 (VS2015)

END.
